FGKJFFOG_00001	0
FGKJFFOG_00003	0
FGKJFFOG_00004	0
FGKJFFOG_00005	0
FGKJFFOG_00006	2
FGKJFFOG_00007	0
FGKJFFOG_00008	0
FGKJFFOG_00009	0
FGKJFFOG_00010	0
FGKJFFOG_00011	0
FGKJFFOG_00012	3
FGKJFFOG_00013	0
FGKJFFOG_00014	9
FGKJFFOG_00015	2
FGKJFFOG_00016	0
FGKJFFOG_00017	0
FGKJFFOG_00018	0
FGKJFFOG_00019	2
FGKJFFOG_00020	0
FGKJFFOG_00021	0
FGKJFFOG_00022	1
FGKJFFOG_00023	2
FGKJFFOG_00024	0
FGKJFFOG_00025	1
FGKJFFOG_00026	0
FGKJFFOG_00027	0
FGKJFFOG_00028	0
FGKJFFOG_00029	0
FGKJFFOG_00030	15
FGKJFFOG_00031	13
FGKJFFOG_00032	1
FGKJFFOG_00033	4
FGKJFFOG_00034	3
FGKJFFOG_00035	1
FGKJFFOG_00036	0
FGKJFFOG_00037	0
FGKJFFOG_00038	0
FGKJFFOG_00039	2
FGKJFFOG_00040	0
FGKJFFOG_00042	1
FGKJFFOG_00043	0
FGKJFFOG_00044	0
FGKJFFOG_00045	0
FGKJFFOG_00046	2
FGKJFFOG_00047	0
FGKJFFOG_00048	0
FGKJFFOG_00049	0
FGKJFFOG_00050	0
FGKJFFOG_00051	0
FGKJFFOG_00052	0
FGKJFFOG_00053	0
FGKJFFOG_00054	0
FGKJFFOG_00055	0
FGKJFFOG_00056	0
FGKJFFOG_00057	0
FGKJFFOG_00058	0
FGKJFFOG_00059	0
FGKJFFOG_00060	0
FGKJFFOG_00061	0
FGKJFFOG_00062	0
FGKJFFOG_00063	0
FGKJFFOG_00064	0
FGKJFFOG_00065	0
FGKJFFOG_00066	0
FGKJFFOG_00067	0
FGKJFFOG_00068	0
FGKJFFOG_00069	1
FGKJFFOG_00070	0
FGKJFFOG_00071	0
FGKJFFOG_00072	0
FGKJFFOG_00073	0
FGKJFFOG_00074	0
FGKJFFOG_00075	0
FGKJFFOG_00076	1
FGKJFFOG_00077	0
FGKJFFOG_00078	1
FGKJFFOG_00079	0
FGKJFFOG_00080	0
FGKJFFOG_00081	0
FGKJFFOG_00082	0
FGKJFFOG_00083	3
FGKJFFOG_00084	0
FGKJFFOG_00085	0
FGKJFFOG_00086	0
FGKJFFOG_00087	0
FGKJFFOG_00088	0
FGKJFFOG_00089	0
FGKJFFOG_00090	0
FGKJFFOG_00091	0
FGKJFFOG_00092	0
FGKJFFOG_00093	1
FGKJFFOG_00094	0
FGKJFFOG_00095	0
FGKJFFOG_00096	0
FGKJFFOG_00097	0
FGKJFFOG_00098	0
FGKJFFOG_00099	3
FGKJFFOG_00100	0
FGKJFFOG_00101	0
FGKJFFOG_00102	0
FGKJFFOG_00103	0
FGKJFFOG_00104	0
FGKJFFOG_00105	0
FGKJFFOG_00106	0
FGKJFFOG_00107	0
FGKJFFOG_00108	0
FGKJFFOG_00109	0
FGKJFFOG_00110	0
FGKJFFOG_00111	0
FGKJFFOG_00112	0
FGKJFFOG_00114	0
FGKJFFOG_00115	0
FGKJFFOG_00116	0
FGKJFFOG_00117	0
FGKJFFOG_00118	0
FGKJFFOG_00119	0
FGKJFFOG_00120	0
FGKJFFOG_00121	0
FGKJFFOG_00122	2
FGKJFFOG_00123	0
FGKJFFOG_00124	0
FGKJFFOG_00125	0
FGKJFFOG_00126	0
FGKJFFOG_00127	0
FGKJFFOG_00128	0
FGKJFFOG_00129	0
FGKJFFOG_00130	0
FGKJFFOG_00131	4
FGKJFFOG_00132	0
FGKJFFOG_00133	8
FGKJFFOG_00134	0
FGKJFFOG_00135	0
FGKJFFOG_00136	0
FGKJFFOG_00137	0
FGKJFFOG_00138	0
FGKJFFOG_00139	0
FGKJFFOG_00140	0
FGKJFFOG_00141	0
FGKJFFOG_00142	0
FGKJFFOG_00143	0
FGKJFFOG_00144	2
FGKJFFOG_00145	0
FGKJFFOG_00146	0
FGKJFFOG_00147	0
FGKJFFOG_00148	0
FGKJFFOG_00149	0
FGKJFFOG_00150	0
FGKJFFOG_00151	0
FGKJFFOG_00152	0
FGKJFFOG_00153	0
FGKJFFOG_00154	0
FGKJFFOG_00155	0
FGKJFFOG_00156	0
FGKJFFOG_00157	0
FGKJFFOG_00158	0
FGKJFFOG_00159	0
FGKJFFOG_00160	0
FGKJFFOG_00161	0
FGKJFFOG_00162	0
FGKJFFOG_00163	0
FGKJFFOG_00164	0
FGKJFFOG_00165	0
FGKJFFOG_00166	0
FGKJFFOG_00167	0
FGKJFFOG_00168	0
FGKJFFOG_00169	2
FGKJFFOG_00170	0
FGKJFFOG_00171	0
FGKJFFOG_00172	0
FGKJFFOG_00173	0
FGKJFFOG_00174	0
FGKJFFOG_00175	2
FGKJFFOG_00176	0
FGKJFFOG_00177	0
FGKJFFOG_00178	0
FGKJFFOG_00179	0
FGKJFFOG_00180	0
FGKJFFOG_00181	0
FGKJFFOG_00182	0
FGKJFFOG_00183	0
FGKJFFOG_00184	0
FGKJFFOG_00185	0
FGKJFFOG_00186	0
FGKJFFOG_00187	0
FGKJFFOG_00188	0
FGKJFFOG_00189	0
FGKJFFOG_00190	0
FGKJFFOG_00191	0
FGKJFFOG_00192	0
FGKJFFOG_00193	1
FGKJFFOG_00194	0
FGKJFFOG_00195	0
FGKJFFOG_00196	0
FGKJFFOG_00197	0
FGKJFFOG_00198	0
FGKJFFOG_00199	0
FGKJFFOG_00200	0
FGKJFFOG_00201	0
FGKJFFOG_00202	0
FGKJFFOG_00203	6
FGKJFFOG_00204	0
FGKJFFOG_00205	1
FGKJFFOG_00206	0
FGKJFFOG_00207	0
FGKJFFOG_00208	0
FGKJFFOG_00209	0
FGKJFFOG_00210	0
FGKJFFOG_00211	0
FGKJFFOG_00212	0
FGKJFFOG_00213	2
FGKJFFOG_00214	0
FGKJFFOG_00215	0
FGKJFFOG_00216	0
FGKJFFOG_00217	0
FGKJFFOG_00218	0
FGKJFFOG_00219	0
FGKJFFOG_00220	0
FGKJFFOG_00221	2
FGKJFFOG_00222	0
FGKJFFOG_00223	1
FGKJFFOG_00224	6
FGKJFFOG_00225	0
FGKJFFOG_00226	0
FGKJFFOG_00227	0
FGKJFFOG_00228	1
FGKJFFOG_00229	0
FGKJFFOG_00230	0
FGKJFFOG_00231	0
FGKJFFOG_00232	0
FGKJFFOG_00233	0
FGKJFFOG_00234	0
FGKJFFOG_00235	0
FGKJFFOG_00236	1
FGKJFFOG_00237	0
FGKJFFOG_00238	0
FGKJFFOG_00239	0
FGKJFFOG_00240	0
FGKJFFOG_00241	0
FGKJFFOG_00242	0
FGKJFFOG_00243	1
FGKJFFOG_00244	0
FGKJFFOG_00245	0
FGKJFFOG_00246	0
FGKJFFOG_00247	0
FGKJFFOG_00248	0
FGKJFFOG_00249	0
FGKJFFOG_00250	0
FGKJFFOG_00251	0
FGKJFFOG_00252	0
FGKJFFOG_00253	0
FGKJFFOG_00254	0
FGKJFFOG_00255	1
FGKJFFOG_00256	0
FGKJFFOG_00257	0
FGKJFFOG_00258	0
FGKJFFOG_00259	0
FGKJFFOG_00260	0
FGKJFFOG_00261	0
FGKJFFOG_00262	0
FGKJFFOG_00263	0
FGKJFFOG_00264	0
FGKJFFOG_00265	0
FGKJFFOG_00266	0
FGKJFFOG_00267	0
FGKJFFOG_00268	0
FGKJFFOG_00269	0
FGKJFFOG_00270	0
FGKJFFOG_00271	2
FGKJFFOG_00272	0
FGKJFFOG_00273	0
FGKJFFOG_00274	0
FGKJFFOG_00275	0
FGKJFFOG_00276	0
FGKJFFOG_00277	27
FGKJFFOG_00278	0
FGKJFFOG_00279	0
FGKJFFOG_00280	0
FGKJFFOG_00281	0
FGKJFFOG_00282	0
FGKJFFOG_00283	0
FGKJFFOG_00284	0
FGKJFFOG_00285	0
FGKJFFOG_00286	0
FGKJFFOG_00287	0
FGKJFFOG_00288	0
FGKJFFOG_00289	0
FGKJFFOG_00290	0
FGKJFFOG_00291	0
FGKJFFOG_00292	0
FGKJFFOG_00293	0
FGKJFFOG_00294	0
FGKJFFOG_00295	0
FGKJFFOG_00296	0
FGKJFFOG_00297	0
FGKJFFOG_00298	3
FGKJFFOG_00299	0
FGKJFFOG_00300	1
FGKJFFOG_00301	0
FGKJFFOG_00302	0
FGKJFFOG_00303	0
FGKJFFOG_00304	0
FGKJFFOG_00305	0
FGKJFFOG_00306	0
FGKJFFOG_00307	0
FGKJFFOG_00308	0
FGKJFFOG_00309	0
FGKJFFOG_00310	0
FGKJFFOG_00311	0
FGKJFFOG_00312	0
FGKJFFOG_00313	0
FGKJFFOG_00314	1
FGKJFFOG_00315	0
FGKJFFOG_00316	0
FGKJFFOG_00317	2
FGKJFFOG_00318	0
FGKJFFOG_00319	0
FGKJFFOG_00320	0
FGKJFFOG_00321	1
FGKJFFOG_00322	0
FGKJFFOG_00323	0
FGKJFFOG_00324	0
FGKJFFOG_00325	0
FGKJFFOG_00326	0
FGKJFFOG_00327	3
FGKJFFOG_00328	4
FGKJFFOG_00329	0
FGKJFFOG_00330	0
FGKJFFOG_00331	0
FGKJFFOG_00332	0
FGKJFFOG_00333	0
FGKJFFOG_00334	1
FGKJFFOG_00335	0
FGKJFFOG_00336	0
FGKJFFOG_00337	0
FGKJFFOG_00338	0
FGKJFFOG_00339	0
FGKJFFOG_00340	0
FGKJFFOG_00341	0
FGKJFFOG_00342	0
FGKJFFOG_00343	1
FGKJFFOG_00344	0
FGKJFFOG_00345	0
FGKJFFOG_00346	0
FGKJFFOG_00347	0
FGKJFFOG_00348	0
FGKJFFOG_00349	0
FGKJFFOG_00350	0
FGKJFFOG_00351	0
FGKJFFOG_00352	0
FGKJFFOG_00353	0
FGKJFFOG_00354	0
FGKJFFOG_00355	0
FGKJFFOG_00356	0
FGKJFFOG_00357	0
FGKJFFOG_00358	0
FGKJFFOG_00359	0
FGKJFFOG_00360	0
FGKJFFOG_00361	0
FGKJFFOG_00362	0
FGKJFFOG_00363	0
FGKJFFOG_00364	0
FGKJFFOG_00365	0
FGKJFFOG_00366	1
FGKJFFOG_00367	0
FGKJFFOG_00368	7
FGKJFFOG_00369	4
FGKJFFOG_00370	0
FGKJFFOG_00371	2
FGKJFFOG_00372	3
FGKJFFOG_00373	0
FGKJFFOG_00374	0
FGKJFFOG_00375	0
FGKJFFOG_00376	3
FGKJFFOG_00377	0
FGKJFFOG_00378	0
FGKJFFOG_00379	0
FGKJFFOG_00380	0
FGKJFFOG_00381	3
FGKJFFOG_00382	0
FGKJFFOG_00383	0
FGKJFFOG_00384	0
FGKJFFOG_00385	0
FGKJFFOG_00386	0
FGKJFFOG_00387	1
FGKJFFOG_00388	0
FGKJFFOG_00389	0
FGKJFFOG_00390	0
FGKJFFOG_00391	0
FGKJFFOG_00392	0
FGKJFFOG_00393	0
FGKJFFOG_00394	0
FGKJFFOG_00395	0
FGKJFFOG_00396	0
FGKJFFOG_00397	0
FGKJFFOG_00398	0
FGKJFFOG_00399	0
FGKJFFOG_00400	0
FGKJFFOG_00401	0
FGKJFFOG_00402	0
FGKJFFOG_00404	1
FGKJFFOG_00405	0
FGKJFFOG_00406	0
FGKJFFOG_00407	0
FGKJFFOG_00408	0
FGKJFFOG_00409	0
FGKJFFOG_00410	2
FGKJFFOG_00411	0
FGKJFFOG_00412	0
FGKJFFOG_00413	1
FGKJFFOG_00414	0
FGKJFFOG_00415	0
FGKJFFOG_00416	0
FGKJFFOG_00417	0
FGKJFFOG_00418	1
FGKJFFOG_00419	0
FGKJFFOG_00420	0
FGKJFFOG_00421	2
FGKJFFOG_00422	0
FGKJFFOG_00423	3
FGKJFFOG_00424	0
FGKJFFOG_00425	0
FGKJFFOG_00426	1
FGKJFFOG_00427	0
FGKJFFOG_00428	2
FGKJFFOG_00429	0
FGKJFFOG_00430	0
FGKJFFOG_00431	0
FGKJFFOG_00432	0
FGKJFFOG_00433	0
FGKJFFOG_00434	0
FGKJFFOG_00435	0
FGKJFFOG_00436	1
FGKJFFOG_00437	0
FGKJFFOG_00438	1
FGKJFFOG_00439	0
FGKJFFOG_00440	0
FGKJFFOG_00441	0
FGKJFFOG_00442	0
FGKJFFOG_00443	2
FGKJFFOG_00444	0
FGKJFFOG_00445	0
FGKJFFOG_00446	0
FGKJFFOG_00447	2
FGKJFFOG_00448	0
FGKJFFOG_00449	0
FGKJFFOG_00450	0
FGKJFFOG_00451	0
FGKJFFOG_00452	0
FGKJFFOG_00453	0
FGKJFFOG_00454	0
FGKJFFOG_00455	0
FGKJFFOG_00456	0
FGKJFFOG_00457	0
FGKJFFOG_00458	0
FGKJFFOG_00459	0
FGKJFFOG_00460	0
FGKJFFOG_00461	0
FGKJFFOG_00462	0
FGKJFFOG_00463	0
FGKJFFOG_00464	0
FGKJFFOG_00465	2
FGKJFFOG_00466	0
FGKJFFOG_00467	0
FGKJFFOG_00468	0
FGKJFFOG_00469	0
FGKJFFOG_00470	0
FGKJFFOG_00471	5
FGKJFFOG_00472	0
FGKJFFOG_00473	0
FGKJFFOG_00474	0
FGKJFFOG_00475	4
FGKJFFOG_00476	0
FGKJFFOG_00477	0
FGKJFFOG_00478	0
FGKJFFOG_00479	2
FGKJFFOG_00480	4
FGKJFFOG_00481	0
FGKJFFOG_00482	2
FGKJFFOG_00483	0
FGKJFFOG_00484	0
FGKJFFOG_00485	0
FGKJFFOG_00486	0
FGKJFFOG_00487	0
FGKJFFOG_00488	0
FGKJFFOG_00489	0
FGKJFFOG_00490	0
FGKJFFOG_00491	0
FGKJFFOG_00492	0
FGKJFFOG_00493	0
FGKJFFOG_00494	0
FGKJFFOG_00495	0
FGKJFFOG_00496	0
FGKJFFOG_00498	0
FGKJFFOG_00499	0
FGKJFFOG_00500	0
FGKJFFOG_00501	0
FGKJFFOG_00502	0
FGKJFFOG_00503	0
FGKJFFOG_00504	0
FGKJFFOG_00505	0
FGKJFFOG_00506	0
FGKJFFOG_00507	0
FGKJFFOG_00508	0
FGKJFFOG_00510	0
FGKJFFOG_00511	0
FGKJFFOG_00512	0
FGKJFFOG_00513	0
FGKJFFOG_00514	0
FGKJFFOG_00515	0
FGKJFFOG_00516	0
FGKJFFOG_00517	0
FGKJFFOG_00518	0
FGKJFFOG_00519	0
FGKJFFOG_00520	0
FGKJFFOG_00521	0
FGKJFFOG_00522	0
FGKJFFOG_00523	2
FGKJFFOG_00524	1
FGKJFFOG_00525	0
FGKJFFOG_00526	0
FGKJFFOG_00527	0
FGKJFFOG_00528	0
FGKJFFOG_00529	0
FGKJFFOG_00530	0
FGKJFFOG_00531	0
FGKJFFOG_00532	0
FGKJFFOG_00533	1
FGKJFFOG_00534	0
FGKJFFOG_00535	0
FGKJFFOG_00536	0
FGKJFFOG_00537	0
FGKJFFOG_00538	0
FGKJFFOG_00539	0
FGKJFFOG_00540	0
FGKJFFOG_00541	0
FGKJFFOG_00542	0
FGKJFFOG_00543	0
FGKJFFOG_00544	0
FGKJFFOG_00545	0
FGKJFFOG_00546	0
FGKJFFOG_00547	0
FGKJFFOG_00548	0
FGKJFFOG_00549	0
FGKJFFOG_00550	0
FGKJFFOG_00551	0
FGKJFFOG_00552	4
FGKJFFOG_00553	0
FGKJFFOG_00554	0
FGKJFFOG_00555	0
FGKJFFOG_00556	2
FGKJFFOG_00557	0
FGKJFFOG_00558	0
FGKJFFOG_00559	0
FGKJFFOG_00560	0
FGKJFFOG_00561	0
FGKJFFOG_00562	0
FGKJFFOG_00563	0
FGKJFFOG_00564	0
FGKJFFOG_00565	0
FGKJFFOG_00566	0
FGKJFFOG_00567	2
FGKJFFOG_00568	0
FGKJFFOG_00569	32
FGKJFFOG_00570	3
FGKJFFOG_00571	0
FGKJFFOG_00572	0
FGKJFFOG_00573	0
FGKJFFOG_00574	0
FGKJFFOG_00575	0
FGKJFFOG_00576	0
FGKJFFOG_00577	0
FGKJFFOG_00578	2
FGKJFFOG_00579	0
FGKJFFOG_00580	3
FGKJFFOG_00581	0
FGKJFFOG_00582	2
FGKJFFOG_00583	0
FGKJFFOG_00584	0
FGKJFFOG_00585	0
FGKJFFOG_00586	0
FGKJFFOG_00587	0
FGKJFFOG_00588	0
FGKJFFOG_00589	0
FGKJFFOG_00590	0
FGKJFFOG_00591	3
FGKJFFOG_00592	0
FGKJFFOG_00593	0
FGKJFFOG_00594	0
FGKJFFOG_00595	0
FGKJFFOG_00596	0
FGKJFFOG_00597	0
FGKJFFOG_00598	0
FGKJFFOG_00599	0
FGKJFFOG_00600	0
FGKJFFOG_00601	0
FGKJFFOG_00602	0
FGKJFFOG_00604	1
FGKJFFOG_00605	0
FGKJFFOG_00606	0
FGKJFFOG_00607	0
FGKJFFOG_00608	0
FGKJFFOG_00609	0
FGKJFFOG_00610	0
FGKJFFOG_00611	0
FGKJFFOG_00612	0
FGKJFFOG_00613	0
FGKJFFOG_00614	0
FGKJFFOG_00615	0
FGKJFFOG_00616	0
FGKJFFOG_00617	0
FGKJFFOG_00618	0
FGKJFFOG_00619	0
FGKJFFOG_00620	0
FGKJFFOG_00621	0
FGKJFFOG_00622	0
FGKJFFOG_00623	0
FGKJFFOG_00624	0
FGKJFFOG_00625	0
FGKJFFOG_00626	0
FGKJFFOG_00627	0
FGKJFFOG_00628	0
FGKJFFOG_00629	0
FGKJFFOG_00630	0
FGKJFFOG_00631	0
FGKJFFOG_00632	1
FGKJFFOG_00633	0
FGKJFFOG_00634	1
FGKJFFOG_00635	0
FGKJFFOG_00636	1
FGKJFFOG_00637	0
FGKJFFOG_00638	0
FGKJFFOG_00639	0
FGKJFFOG_00640	0
FGKJFFOG_00641	0
FGKJFFOG_00642	0
FGKJFFOG_00643	0
FGKJFFOG_00644	5
FGKJFFOG_00645	0
FGKJFFOG_00646	0
FGKJFFOG_00647	0
FGKJFFOG_00648	0
FGKJFFOG_00649	0
FGKJFFOG_00650	0
FGKJFFOG_00651	0
FGKJFFOG_00652	0
FGKJFFOG_00653	0
FGKJFFOG_00654	0
FGKJFFOG_00655	0
FGKJFFOG_00656	0
FGKJFFOG_00657	0
FGKJFFOG_00658	0
FGKJFFOG_00659	0
FGKJFFOG_00660	0
FGKJFFOG_00661	0
FGKJFFOG_00662	0
FGKJFFOG_00663	0
FGKJFFOG_00664	0
FGKJFFOG_00665	0
FGKJFFOG_00666	0
FGKJFFOG_00667	0
FGKJFFOG_00668	0
FGKJFFOG_00669	0
FGKJFFOG_00670	0
FGKJFFOG_00671	0
FGKJFFOG_00672	0
FGKJFFOG_00673	0
FGKJFFOG_00674	1
FGKJFFOG_00675	0
FGKJFFOG_00676	0
FGKJFFOG_00677	0
FGKJFFOG_00678	0
FGKJFFOG_00679	1
FGKJFFOG_00680	0
FGKJFFOG_00681	0
FGKJFFOG_00682	2
FGKJFFOG_00683	10
FGKJFFOG_00684	0
FGKJFFOG_00685	0
FGKJFFOG_00686	2
FGKJFFOG_00687	2
FGKJFFOG_00688	0
FGKJFFOG_00689	0
FGKJFFOG_00690	0
FGKJFFOG_00691	0
FGKJFFOG_00692	0
FGKJFFOG_00693	1
FGKJFFOG_00694	0
FGKJFFOG_00695	0
FGKJFFOG_00696	0
FGKJFFOG_00697	6
FGKJFFOG_00698	1
FGKJFFOG_00699	0
FGKJFFOG_00700	0
FGKJFFOG_00701	0
FGKJFFOG_00702	0
FGKJFFOG_00703	0
FGKJFFOG_00704	1
FGKJFFOG_00705	0
FGKJFFOG_00706	0
FGKJFFOG_00707	0
FGKJFFOG_00708	0
FGKJFFOG_00709	0
FGKJFFOG_00710	0
FGKJFFOG_00711	0
FGKJFFOG_00712	0
FGKJFFOG_00713	0
FGKJFFOG_00714	0
FGKJFFOG_00715	1
FGKJFFOG_00716	0
FGKJFFOG_00717	0
FGKJFFOG_00718	0
FGKJFFOG_00719	0
FGKJFFOG_00720	0
FGKJFFOG_00721	0
FGKJFFOG_00722	0
FGKJFFOG_00723	0
FGKJFFOG_00724	0
FGKJFFOG_00725	3
FGKJFFOG_00726	0
FGKJFFOG_00727	0
FGKJFFOG_00728	0
FGKJFFOG_00729	1
FGKJFFOG_00730	0
FGKJFFOG_00731	2
FGKJFFOG_00732	0
FGKJFFOG_00733	0
FGKJFFOG_00734	0
FGKJFFOG_00735	0
FGKJFFOG_00736	1
FGKJFFOG_00737	0
FGKJFFOG_00738	0
FGKJFFOG_00739	4
FGKJFFOG_00740	13
FGKJFFOG_00741	0
FGKJFFOG_00742	0
FGKJFFOG_00743	0
FGKJFFOG_00744	0
FGKJFFOG_00745	0
FGKJFFOG_00746	0
FGKJFFOG_00747	0
FGKJFFOG_00748	0
FGKJFFOG_00749	0
FGKJFFOG_00750	0
FGKJFFOG_00751	0
FGKJFFOG_00752	0
FGKJFFOG_00753	0
FGKJFFOG_00754	0
FGKJFFOG_00755	0
FGKJFFOG_00756	0
FGKJFFOG_00757	1
FGKJFFOG_00758	0
FGKJFFOG_00759	0
FGKJFFOG_00760	0
FGKJFFOG_00761	0
FGKJFFOG_00762	0
FGKJFFOG_00763	3
FGKJFFOG_00764	0
FGKJFFOG_00765	0
FGKJFFOG_00766	0
FGKJFFOG_00767	0
FGKJFFOG_00768	0
FGKJFFOG_00769	0
FGKJFFOG_00770	0
FGKJFFOG_00771	0
FGKJFFOG_00772	0
FGKJFFOG_00773	0
FGKJFFOG_00774	0
FGKJFFOG_00775	0
FGKJFFOG_00776	0
FGKJFFOG_00777	0
FGKJFFOG_00778	0
FGKJFFOG_00779	0
FGKJFFOG_00780	0
FGKJFFOG_00781	0
FGKJFFOG_00782	0
FGKJFFOG_00783	0
FGKJFFOG_00784	0
FGKJFFOG_00785	0
FGKJFFOG_00786	0
FGKJFFOG_00787	0
FGKJFFOG_00788	0
FGKJFFOG_00789	0
FGKJFFOG_00791	0
FGKJFFOG_00792	0
FGKJFFOG_00793	1
FGKJFFOG_00794	0
FGKJFFOG_00795	0
FGKJFFOG_00796	0
FGKJFFOG_00797	0
FGKJFFOG_00798	0
FGKJFFOG_00799	0
FGKJFFOG_00800	0
FGKJFFOG_00801	0
FGKJFFOG_00802	0
FGKJFFOG_00803	0
FGKJFFOG_00804	0
FGKJFFOG_00805	1
FGKJFFOG_00806	2
FGKJFFOG_00807	5
FGKJFFOG_00808	0
FGKJFFOG_00809	0
FGKJFFOG_00810	0
FGKJFFOG_00811	1
FGKJFFOG_00812	2
FGKJFFOG_00813	0
FGKJFFOG_00814	0
FGKJFFOG_00815	0
FGKJFFOG_00816	0
FGKJFFOG_00817	0
FGKJFFOG_00818	0
FGKJFFOG_00819	0
FGKJFFOG_00820	0
FGKJFFOG_00821	0
FGKJFFOG_00822	0
FGKJFFOG_00823	0
FGKJFFOG_00824	0
FGKJFFOG_00825	0
FGKJFFOG_00826	0
FGKJFFOG_00827	0
FGKJFFOG_00828	0
FGKJFFOG_00829	0
FGKJFFOG_00830	0
FGKJFFOG_00831	0
FGKJFFOG_00832	1
FGKJFFOG_00833	0
FGKJFFOG_00834	1
FGKJFFOG_00835	0
FGKJFFOG_00836	1
FGKJFFOG_00837	1
FGKJFFOG_00838	0
FGKJFFOG_00839	0
FGKJFFOG_00840	0
FGKJFFOG_00841	0
FGKJFFOG_00842	0
FGKJFFOG_00843	0
FGKJFFOG_00844	0
FGKJFFOG_00845	0
FGKJFFOG_00846	0
FGKJFFOG_00847	0
FGKJFFOG_00848	0
FGKJFFOG_00849	4
FGKJFFOG_00850	0
FGKJFFOG_00851	0
FGKJFFOG_00852	0
FGKJFFOG_00853	0
FGKJFFOG_00854	0
FGKJFFOG_00855	1
FGKJFFOG_00856	0
FGKJFFOG_00857	0
FGKJFFOG_00858	0
FGKJFFOG_00859	0
FGKJFFOG_00860	0
FGKJFFOG_00861	0
FGKJFFOG_00862	0
FGKJFFOG_00863	0
FGKJFFOG_00864	0
FGKJFFOG_00865	1
FGKJFFOG_00866	0
FGKJFFOG_00867	0
FGKJFFOG_00868	0
FGKJFFOG_00869	0
FGKJFFOG_00870	0
FGKJFFOG_00871	1
FGKJFFOG_00872	2
FGKJFFOG_00873	0
FGKJFFOG_00874	0
FGKJFFOG_00875	0
FGKJFFOG_00876	0
FGKJFFOG_00877	0
FGKJFFOG_00878	0
FGKJFFOG_00879	0
FGKJFFOG_00880	0
FGKJFFOG_00881	0
FGKJFFOG_00882	0
FGKJFFOG_00883	0
FGKJFFOG_00884	2
FGKJFFOG_00885	0
FGKJFFOG_00886	0
FGKJFFOG_00887	0
FGKJFFOG_00888	0
FGKJFFOG_00889	0
FGKJFFOG_00890	4
FGKJFFOG_00892	0
FGKJFFOG_00893	0
FGKJFFOG_00894	3
FGKJFFOG_00895	0
FGKJFFOG_00896	0
FGKJFFOG_00897	0
FGKJFFOG_00898	2
FGKJFFOG_00899	1
FGKJFFOG_00900	0
FGKJFFOG_00901	83
FGKJFFOG_00902	0
FGKJFFOG_00903	0
FGKJFFOG_00904	0
FGKJFFOG_00905	0
FGKJFFOG_00906	0
FGKJFFOG_00907	0
FGKJFFOG_00908	0
FGKJFFOG_00909	0
FGKJFFOG_00910	0
FGKJFFOG_00911	0
FGKJFFOG_00912	1
FGKJFFOG_00913	0
FGKJFFOG_00914	0
FGKJFFOG_00915	0
FGKJFFOG_00916	0
FGKJFFOG_00917	0
FGKJFFOG_00918	3
FGKJFFOG_00919	0
FGKJFFOG_00920	0
FGKJFFOG_00921	1
FGKJFFOG_00922	0
FGKJFFOG_00923	0
FGKJFFOG_00924	0
FGKJFFOG_00925	0
FGKJFFOG_00926	0
FGKJFFOG_00927	0
FGKJFFOG_00928	0
FGKJFFOG_00929	0
FGKJFFOG_00930	2
FGKJFFOG_00931	0
FGKJFFOG_00932	0
FGKJFFOG_00933	0
FGKJFFOG_00934	0
FGKJFFOG_00935	0
FGKJFFOG_00936	3
FGKJFFOG_00937	0
FGKJFFOG_00938	0
FGKJFFOG_00939	0
FGKJFFOG_00940	0
FGKJFFOG_00941	0
FGKJFFOG_00942	1
FGKJFFOG_00943	0
FGKJFFOG_00944	0
FGKJFFOG_00945	0
FGKJFFOG_00946	0
FGKJFFOG_00947	4
FGKJFFOG_00948	0
FGKJFFOG_00949	0
FGKJFFOG_00950	0
FGKJFFOG_00951	0
FGKJFFOG_00952	0
FGKJFFOG_00953	1
FGKJFFOG_00954	0
FGKJFFOG_00955	0
FGKJFFOG_00956	0
FGKJFFOG_00957	0
FGKJFFOG_00958	0
FGKJFFOG_00959	0
FGKJFFOG_00960	0
FGKJFFOG_00961	0
FGKJFFOG_00962	0
FGKJFFOG_00963	0
FGKJFFOG_00964	0
FGKJFFOG_00965	0
FGKJFFOG_00966	0
FGKJFFOG_00967	0
FGKJFFOG_00968	0
FGKJFFOG_00969	0
FGKJFFOG_00970	0
FGKJFFOG_00971	0
FGKJFFOG_00973	0
FGKJFFOG_00974	0
FGKJFFOG_00975	0
FGKJFFOG_00976	4
FGKJFFOG_00977	0
FGKJFFOG_00978	0
FGKJFFOG_00979	0
FGKJFFOG_00980	0
FGKJFFOG_00981	0
FGKJFFOG_00982	0
FGKJFFOG_00983	0
FGKJFFOG_00984	0
FGKJFFOG_00985	0
FGKJFFOG_00986	1
FGKJFFOG_00987	0
FGKJFFOG_00990	0
FGKJFFOG_00991	1
FGKJFFOG_00992	0
FGKJFFOG_00993	0
FGKJFFOG_00994	0
FGKJFFOG_00995	0
FGKJFFOG_00996	0
FGKJFFOG_00997	0
FGKJFFOG_00998	0
FGKJFFOG_00999	1
FGKJFFOG_01000	0
FGKJFFOG_01001	0
FGKJFFOG_01002	0
FGKJFFOG_01003	2
FGKJFFOG_01004	1
FGKJFFOG_01005	0
FGKJFFOG_01006	0
FGKJFFOG_01007	0
FGKJFFOG_01008	0
FGKJFFOG_01009	0
FGKJFFOG_01010	1
FGKJFFOG_01011	0
FGKJFFOG_01012	0
FGKJFFOG_01013	3
FGKJFFOG_01014	0
FGKJFFOG_01015	0
FGKJFFOG_01016	0
FGKJFFOG_01017	0
FGKJFFOG_01018	0
FGKJFFOG_01019	0
FGKJFFOG_01020	0
FGKJFFOG_01021	0
FGKJFFOG_01022	0
FGKJFFOG_01023	0
FGKJFFOG_01024	0
FGKJFFOG_01025	0
FGKJFFOG_01026	0
FGKJFFOG_01027	0
FGKJFFOG_01028	0
FGKJFFOG_01029	0
FGKJFFOG_01030	0
FGKJFFOG_01031	0
FGKJFFOG_01032	0
FGKJFFOG_01033	0
FGKJFFOG_01034	0
FGKJFFOG_01035	1
FGKJFFOG_01037	0
FGKJFFOG_01038	0
FGKJFFOG_01039	0
FGKJFFOG_01040	0
FGKJFFOG_01041	0
FGKJFFOG_01042	0
FGKJFFOG_01043	0
FGKJFFOG_01044	0
FGKJFFOG_01045	0
FGKJFFOG_01046	0
FGKJFFOG_01047	0
FGKJFFOG_01048	3
FGKJFFOG_01049	0
FGKJFFOG_01050	0
FGKJFFOG_01051	0
FGKJFFOG_01052	1
FGKJFFOG_01053	0
FGKJFFOG_01055	0
FGKJFFOG_01056	0
FGKJFFOG_01057	0
FGKJFFOG_01058	0
FGKJFFOG_01059	3
FGKJFFOG_01061	0
FGKJFFOG_01062	1
FGKJFFOG_01063	0
FGKJFFOG_01064	0
FGKJFFOG_01065	34
FGKJFFOG_01066	0
FGKJFFOG_01067	0
FGKJFFOG_01068	0
FGKJFFOG_01069	0
FGKJFFOG_01070	0
FGKJFFOG_01071	0
FGKJFFOG_01072	0
FGKJFFOG_01073	0
FGKJFFOG_01074	5
FGKJFFOG_01075	0
FGKJFFOG_01076	0
FGKJFFOG_01077	6
FGKJFFOG_01078	0
FGKJFFOG_01079	2
FGKJFFOG_01080	0
FGKJFFOG_01081	0
FGKJFFOG_01082	1
FGKJFFOG_01083	15
FGKJFFOG_01084	0
FGKJFFOG_01085	0
FGKJFFOG_01086	0
FGKJFFOG_01087	0
FGKJFFOG_01088	0
FGKJFFOG_01089	0
FGKJFFOG_01090	2
FGKJFFOG_01091	0
FGKJFFOG_01092	0
FGKJFFOG_01093	0
FGKJFFOG_01094	0
FGKJFFOG_01095	0
FGKJFFOG_01096	3
FGKJFFOG_01097	0
FGKJFFOG_01098	1
FGKJFFOG_01099	0
FGKJFFOG_01100	0
FGKJFFOG_01101	1
FGKJFFOG_01102	1
FGKJFFOG_01103	0
FGKJFFOG_01104	0
FGKJFFOG_01105	0
FGKJFFOG_01106	0
FGKJFFOG_01107	0
FGKJFFOG_01108	0
FGKJFFOG_01109	0
FGKJFFOG_01110	0
FGKJFFOG_01111	0
FGKJFFOG_01112	0
FGKJFFOG_01113	0
FGKJFFOG_01114	0
FGKJFFOG_01115	5
FGKJFFOG_01116	0
FGKJFFOG_01117	2
FGKJFFOG_01118	6
FGKJFFOG_01119	0
FGKJFFOG_01120	0
FGKJFFOG_01121	1
FGKJFFOG_01122	0
FGKJFFOG_01123	2
FGKJFFOG_01124	0
FGKJFFOG_01125	0
FGKJFFOG_01126	0
FGKJFFOG_01127	0
FGKJFFOG_01128	0
FGKJFFOG_01129	2
FGKJFFOG_01130	0
FGKJFFOG_01131	0
FGKJFFOG_01132	1
FGKJFFOG_01133	0
FGKJFFOG_01134	0
FGKJFFOG_01135	0
FGKJFFOG_01136	0
FGKJFFOG_01137	0
FGKJFFOG_01138	0
FGKJFFOG_01139	0
FGKJFFOG_01140	0
FGKJFFOG_01141	0
FGKJFFOG_01142	0
FGKJFFOG_01143	0
FGKJFFOG_01144	0
FGKJFFOG_01145	0
FGKJFFOG_01147	0
FGKJFFOG_01148	0
FGKJFFOG_01149	2
FGKJFFOG_01150	0
FGKJFFOG_01151	0
FGKJFFOG_01152	0
FGKJFFOG_01153	0
FGKJFFOG_01154	0
FGKJFFOG_01155	0
FGKJFFOG_01156	0
FGKJFFOG_01157	3
FGKJFFOG_01158	0
FGKJFFOG_01159	0
FGKJFFOG_01160	0
FGKJFFOG_01161	0
FGKJFFOG_01162	0
FGKJFFOG_01164	4
FGKJFFOG_01165	0
FGKJFFOG_01166	0
FGKJFFOG_01167	0
FGKJFFOG_01168	3
FGKJFFOG_01169	0
FGKJFFOG_01170	0
FGKJFFOG_01171	0
FGKJFFOG_01172	0
FGKJFFOG_01173	0
FGKJFFOG_01174	0
FGKJFFOG_01175	0
FGKJFFOG_01176	0
FGKJFFOG_01177	0
FGKJFFOG_01178	0
FGKJFFOG_01179	0
FGKJFFOG_01180	0
FGKJFFOG_01181	0
FGKJFFOG_01182	0
FGKJFFOG_01183	0
FGKJFFOG_01184	7
FGKJFFOG_01185	0
FGKJFFOG_01186	0
FGKJFFOG_01187	0
FGKJFFOG_01188	0
FGKJFFOG_01189	0
FGKJFFOG_01190	0
FGKJFFOG_01191	6
FGKJFFOG_01192	0
FGKJFFOG_01193	0
FGKJFFOG_01194	0
FGKJFFOG_01195	0
FGKJFFOG_01196	0
FGKJFFOG_01197	0
FGKJFFOG_01199	0
FGKJFFOG_01200	0
FGKJFFOG_01201	0
FGKJFFOG_01202	0
FGKJFFOG_01203	0
FGKJFFOG_01204	0
FGKJFFOG_01205	0
FGKJFFOG_01206	0
FGKJFFOG_01207	0
FGKJFFOG_01208	0
FGKJFFOG_01209	0
FGKJFFOG_01210	0
FGKJFFOG_01211	3
FGKJFFOG_01212	0
FGKJFFOG_01213	4
FGKJFFOG_01214	0
FGKJFFOG_01215	3
FGKJFFOG_01216	0
FGKJFFOG_01217	0
FGKJFFOG_01218	0
FGKJFFOG_01219	2
FGKJFFOG_01220	0
FGKJFFOG_01221	0
FGKJFFOG_01222	0
FGKJFFOG_01223	0
FGKJFFOG_01224	0
FGKJFFOG_01225	0
FGKJFFOG_01226	0
FGKJFFOG_01227	0
FGKJFFOG_01228	0
FGKJFFOG_01229	1
FGKJFFOG_01230	4
FGKJFFOG_01231	0
FGKJFFOG_01232	0
FGKJFFOG_01233	0
FGKJFFOG_01234	0
FGKJFFOG_01235	1
FGKJFFOG_01236	3
FGKJFFOG_01237	0
FGKJFFOG_01238	0
FGKJFFOG_01239	0
FGKJFFOG_01240	0
FGKJFFOG_01241	0
FGKJFFOG_01242	0
FGKJFFOG_01243	1
FGKJFFOG_01244	0
FGKJFFOG_01245	0
FGKJFFOG_01246	0
FGKJFFOG_01247	0
FGKJFFOG_01248	0
FGKJFFOG_01249	0
FGKJFFOG_01250	1
FGKJFFOG_01251	0
FGKJFFOG_01252	2
FGKJFFOG_01253	2
FGKJFFOG_01254	0
FGKJFFOG_01255	0
FGKJFFOG_01256	0
FGKJFFOG_01257	0
FGKJFFOG_01258	0
FGKJFFOG_01259	0
FGKJFFOG_01260	0
FGKJFFOG_01261	0
FGKJFFOG_01262	0
FGKJFFOG_01263	0
FGKJFFOG_01264	0
FGKJFFOG_01265	0
FGKJFFOG_01266	0
FGKJFFOG_01267	0
FGKJFFOG_01268	0
FGKJFFOG_01269	0
FGKJFFOG_01270	0
FGKJFFOG_01271	0
FGKJFFOG_01272	0
FGKJFFOG_01273	0
FGKJFFOG_01274	0
FGKJFFOG_01275	2
FGKJFFOG_01276	0
FGKJFFOG_01277	0
FGKJFFOG_01278	1
FGKJFFOG_01279	0
FGKJFFOG_01280	0
FGKJFFOG_01281	0
FGKJFFOG_01282	0
FGKJFFOG_01283	0
FGKJFFOG_01284	0
FGKJFFOG_01285	1
FGKJFFOG_01286	0
FGKJFFOG_01287	0
FGKJFFOG_01288	3
FGKJFFOG_01289	0
FGKJFFOG_01290	1
FGKJFFOG_01291	0
FGKJFFOG_01292	0
FGKJFFOG_01293	0
FGKJFFOG_01294	0
FGKJFFOG_01295	0
FGKJFFOG_01296	0
FGKJFFOG_01297	0
FGKJFFOG_01298	0
FGKJFFOG_01299	0
FGKJFFOG_01300	0
FGKJFFOG_01301	0
FGKJFFOG_01302	0
FGKJFFOG_01303	0
FGKJFFOG_01304	0
FGKJFFOG_01305	0
FGKJFFOG_01306	0
FGKJFFOG_01307	0
FGKJFFOG_01308	0
FGKJFFOG_01309	0
FGKJFFOG_01310	0
FGKJFFOG_01311	0
FGKJFFOG_01312	0
FGKJFFOG_01313	0
FGKJFFOG_01314	0
FGKJFFOG_01315	1
FGKJFFOG_01316	0
FGKJFFOG_01317	0
FGKJFFOG_01318	0
FGKJFFOG_01319	0
FGKJFFOG_01320	0
FGKJFFOG_01321	0
FGKJFFOG_01322	0
FGKJFFOG_01323	0
FGKJFFOG_01324	0
FGKJFFOG_01325	1
FGKJFFOG_01326	0
FGKJFFOG_01327	0
FGKJFFOG_01328	0
FGKJFFOG_01329	0
FGKJFFOG_01330	0
FGKJFFOG_01331	0
FGKJFFOG_01332	0
FGKJFFOG_01333	0
FGKJFFOG_01334	0
FGKJFFOG_01335	0
FGKJFFOG_01336	0
FGKJFFOG_01337	0
FGKJFFOG_01338	0
FGKJFFOG_01339	0
FGKJFFOG_01340	0
FGKJFFOG_01341	0
FGKJFFOG_01342	0
FGKJFFOG_01343	0
FGKJFFOG_01344	0
FGKJFFOG_01345	0
FGKJFFOG_01346	0
FGKJFFOG_01347	1
FGKJFFOG_01348	0
FGKJFFOG_01349	0
FGKJFFOG_01350	0
FGKJFFOG_01351	0
FGKJFFOG_01352	0
FGKJFFOG_01353	0
FGKJFFOG_01354	0
FGKJFFOG_01359	0
FGKJFFOG_01360	0
FGKJFFOG_01361	0
FGKJFFOG_01362	0
FGKJFFOG_01363	2
FGKJFFOG_01364	0
FGKJFFOG_01365	0
FGKJFFOG_01366	0
FGKJFFOG_01367	0
FGKJFFOG_01368	0
FGKJFFOG_01369	0
FGKJFFOG_01370	0
FGKJFFOG_01371	0
FGKJFFOG_01372	3
FGKJFFOG_01373	0
FGKJFFOG_01374	0
FGKJFFOG_01375	0
FGKJFFOG_01376	0
FGKJFFOG_01377	0
FGKJFFOG_01378	0
FGKJFFOG_01379	0
FGKJFFOG_01380	0
FGKJFFOG_01381	0
FGKJFFOG_01382	0
FGKJFFOG_01383	0
FGKJFFOG_01384	0
FGKJFFOG_01385	0
FGKJFFOG_01386	0
FGKJFFOG_01387	0
FGKJFFOG_01388	0
FGKJFFOG_01389	0
FGKJFFOG_01390	0
FGKJFFOG_01391	0
FGKJFFOG_01392	0
FGKJFFOG_01393	0
FGKJFFOG_01394	0
FGKJFFOG_01395	0
FGKJFFOG_01396	0
FGKJFFOG_01397	0
FGKJFFOG_01398	0
FGKJFFOG_01399	0
FGKJFFOG_01400	0
FGKJFFOG_01401	0
FGKJFFOG_01402	1
FGKJFFOG_01403	0
FGKJFFOG_01404	0
FGKJFFOG_01405	0
FGKJFFOG_01406	0
FGKJFFOG_01407	0
FGKJFFOG_01408	0
FGKJFFOG_01409	1
FGKJFFOG_01410	0
FGKJFFOG_01411	0
FGKJFFOG_01412	0
FGKJFFOG_01413	2
FGKJFFOG_01414	0
FGKJFFOG_01415	0
FGKJFFOG_01416	0
FGKJFFOG_01417	0
FGKJFFOG_01418	0
FGKJFFOG_01419	0
FGKJFFOG_01420	0
FGKJFFOG_01421	0
FGKJFFOG_01422	0
FGKJFFOG_01423	0
FGKJFFOG_01424	0
FGKJFFOG_01425	0
FGKJFFOG_01426	0
FGKJFFOG_01427	0
FGKJFFOG_01428	0
FGKJFFOG_01429	0
FGKJFFOG_01430	0
FGKJFFOG_01431	0
FGKJFFOG_01432	0
FGKJFFOG_01433	0
FGKJFFOG_01434	3
FGKJFFOG_01435	0
FGKJFFOG_01437	0
FGKJFFOG_01438	0
FGKJFFOG_01439	4
FGKJFFOG_01440	0
FGKJFFOG_01441	0
FGKJFFOG_01442	0
FGKJFFOG_01443	0
FGKJFFOG_01444	0
FGKJFFOG_01445	0
FGKJFFOG_01446	0
FGKJFFOG_01447	0
FGKJFFOG_01448	0
FGKJFFOG_01449	0
FGKJFFOG_01450	0
FGKJFFOG_01451	0
FGKJFFOG_01452	0
FGKJFFOG_01454	0
FGKJFFOG_01455	0
FGKJFFOG_01456	8
FGKJFFOG_01457	0
FGKJFFOG_01458	0
FGKJFFOG_01459	0
FGKJFFOG_01460	0
FGKJFFOG_01461	0
FGKJFFOG_01462	0
FGKJFFOG_01464	1
FGKJFFOG_01465	0
FGKJFFOG_01466	0
FGKJFFOG_01467	0
FGKJFFOG_01468	0
FGKJFFOG_01469	0
FGKJFFOG_01470	0
FGKJFFOG_01471	0
FGKJFFOG_01472	0
FGKJFFOG_01473	0
FGKJFFOG_01474	0
FGKJFFOG_01475	0
FGKJFFOG_01476	1
FGKJFFOG_01477	0
FGKJFFOG_01478	0
FGKJFFOG_01479	0
FGKJFFOG_01480	0
FGKJFFOG_01481	0
FGKJFFOG_01482	0
FGKJFFOG_01483	0
FGKJFFOG_01484	0
FGKJFFOG_01485	0
FGKJFFOG_01486	0
FGKJFFOG_01487	0
FGKJFFOG_01488	0
FGKJFFOG_01489	0
FGKJFFOG_01490	0
FGKJFFOG_01491	2
FGKJFFOG_01492	1
FGKJFFOG_01493	3
FGKJFFOG_01494	0
FGKJFFOG_01495	0
FGKJFFOG_01496	6
FGKJFFOG_01497	0
FGKJFFOG_01498	0
FGKJFFOG_01499	0
FGKJFFOG_01500	0
FGKJFFOG_01501	0
FGKJFFOG_01503	0
FGKJFFOG_01504	0
FGKJFFOG_01505	0
FGKJFFOG_01506	0
FGKJFFOG_01507	0
FGKJFFOG_01508	0
FGKJFFOG_01509	0
FGKJFFOG_01510	0
FGKJFFOG_01511	1
FGKJFFOG_01512	0
FGKJFFOG_01513	0
FGKJFFOG_01514	0
FGKJFFOG_01515	0
FGKJFFOG_01516	0
FGKJFFOG_01517	0
FGKJFFOG_01518	0
FGKJFFOG_01519	0
FGKJFFOG_01520	0
FGKJFFOG_01521	0
FGKJFFOG_01522	0
FGKJFFOG_01523	0
FGKJFFOG_01524	2
FGKJFFOG_01525	0
FGKJFFOG_01526	0
FGKJFFOG_01527	0
FGKJFFOG_01528	0
FGKJFFOG_01529	0
FGKJFFOG_01530	0
FGKJFFOG_01531	0
FGKJFFOG_01532	0
FGKJFFOG_01533	0
FGKJFFOG_01534	0
FGKJFFOG_01535	1
FGKJFFOG_01536	0
FGKJFFOG_01537	1
FGKJFFOG_01538	0
FGKJFFOG_01539	0
FGKJFFOG_01540	0
FGKJFFOG_01541	0
FGKJFFOG_01542	0
FGKJFFOG_01543	0
FGKJFFOG_01544	0
FGKJFFOG_01545	3
FGKJFFOG_01546	0
FGKJFFOG_01547	1
FGKJFFOG_01548	0
FGKJFFOG_01549	0
FGKJFFOG_01550	0
FGKJFFOG_01551	0
FGKJFFOG_01552	0
FGKJFFOG_01553	0
FGKJFFOG_01554	2
FGKJFFOG_01555	0
FGKJFFOG_01556	1
FGKJFFOG_01557	0
FGKJFFOG_01558	0
FGKJFFOG_01559	0
FGKJFFOG_01560	0
FGKJFFOG_01561	0
FGKJFFOG_01562	0
FGKJFFOG_01563	0
FGKJFFOG_01564	1
FGKJFFOG_01565	0
FGKJFFOG_01566	0
FGKJFFOG_01567	0
FGKJFFOG_01568	1
FGKJFFOG_01569	1
FGKJFFOG_01570	0
FGKJFFOG_01571	0
FGKJFFOG_01572	0
FGKJFFOG_01573	0
FGKJFFOG_01574	0
FGKJFFOG_01575	0
FGKJFFOG_01576	0
FGKJFFOG_01577	0
FGKJFFOG_01578	3
FGKJFFOG_01579	6
FGKJFFOG_01580	0
FGKJFFOG_01581	5
FGKJFFOG_01582	0
FGKJFFOG_01583	0
FGKJFFOG_01584	0
FGKJFFOG_01585	0
FGKJFFOG_01586	0
FGKJFFOG_01587	0
FGKJFFOG_01588	0
FGKJFFOG_01589	0
FGKJFFOG_01590	3
FGKJFFOG_01591	0
FGKJFFOG_01592	8
FGKJFFOG_01593	0
FGKJFFOG_01594	0
FGKJFFOG_01595	0
FGKJFFOG_01596	0
FGKJFFOG_01597	0
FGKJFFOG_01598	1
FGKJFFOG_01599	0
FGKJFFOG_01600	0
FGKJFFOG_01601	0
FGKJFFOG_01602	0
FGKJFFOG_01603	0
FGKJFFOG_01604	0
FGKJFFOG_01605	0
FGKJFFOG_01606	0
FGKJFFOG_01607	0
FGKJFFOG_01608	2
FGKJFFOG_01609	2
FGKJFFOG_01610	4
FGKJFFOG_01611	0
FGKJFFOG_01612	0
FGKJFFOG_01613	0
FGKJFFOG_01614	0
FGKJFFOG_01615	0
FGKJFFOG_01616	0
FGKJFFOG_01617	0
FGKJFFOG_01618	0
FGKJFFOG_01619	0
FGKJFFOG_01620	0
FGKJFFOG_01621	0
FGKJFFOG_01622	0
FGKJFFOG_01623	0
FGKJFFOG_01624	0
FGKJFFOG_01625	0
FGKJFFOG_01626	0
FGKJFFOG_01628	0
FGKJFFOG_01629	0
FGKJFFOG_01631	0
FGKJFFOG_01632	0
FGKJFFOG_01633	0
FGKJFFOG_01634	0
FGKJFFOG_01635	0
FGKJFFOG_01636	0
FGKJFFOG_01637	0
FGKJFFOG_01638	0
FGKJFFOG_01639	0
FGKJFFOG_01640	0
FGKJFFOG_01641	0
FGKJFFOG_01642	0
FGKJFFOG_01643	0
FGKJFFOG_01644	0
FGKJFFOG_01645	0
FGKJFFOG_01646	0
FGKJFFOG_01647	0
FGKJFFOG_01648	0
FGKJFFOG_01649	0
FGKJFFOG_01650	1
FGKJFFOG_01651	0
FGKJFFOG_01652	0
FGKJFFOG_01653	0
FGKJFFOG_01654	0
FGKJFFOG_01655	0
FGKJFFOG_01656	0
FGKJFFOG_01657	0
FGKJFFOG_01658	0
FGKJFFOG_01659	3
FGKJFFOG_01660	0
FGKJFFOG_01661	0
FGKJFFOG_01662	0
FGKJFFOG_01664	1
FGKJFFOG_01665	0
FGKJFFOG_01666	0
FGKJFFOG_01667	4
FGKJFFOG_01668	4
FGKJFFOG_01669	0
FGKJFFOG_01670	1
FGKJFFOG_01671	0
FGKJFFOG_01672	0
FGKJFFOG_01673	0
FGKJFFOG_01674	0
FGKJFFOG_01675	0
FGKJFFOG_01676	0
FGKJFFOG_01677	0
FGKJFFOG_01678	0
FGKJFFOG_01679	0
FGKJFFOG_01680	3
FGKJFFOG_01681	0
FGKJFFOG_01682	0
FGKJFFOG_01683	0
FGKJFFOG_01684	0
FGKJFFOG_01685	0
FGKJFFOG_01686	0
FGKJFFOG_01687	1
FGKJFFOG_01688	0
FGKJFFOG_01689	0
FGKJFFOG_01690	0
FGKJFFOG_01691	0
FGKJFFOG_01692	0
FGKJFFOG_01693	0
FGKJFFOG_01694	0
FGKJFFOG_01695	0
FGKJFFOG_01696	0
FGKJFFOG_01697	0
FGKJFFOG_01698	0
FGKJFFOG_01699	0
FGKJFFOG_01700	0
FGKJFFOG_01701	1
FGKJFFOG_01702	0
FGKJFFOG_01703	0
FGKJFFOG_01704	0
FGKJFFOG_01705	0
FGKJFFOG_01706	3
FGKJFFOG_01707	0
FGKJFFOG_01708	0
FGKJFFOG_01709	0
FGKJFFOG_01710	0
FGKJFFOG_01711	0
FGKJFFOG_01712	0
FGKJFFOG_01713	0
FGKJFFOG_01714	0
FGKJFFOG_01715	1
FGKJFFOG_01716	0
FGKJFFOG_01717	0
FGKJFFOG_01718	0
FGKJFFOG_01719	1
FGKJFFOG_01720	0
FGKJFFOG_01721	0
FGKJFFOG_01722	0
FGKJFFOG_01723	0
FGKJFFOG_01724	4
FGKJFFOG_01725	0
FGKJFFOG_01726	1
FGKJFFOG_01727	0
FGKJFFOG_01728	0
FGKJFFOG_01729	0
FGKJFFOG_01730	0
FGKJFFOG_01731	0
FGKJFFOG_01732	0
FGKJFFOG_01733	0
FGKJFFOG_01734	0
FGKJFFOG_01735	0
FGKJFFOG_01736	1
FGKJFFOG_01737	0
FGKJFFOG_01738	0
FGKJFFOG_01739	0
FGKJFFOG_01740	0
FGKJFFOG_01741	0
FGKJFFOG_01742	0
FGKJFFOG_01743	0
FGKJFFOG_01744	3
FGKJFFOG_01745	3
FGKJFFOG_01746	0
FGKJFFOG_01747	0
FGKJFFOG_01748	3
FGKJFFOG_01749	0
FGKJFFOG_01750	0
FGKJFFOG_01751	0
FGKJFFOG_01752	0
FGKJFFOG_01753	1
FGKJFFOG_01754	0
FGKJFFOG_01755	0
FGKJFFOG_01756	0
FGKJFFOG_01757	0
FGKJFFOG_01758	0
FGKJFFOG_01759	0
FGKJFFOG_01760	0
FGKJFFOG_01761	0
FGKJFFOG_01762	0
FGKJFFOG_01763	0
FGKJFFOG_01764	2
FGKJFFOG_01765	109
FGKJFFOG_01766	0
FGKJFFOG_01767	0
FGKJFFOG_01768	0
FGKJFFOG_01769	0
FGKJFFOG_01770	0
FGKJFFOG_01771	0
FGKJFFOG_01772	0
FGKJFFOG_01773	0
FGKJFFOG_01774	0
FGKJFFOG_01775	0
FGKJFFOG_01776	0
FGKJFFOG_01777	0
FGKJFFOG_01778	0
FGKJFFOG_01779	0
FGKJFFOG_01780	0
FGKJFFOG_01781	0
FGKJFFOG_01782	0
FGKJFFOG_01783	0
FGKJFFOG_01784	0
FGKJFFOG_01785	0
FGKJFFOG_01786	0
FGKJFFOG_01787	0
FGKJFFOG_01788	0
FGKJFFOG_01789	0
FGKJFFOG_01790	0
FGKJFFOG_01791	0
FGKJFFOG_01792	0
FGKJFFOG_01793	0
FGKJFFOG_01794	0
FGKJFFOG_01795	0
FGKJFFOG_01796	0
FGKJFFOG_01797	3
FGKJFFOG_01798	0
FGKJFFOG_01799	0
FGKJFFOG_01800	0
FGKJFFOG_01801	0
FGKJFFOG_01802	0
FGKJFFOG_01803	0
FGKJFFOG_01804	0
FGKJFFOG_01805	0
FGKJFFOG_01806	0
FGKJFFOG_01807	0
FGKJFFOG_01808	0
FGKJFFOG_01809	0
FGKJFFOG_01810	0
FGKJFFOG_01811	0
FGKJFFOG_01812	0
FGKJFFOG_01813	0
FGKJFFOG_01814	0
FGKJFFOG_01815	0
FGKJFFOG_01816	0
FGKJFFOG_01817	3
FGKJFFOG_01818	0
FGKJFFOG_01819	0
FGKJFFOG_01820	0
FGKJFFOG_01821	0
FGKJFFOG_01822	0
FGKJFFOG_01823	0
FGKJFFOG_01824	0
FGKJFFOG_01825	1
FGKJFFOG_01826	4
FGKJFFOG_01827	0
FGKJFFOG_01828	0
FGKJFFOG_01829	1
FGKJFFOG_01830	0
FGKJFFOG_01831	0
FGKJFFOG_01832	0
FGKJFFOG_01833	0
FGKJFFOG_01834	0
FGKJFFOG_01835	0
FGKJFFOG_01836	0
FGKJFFOG_01837	0
FGKJFFOG_01838	0
FGKJFFOG_01839	3
FGKJFFOG_01840	2
FGKJFFOG_01841	2
FGKJFFOG_01842	0
FGKJFFOG_01843	0
FGKJFFOG_01844	0
FGKJFFOG_01845	0
FGKJFFOG_01846	0
__no_feature	446
__ambiguous	59
__too_low_aQual	94
__not_aligned	698880
__alignment_not_unique	0
