KCJPJDFE_00002	3
KCJPJDFE_00003	0
KCJPJDFE_00004	0
KCJPJDFE_00005	0
KCJPJDFE_00006	0
KCJPJDFE_00007	0
KCJPJDFE_00008	1
KCJPJDFE_00009	4
KCJPJDFE_00010	0
KCJPJDFE_00011	0
KCJPJDFE_00012	0
KCJPJDFE_00013	0
KCJPJDFE_00014	0
KCJPJDFE_00015	0
KCJPJDFE_00016	2
KCJPJDFE_00017	0
KCJPJDFE_00018	0
KCJPJDFE_00019	3
KCJPJDFE_00020	3
KCJPJDFE_00021	0
KCJPJDFE_00022	0
KCJPJDFE_00023	0
KCJPJDFE_00024	3
KCJPJDFE_00025	0
KCJPJDFE_00026	0
KCJPJDFE_00027	0
KCJPJDFE_00028	0
KCJPJDFE_00029	0
KCJPJDFE_00030	0
KCJPJDFE_00031	0
KCJPJDFE_00032	0
KCJPJDFE_00033	0
KCJPJDFE_00034	0
KCJPJDFE_00035	0
KCJPJDFE_00036	0
KCJPJDFE_00037	0
KCJPJDFE_00038	2
KCJPJDFE_00039	0
KCJPJDFE_00040	14
KCJPJDFE_00041	3
KCJPJDFE_00042	0
KCJPJDFE_00043	0
KCJPJDFE_00044	0
KCJPJDFE_00045	0
KCJPJDFE_00046	1
KCJPJDFE_00047	0
KCJPJDFE_00048	6
KCJPJDFE_00049	0
KCJPJDFE_00050	1
KCJPJDFE_00051	0
KCJPJDFE_00052	0
KCJPJDFE_00053	0
KCJPJDFE_00054	0
KCJPJDFE_00055	3
KCJPJDFE_00056	31
KCJPJDFE_00057	65
KCJPJDFE_00058	1
KCJPJDFE_00059	1
KCJPJDFE_00060	0
KCJPJDFE_00061	4
KCJPJDFE_00062	2
KCJPJDFE_00063	7
KCJPJDFE_00065	0
KCJPJDFE_00066	0
KCJPJDFE_00067	1
KCJPJDFE_00068	0
KCJPJDFE_00069	1
KCJPJDFE_00070	4
KCJPJDFE_00071	0
KCJPJDFE_00072	9
KCJPJDFE_00073	0
KCJPJDFE_00074	2
KCJPJDFE_00075	0
KCJPJDFE_00076	0
KCJPJDFE_00077	5
KCJPJDFE_00078	0
KCJPJDFE_00079	0
KCJPJDFE_00080	0
KCJPJDFE_00081	0
KCJPJDFE_00082	2
KCJPJDFE_00083	6
KCJPJDFE_00084	0
KCJPJDFE_00085	2
KCJPJDFE_00086	0
KCJPJDFE_00087	0
KCJPJDFE_00088	0
KCJPJDFE_00089	12
KCJPJDFE_00090	0
KCJPJDFE_00091	0
KCJPJDFE_00092	0
KCJPJDFE_00093	0
KCJPJDFE_00094	0
KCJPJDFE_00095	0
KCJPJDFE_00096	0
KCJPJDFE_00097	5
KCJPJDFE_00098	0
KCJPJDFE_00099	1
KCJPJDFE_00100	5
KCJPJDFE_00101	0
KCJPJDFE_00102	1
KCJPJDFE_00103	0
KCJPJDFE_00104	0
KCJPJDFE_00105	0
KCJPJDFE_00107	0
KCJPJDFE_00108	0
KCJPJDFE_00109	3
KCJPJDFE_00110	0
KCJPJDFE_00111	0
KCJPJDFE_00112	0
KCJPJDFE_00113	0
KCJPJDFE_00114	0
KCJPJDFE_00115	0
KCJPJDFE_00116	0
KCJPJDFE_00117	0
KCJPJDFE_00118	0
KCJPJDFE_00119	0
KCJPJDFE_00120	8
KCJPJDFE_00121	0
KCJPJDFE_00122	0
KCJPJDFE_00123	0
KCJPJDFE_00124	0
KCJPJDFE_00125	2
KCJPJDFE_00126	1
KCJPJDFE_00127	9
KCJPJDFE_00128	3
KCJPJDFE_00129	0
KCJPJDFE_00130	0
KCJPJDFE_00131	0
KCJPJDFE_00132	2
KCJPJDFE_00133	0
KCJPJDFE_00134	4
KCJPJDFE_00135	12
KCJPJDFE_00136	0
KCJPJDFE_00137	0
KCJPJDFE_00138	20
KCJPJDFE_00139	32
KCJPJDFE_00140	32
KCJPJDFE_00141	6
KCJPJDFE_00143	0
KCJPJDFE_00144	0
KCJPJDFE_00145	0
KCJPJDFE_00146	0
KCJPJDFE_00147	0
KCJPJDFE_00148	0
KCJPJDFE_00150	0
KCJPJDFE_00151	0
KCJPJDFE_00152	0
KCJPJDFE_00153	0
KCJPJDFE_00154	0
KCJPJDFE_00155	0
KCJPJDFE_00157	1
KCJPJDFE_00158	1
KCJPJDFE_00159	0
KCJPJDFE_00160	1
KCJPJDFE_00161	77
KCJPJDFE_00162	0
KCJPJDFE_00163	0
KCJPJDFE_00164	0
KCJPJDFE_00166	0
KCJPJDFE_00167	0
KCJPJDFE_00168	0
KCJPJDFE_00169	0
KCJPJDFE_00170	0
KCJPJDFE_00171	0
KCJPJDFE_00172	3
KCJPJDFE_00173	5
KCJPJDFE_00174	0
KCJPJDFE_00175	0
KCJPJDFE_00176	7
KCJPJDFE_00177	6
KCJPJDFE_00178	0
KCJPJDFE_00179	0
KCJPJDFE_00180	0
KCJPJDFE_00181	5
KCJPJDFE_00182	0
KCJPJDFE_00183	2
KCJPJDFE_00184	0
KCJPJDFE_00185	0
KCJPJDFE_00186	0
KCJPJDFE_00187	1
KCJPJDFE_00188	6
KCJPJDFE_00189	0
KCJPJDFE_00190	0
KCJPJDFE_00191	0
KCJPJDFE_00192	16
KCJPJDFE_00193	0
KCJPJDFE_00194	0
KCJPJDFE_00196	1
KCJPJDFE_00197	0
KCJPJDFE_00198	1
KCJPJDFE_00199	4
KCJPJDFE_00200	2
KCJPJDFE_00201	0
KCJPJDFE_00202	0
KCJPJDFE_00203	1
KCJPJDFE_00204	0
KCJPJDFE_00205	0
KCJPJDFE_00206	0
KCJPJDFE_00208	3
KCJPJDFE_00209	0
KCJPJDFE_00210	1
KCJPJDFE_00211	0
KCJPJDFE_00212	0
KCJPJDFE_00213	7
KCJPJDFE_00214	0
KCJPJDFE_00215	0
KCJPJDFE_00216	0
KCJPJDFE_00217	0
KCJPJDFE_00218	0
KCJPJDFE_00219	2
KCJPJDFE_00220	0
KCJPJDFE_00221	7
KCJPJDFE_00222	3
KCJPJDFE_00223	5
KCJPJDFE_00224	15
KCJPJDFE_00225	9
KCJPJDFE_00226	7
KCJPJDFE_00227	2
KCJPJDFE_00229	1
KCJPJDFE_00230	0
KCJPJDFE_00231	0
KCJPJDFE_00232	0
KCJPJDFE_00233	0
KCJPJDFE_00234	5
KCJPJDFE_00236	1
KCJPJDFE_00237	0
KCJPJDFE_00238	0
KCJPJDFE_00239	0
KCJPJDFE_00240	0
KCJPJDFE_00241	0
KCJPJDFE_00242	0
KCJPJDFE_00243	0
KCJPJDFE_00244	0
KCJPJDFE_00245	0
KCJPJDFE_00246	0
KCJPJDFE_00247	0
KCJPJDFE_00248	0
KCJPJDFE_00249	0
KCJPJDFE_00250	0
KCJPJDFE_00251	0
KCJPJDFE_00252	1
KCJPJDFE_00253	0
KCJPJDFE_00254	8
KCJPJDFE_00255	0
KCJPJDFE_00256	5
KCJPJDFE_00257	1
KCJPJDFE_00258	5
KCJPJDFE_00259	3
KCJPJDFE_00260	1
KCJPJDFE_00261	19
KCJPJDFE_00262	19
KCJPJDFE_00263	15
KCJPJDFE_00264	0
KCJPJDFE_00265	2
KCJPJDFE_00266	0
KCJPJDFE_00267	2
KCJPJDFE_00268	0
KCJPJDFE_00269	4
KCJPJDFE_00270	4
KCJPJDFE_00271	3
KCJPJDFE_00272	0
KCJPJDFE_00273	7
KCJPJDFE_00274	0
KCJPJDFE_00275	2
KCJPJDFE_00276	2
KCJPJDFE_00277	1
KCJPJDFE_00278	48
KCJPJDFE_00279	2
KCJPJDFE_00280	0
KCJPJDFE_00281	0
KCJPJDFE_00282	2
KCJPJDFE_00283	0
KCJPJDFE_00285	2
KCJPJDFE_00286	0
KCJPJDFE_00287	0
KCJPJDFE_00289	0
KCJPJDFE_00290	0
KCJPJDFE_00291	1
KCJPJDFE_00292	0
KCJPJDFE_00293	0
KCJPJDFE_00294	3
KCJPJDFE_00295	3
KCJPJDFE_00296	0
KCJPJDFE_00297	2
KCJPJDFE_00298	0
KCJPJDFE_00299	0
KCJPJDFE_00300	0
KCJPJDFE_00301	0
KCJPJDFE_00302	0
KCJPJDFE_00303	0
KCJPJDFE_00304	0
KCJPJDFE_00305	0
KCJPJDFE_00306	0
KCJPJDFE_00307	0
KCJPJDFE_00308	5
KCJPJDFE_00309	1
KCJPJDFE_00310	0
KCJPJDFE_00311	5
KCJPJDFE_00312	0
KCJPJDFE_00313	0
KCJPJDFE_00314	1
KCJPJDFE_00315	0
KCJPJDFE_00316	0
KCJPJDFE_00317	0
KCJPJDFE_00318	0
KCJPJDFE_00319	154
KCJPJDFE_00320	0
KCJPJDFE_00321	0
KCJPJDFE_00322	0
KCJPJDFE_00323	0
KCJPJDFE_00324	0
KCJPJDFE_00325	0
KCJPJDFE_00326	2
KCJPJDFE_00327	0
KCJPJDFE_00328	0
KCJPJDFE_00329	0
KCJPJDFE_00330	0
KCJPJDFE_00331	0
KCJPJDFE_00332	0
KCJPJDFE_00333	0
KCJPJDFE_00334	0
KCJPJDFE_00335	2
KCJPJDFE_00336	0
KCJPJDFE_00337	0
KCJPJDFE_00338	0
KCJPJDFE_00339	1
KCJPJDFE_00340	1
KCJPJDFE_00341	0
KCJPJDFE_00342	3
KCJPJDFE_00343	3
KCJPJDFE_00344	0
KCJPJDFE_00345	0
KCJPJDFE_00346	0
KCJPJDFE_00347	0
KCJPJDFE_00348	0
KCJPJDFE_00349	0
KCJPJDFE_00350	0
KCJPJDFE_00351	0
KCJPJDFE_00352	0
KCJPJDFE_00353	0
KCJPJDFE_00355	0
KCJPJDFE_00356	0
KCJPJDFE_00357	0
KCJPJDFE_00358	5
KCJPJDFE_00359	2
KCJPJDFE_00360	0
KCJPJDFE_00361	0
KCJPJDFE_00362	2
KCJPJDFE_00363	0
KCJPJDFE_00364	1
KCJPJDFE_00365	0
KCJPJDFE_00366	2
KCJPJDFE_00367	0
KCJPJDFE_00368	1
KCJPJDFE_00369	3
KCJPJDFE_00370	0
KCJPJDFE_00371	0
KCJPJDFE_00372	2
KCJPJDFE_00373	0
KCJPJDFE_00374	0
KCJPJDFE_00375	0
KCJPJDFE_00376	0
KCJPJDFE_00378	3
KCJPJDFE_00379	0
KCJPJDFE_00380	0
KCJPJDFE_00381	5
KCJPJDFE_00382	0
KCJPJDFE_00383	0
KCJPJDFE_00384	0
KCJPJDFE_00385	2
KCJPJDFE_00386	0
KCJPJDFE_00387	0
KCJPJDFE_00388	1
KCJPJDFE_00389	0
KCJPJDFE_00390	4
KCJPJDFE_00391	0
KCJPJDFE_00392	2
KCJPJDFE_00393	0
KCJPJDFE_00394	0
KCJPJDFE_00395	4
KCJPJDFE_00396	0
KCJPJDFE_00397	0
KCJPJDFE_00398	1
KCJPJDFE_00399	1
KCJPJDFE_00400	0
KCJPJDFE_00401	0
KCJPJDFE_00402	0
KCJPJDFE_00403	2
KCJPJDFE_00404	0
KCJPJDFE_00405	4
KCJPJDFE_00406	0
KCJPJDFE_00407	1
KCJPJDFE_00408	19
KCJPJDFE_00409	6
KCJPJDFE_00410	38
KCJPJDFE_00411	0
KCJPJDFE_00412	0
KCJPJDFE_00413	0
KCJPJDFE_00414	7
KCJPJDFE_00415	9
KCJPJDFE_00417	4
KCJPJDFE_00418	0
KCJPJDFE_00419	7
KCJPJDFE_00420	1
KCJPJDFE_00421	0
KCJPJDFE_00422	0
KCJPJDFE_00423	1
KCJPJDFE_00424	0
KCJPJDFE_00425	15
KCJPJDFE_00426	0
KCJPJDFE_00428	4
KCJPJDFE_00429	1
KCJPJDFE_00430	0
KCJPJDFE_00431	0
KCJPJDFE_00432	1
KCJPJDFE_00433	1
KCJPJDFE_00434	1
KCJPJDFE_00435	0
KCJPJDFE_00436	46
KCJPJDFE_00438	8
KCJPJDFE_00439	0
KCJPJDFE_00440	0
KCJPJDFE_00441	1
KCJPJDFE_00442	3
KCJPJDFE_00444	0
KCJPJDFE_00445	1
KCJPJDFE_00447	54
KCJPJDFE_00448	0
KCJPJDFE_00449	2
KCJPJDFE_00450	0
KCJPJDFE_00451	1
KCJPJDFE_00452	0
KCJPJDFE_00453	0
KCJPJDFE_00454	0
KCJPJDFE_00455	0
KCJPJDFE_00456	0
KCJPJDFE_00457	0
KCJPJDFE_00458	2
KCJPJDFE_00459	0
KCJPJDFE_00460	0
KCJPJDFE_00461	0
KCJPJDFE_00462	0
KCJPJDFE_00463	0
KCJPJDFE_00464	0
KCJPJDFE_00465	11
KCJPJDFE_00466	12
KCJPJDFE_00467	2
KCJPJDFE_00468	1
KCJPJDFE_00469	0
KCJPJDFE_00470	8
KCJPJDFE_00471	3
KCJPJDFE_00472	1
KCJPJDFE_00473	6
KCJPJDFE_00474	2
KCJPJDFE_00475	2
KCJPJDFE_00476	3
KCJPJDFE_00477	2
KCJPJDFE_00478	5
KCJPJDFE_00479	0
KCJPJDFE_00480	1
KCJPJDFE_00481	0
KCJPJDFE_00482	8
KCJPJDFE_00483	3
KCJPJDFE_00484	5
KCJPJDFE_00485	0
KCJPJDFE_00486	1
KCJPJDFE_00487	2
KCJPJDFE_00488	5
KCJPJDFE_00489	1
KCJPJDFE_00490	3
KCJPJDFE_00491	1
KCJPJDFE_00492	0
KCJPJDFE_00493	0
KCJPJDFE_00494	3
KCJPJDFE_00496	0
KCJPJDFE_00497	1
KCJPJDFE_00498	2
KCJPJDFE_00499	1
KCJPJDFE_00500	6
KCJPJDFE_00501	0
KCJPJDFE_00502	0
KCJPJDFE_00503	1
KCJPJDFE_00504	0
KCJPJDFE_00505	0
KCJPJDFE_00506	0
KCJPJDFE_00507	0
KCJPJDFE_00508	0
KCJPJDFE_00509	0
KCJPJDFE_00511	0
KCJPJDFE_00512	0
KCJPJDFE_00513	2
KCJPJDFE_00514	2
KCJPJDFE_00515	1
KCJPJDFE_00516	0
KCJPJDFE_00517	0
KCJPJDFE_00518	0
KCJPJDFE_00520	0
KCJPJDFE_00521	0
KCJPJDFE_00522	0
KCJPJDFE_00523	3
KCJPJDFE_00524	0
KCJPJDFE_00525	7
KCJPJDFE_00526	2
KCJPJDFE_00527	0
KCJPJDFE_00528	0
KCJPJDFE_00529	0
KCJPJDFE_00530	0
KCJPJDFE_00531	0
KCJPJDFE_00532	0
KCJPJDFE_00533	0
KCJPJDFE_00534	0
KCJPJDFE_00535	1
KCJPJDFE_00536	0
KCJPJDFE_00537	0
KCJPJDFE_00538	0
KCJPJDFE_00539	0
KCJPJDFE_00540	59
KCJPJDFE_00541	3
KCJPJDFE_00542	3
KCJPJDFE_00543	7
KCJPJDFE_00544	0
KCJPJDFE_00545	0
KCJPJDFE_00546	4
KCJPJDFE_00547	3
KCJPJDFE_00548	0
KCJPJDFE_00549	6
KCJPJDFE_00550	0
KCJPJDFE_00551	0
KCJPJDFE_00552	25
KCJPJDFE_00553	0
KCJPJDFE_00554	0
KCJPJDFE_00555	0
KCJPJDFE_00556	0
KCJPJDFE_00557	0
KCJPJDFE_00558	2
KCJPJDFE_00559	7
KCJPJDFE_00560	0
KCJPJDFE_00561	0
KCJPJDFE_00562	0
KCJPJDFE_00563	0
KCJPJDFE_00564	0
KCJPJDFE_00565	0
KCJPJDFE_00566	0
KCJPJDFE_00567	0
KCJPJDFE_00568	0
KCJPJDFE_00569	0
KCJPJDFE_00570	4
KCJPJDFE_00571	14
KCJPJDFE_00572	0
KCJPJDFE_00573	1
KCJPJDFE_00574	0
KCJPJDFE_00575	0
KCJPJDFE_00576	0
KCJPJDFE_00577	2
KCJPJDFE_00578	3
KCJPJDFE_00579	0
KCJPJDFE_00580	0
KCJPJDFE_00581	0
KCJPJDFE_00582	1
KCJPJDFE_00583	0
KCJPJDFE_00584	0
KCJPJDFE_00585	2
KCJPJDFE_00586	3
KCJPJDFE_00587	0
KCJPJDFE_00588	0
KCJPJDFE_00589	1
KCJPJDFE_00590	1
KCJPJDFE_00591	0
KCJPJDFE_00592	1
KCJPJDFE_00593	0
KCJPJDFE_00594	3
KCJPJDFE_00595	6
KCJPJDFE_00596	0
KCJPJDFE_00597	0
KCJPJDFE_00598	0
KCJPJDFE_00599	7
KCJPJDFE_00600	0
KCJPJDFE_00601	0
KCJPJDFE_00602	0
KCJPJDFE_00603	0
KCJPJDFE_00604	0
KCJPJDFE_00605	2
KCJPJDFE_00606	0
KCJPJDFE_00607	1
KCJPJDFE_00608	0
KCJPJDFE_00609	0
KCJPJDFE_00610	2
KCJPJDFE_00611	2
KCJPJDFE_00612	0
KCJPJDFE_00613	0
KCJPJDFE_00614	0
KCJPJDFE_00615	2
KCJPJDFE_00616	0
KCJPJDFE_00617	0
KCJPJDFE_00618	0
KCJPJDFE_00619	9
KCJPJDFE_00620	35
KCJPJDFE_00621	0
KCJPJDFE_00622	0
KCJPJDFE_00623	3
KCJPJDFE_00624	0
KCJPJDFE_00625	0
KCJPJDFE_00626	0
KCJPJDFE_00627	1
KCJPJDFE_00628	0
KCJPJDFE_00629	0
KCJPJDFE_00630	4
KCJPJDFE_00631	1
KCJPJDFE_00632	0
KCJPJDFE_00633	0
KCJPJDFE_00634	0
KCJPJDFE_00635	0
KCJPJDFE_00636	13
KCJPJDFE_00639	0
KCJPJDFE_00640	0
KCJPJDFE_00641	0
KCJPJDFE_00642	0
KCJPJDFE_00643	0
KCJPJDFE_00644	0
KCJPJDFE_00645	0
KCJPJDFE_00646	0
KCJPJDFE_00647	4
KCJPJDFE_00648	1
KCJPJDFE_00649	1
KCJPJDFE_00650	7
KCJPJDFE_00651	0
KCJPJDFE_00652	4
KCJPJDFE_00653	0
KCJPJDFE_00654	2
KCJPJDFE_00655	0
KCJPJDFE_00656	0
KCJPJDFE_00657	8
KCJPJDFE_00658	0
KCJPJDFE_00659	1
KCJPJDFE_00660	0
KCJPJDFE_00661	0
KCJPJDFE_00662	1
KCJPJDFE_00663	18
KCJPJDFE_00664	14
KCJPJDFE_00666	0
KCJPJDFE_00667	0
KCJPJDFE_00668	0
KCJPJDFE_00669	2
KCJPJDFE_00670	0
KCJPJDFE_00671	2
KCJPJDFE_00672	0
KCJPJDFE_00673	0
KCJPJDFE_00674	0
KCJPJDFE_00675	1
KCJPJDFE_00676	0
KCJPJDFE_00677	0
KCJPJDFE_00678	0
KCJPJDFE_00679	0
KCJPJDFE_00680	2
KCJPJDFE_00681	4
KCJPJDFE_00682	12
KCJPJDFE_00683	0
KCJPJDFE_00684	2
KCJPJDFE_00685	4
KCJPJDFE_00686	0
KCJPJDFE_00687	3
KCJPJDFE_00688	4
KCJPJDFE_00689	1
KCJPJDFE_00690	0
KCJPJDFE_00691	2
KCJPJDFE_00692	0
KCJPJDFE_00693	0
KCJPJDFE_00694	0
KCJPJDFE_00695	0
KCJPJDFE_00696	1
KCJPJDFE_00697	0
KCJPJDFE_00698	0
KCJPJDFE_00699	0
KCJPJDFE_00700	0
KCJPJDFE_00701	0
KCJPJDFE_00702	1
KCJPJDFE_00703	1
KCJPJDFE_00704	4
KCJPJDFE_00705	1
KCJPJDFE_00706	0
KCJPJDFE_00707	3
KCJPJDFE_00709	3
KCJPJDFE_00710	0
KCJPJDFE_00711	0
KCJPJDFE_00712	0
KCJPJDFE_00713	0
KCJPJDFE_00714	1
KCJPJDFE_00715	3
KCJPJDFE_00716	2
KCJPJDFE_00717	3
KCJPJDFE_00718	0
KCJPJDFE_00719	2
KCJPJDFE_00720	0
KCJPJDFE_00721	0
KCJPJDFE_00722	1
KCJPJDFE_00723	0
KCJPJDFE_00724	0
KCJPJDFE_00725	7
KCJPJDFE_00726	16
KCJPJDFE_00727	0
KCJPJDFE_00728	7
KCJPJDFE_00729	0
KCJPJDFE_00731	0
KCJPJDFE_00732	0
KCJPJDFE_00733	0
KCJPJDFE_00734	0
KCJPJDFE_00735	0
KCJPJDFE_00736	0
KCJPJDFE_00737	1
KCJPJDFE_00738	1
KCJPJDFE_00739	0
KCJPJDFE_00740	0
KCJPJDFE_00741	0
KCJPJDFE_00742	0
KCJPJDFE_00743	0
KCJPJDFE_00744	2
KCJPJDFE_00745	23
KCJPJDFE_00746	0
KCJPJDFE_00747	2
KCJPJDFE_00748	0
KCJPJDFE_00749	0
KCJPJDFE_00750	0
KCJPJDFE_00751	0
KCJPJDFE_00752	0
KCJPJDFE_00753	0
KCJPJDFE_00754	0
KCJPJDFE_00755	22
KCJPJDFE_00756	19
KCJPJDFE_00757	0
KCJPJDFE_00758	1
KCJPJDFE_00759	0
KCJPJDFE_00760	0
KCJPJDFE_00761	0
KCJPJDFE_00762	1
KCJPJDFE_00763	0
KCJPJDFE_00764	0
KCJPJDFE_00765	0
KCJPJDFE_00766	0
KCJPJDFE_00767	1
KCJPJDFE_00768	0
KCJPJDFE_00769	0
KCJPJDFE_00770	2
KCJPJDFE_00771	1
KCJPJDFE_00772	0
KCJPJDFE_00773	0
KCJPJDFE_00774	3
KCJPJDFE_00775	1
KCJPJDFE_00776	0
KCJPJDFE_00777	2
KCJPJDFE_00778	0
KCJPJDFE_00779	0
KCJPJDFE_00780	8
KCJPJDFE_00781	0
KCJPJDFE_00782	0
KCJPJDFE_00783	1
KCJPJDFE_00784	0
KCJPJDFE_00785	0
KCJPJDFE_00786	0
KCJPJDFE_00787	0
KCJPJDFE_00788	5
KCJPJDFE_00789	0
KCJPJDFE_00790	0
KCJPJDFE_00791	0
KCJPJDFE_00792	1
KCJPJDFE_00793	0
KCJPJDFE_00794	0
KCJPJDFE_00795	0
KCJPJDFE_00796	0
KCJPJDFE_00797	0
KCJPJDFE_00798	0
KCJPJDFE_00799	0
KCJPJDFE_00800	0
KCJPJDFE_00801	0
KCJPJDFE_00802	4
KCJPJDFE_00803	0
KCJPJDFE_00804	1
KCJPJDFE_00805	0
KCJPJDFE_00806	0
KCJPJDFE_00807	5
KCJPJDFE_00808	2
KCJPJDFE_00809	0
KCJPJDFE_00810	0
KCJPJDFE_00811	0
KCJPJDFE_00813	8
KCJPJDFE_00814	3
KCJPJDFE_00815	0
KCJPJDFE_00816	2
KCJPJDFE_00817	3
KCJPJDFE_00818	0
KCJPJDFE_00819	0
KCJPJDFE_00820	0
KCJPJDFE_00821	1
KCJPJDFE_00822	0
KCJPJDFE_00823	0
KCJPJDFE_00824	3
KCJPJDFE_00825	1
KCJPJDFE_00826	0
KCJPJDFE_00827	0
KCJPJDFE_00828	0
KCJPJDFE_00829	5
KCJPJDFE_00830	0
KCJPJDFE_00831	0
KCJPJDFE_00832	0
KCJPJDFE_00833	0
KCJPJDFE_00834	0
KCJPJDFE_00835	0
KCJPJDFE_00836	0
KCJPJDFE_00837	1
KCJPJDFE_00838	2
KCJPJDFE_00839	0
KCJPJDFE_00840	0
KCJPJDFE_00841	0
KCJPJDFE_00842	10
KCJPJDFE_00843	0
KCJPJDFE_00844	0
KCJPJDFE_00845	0
KCJPJDFE_00846	7
KCJPJDFE_00847	0
KCJPJDFE_00848	0
KCJPJDFE_00849	0
KCJPJDFE_00850	0
KCJPJDFE_00851	2
KCJPJDFE_00852	89
KCJPJDFE_00853	0
KCJPJDFE_00854	4
KCJPJDFE_00855	0
KCJPJDFE_00856	1
KCJPJDFE_00857	0
KCJPJDFE_00858	2
KCJPJDFE_00859	0
KCJPJDFE_00860	7
KCJPJDFE_00861	0
KCJPJDFE_00862	0
KCJPJDFE_00863	0
KCJPJDFE_00864	0
KCJPJDFE_00865	0
KCJPJDFE_00866	0
KCJPJDFE_00867	0
KCJPJDFE_00868	1
KCJPJDFE_00869	3
KCJPJDFE_00870	0
KCJPJDFE_00871	0
KCJPJDFE_00872	0
KCJPJDFE_00873	0
KCJPJDFE_00874	0
KCJPJDFE_00875	0
KCJPJDFE_00876	0
KCJPJDFE_00877	0
KCJPJDFE_00878	0
KCJPJDFE_00880	0
KCJPJDFE_00881	4
KCJPJDFE_00882	9
KCJPJDFE_00883	2
KCJPJDFE_00884	0
KCJPJDFE_00885	46
KCJPJDFE_00886	2
KCJPJDFE_00887	0
KCJPJDFE_00888	2
KCJPJDFE_00889	3
KCJPJDFE_00890	0
KCJPJDFE_00891	0
KCJPJDFE_00892	0
KCJPJDFE_00893	0
KCJPJDFE_00895	0
KCJPJDFE_00896	0
KCJPJDFE_00897	1
KCJPJDFE_00898	2
KCJPJDFE_00899	0
KCJPJDFE_00900	0
KCJPJDFE_00901	0
KCJPJDFE_00902	0
KCJPJDFE_00903	0
KCJPJDFE_00904	0
KCJPJDFE_00905	0
KCJPJDFE_00906	4
KCJPJDFE_00907	0
KCJPJDFE_00909	0
KCJPJDFE_00910	0
KCJPJDFE_00911	1
KCJPJDFE_00912	1
KCJPJDFE_00913	0
KCJPJDFE_00914	0
KCJPJDFE_00915	0
KCJPJDFE_00916	1
KCJPJDFE_00917	0
KCJPJDFE_00918	3
KCJPJDFE_00919	0
KCJPJDFE_00920	0
KCJPJDFE_00921	0
KCJPJDFE_00922	2
KCJPJDFE_00923	0
KCJPJDFE_00924	2
KCJPJDFE_00925	0
KCJPJDFE_00926	0
KCJPJDFE_00927	0
KCJPJDFE_00928	0
KCJPJDFE_00929	10
KCJPJDFE_00930	0
KCJPJDFE_00931	62
KCJPJDFE_00932	0
KCJPJDFE_00933	0
KCJPJDFE_00934	0
KCJPJDFE_00935	5
KCJPJDFE_00936	6
KCJPJDFE_00937	0
KCJPJDFE_00938	1
KCJPJDFE_00939	7
KCJPJDFE_00940	4
KCJPJDFE_00941	0
KCJPJDFE_00942	8
KCJPJDFE_00943	1
KCJPJDFE_00944	1
KCJPJDFE_00945	5
KCJPJDFE_00946	0
KCJPJDFE_00947	0
KCJPJDFE_00948	0
KCJPJDFE_00949	4
KCJPJDFE_00950	9
KCJPJDFE_00951	0
KCJPJDFE_00952	0
KCJPJDFE_00953	0
KCJPJDFE_00954	2
KCJPJDFE_00955	0
KCJPJDFE_00956	0
KCJPJDFE_00957	4
KCJPJDFE_00958	0
KCJPJDFE_00959	0
KCJPJDFE_00960	2
KCJPJDFE_00961	21
KCJPJDFE_00962	4
KCJPJDFE_00963	2
KCJPJDFE_00964	0
KCJPJDFE_00965	0
KCJPJDFE_00966	0
KCJPJDFE_00967	0
KCJPJDFE_00968	0
KCJPJDFE_00969	0
KCJPJDFE_00970	3
KCJPJDFE_00971	2
KCJPJDFE_00972	0
KCJPJDFE_00973	0
KCJPJDFE_00974	0
KCJPJDFE_00975	0
KCJPJDFE_00976	2
KCJPJDFE_00977	0
KCJPJDFE_00978	0
KCJPJDFE_00979	4
KCJPJDFE_00980	0
KCJPJDFE_00982	3
KCJPJDFE_00983	0
KCJPJDFE_00984	0
KCJPJDFE_00985	4
KCJPJDFE_00986	0
KCJPJDFE_00987	1
KCJPJDFE_00989	7
KCJPJDFE_00990	0
KCJPJDFE_00991	0
KCJPJDFE_00992	0
KCJPJDFE_00993	0
KCJPJDFE_00994	0
KCJPJDFE_00995	0
KCJPJDFE_00996	1
KCJPJDFE_00997	2
KCJPJDFE_00998	0
KCJPJDFE_01000	0
KCJPJDFE_01001	0
KCJPJDFE_01002	0
KCJPJDFE_01003	1
KCJPJDFE_01004	15
KCJPJDFE_01005	0
KCJPJDFE_01006	7
KCJPJDFE_01007	0
KCJPJDFE_01008	0
KCJPJDFE_01009	1
KCJPJDFE_01010	0
KCJPJDFE_01011	5
KCJPJDFE_01012	3
KCJPJDFE_01013	1
KCJPJDFE_01014	0
KCJPJDFE_01015	1
KCJPJDFE_01016	2
KCJPJDFE_01017	0
KCJPJDFE_01018	0
KCJPJDFE_01019	4
KCJPJDFE_01020	0
KCJPJDFE_01021	0
KCJPJDFE_01022	0
KCJPJDFE_01023	1
KCJPJDFE_01024	1
KCJPJDFE_01025	13
KCJPJDFE_01026	4
KCJPJDFE_01027	3
KCJPJDFE_01028	1
KCJPJDFE_01029	3
KCJPJDFE_01030	0
KCJPJDFE_01031	0
KCJPJDFE_01032	0
KCJPJDFE_01033	0
KCJPJDFE_01034	0
KCJPJDFE_01035	1
KCJPJDFE_01036	8
KCJPJDFE_01037	0
KCJPJDFE_01038	0
KCJPJDFE_01039	0
KCJPJDFE_01040	0
KCJPJDFE_01041	0
KCJPJDFE_01042	0
KCJPJDFE_01043	3
KCJPJDFE_01044	1
KCJPJDFE_01045	0
KCJPJDFE_01046	0
KCJPJDFE_01047	0
KCJPJDFE_01048	0
KCJPJDFE_01049	0
KCJPJDFE_01050	0
KCJPJDFE_01051	0
KCJPJDFE_01052	0
KCJPJDFE_01053	0
KCJPJDFE_01054	0
KCJPJDFE_01055	1
KCJPJDFE_01056	0
KCJPJDFE_01057	1
KCJPJDFE_01058	0
KCJPJDFE_01059	0
KCJPJDFE_01060	0
KCJPJDFE_01061	1
KCJPJDFE_01062	0
KCJPJDFE_01063	1
KCJPJDFE_01064	4
KCJPJDFE_01065	8
KCJPJDFE_01067	0
KCJPJDFE_01068	0
KCJPJDFE_01069	0
KCJPJDFE_01070	0
KCJPJDFE_01071	0
KCJPJDFE_01072	0
KCJPJDFE_01073	0
KCJPJDFE_01074	0
KCJPJDFE_01075	1
KCJPJDFE_01076	15
KCJPJDFE_01077	0
KCJPJDFE_01078	7
KCJPJDFE_01079	3
KCJPJDFE_01080	0
KCJPJDFE_01081	2
KCJPJDFE_01082	2
KCJPJDFE_01083	1
KCJPJDFE_01084	0
KCJPJDFE_01085	3
KCJPJDFE_01087	0
KCJPJDFE_01088	4
KCJPJDFE_01089	0
KCJPJDFE_01090	0
KCJPJDFE_01091	0
KCJPJDFE_01092	0
KCJPJDFE_01093	0
KCJPJDFE_01094	1
KCJPJDFE_01095	0
KCJPJDFE_01097	1
KCJPJDFE_01098	0
KCJPJDFE_01099	0
KCJPJDFE_01100	19
KCJPJDFE_01101	0
KCJPJDFE_01102	0
KCJPJDFE_01103	0
KCJPJDFE_01104	0
KCJPJDFE_01105	0
KCJPJDFE_01106	0
KCJPJDFE_01107	0
KCJPJDFE_01108	0
KCJPJDFE_01109	7
KCJPJDFE_01110	0
KCJPJDFE_01111	1
KCJPJDFE_01112	0
KCJPJDFE_01113	0
KCJPJDFE_01114	0
KCJPJDFE_01115	0
KCJPJDFE_01116	0
KCJPJDFE_01117	0
KCJPJDFE_01118	0
KCJPJDFE_01119	1
KCJPJDFE_01120	0
KCJPJDFE_01121	0
KCJPJDFE_01122	0
KCJPJDFE_01123	0
KCJPJDFE_01124	0
KCJPJDFE_01125	0
KCJPJDFE_01126	0
KCJPJDFE_01127	5
KCJPJDFE_01128	1
KCJPJDFE_01129	0
KCJPJDFE_01130	0
KCJPJDFE_01131	2
KCJPJDFE_01132	0
KCJPJDFE_01133	0
KCJPJDFE_01134	0
KCJPJDFE_01135	0
KCJPJDFE_01136	0
KCJPJDFE_01137	6
KCJPJDFE_01138	0
KCJPJDFE_01139	7
KCJPJDFE_01140	1
KCJPJDFE_01141	3
KCJPJDFE_01142	16
KCJPJDFE_01143	14
KCJPJDFE_01144	7
KCJPJDFE_01145	0
KCJPJDFE_01146	0
KCJPJDFE_01147	3
KCJPJDFE_01148	2
KCJPJDFE_01149	0
KCJPJDFE_01150	0
KCJPJDFE_01151	1
KCJPJDFE_01152	1
KCJPJDFE_01153	0
KCJPJDFE_01154	8
KCJPJDFE_01155	0
KCJPJDFE_01156	0
KCJPJDFE_01157	3
KCJPJDFE_01158	0
KCJPJDFE_01159	0
KCJPJDFE_01160	5
KCJPJDFE_01161	1
KCJPJDFE_01162	2
KCJPJDFE_01164	0
KCJPJDFE_01165	7
KCJPJDFE_01166	0
KCJPJDFE_01167	1
KCJPJDFE_01168	0
KCJPJDFE_01169	0
KCJPJDFE_01170	0
KCJPJDFE_01171	0
KCJPJDFE_01172	0
KCJPJDFE_01173	3
KCJPJDFE_01174	3
KCJPJDFE_01175	1
KCJPJDFE_01176	4
KCJPJDFE_01177	0
KCJPJDFE_01178	0
KCJPJDFE_01179	0
KCJPJDFE_01180	0
KCJPJDFE_01181	1
KCJPJDFE_01182	0
KCJPJDFE_01183	0
KCJPJDFE_01184	0
KCJPJDFE_01185	0
KCJPJDFE_01186	3
KCJPJDFE_01187	1
KCJPJDFE_01188	0
KCJPJDFE_01189	0
KCJPJDFE_01190	0
KCJPJDFE_01191	0
KCJPJDFE_01192	6
KCJPJDFE_01193	0
KCJPJDFE_01194	0
KCJPJDFE_01195	0
KCJPJDFE_01196	0
KCJPJDFE_01197	0
KCJPJDFE_01198	0
KCJPJDFE_01199	3
KCJPJDFE_01200	0
KCJPJDFE_01201	4
KCJPJDFE_01202	0
KCJPJDFE_01203	0
KCJPJDFE_01204	0
KCJPJDFE_01205	0
KCJPJDFE_01206	2
KCJPJDFE_01207	0
KCJPJDFE_01208	0
KCJPJDFE_01209	0
KCJPJDFE_01210	0
KCJPJDFE_01212	2
KCJPJDFE_01213	0
KCJPJDFE_01214	0
KCJPJDFE_01215	0
KCJPJDFE_01216	0
KCJPJDFE_01218	4
KCJPJDFE_01219	0
KCJPJDFE_01220	0
KCJPJDFE_01221	12
KCJPJDFE_01222	0
KCJPJDFE_01223	0
KCJPJDFE_01224	0
__no_feature	399
__ambiguous	181
__too_low_aQual	119
__not_aligned	697149
__alignment_not_unique	0
