KOHBPAPH_00001	0
KOHBPAPH_00002	1
KOHBPAPH_00003	0
KOHBPAPH_00005	0
KOHBPAPH_00006	4
KOHBPAPH_00007	0
KOHBPAPH_00008	4
KOHBPAPH_00009	4
KOHBPAPH_00010	1
KOHBPAPH_00011	1
KOHBPAPH_00012	0
KOHBPAPH_00013	0
KOHBPAPH_00014	0
KOHBPAPH_00015	0
KOHBPAPH_00016	0
KOHBPAPH_00017	0
KOHBPAPH_00018	1
KOHBPAPH_00019	0
KOHBPAPH_00020	0
KOHBPAPH_00021	1
KOHBPAPH_00023	5
KOHBPAPH_00024	0
KOHBPAPH_00025	0
KOHBPAPH_00026	1
KOHBPAPH_00027	0
KOHBPAPH_00028	0
KOHBPAPH_00029	1
KOHBPAPH_00030	0
KOHBPAPH_00031	0
KOHBPAPH_00032	0
KOHBPAPH_00033	0
KOHBPAPH_00034	1
KOHBPAPH_00035	0
KOHBPAPH_00037	0
KOHBPAPH_00038	0
KOHBPAPH_00039	0
KOHBPAPH_00040	0
KOHBPAPH_00041	0
KOHBPAPH_00042	0
KOHBPAPH_00043	0
KOHBPAPH_00044	3
KOHBPAPH_00045	0
KOHBPAPH_00046	3
KOHBPAPH_00047	4
KOHBPAPH_00048	2
KOHBPAPH_00049	2
KOHBPAPH_00050	1
KOHBPAPH_00051	0
KOHBPAPH_00052	1
KOHBPAPH_00053	3
KOHBPAPH_00054	1
KOHBPAPH_00055	3
KOHBPAPH_00056	0
KOHBPAPH_00057	0
KOHBPAPH_00058	1
KOHBPAPH_00059	7
KOHBPAPH_00060	3
KOHBPAPH_00061	0
KOHBPAPH_00062	0
KOHBPAPH_00063	0
KOHBPAPH_00064	0
KOHBPAPH_00065	1
KOHBPAPH_00066	0
KOHBPAPH_00067	0
KOHBPAPH_00068	3
KOHBPAPH_00069	1
KOHBPAPH_00070	0
KOHBPAPH_00071	0
KOHBPAPH_00073	4
KOHBPAPH_00074	13
KOHBPAPH_00075	10
KOHBPAPH_00076	1
KOHBPAPH_00077	0
KOHBPAPH_00078	3
KOHBPAPH_00079	0
KOHBPAPH_00080	0
KOHBPAPH_00081	0
KOHBPAPH_00082	0
KOHBPAPH_00083	0
KOHBPAPH_00084	0
KOHBPAPH_00085	1
KOHBPAPH_00086	0
KOHBPAPH_00087	0
KOHBPAPH_00088	0
KOHBPAPH_00089	0
KOHBPAPH_00090	0
KOHBPAPH_00091	20
KOHBPAPH_00092	22
KOHBPAPH_00093	1
KOHBPAPH_00094	0
KOHBPAPH_00095	1
KOHBPAPH_00096	5
KOHBPAPH_00097	0
KOHBPAPH_00098	0
KOHBPAPH_00099	1
KOHBPAPH_00100	0
KOHBPAPH_00102	0
KOHBPAPH_00103	0
KOHBPAPH_00104	0
KOHBPAPH_00105	1
KOHBPAPH_00106	1
KOHBPAPH_00107	5
KOHBPAPH_00108	0
KOHBPAPH_00109	0
KOHBPAPH_00110	0
KOHBPAPH_00111	2
KOHBPAPH_00112	7
KOHBPAPH_00113	6
KOHBPAPH_00114	4
KOHBPAPH_00115	0
KOHBPAPH_00116	0
KOHBPAPH_00117	1
KOHBPAPH_00118	0
KOHBPAPH_00119	1
KOHBPAPH_00120	1
KOHBPAPH_00121	0
KOHBPAPH_00122	0
KOHBPAPH_00123	4
KOHBPAPH_00124	3
KOHBPAPH_00125	0
KOHBPAPH_00126	0
KOHBPAPH_00127	1
KOHBPAPH_00128	0
KOHBPAPH_00129	3
KOHBPAPH_00130	0
KOHBPAPH_00131	3
KOHBPAPH_00132	6
KOHBPAPH_00133	2
KOHBPAPH_00134	0
KOHBPAPH_00135	0
KOHBPAPH_00136	17
KOHBPAPH_00137	0
KOHBPAPH_00138	0
KOHBPAPH_00139	0
KOHBPAPH_00140	0
KOHBPAPH_00141	2
KOHBPAPH_00142	3
KOHBPAPH_00143	0
KOHBPAPH_00144	0
KOHBPAPH_00145	0
KOHBPAPH_00146	0
KOHBPAPH_00147	0
KOHBPAPH_00148	1
KOHBPAPH_00149	8
KOHBPAPH_00150	0
KOHBPAPH_00151	0
KOHBPAPH_00152	0
KOHBPAPH_00153	2
KOHBPAPH_00154	4
KOHBPAPH_00155	5
KOHBPAPH_00156	0
KOHBPAPH_00157	3
KOHBPAPH_00158	0
KOHBPAPH_00159	1
KOHBPAPH_00160	0
KOHBPAPH_00161	0
KOHBPAPH_00162	3
KOHBPAPH_00163	0
KOHBPAPH_00164	0
KOHBPAPH_00165	1
KOHBPAPH_00166	0
KOHBPAPH_00167	8
KOHBPAPH_00168	0
KOHBPAPH_00169	2
KOHBPAPH_00170	0
KOHBPAPH_00171	2
KOHBPAPH_00172	0
KOHBPAPH_00173	0
KOHBPAPH_00174	0
KOHBPAPH_00175	4
KOHBPAPH_00176	0
KOHBPAPH_00177	0
KOHBPAPH_00178	0
KOHBPAPH_00179	0
KOHBPAPH_00180	0
KOHBPAPH_00181	0
KOHBPAPH_00182	7
KOHBPAPH_00183	0
KOHBPAPH_00184	8
KOHBPAPH_00185	0
KOHBPAPH_00186	0
KOHBPAPH_00187	0
KOHBPAPH_00188	0
KOHBPAPH_00189	1
KOHBPAPH_00190	0
KOHBPAPH_00191	0
KOHBPAPH_00192	0
KOHBPAPH_00193	0
KOHBPAPH_00194	1
KOHBPAPH_00195	7
KOHBPAPH_00196	0
KOHBPAPH_00197	0
KOHBPAPH_00198	0
KOHBPAPH_00199	0
KOHBPAPH_00200	0
KOHBPAPH_00201	1
KOHBPAPH_00202	1
KOHBPAPH_00203	0
KOHBPAPH_00204	0
KOHBPAPH_00205	0
KOHBPAPH_00206	2
KOHBPAPH_00207	0
KOHBPAPH_00208	0
KOHBPAPH_00209	0
KOHBPAPH_00210	1
KOHBPAPH_00211	1
KOHBPAPH_00212	0
KOHBPAPH_00213	2
KOHBPAPH_00214	0
KOHBPAPH_00215	2
KOHBPAPH_00216	5
KOHBPAPH_00217	0
KOHBPAPH_00218	0
KOHBPAPH_00219	1
KOHBPAPH_00220	0
KOHBPAPH_00221	1
KOHBPAPH_00222	0
KOHBPAPH_00223	0
KOHBPAPH_00224	6
KOHBPAPH_00225	0
KOHBPAPH_00226	0
KOHBPAPH_00227	0
KOHBPAPH_00228	0
KOHBPAPH_00229	0
KOHBPAPH_00230	0
KOHBPAPH_00231	0
KOHBPAPH_00232	0
KOHBPAPH_00233	0
KOHBPAPH_00234	0
KOHBPAPH_00235	0
KOHBPAPH_00236	2
KOHBPAPH_00237	0
KOHBPAPH_00238	0
KOHBPAPH_00239	0
KOHBPAPH_00240	4
KOHBPAPH_00241	0
KOHBPAPH_00242	0
KOHBPAPH_00244	0
KOHBPAPH_00245	1
KOHBPAPH_00246	0
KOHBPAPH_00247	0
KOHBPAPH_00248	0
KOHBPAPH_00249	0
KOHBPAPH_00250	0
KOHBPAPH_00251	0
KOHBPAPH_00252	2
KOHBPAPH_00253	0
KOHBPAPH_00254	0
KOHBPAPH_00255	0
KOHBPAPH_00256	2
KOHBPAPH_00257	2
KOHBPAPH_00258	0
KOHBPAPH_00259	3
KOHBPAPH_00260	1
KOHBPAPH_00261	2
KOHBPAPH_00262	0
KOHBPAPH_00263	0
KOHBPAPH_00264	0
KOHBPAPH_00265	0
KOHBPAPH_00266	0
KOHBPAPH_00267	0
KOHBPAPH_00268	2
KOHBPAPH_00269	5
KOHBPAPH_00270	0
KOHBPAPH_00271	0
KOHBPAPH_00272	0
KOHBPAPH_00273	0
KOHBPAPH_00274	0
KOHBPAPH_00275	3
KOHBPAPH_00276	1
KOHBPAPH_00277	3
KOHBPAPH_00278	1
KOHBPAPH_00279	0
KOHBPAPH_00280	0
KOHBPAPH_00281	1
KOHBPAPH_00282	0
KOHBPAPH_00283	0
KOHBPAPH_00284	0
KOHBPAPH_00285	0
KOHBPAPH_00286	0
KOHBPAPH_00287	7
KOHBPAPH_00288	1
KOHBPAPH_00289	0
KOHBPAPH_00290	0
KOHBPAPH_00291	1
KOHBPAPH_00292	0
KOHBPAPH_00293	1
KOHBPAPH_00294	0
KOHBPAPH_00295	2
KOHBPAPH_00296	3
KOHBPAPH_00297	0
KOHBPAPH_00298	3
KOHBPAPH_00299	0
KOHBPAPH_00300	2
KOHBPAPH_00301	0
KOHBPAPH_00302	0
KOHBPAPH_00303	0
KOHBPAPH_00304	2
KOHBPAPH_00305	0
KOHBPAPH_00306	0
KOHBPAPH_00307	0
KOHBPAPH_00308	0
KOHBPAPH_00309	0
KOHBPAPH_00310	0
KOHBPAPH_00311	0
KOHBPAPH_00312	0
KOHBPAPH_00313	0
KOHBPAPH_00314	0
KOHBPAPH_00315	2
KOHBPAPH_00316	1
KOHBPAPH_00317	0
KOHBPAPH_00318	0
KOHBPAPH_00319	1
KOHBPAPH_00320	9
KOHBPAPH_00321	0
KOHBPAPH_00322	0
KOHBPAPH_00323	0
KOHBPAPH_00324	0
KOHBPAPH_00325	0
KOHBPAPH_00326	0
KOHBPAPH_00327	0
KOHBPAPH_00328	0
KOHBPAPH_00329	0
KOHBPAPH_00330	0
KOHBPAPH_00331	1
KOHBPAPH_00332	2
KOHBPAPH_00333	1
KOHBPAPH_00334	3
KOHBPAPH_00335	0
KOHBPAPH_00336	0
KOHBPAPH_00337	0
KOHBPAPH_00338	0
KOHBPAPH_00339	7
KOHBPAPH_00340	2
KOHBPAPH_00341	0
KOHBPAPH_00342	0
KOHBPAPH_00343	1
KOHBPAPH_00344	1
KOHBPAPH_00345	1
KOHBPAPH_00346	3
KOHBPAPH_00347	4
KOHBPAPH_00348	1
KOHBPAPH_00349	0
KOHBPAPH_00350	0
KOHBPAPH_00351	0
KOHBPAPH_00352	1
KOHBPAPH_00353	3
KOHBPAPH_00354	0
KOHBPAPH_00355	0
KOHBPAPH_00356	10
KOHBPAPH_00357	4
KOHBPAPH_00358	1
KOHBPAPH_00359	2
KOHBPAPH_00360	1
KOHBPAPH_00361	0
KOHBPAPH_00362	3
KOHBPAPH_00363	1
KOHBPAPH_00364	0
KOHBPAPH_00365	0
KOHBPAPH_00366	0
KOHBPAPH_00367	0
KOHBPAPH_00368	0
KOHBPAPH_00369	0
KOHBPAPH_00370	4
KOHBPAPH_00371	3
KOHBPAPH_00372	1
KOHBPAPH_00373	2
KOHBPAPH_00374	4
KOHBPAPH_00375	1
KOHBPAPH_00376	2
KOHBPAPH_00377	0
KOHBPAPH_00378	0
KOHBPAPH_00379	0
KOHBPAPH_00380	0
KOHBPAPH_00381	3
KOHBPAPH_00382	0
KOHBPAPH_00383	2
KOHBPAPH_00384	0
KOHBPAPH_00385	0
KOHBPAPH_00386	0
KOHBPAPH_00387	0
KOHBPAPH_00388	0
KOHBPAPH_00389	0
KOHBPAPH_00390	2
KOHBPAPH_00391	0
KOHBPAPH_00392	3
KOHBPAPH_00393	1
KOHBPAPH_00394	0
KOHBPAPH_00395	0
KOHBPAPH_00396	1
KOHBPAPH_00397	0
KOHBPAPH_00398	1
KOHBPAPH_00399	0
KOHBPAPH_00400	0
KOHBPAPH_00401	2
KOHBPAPH_00402	0
KOHBPAPH_00403	4
KOHBPAPH_00404	0
KOHBPAPH_00405	3
KOHBPAPH_00406	0
KOHBPAPH_00407	10
KOHBPAPH_00408	0
KOHBPAPH_00409	10
KOHBPAPH_00410	2
KOHBPAPH_00411	0
KOHBPAPH_00412	2
KOHBPAPH_00413	2
KOHBPAPH_00414	10
KOHBPAPH_00415	2
KOHBPAPH_00416	0
KOHBPAPH_00417	0
KOHBPAPH_00418	0
KOHBPAPH_00419	0
KOHBPAPH_00420	0
KOHBPAPH_00421	0
KOHBPAPH_00422	5
KOHBPAPH_00423	1
KOHBPAPH_00424	0
KOHBPAPH_00425	4
KOHBPAPH_00426	0
KOHBPAPH_00427	3
KOHBPAPH_00428	0
KOHBPAPH_00429	4
KOHBPAPH_00430	3
KOHBPAPH_00431	3
KOHBPAPH_00432	2
KOHBPAPH_00433	2
KOHBPAPH_00434	0
KOHBPAPH_00435	0
KOHBPAPH_00436	0
KOHBPAPH_00437	6
KOHBPAPH_00438	2
KOHBPAPH_00439	3
KOHBPAPH_00440	0
KOHBPAPH_00441	0
KOHBPAPH_00442	0
KOHBPAPH_00443	4
KOHBPAPH_00446	5
KOHBPAPH_00447	7
KOHBPAPH_00448	2
KOHBPAPH_00449	2
KOHBPAPH_00450	3
KOHBPAPH_00451	3
KOHBPAPH_00452	0
KOHBPAPH_00453	0
KOHBPAPH_00454	0
KOHBPAPH_00455	0
KOHBPAPH_00456	26
KOHBPAPH_00457	2
KOHBPAPH_00458	8
KOHBPAPH_00459	0
KOHBPAPH_00460	3
KOHBPAPH_00461	0
KOHBPAPH_00462	0
KOHBPAPH_00463	0
KOHBPAPH_00464	0
KOHBPAPH_00465	0
KOHBPAPH_00466	0
KOHBPAPH_00467	0
KOHBPAPH_00468	0
KOHBPAPH_00469	0
KOHBPAPH_00470	0
KOHBPAPH_00471	0
KOHBPAPH_00472	0
KOHBPAPH_00473	0
KOHBPAPH_00474	0
KOHBPAPH_00475	2
KOHBPAPH_00476	1
KOHBPAPH_00477	0
KOHBPAPH_00478	0
KOHBPAPH_00479	0
KOHBPAPH_00480	0
KOHBPAPH_00481	0
KOHBPAPH_00482	0
KOHBPAPH_00483	22
KOHBPAPH_00484	0
KOHBPAPH_00485	1
KOHBPAPH_00486	1
KOHBPAPH_00487	18
KOHBPAPH_00488	3
KOHBPAPH_00489	4
KOHBPAPH_00490	0
KOHBPAPH_00491	4
KOHBPAPH_00492	1
KOHBPAPH_00494	6
KOHBPAPH_00495	44
KOHBPAPH_00498	0
KOHBPAPH_00499	5
KOHBPAPH_00500	0
KOHBPAPH_00501	1
KOHBPAPH_00502	3
KOHBPAPH_00503	1
KOHBPAPH_00504	0
KOHBPAPH_00505	2
KOHBPAPH_00506	0
KOHBPAPH_00507	0
KOHBPAPH_00508	4
KOHBPAPH_00509	0
KOHBPAPH_00510	2
KOHBPAPH_00511	0
KOHBPAPH_00513	2
KOHBPAPH_00514	0
KOHBPAPH_00515	1
KOHBPAPH_00516	0
KOHBPAPH_00517	0
KOHBPAPH_00518	0
KOHBPAPH_00520	2
KOHBPAPH_00521	0
KOHBPAPH_00522	0
KOHBPAPH_00523	0
KOHBPAPH_00524	0
KOHBPAPH_00525	0
KOHBPAPH_00526	0
KOHBPAPH_00527	0
KOHBPAPH_00528	0
KOHBPAPH_00529	0
KOHBPAPH_00530	9
KOHBPAPH_00531	0
KOHBPAPH_00532	3
KOHBPAPH_00533	8
KOHBPAPH_00534	3
KOHBPAPH_00535	1
KOHBPAPH_00536	12
KOHBPAPH_00537	3
KOHBPAPH_00538	6
KOHBPAPH_00539	0
KOHBPAPH_00540	1
KOHBPAPH_00541	0
KOHBPAPH_00542	0
KOHBPAPH_00543	0
KOHBPAPH_00544	0
KOHBPAPH_00545	0
KOHBPAPH_00546	0
KOHBPAPH_00547	0
KOHBPAPH_00548	3
KOHBPAPH_00549	0
KOHBPAPH_00550	0
KOHBPAPH_00551	2
KOHBPAPH_00552	0
KOHBPAPH_00553	0
KOHBPAPH_00554	0
KOHBPAPH_00555	0
KOHBPAPH_00556	0
KOHBPAPH_00557	0
KOHBPAPH_00558	3
KOHBPAPH_00559	0
KOHBPAPH_00560	3
KOHBPAPH_00561	1
KOHBPAPH_00562	1
KOHBPAPH_00564	3
KOHBPAPH_00565	0
KOHBPAPH_00566	0
KOHBPAPH_00567	0
KOHBPAPH_00568	0
KOHBPAPH_00569	0
KOHBPAPH_00570	0
KOHBPAPH_00571	0
KOHBPAPH_00572	0
KOHBPAPH_00574	0
KOHBPAPH_00575	0
KOHBPAPH_00576	1
KOHBPAPH_00578	0
KOHBPAPH_00579	0
KOHBPAPH_00580	0
KOHBPAPH_00582	0
KOHBPAPH_00583	1
KOHBPAPH_00584	6
KOHBPAPH_00585	0
KOHBPAPH_00586	0
KOHBPAPH_00588	0
KOHBPAPH_00589	0
KOHBPAPH_00590	15
KOHBPAPH_00591	0
KOHBPAPH_00592	0
KOHBPAPH_00593	1
KOHBPAPH_00594	0
KOHBPAPH_00595	1
KOHBPAPH_00596	0
KOHBPAPH_00597	3
KOHBPAPH_00598	0
KOHBPAPH_00599	1
KOHBPAPH_00600	5
KOHBPAPH_00601	0
KOHBPAPH_00602	0
KOHBPAPH_00603	0
KOHBPAPH_00604	0
KOHBPAPH_00605	16
KOHBPAPH_00606	20
KOHBPAPH_00607	17
KOHBPAPH_00608	0
KOHBPAPH_00609	7
KOHBPAPH_00611	0
KOHBPAPH_00612	0
KOHBPAPH_00613	0
KOHBPAPH_00614	0
KOHBPAPH_00615	0
KOHBPAPH_00616	0
KOHBPAPH_00617	0
KOHBPAPH_00618	2
KOHBPAPH_00619	1
KOHBPAPH_00620	0
KOHBPAPH_00621	2
KOHBPAPH_00622	2
KOHBPAPH_00623	2
KOHBPAPH_00624	1
KOHBPAPH_00625	0
KOHBPAPH_00626	0
KOHBPAPH_00627	2
KOHBPAPH_00628	0
KOHBPAPH_00629	0
KOHBPAPH_00630	0
KOHBPAPH_00631	1
KOHBPAPH_00632	0
KOHBPAPH_00633	3
KOHBPAPH_00634	0
KOHBPAPH_00635	0
KOHBPAPH_00636	0
KOHBPAPH_00637	0
KOHBPAPH_00638	0
KOHBPAPH_00639	0
KOHBPAPH_00640	0
KOHBPAPH_00641	0
KOHBPAPH_00642	1
KOHBPAPH_00643	0
KOHBPAPH_00644	1
KOHBPAPH_00645	0
KOHBPAPH_00646	0
KOHBPAPH_00647	0
KOHBPAPH_00648	0
KOHBPAPH_00649	4
KOHBPAPH_00650	2
KOHBPAPH_00652	0
KOHBPAPH_00653	0
KOHBPAPH_00654	0
KOHBPAPH_00655	1
KOHBPAPH_00656	3
KOHBPAPH_00657	1
KOHBPAPH_00658	2
KOHBPAPH_00659	0
KOHBPAPH_00660	0
KOHBPAPH_00661	0
KOHBPAPH_00662	0
KOHBPAPH_00663	0
KOHBPAPH_00664	0
KOHBPAPH_00665	2
KOHBPAPH_00666	4
KOHBPAPH_00667	1
KOHBPAPH_00668	1
KOHBPAPH_00669	11
KOHBPAPH_00670	0
KOHBPAPH_00671	4
KOHBPAPH_00672	0
KOHBPAPH_00673	0
KOHBPAPH_00674	0
KOHBPAPH_00675	0
KOHBPAPH_00676	0
KOHBPAPH_00677	0
KOHBPAPH_00678	0
KOHBPAPH_00679	0
KOHBPAPH_00680	4
KOHBPAPH_00681	0
KOHBPAPH_00682	0
KOHBPAPH_00683	2
KOHBPAPH_00684	0
KOHBPAPH_00685	0
KOHBPAPH_00686	0
KOHBPAPH_00687	0
KOHBPAPH_00688	0
KOHBPAPH_00689	0
KOHBPAPH_00690	0
KOHBPAPH_00691	0
KOHBPAPH_00692	0
KOHBPAPH_00693	4
KOHBPAPH_00694	5
KOHBPAPH_00695	0
KOHBPAPH_00696	0
KOHBPAPH_00697	0
KOHBPAPH_00698	0
KOHBPAPH_00699	4
KOHBPAPH_00700	0
KOHBPAPH_00701	0
KOHBPAPH_00702	2
KOHBPAPH_00703	0
KOHBPAPH_00704	0
KOHBPAPH_00705	0
KOHBPAPH_00706	0
KOHBPAPH_00707	0
KOHBPAPH_00708	0
KOHBPAPH_00709	1
KOHBPAPH_00710	1
KOHBPAPH_00711	0
KOHBPAPH_00712	4
KOHBPAPH_00713	0
KOHBPAPH_00714	0
KOHBPAPH_00715	0
KOHBPAPH_00716	0
KOHBPAPH_00717	1
KOHBPAPH_00718	6
KOHBPAPH_00719	0
KOHBPAPH_00720	0
KOHBPAPH_00721	0
KOHBPAPH_00722	0
KOHBPAPH_00723	6
KOHBPAPH_00724	0
KOHBPAPH_00725	0
KOHBPAPH_00726	0
KOHBPAPH_00727	0
KOHBPAPH_00729	37
KOHBPAPH_00730	1
KOHBPAPH_00731	0
KOHBPAPH_00732	0
KOHBPAPH_00733	0
KOHBPAPH_00734	0
KOHBPAPH_00735	0
KOHBPAPH_00736	0
KOHBPAPH_00737	0
KOHBPAPH_00738	0
KOHBPAPH_00739	0
KOHBPAPH_00740	4
KOHBPAPH_00741	1
KOHBPAPH_00742	2
KOHBPAPH_00743	0
KOHBPAPH_00744	0
KOHBPAPH_00745	3
KOHBPAPH_00746	0
KOHBPAPH_00747	0
KOHBPAPH_00748	0
KOHBPAPH_00749	0
KOHBPAPH_00750	0
KOHBPAPH_00751	1
KOHBPAPH_00752	1
KOHBPAPH_00753	3
KOHBPAPH_00754	0
KOHBPAPH_00755	2
KOHBPAPH_00756	0
KOHBPAPH_00757	0
KOHBPAPH_00758	0
KOHBPAPH_00759	0
KOHBPAPH_00760	0
KOHBPAPH_00761	0
KOHBPAPH_00762	0
KOHBPAPH_00763	0
KOHBPAPH_00764	0
KOHBPAPH_00765	0
KOHBPAPH_00766	0
KOHBPAPH_00767	1
KOHBPAPH_00768	0
KOHBPAPH_00769	0
KOHBPAPH_00770	2
KOHBPAPH_00772	0
KOHBPAPH_00773	0
KOHBPAPH_00774	3
KOHBPAPH_00775	0
KOHBPAPH_00776	5
KOHBPAPH_00777	10
KOHBPAPH_00778	0
KOHBPAPH_00779	2
KOHBPAPH_00780	0
KOHBPAPH_00782	5
KOHBPAPH_00783	0
KOHBPAPH_00784	0
KOHBPAPH_00785	0
KOHBPAPH_00786	0
KOHBPAPH_00787	0
KOHBPAPH_00788	0
KOHBPAPH_00789	3
KOHBPAPH_00790	5
KOHBPAPH_00791	6
KOHBPAPH_00793	2
KOHBPAPH_00794	2
KOHBPAPH_00795	0
KOHBPAPH_00796	0
KOHBPAPH_00797	0
KOHBPAPH_00798	0
KOHBPAPH_00799	0
KOHBPAPH_00800	13
KOHBPAPH_00801	0
KOHBPAPH_00802	0
KOHBPAPH_00803	0
KOHBPAPH_00805	3
KOHBPAPH_00806	2
KOHBPAPH_00807	0
KOHBPAPH_00808	0
KOHBPAPH_00809	0
KOHBPAPH_00810	0
KOHBPAPH_00811	8
KOHBPAPH_00812	0
KOHBPAPH_00813	0
KOHBPAPH_00814	0
KOHBPAPH_00815	5
KOHBPAPH_00816	1
KOHBPAPH_00817	12
KOHBPAPH_00818	3
KOHBPAPH_00819	0
KOHBPAPH_00820	0
KOHBPAPH_00821	1
KOHBPAPH_00822	0
KOHBPAPH_00823	1
KOHBPAPH_00824	2
KOHBPAPH_00825	0
KOHBPAPH_00826	0
KOHBPAPH_00827	0
KOHBPAPH_00828	1
KOHBPAPH_00829	0
KOHBPAPH_00830	4
KOHBPAPH_00831	0
KOHBPAPH_00832	0
KOHBPAPH_00833	0
KOHBPAPH_00834	0
KOHBPAPH_00835	0
KOHBPAPH_00836	0
KOHBPAPH_00837	2
KOHBPAPH_00838	0
KOHBPAPH_00839	0
KOHBPAPH_00840	0
KOHBPAPH_00841	0
KOHBPAPH_00842	25
KOHBPAPH_00843	0
KOHBPAPH_00844	0
KOHBPAPH_00845	0
KOHBPAPH_00846	0
KOHBPAPH_00847	0
KOHBPAPH_00848	0
KOHBPAPH_00849	4
KOHBPAPH_00850	0
KOHBPAPH_00851	2
KOHBPAPH_00852	0
KOHBPAPH_00853	6
KOHBPAPH_00854	3
KOHBPAPH_00855	1
KOHBPAPH_00856	1
KOHBPAPH_00857	2
KOHBPAPH_00858	0
KOHBPAPH_00859	0
KOHBPAPH_00860	0
KOHBPAPH_00861	14
KOHBPAPH_00862	0
KOHBPAPH_00863	0
KOHBPAPH_00864	0
KOHBPAPH_00865	0
KOHBPAPH_00866	0
KOHBPAPH_00867	0
KOHBPAPH_00868	0
KOHBPAPH_00869	0
KOHBPAPH_00870	0
KOHBPAPH_00871	0
KOHBPAPH_00872	8
KOHBPAPH_00873	0
KOHBPAPH_00874	4
KOHBPAPH_00875	4
KOHBPAPH_00876	0
KOHBPAPH_00877	8
KOHBPAPH_00878	1
KOHBPAPH_00879	5
KOHBPAPH_00880	4
KOHBPAPH_00881	0
KOHBPAPH_00882	0
KOHBPAPH_00883	0
KOHBPAPH_00884	1
KOHBPAPH_00885	0
KOHBPAPH_00886	0
KOHBPAPH_00887	7
KOHBPAPH_00888	6
KOHBPAPH_00889	0
KOHBPAPH_00890	0
KOHBPAPH_00891	0
KOHBPAPH_00892	0
KOHBPAPH_00893	0
KOHBPAPH_00894	0
KOHBPAPH_00895	0
KOHBPAPH_00896	2
KOHBPAPH_00897	1
KOHBPAPH_00898	7
KOHBPAPH_00899	1
KOHBPAPH_00900	0
KOHBPAPH_00901	0
KOHBPAPH_00902	0
KOHBPAPH_00903	0
KOHBPAPH_00904	1
KOHBPAPH_00905	6
KOHBPAPH_00906	4
KOHBPAPH_00907	0
KOHBPAPH_00908	0
KOHBPAPH_00909	0
KOHBPAPH_00910	0
KOHBPAPH_00911	0
KOHBPAPH_00912	0
KOHBPAPH_00913	0
KOHBPAPH_00914	3
KOHBPAPH_00915	0
KOHBPAPH_00916	0
KOHBPAPH_00917	6
KOHBPAPH_00918	0
KOHBPAPH_00919	0
KOHBPAPH_00920	0
KOHBPAPH_00921	0
KOHBPAPH_00926	2
KOHBPAPH_00927	0
KOHBPAPH_00928	4
KOHBPAPH_00929	59
KOHBPAPH_00930	1
KOHBPAPH_00931	0
KOHBPAPH_00933	29
KOHBPAPH_00934	2
KOHBPAPH_00936	0
KOHBPAPH_00937	10
KOHBPAPH_00938	2
KOHBPAPH_00939	0
KOHBPAPH_00940	1
KOHBPAPH_00941	4
KOHBPAPH_00942	2
KOHBPAPH_00943	0
KOHBPAPH_00944	3
KOHBPAPH_00945	0
KOHBPAPH_00946	2
KOHBPAPH_00947	0
KOHBPAPH_00948	0
KOHBPAPH_00949	0
KOHBPAPH_00950	1
KOHBPAPH_00951	0
KOHBPAPH_00952	0
KOHBPAPH_00953	0
KOHBPAPH_00954	3
KOHBPAPH_00955	72
KOHBPAPH_00956	0
KOHBPAPH_00957	0
KOHBPAPH_00958	0
KOHBPAPH_00959	0
KOHBPAPH_00960	0
KOHBPAPH_00961	0
KOHBPAPH_00962	2
KOHBPAPH_00963	0
KOHBPAPH_00965	0
KOHBPAPH_00966	2
KOHBPAPH_00967	10
KOHBPAPH_00968	26
KOHBPAPH_00969	0
KOHBPAPH_00970	2
KOHBPAPH_00971	0
KOHBPAPH_00972	0
KOHBPAPH_00973	0
KOHBPAPH_00974	1
KOHBPAPH_00975	1
KOHBPAPH_00976	8
KOHBPAPH_00977	2
KOHBPAPH_00978	1
KOHBPAPH_00979	13
KOHBPAPH_00980	0
KOHBPAPH_00981	0
KOHBPAPH_00982	3
KOHBPAPH_00983	16
KOHBPAPH_00984	0
KOHBPAPH_00985	0
KOHBPAPH_00986	1
KOHBPAPH_00987	0
KOHBPAPH_00988	2
KOHBPAPH_00989	2
KOHBPAPH_00990	1
KOHBPAPH_00991	0
KOHBPAPH_00992	0
KOHBPAPH_00993	1
KOHBPAPH_00994	1
KOHBPAPH_00995	0
KOHBPAPH_00996	1
KOHBPAPH_00997	0
KOHBPAPH_00998	0
KOHBPAPH_00999	0
KOHBPAPH_01000	0
KOHBPAPH_01001	0
KOHBPAPH_01002	1
KOHBPAPH_01003	32
KOHBPAPH_01004	1
KOHBPAPH_01005	1
KOHBPAPH_01006	0
KOHBPAPH_01007	0
KOHBPAPH_01008	0
KOHBPAPH_01009	1
KOHBPAPH_01010	0
KOHBPAPH_01011	0
KOHBPAPH_01012	0
KOHBPAPH_01013	0
KOHBPAPH_01014	62
KOHBPAPH_01015	1
KOHBPAPH_01016	0
KOHBPAPH_01017	0
KOHBPAPH_01018	0
KOHBPAPH_01019	0
KOHBPAPH_01020	0
KOHBPAPH_01021	0
KOHBPAPH_01022	8
KOHBPAPH_01023	0
KOHBPAPH_01024	0
KOHBPAPH_01025	0
KOHBPAPH_01026	0
KOHBPAPH_01027	0
KOHBPAPH_01028	0
KOHBPAPH_01029	0
KOHBPAPH_01030	4
KOHBPAPH_01031	2
KOHBPAPH_01032	31
KOHBPAPH_01033	3
KOHBPAPH_01034	5
KOHBPAPH_01035	26
KOHBPAPH_01036	1
KOHBPAPH_01037	0
KOHBPAPH_01038	1
KOHBPAPH_01039	0
KOHBPAPH_01040	2
KOHBPAPH_01041	0
KOHBPAPH_01042	0
KOHBPAPH_01043	0
KOHBPAPH_01044	7
KOHBPAPH_01045	99
KOHBPAPH_01046	3
KOHBPAPH_01047	0
KOHBPAPH_01048	0
KOHBPAPH_01049	0
KOHBPAPH_01050	1
KOHBPAPH_01051	0
KOHBPAPH_01052	1
KOHBPAPH_01053	3
KOHBPAPH_01054	0
KOHBPAPH_01055	0
KOHBPAPH_01056	0
KOHBPAPH_01057	0
KOHBPAPH_01058	0
KOHBPAPH_01059	0
KOHBPAPH_01060	0
KOHBPAPH_01061	0
KOHBPAPH_01062	1
KOHBPAPH_01063	0
KOHBPAPH_01064	4
KOHBPAPH_01065	0
KOHBPAPH_01066	4
KOHBPAPH_01067	1
KOHBPAPH_01068	0
KOHBPAPH_01069	0
KOHBPAPH_01070	0
KOHBPAPH_01071	1
KOHBPAPH_01072	0
KOHBPAPH_01073	1
KOHBPAPH_01074	0
KOHBPAPH_01075	1
KOHBPAPH_01077	0
KOHBPAPH_01078	0
KOHBPAPH_01079	0
KOHBPAPH_01080	0
KOHBPAPH_01081	0
KOHBPAPH_01082	0
KOHBPAPH_01083	0
KOHBPAPH_01084	0
KOHBPAPH_01085	3
KOHBPAPH_01086	0
KOHBPAPH_01087	3
KOHBPAPH_01088	1
KOHBPAPH_01089	0
KOHBPAPH_01090	2
KOHBPAPH_01091	0
KOHBPAPH_01092	0
KOHBPAPH_01093	1
KOHBPAPH_01094	0
KOHBPAPH_01095	1
KOHBPAPH_01096	2
KOHBPAPH_01097	0
KOHBPAPH_01098	0
KOHBPAPH_01099	0
KOHBPAPH_01100	0
KOHBPAPH_01101	0
KOHBPAPH_01102	1
KOHBPAPH_01104	7
KOHBPAPH_01105	2
KOHBPAPH_01106	0
KOHBPAPH_01107	19
KOHBPAPH_01108	1
KOHBPAPH_01109	0
KOHBPAPH_01110	0
KOHBPAPH_01111	5
KOHBPAPH_01112	0
KOHBPAPH_01113	0
KOHBPAPH_01114	0
KOHBPAPH_01115	0
KOHBPAPH_01116	1
KOHBPAPH_01117	0
KOHBPAPH_01118	0
KOHBPAPH_01119	0
KOHBPAPH_01120	0
KOHBPAPH_01122	0
KOHBPAPH_01123	0
KOHBPAPH_01124	5
KOHBPAPH_01125	0
KOHBPAPH_01126	0
KOHBPAPH_01127	0
KOHBPAPH_01128	0
KOHBPAPH_01129	1
KOHBPAPH_01130	4
KOHBPAPH_01131	0
KOHBPAPH_01132	0
KOHBPAPH_01133	4
KOHBPAPH_01134	34
KOHBPAPH_01135	0
KOHBPAPH_01136	8
KOHBPAPH_01137	6
KOHBPAPH_01138	0
KOHBPAPH_01139	0
KOHBPAPH_01140	0
KOHBPAPH_01141	0
KOHBPAPH_01142	0
KOHBPAPH_01143	0
KOHBPAPH_01144	0
KOHBPAPH_01145	0
KOHBPAPH_01146	0
KOHBPAPH_01147	0
KOHBPAPH_01148	2
KOHBPAPH_01149	1
KOHBPAPH_01150	0
KOHBPAPH_01151	0
KOHBPAPH_01152	2
KOHBPAPH_01153	1
KOHBPAPH_01154	0
KOHBPAPH_01155	0
KOHBPAPH_01156	0
KOHBPAPH_01157	0
KOHBPAPH_01158	1
KOHBPAPH_01159	6
KOHBPAPH_01160	4
KOHBPAPH_01161	1
KOHBPAPH_01162	1
KOHBPAPH_01163	0
KOHBPAPH_01164	0
KOHBPAPH_01165	0
KOHBPAPH_01166	0
KOHBPAPH_01167	5
KOHBPAPH_01168	0
KOHBPAPH_01169	11
KOHBPAPH_01170	0
KOHBPAPH_01171	6
KOHBPAPH_01172	0
KOHBPAPH_01173	10
KOHBPAPH_01174	0
KOHBPAPH_01175	3
KOHBPAPH_01176	0
KOHBPAPH_01177	0
KOHBPAPH_01178	19
KOHBPAPH_01179	1
KOHBPAPH_01180	0
KOHBPAPH_01181	0
KOHBPAPH_01182	1
KOHBPAPH_01183	0
KOHBPAPH_01184	0
KOHBPAPH_01185	0
KOHBPAPH_01186	0
KOHBPAPH_01187	1
KOHBPAPH_01188	4
KOHBPAPH_01189	0
KOHBPAPH_01190	0
KOHBPAPH_01191	0
KOHBPAPH_01192	0
KOHBPAPH_01193	0
KOHBPAPH_01194	2
KOHBPAPH_01195	5
KOHBPAPH_01196	1
KOHBPAPH_01197	0
KOHBPAPH_01198	0
KOHBPAPH_01199	1
KOHBPAPH_01200	0
KOHBPAPH_01201	0
KOHBPAPH_01202	0
KOHBPAPH_01203	1
KOHBPAPH_01205	2
KOHBPAPH_01206	0
KOHBPAPH_01207	0
KOHBPAPH_01208	0
KOHBPAPH_01209	0
KOHBPAPH_01210	0
KOHBPAPH_01211	19
KOHBPAPH_01212	0
KOHBPAPH_01213	0
KOHBPAPH_01214	0
KOHBPAPH_01215	0
KOHBPAPH_01216	0
KOHBPAPH_01217	0
KOHBPAPH_01218	0
KOHBPAPH_01219	2
KOHBPAPH_01220	0
KOHBPAPH_01221	0
KOHBPAPH_01222	0
KOHBPAPH_01223	0
KOHBPAPH_01224	0
KOHBPAPH_01225	1
KOHBPAPH_01226	2
KOHBPAPH_01227	0
KOHBPAPH_01228	2
KOHBPAPH_01229	0
KOHBPAPH_01230	0
KOHBPAPH_01231	6
KOHBPAPH_01232	9
KOHBPAPH_01233	2
KOHBPAPH_01234	0
KOHBPAPH_01235	0
KOHBPAPH_01236	2
KOHBPAPH_01237	0
KOHBPAPH_01238	0
KOHBPAPH_01239	0
KOHBPAPH_01240	13
KOHBPAPH_01241	0
KOHBPAPH_01242	0
KOHBPAPH_01243	0
KOHBPAPH_01244	2
KOHBPAPH_01245	4
KOHBPAPH_01246	0
KOHBPAPH_01247	61
KOHBPAPH_01248	22
KOHBPAPH_01249	1
KOHBPAPH_01250	0
KOHBPAPH_01251	0
KOHBPAPH_01252	9
KOHBPAPH_01253	0
KOHBPAPH_01254	1
KOHBPAPH_01255	3
KOHBPAPH_01256	0
KOHBPAPH_01257	1
KOHBPAPH_01258	0
KOHBPAPH_01259	2
KOHBPAPH_01260	0
KOHBPAPH_01261	2
KOHBPAPH_01262	0
KOHBPAPH_01263	0
KOHBPAPH_01264	1
KOHBPAPH_01265	1
KOHBPAPH_01266	3
KOHBPAPH_01267	0
KOHBPAPH_01268	0
KOHBPAPH_01269	1
KOHBPAPH_01270	0
KOHBPAPH_01271	6
KOHBPAPH_01272	0
KOHBPAPH_01273	0
KOHBPAPH_01274	1
KOHBPAPH_01275	0
KOHBPAPH_01276	0
KOHBPAPH_01277	0
KOHBPAPH_01278	0
KOHBPAPH_01279	0
KOHBPAPH_01280	0
KOHBPAPH_01281	0
KOHBPAPH_01282	1
KOHBPAPH_01283	2
KOHBPAPH_01284	0
KOHBPAPH_01285	0
KOHBPAPH_01286	3
KOHBPAPH_01287	0
KOHBPAPH_01288	1
KOHBPAPH_01289	0
KOHBPAPH_01290	2
KOHBPAPH_01291	0
KOHBPAPH_01292	0
KOHBPAPH_01293	0
KOHBPAPH_01294	0
KOHBPAPH_01295	2
KOHBPAPH_01296	0
KOHBPAPH_01297	0
KOHBPAPH_01298	0
KOHBPAPH_01299	0
KOHBPAPH_01300	0
KOHBPAPH_01301	0
KOHBPAPH_01302	0
KOHBPAPH_01303	0
KOHBPAPH_01304	0
KOHBPAPH_01305	0
KOHBPAPH_01306	0
KOHBPAPH_01307	0
KOHBPAPH_01308	1
KOHBPAPH_01309	8
KOHBPAPH_01310	4
KOHBPAPH_01311	0
KOHBPAPH_01312	0
KOHBPAPH_01313	0
KOHBPAPH_01314	0
KOHBPAPH_01315	0
KOHBPAPH_01316	3
KOHBPAPH_01317	0
KOHBPAPH_01318	2
KOHBPAPH_01319	0
KOHBPAPH_01320	0
KOHBPAPH_01321	1
KOHBPAPH_01322	0
KOHBPAPH_01323	1
KOHBPAPH_01324	3
KOHBPAPH_01325	6
KOHBPAPH_01326	5
KOHBPAPH_01327	0
KOHBPAPH_01328	0
KOHBPAPH_01329	0
KOHBPAPH_01330	0
KOHBPAPH_01331	2
KOHBPAPH_01332	0
KOHBPAPH_01333	0
KOHBPAPH_01334	0
KOHBPAPH_01335	0
KOHBPAPH_01336	0
KOHBPAPH_01337	0
KOHBPAPH_01338	0
KOHBPAPH_01339	0
KOHBPAPH_01340	3
KOHBPAPH_01341	2
KOHBPAPH_01342	2
KOHBPAPH_01343	2
KOHBPAPH_01344	2
KOHBPAPH_01345	1
KOHBPAPH_01346	3
KOHBPAPH_01347	0
KOHBPAPH_01348	0
KOHBPAPH_01349	0
KOHBPAPH_01350	4
KOHBPAPH_01351	0
KOHBPAPH_01352	0
KOHBPAPH_01353	1
KOHBPAPH_01354	0
KOHBPAPH_01355	1
KOHBPAPH_01356	0
KOHBPAPH_01357	0
KOHBPAPH_01358	8
KOHBPAPH_01359	4
KOHBPAPH_01360	3
KOHBPAPH_01361	19
KOHBPAPH_01362	0
KOHBPAPH_01363	3
KOHBPAPH_01364	3
KOHBPAPH_01365	0
KOHBPAPH_01366	3
KOHBPAPH_01367	0
KOHBPAPH_01368	0
KOHBPAPH_01369	1
KOHBPAPH_01370	0
KOHBPAPH_01371	0
KOHBPAPH_01372	1
KOHBPAPH_01373	1
KOHBPAPH_01374	0
KOHBPAPH_01375	0
KOHBPAPH_01376	0
KOHBPAPH_01377	2
KOHBPAPH_01378	0
KOHBPAPH_01380	0
KOHBPAPH_01381	0
KOHBPAPH_01382	0
KOHBPAPH_01383	0
KOHBPAPH_01384	0
KOHBPAPH_01385	0
KOHBPAPH_01386	0
KOHBPAPH_01387	0
KOHBPAPH_01388	1
KOHBPAPH_01389	3
KOHBPAPH_01391	0
KOHBPAPH_01392	5
KOHBPAPH_01393	0
KOHBPAPH_01394	0
KOHBPAPH_01395	0
KOHBPAPH_01396	0
KOHBPAPH_01397	0
KOHBPAPH_01398	0
KOHBPAPH_01399	0
KOHBPAPH_01400	0
KOHBPAPH_01401	0
KOHBPAPH_01402	0
KOHBPAPH_01403	2
KOHBPAPH_01404	0
KOHBPAPH_01405	0
KOHBPAPH_01406	0
KOHBPAPH_01407	0
KOHBPAPH_01408	1
KOHBPAPH_01409	0
KOHBPAPH_01410	1
KOHBPAPH_01411	0
KOHBPAPH_01412	0
KOHBPAPH_01413	0
KOHBPAPH_01414	2
KOHBPAPH_01415	0
KOHBPAPH_01416	0
KOHBPAPH_01417	1
KOHBPAPH_01418	3
KOHBPAPH_01419	3
KOHBPAPH_01420	1
KOHBPAPH_01421	0
KOHBPAPH_01422	8
KOHBPAPH_01423	18
KOHBPAPH_01424	0
KOHBPAPH_01425	0
KOHBPAPH_01426	2
KOHBPAPH_01427	0
KOHBPAPH_01428	0
KOHBPAPH_01429	9
KOHBPAPH_01430	2
KOHBPAPH_01431	0
KOHBPAPH_01432	2
KOHBPAPH_01433	2
KOHBPAPH_01434	1
KOHBPAPH_01435	0
KOHBPAPH_01436	0
KOHBPAPH_01437	0
KOHBPAPH_01438	0
KOHBPAPH_01439	3
__no_feature	1159
__ambiguous	402
__too_low_aQual	339
__not_aligned	696038
__alignment_not_unique	0
