ELICBCKE_00001	0
ELICBCKE_00002	0
ELICBCKE_00003	1
ELICBCKE_00004	0
ELICBCKE_00005	0
ELICBCKE_00006	0
ELICBCKE_00007	0
ELICBCKE_00008	0
ELICBCKE_00009	7
ELICBCKE_00011	10
ELICBCKE_00012	0
ELICBCKE_00013	1
ELICBCKE_00014	1
ELICBCKE_00015	0
ELICBCKE_00016	0
ELICBCKE_00017	0
ELICBCKE_00018	0
ELICBCKE_00019	0
ELICBCKE_00020	0
ELICBCKE_00021	0
ELICBCKE_00022	0
ELICBCKE_00023	5
ELICBCKE_00024	1
ELICBCKE_00025	0
ELICBCKE_00026	0
ELICBCKE_00027	2
ELICBCKE_00028	0
ELICBCKE_00029	0
ELICBCKE_00030	0
ELICBCKE_00031	0
ELICBCKE_00032	0
ELICBCKE_00033	0
ELICBCKE_00034	0
ELICBCKE_00035	0
ELICBCKE_00036	2
ELICBCKE_00037	12
ELICBCKE_00038	0
ELICBCKE_00039	1
ELICBCKE_00040	3
ELICBCKE_00041	0
ELICBCKE_00042	0
ELICBCKE_00043	2
ELICBCKE_00044	15
ELICBCKE_00045	0
ELICBCKE_00046	0
ELICBCKE_00047	0
ELICBCKE_00048	0
ELICBCKE_00049	2
ELICBCKE_00050	0
ELICBCKE_00051	0
ELICBCKE_00052	1
ELICBCKE_00053	0
ELICBCKE_00054	0
ELICBCKE_00055	2
ELICBCKE_00056	0
ELICBCKE_00057	7
ELICBCKE_00058	4
ELICBCKE_00059	43
ELICBCKE_00061	0
ELICBCKE_00062	0
ELICBCKE_00063	0
ELICBCKE_00064	1
ELICBCKE_00065	6
ELICBCKE_00066	0
ELICBCKE_00067	4
ELICBCKE_00068	1
ELICBCKE_00069	0
ELICBCKE_00070	0
ELICBCKE_00071	0
ELICBCKE_00072	0
ELICBCKE_00073	0
ELICBCKE_00074	0
ELICBCKE_00075	0
ELICBCKE_00076	0
ELICBCKE_00077	0
ELICBCKE_00078	0
ELICBCKE_00080	5
ELICBCKE_00081	0
ELICBCKE_00082	0
ELICBCKE_00083	3
ELICBCKE_00084	3
ELICBCKE_00085	0
ELICBCKE_00086	3
ELICBCKE_00087	0
ELICBCKE_00088	0
ELICBCKE_00090	0
ELICBCKE_00091	0
ELICBCKE_00092	2
ELICBCKE_00093	1
ELICBCKE_00094	0
ELICBCKE_00095	0
ELICBCKE_00096	1
ELICBCKE_00097	0
ELICBCKE_00098	0
ELICBCKE_00101	0
ELICBCKE_00102	1
ELICBCKE_00103	17
ELICBCKE_00104	0
ELICBCKE_00105	0
ELICBCKE_00106	3
ELICBCKE_00107	3
ELICBCKE_00108	0
ELICBCKE_00109	0
ELICBCKE_00110	0
ELICBCKE_00111	0
ELICBCKE_00112	0
ELICBCKE_00113	2
ELICBCKE_00114	0
ELICBCKE_00115	0
ELICBCKE_00116	4
ELICBCKE_00117	0
ELICBCKE_00118	0
ELICBCKE_00119	0
ELICBCKE_00120	1
ELICBCKE_00121	0
ELICBCKE_00122	0
ELICBCKE_00123	5
ELICBCKE_00124	0
ELICBCKE_00125	2
ELICBCKE_00126	0
ELICBCKE_00127	0
ELICBCKE_00128	0
ELICBCKE_00129	1
ELICBCKE_00130	1
ELICBCKE_00131	0
ELICBCKE_00132	3
ELICBCKE_00133	1
ELICBCKE_00134	0
ELICBCKE_00135	0
ELICBCKE_00136	0
ELICBCKE_00137	0
ELICBCKE_00138	1
ELICBCKE_00139	3
ELICBCKE_00140	0
ELICBCKE_00141	0
ELICBCKE_00142	4
ELICBCKE_00143	0
ELICBCKE_00144	1
ELICBCKE_00145	0
ELICBCKE_00146	0
ELICBCKE_00147	0
ELICBCKE_00148	1
ELICBCKE_00149	0
ELICBCKE_00150	1
ELICBCKE_00151	0
ELICBCKE_00152	0
ELICBCKE_00153	0
ELICBCKE_00154	0
ELICBCKE_00155	0
ELICBCKE_00156	0
ELICBCKE_00157	0
ELICBCKE_00158	0
ELICBCKE_00159	5
ELICBCKE_00160	0
ELICBCKE_00161	0
ELICBCKE_00162	0
ELICBCKE_00163	0
ELICBCKE_00164	1
ELICBCKE_00165	3
ELICBCKE_00166	0
ELICBCKE_00167	0
ELICBCKE_00168	0
ELICBCKE_00169	1
ELICBCKE_00170	7
ELICBCKE_00171	1
ELICBCKE_00172	3
ELICBCKE_00173	0
ELICBCKE_00174	0
ELICBCKE_00175	0
ELICBCKE_00176	0
ELICBCKE_00177	0
ELICBCKE_00178	1
ELICBCKE_00179	0
ELICBCKE_00180	3
ELICBCKE_00181	4
ELICBCKE_00182	0
ELICBCKE_00183	0
ELICBCKE_00184	4
ELICBCKE_00185	38
ELICBCKE_00186	3
ELICBCKE_00187	5
ELICBCKE_00188	0
ELICBCKE_00189	0
ELICBCKE_00190	0
ELICBCKE_00191	4
ELICBCKE_00192	1
ELICBCKE_00193	0
ELICBCKE_00194	1
ELICBCKE_00195	0
ELICBCKE_00196	0
ELICBCKE_00197	1
ELICBCKE_00198	0
ELICBCKE_00199	0
ELICBCKE_00200	0
ELICBCKE_00201	0
ELICBCKE_00202	3
ELICBCKE_00203	1
ELICBCKE_00204	0
ELICBCKE_00205	0
ELICBCKE_00206	2
ELICBCKE_00207	0
ELICBCKE_00208	0
ELICBCKE_00209	4
ELICBCKE_00210	16
ELICBCKE_00211	0
ELICBCKE_00212	0
ELICBCKE_00213	0
ELICBCKE_00214	4
ELICBCKE_00215	0
ELICBCKE_00216	0
ELICBCKE_00217	0
ELICBCKE_00218	0
ELICBCKE_00219	1
ELICBCKE_00220	3
ELICBCKE_00221	0
ELICBCKE_00222	4
ELICBCKE_00223	0
ELICBCKE_00224	0
ELICBCKE_00225	1
ELICBCKE_00226	0
ELICBCKE_00227	0
ELICBCKE_00228	0
ELICBCKE_00229	0
ELICBCKE_00230	0
ELICBCKE_00231	0
ELICBCKE_00232	0
ELICBCKE_00233	1
ELICBCKE_00234	2
ELICBCKE_00235	0
ELICBCKE_00236	0
ELICBCKE_00237	3
ELICBCKE_00238	0
ELICBCKE_00239	0
ELICBCKE_00240	0
ELICBCKE_00241	0
ELICBCKE_00242	0
ELICBCKE_00243	0
ELICBCKE_00244	0
ELICBCKE_00245	4
ELICBCKE_00246	0
ELICBCKE_00247	1
ELICBCKE_00248	0
ELICBCKE_00249	0
ELICBCKE_00250	0
ELICBCKE_00251	0
ELICBCKE_00252	5
ELICBCKE_00253	1
ELICBCKE_00254	1
ELICBCKE_00255	3
ELICBCKE_00256	1
ELICBCKE_00257	2
ELICBCKE_00258	0
ELICBCKE_00259	0
ELICBCKE_00260	1
ELICBCKE_00261	0
ELICBCKE_00262	3
ELICBCKE_00263	0
ELICBCKE_00264	0
ELICBCKE_00265	0
ELICBCKE_00266	11
ELICBCKE_00267	3
ELICBCKE_00268	3
ELICBCKE_00269	0
ELICBCKE_00270	0
ELICBCKE_00271	0
ELICBCKE_00272	8
ELICBCKE_00273	0
ELICBCKE_00274	0
ELICBCKE_00275	0
ELICBCKE_00276	0
ELICBCKE_00277	4
ELICBCKE_00278	0
ELICBCKE_00279	0
ELICBCKE_00280	0
ELICBCKE_00281	0
ELICBCKE_00282	0
ELICBCKE_00284	1
ELICBCKE_00285	4
ELICBCKE_00286	3
ELICBCKE_00287	0
ELICBCKE_00288	0
ELICBCKE_00289	0
ELICBCKE_00290	0
ELICBCKE_00291	0
ELICBCKE_00292	1
ELICBCKE_00293	0
ELICBCKE_00294	0
ELICBCKE_00295	0
ELICBCKE_00296	2
ELICBCKE_00297	1
ELICBCKE_00298	0
ELICBCKE_00299	0
ELICBCKE_00300	7
ELICBCKE_00301	0
ELICBCKE_00302	0
ELICBCKE_00303	4
ELICBCKE_00304	16
ELICBCKE_00305	0
ELICBCKE_00306	0
ELICBCKE_00307	0
ELICBCKE_00308	8
ELICBCKE_00309	0
ELICBCKE_00310	0
ELICBCKE_00311	1
ELICBCKE_00312	0
ELICBCKE_00313	0
ELICBCKE_00314	0
ELICBCKE_00315	0
ELICBCKE_00316	0
ELICBCKE_00317	0
ELICBCKE_00318	0
ELICBCKE_00320	0
ELICBCKE_00321	0
ELICBCKE_00322	1
ELICBCKE_00323	0
ELICBCKE_00324	3
ELICBCKE_00325	4
ELICBCKE_00326	1
ELICBCKE_00327	4
ELICBCKE_00329	2
ELICBCKE_00330	0
ELICBCKE_00331	0
ELICBCKE_00332	2
ELICBCKE_00333	0
ELICBCKE_00334	1
ELICBCKE_00335	0
ELICBCKE_00336	1
ELICBCKE_00337	1
ELICBCKE_00338	0
ELICBCKE_00339	0
ELICBCKE_00340	0
ELICBCKE_00341	2
ELICBCKE_00342	0
ELICBCKE_00343	21
ELICBCKE_00344	2
ELICBCKE_00345	5
ELICBCKE_00346	0
ELICBCKE_00347	2
ELICBCKE_00348	18
ELICBCKE_00349	4
ELICBCKE_00350	18
ELICBCKE_00351	4
ELICBCKE_00352	5
ELICBCKE_00353	0
ELICBCKE_00354	0
ELICBCKE_00355	0
ELICBCKE_00356	0
ELICBCKE_00357	3
ELICBCKE_00358	0
ELICBCKE_00359	1
ELICBCKE_00360	0
ELICBCKE_00361	0
ELICBCKE_00362	0
ELICBCKE_00363	0
ELICBCKE_00364	3
ELICBCKE_00365	0
ELICBCKE_00366	0
ELICBCKE_00367	0
ELICBCKE_00368	0
ELICBCKE_00369	0
ELICBCKE_00370	0
ELICBCKE_00371	0
ELICBCKE_00372	0
ELICBCKE_00373	2
ELICBCKE_00374	0
ELICBCKE_00375	0
ELICBCKE_00376	0
ELICBCKE_00377	0
ELICBCKE_00378	0
ELICBCKE_00379	2
ELICBCKE_00380	1
ELICBCKE_00381	2
ELICBCKE_00382	8
ELICBCKE_00383	0
ELICBCKE_00384	1
ELICBCKE_00385	3
ELICBCKE_00386	0
ELICBCKE_00387	6
ELICBCKE_00388	6
ELICBCKE_00389	5
ELICBCKE_00390	1
ELICBCKE_00391	1
ELICBCKE_00392	0
ELICBCKE_00393	1
ELICBCKE_00394	0
ELICBCKE_00395	3
ELICBCKE_00396	3
ELICBCKE_00397	0
ELICBCKE_00398	2
ELICBCKE_00399	0
ELICBCKE_00400	0
ELICBCKE_00401	1
ELICBCKE_00402	4
ELICBCKE_00403	0
ELICBCKE_00404	2
ELICBCKE_00405	0
ELICBCKE_00406	0
ELICBCKE_00407	1
ELICBCKE_00408	0
ELICBCKE_00409	5
ELICBCKE_00410	0
ELICBCKE_00411	2
ELICBCKE_00412	0
ELICBCKE_00413	0
ELICBCKE_00414	0
ELICBCKE_00415	2
ELICBCKE_00416	0
ELICBCKE_00417	1
ELICBCKE_00418	0
ELICBCKE_00419	2
ELICBCKE_00420	2
ELICBCKE_00421	0
ELICBCKE_00422	0
ELICBCKE_00423	3
ELICBCKE_00424	0
ELICBCKE_00425	10
ELICBCKE_00426	4
ELICBCKE_00427	4
ELICBCKE_00428	0
ELICBCKE_00429	2
ELICBCKE_00430	0
ELICBCKE_00431	0
ELICBCKE_00432	4
ELICBCKE_00433	0
ELICBCKE_00434	0
ELICBCKE_00435	0
ELICBCKE_00436	3
ELICBCKE_00437	3
ELICBCKE_00438	2
ELICBCKE_00439	0
ELICBCKE_00441	2
ELICBCKE_00442	0
ELICBCKE_00443	0
ELICBCKE_00444	1
ELICBCKE_00445	0
ELICBCKE_00446	0
ELICBCKE_00447	0
ELICBCKE_00448	2
ELICBCKE_00449	0
ELICBCKE_00450	0
ELICBCKE_00451	0
ELICBCKE_00452	0
ELICBCKE_00453	0
ELICBCKE_00454	2
ELICBCKE_00455	3
ELICBCKE_00456	0
ELICBCKE_00457	0
ELICBCKE_00458	0
ELICBCKE_00459	3
ELICBCKE_00460	0
ELICBCKE_00461	0
ELICBCKE_00462	0
ELICBCKE_00463	0
ELICBCKE_00464	0
ELICBCKE_00465	0
ELICBCKE_00466	0
ELICBCKE_00467	0
ELICBCKE_00468	0
ELICBCKE_00469	3
ELICBCKE_00471	0
ELICBCKE_00472	6
ELICBCKE_00473	0
ELICBCKE_00474	2
ELICBCKE_00475	1
ELICBCKE_00476	0
ELICBCKE_00477	7
ELICBCKE_00478	0
ELICBCKE_00479	0
ELICBCKE_00480	0
ELICBCKE_00481	1
ELICBCKE_00482	3
ELICBCKE_00483	0
ELICBCKE_00484	0
ELICBCKE_00485	0
ELICBCKE_00486	0
ELICBCKE_00487	0
ELICBCKE_00488	0
ELICBCKE_00489	0
ELICBCKE_00490	0
ELICBCKE_00491	0
ELICBCKE_00492	0
ELICBCKE_00493	0
ELICBCKE_00494	0
ELICBCKE_00495	1
ELICBCKE_00496	2
ELICBCKE_00497	0
ELICBCKE_00498	0
ELICBCKE_00499	0
ELICBCKE_00500	3
ELICBCKE_00501	4
ELICBCKE_00502	0
ELICBCKE_00503	0
ELICBCKE_00504	3
ELICBCKE_00505	0
ELICBCKE_00506	1
ELICBCKE_00507	26
ELICBCKE_00508	27
ELICBCKE_00509	0
ELICBCKE_00510	24
ELICBCKE_00511	0
ELICBCKE_00512	0
ELICBCKE_00513	0
ELICBCKE_00514	0
ELICBCKE_00515	0
ELICBCKE_00516	0
ELICBCKE_00517	0
ELICBCKE_00518	0
ELICBCKE_00519	0
ELICBCKE_00520	5
ELICBCKE_00521	0
ELICBCKE_00522	0
ELICBCKE_00523	0
ELICBCKE_00524	1
ELICBCKE_00525	0
ELICBCKE_00526	3
ELICBCKE_00527	0
ELICBCKE_00528	4
ELICBCKE_00529	1
ELICBCKE_00530	0
ELICBCKE_00531	0
ELICBCKE_00532	0
ELICBCKE_00533	0
ELICBCKE_00534	0
ELICBCKE_00535	6
ELICBCKE_00536	2
ELICBCKE_00537	0
ELICBCKE_00538	0
ELICBCKE_00539	0
ELICBCKE_00540	4
ELICBCKE_00541	4
ELICBCKE_00542	0
ELICBCKE_00543	2
ELICBCKE_00544	12
ELICBCKE_00545	5
ELICBCKE_00546	0
ELICBCKE_00547	0
ELICBCKE_00548	4
ELICBCKE_00549	0
ELICBCKE_00550	0
ELICBCKE_00551	4
ELICBCKE_00552	0
ELICBCKE_00553	0
ELICBCKE_00554	9
ELICBCKE_00555	0
ELICBCKE_00556	0
ELICBCKE_00557	0
ELICBCKE_00558	0
ELICBCKE_00559	0
ELICBCKE_00560	0
ELICBCKE_00561	0
ELICBCKE_00562	0
ELICBCKE_00563	1
ELICBCKE_00564	0
ELICBCKE_00565	0
ELICBCKE_00566	0
ELICBCKE_00567	0
ELICBCKE_00568	2
ELICBCKE_00569	0
ELICBCKE_00570	0
ELICBCKE_00571	0
ELICBCKE_00572	4
ELICBCKE_00573	0
ELICBCKE_00574	1
ELICBCKE_00575	0
ELICBCKE_00576	10
ELICBCKE_00577	4
ELICBCKE_00578	0
ELICBCKE_00579	7
ELICBCKE_00580	18
ELICBCKE_00581	8
ELICBCKE_00582	4
ELICBCKE_00583	0
ELICBCKE_00584	2
ELICBCKE_00585	4
ELICBCKE_00586	2
ELICBCKE_00587	0
ELICBCKE_00588	0
ELICBCKE_00589	1
ELICBCKE_00590	0
ELICBCKE_00591	1
ELICBCKE_00592	0
ELICBCKE_00593	0
ELICBCKE_00594	0
ELICBCKE_00595	0
ELICBCKE_00596	2
ELICBCKE_00597	0
ELICBCKE_00598	0
ELICBCKE_00599	0
ELICBCKE_00600	0
ELICBCKE_00601	1
ELICBCKE_00603	0
ELICBCKE_00604	0
ELICBCKE_00605	17
ELICBCKE_00606	0
ELICBCKE_00607	0
ELICBCKE_00608	0
ELICBCKE_00609	0
ELICBCKE_00610	0
ELICBCKE_00611	2
ELICBCKE_00612	3
ELICBCKE_00613	2
ELICBCKE_00614	0
ELICBCKE_00615	0
ELICBCKE_00616	0
ELICBCKE_00617	0
ELICBCKE_00618	0
ELICBCKE_00619	0
ELICBCKE_00620	1
ELICBCKE_00622	0
ELICBCKE_00623	2
ELICBCKE_00624	0
ELICBCKE_00625	13
ELICBCKE_00626	0
ELICBCKE_00627	0
ELICBCKE_00628	0
ELICBCKE_00629	1
ELICBCKE_00630	0
ELICBCKE_00631	9
ELICBCKE_00632	3
ELICBCKE_00633	9
ELICBCKE_00634	5
ELICBCKE_00635	5
ELICBCKE_00636	0
ELICBCKE_00637	0
ELICBCKE_00638	0
ELICBCKE_00639	0
ELICBCKE_00640	4
ELICBCKE_00641	13
ELICBCKE_00642	11
ELICBCKE_00643	0
ELICBCKE_00644	0
ELICBCKE_00645	0
ELICBCKE_00646	1
ELICBCKE_00647	0
ELICBCKE_00648	0
ELICBCKE_00649	0
ELICBCKE_00650	0
ELICBCKE_00651	0
ELICBCKE_00652	0
ELICBCKE_00653	0
ELICBCKE_00654	4
ELICBCKE_00655	0
ELICBCKE_00656	0
ELICBCKE_00657	0
ELICBCKE_00658	2
ELICBCKE_00659	0
ELICBCKE_00660	2
ELICBCKE_00661	0
ELICBCKE_00662	0
ELICBCKE_00663	0
ELICBCKE_00664	0
ELICBCKE_00665	0
ELICBCKE_00666	0
ELICBCKE_00667	0
ELICBCKE_00668	10
ELICBCKE_00669	0
ELICBCKE_00670	0
ELICBCKE_00671	0
ELICBCKE_00672	0
ELICBCKE_00673	5
ELICBCKE_00674	0
ELICBCKE_00675	2
ELICBCKE_00676	1
ELICBCKE_00677	0
ELICBCKE_00678	0
ELICBCKE_00679	2
ELICBCKE_00680	1
ELICBCKE_00681	1
ELICBCKE_00682	3
ELICBCKE_00683	6
ELICBCKE_00684	0
ELICBCKE_00685	3
ELICBCKE_00686	1
ELICBCKE_00687	2
ELICBCKE_00688	0
ELICBCKE_00689	0
ELICBCKE_00690	1
ELICBCKE_00691	0
ELICBCKE_00692	0
ELICBCKE_00693	0
ELICBCKE_00694	0
ELICBCKE_00695	0
ELICBCKE_00696	1
ELICBCKE_00697	0
ELICBCKE_00698	0
ELICBCKE_00699	0
ELICBCKE_00700	0
ELICBCKE_00701	0
ELICBCKE_00702	0
ELICBCKE_00703	0
ELICBCKE_00704	0
ELICBCKE_00705	0
ELICBCKE_00706	0
ELICBCKE_00707	0
ELICBCKE_00708	2
ELICBCKE_00709	0
ELICBCKE_00710	0
ELICBCKE_00711	0
ELICBCKE_00712	0
ELICBCKE_00713	0
ELICBCKE_00714	5
ELICBCKE_00715	0
ELICBCKE_00716	0
ELICBCKE_00717	0
ELICBCKE_00718	0
ELICBCKE_00719	0
ELICBCKE_00720	0
ELICBCKE_00721	2
ELICBCKE_00722	4
ELICBCKE_00723	0
ELICBCKE_00724	4
ELICBCKE_00725	0
ELICBCKE_00727	0
ELICBCKE_00728	0
ELICBCKE_00729	0
ELICBCKE_00730	0
ELICBCKE_00731	0
ELICBCKE_00732	0
ELICBCKE_00733	0
ELICBCKE_00734	0
ELICBCKE_00735	0
ELICBCKE_00736	7
ELICBCKE_00737	0
ELICBCKE_00738	2
ELICBCKE_00739	0
ELICBCKE_00740	0
ELICBCKE_00741	0
ELICBCKE_00742	0
ELICBCKE_00743	5
ELICBCKE_00744	0
ELICBCKE_00746	4
ELICBCKE_00747	0
ELICBCKE_00748	0
ELICBCKE_00749	0
ELICBCKE_00750	0
ELICBCKE_00753	0
ELICBCKE_00754	0
ELICBCKE_00755	0
ELICBCKE_00756	0
ELICBCKE_00757	1
ELICBCKE_00758	0
ELICBCKE_00759	5
ELICBCKE_00760	3
ELICBCKE_00761	0
ELICBCKE_00762	4
ELICBCKE_00763	0
ELICBCKE_00764	8
ELICBCKE_00765	0
ELICBCKE_00766	0
ELICBCKE_00767	3
ELICBCKE_00768	1
ELICBCKE_00769	0
ELICBCKE_00770	2
ELICBCKE_00771	5
ELICBCKE_00772	9
ELICBCKE_00773	0
ELICBCKE_00774	1
ELICBCKE_00775	0
ELICBCKE_00776	0
ELICBCKE_00778	0
ELICBCKE_00779	0
ELICBCKE_00780	0
ELICBCKE_00781	3
ELICBCKE_00782	2
ELICBCKE_00783	0
ELICBCKE_00784	2
ELICBCKE_00785	0
ELICBCKE_00786	0
ELICBCKE_00787	0
ELICBCKE_00788	0
ELICBCKE_00789	0
ELICBCKE_00790	3
ELICBCKE_00791	5
ELICBCKE_00792	90
ELICBCKE_00793	0
ELICBCKE_00794	0
ELICBCKE_00795	2
ELICBCKE_00796	0
ELICBCKE_00797	0
ELICBCKE_00798	4
ELICBCKE_00799	0
ELICBCKE_00800	0
ELICBCKE_00801	0
ELICBCKE_00802	1
ELICBCKE_00803	0
ELICBCKE_00804	0
ELICBCKE_00805	4
ELICBCKE_00806	0
ELICBCKE_00807	4
ELICBCKE_00808	2
ELICBCKE_00809	3
ELICBCKE_00810	0
ELICBCKE_00811	0
ELICBCKE_00812	0
ELICBCKE_00813	2
ELICBCKE_00814	5
ELICBCKE_00815	0
ELICBCKE_00816	2
ELICBCKE_00817	0
ELICBCKE_00818	0
ELICBCKE_00819	0
ELICBCKE_00820	0
ELICBCKE_00821	0
ELICBCKE_00822	1
ELICBCKE_00823	0
ELICBCKE_00824	3
ELICBCKE_00825	10
ELICBCKE_00826	4
ELICBCKE_00827	18
ELICBCKE_00829	0
ELICBCKE_00830	1
ELICBCKE_00831	0
ELICBCKE_00832	1
ELICBCKE_00833	0
ELICBCKE_00834	0
ELICBCKE_00835	0
ELICBCKE_00836	0
ELICBCKE_00837	0
ELICBCKE_00838	0
ELICBCKE_00839	0
ELICBCKE_00840	0
ELICBCKE_00841	0
ELICBCKE_00842	0
ELICBCKE_00843	0
ELICBCKE_00844	0
ELICBCKE_00845	0
ELICBCKE_00846	0
ELICBCKE_00847	0
ELICBCKE_00848	0
ELICBCKE_00849	0
ELICBCKE_00850	0
ELICBCKE_00852	0
ELICBCKE_00853	0
ELICBCKE_00854	1
ELICBCKE_00855	0
ELICBCKE_00856	2
ELICBCKE_00857	0
ELICBCKE_00858	2
ELICBCKE_00859	3
ELICBCKE_00860	0
ELICBCKE_00861	4
ELICBCKE_00862	0
ELICBCKE_00863	0
ELICBCKE_00864	2
ELICBCKE_00865	0
ELICBCKE_00866	0
ELICBCKE_00867	0
ELICBCKE_00868	5
ELICBCKE_00869	3
ELICBCKE_00870	1
ELICBCKE_00871	3
ELICBCKE_00872	2
ELICBCKE_00873	0
ELICBCKE_00874	0
ELICBCKE_00875	0
ELICBCKE_00876	2
ELICBCKE_00877	3
ELICBCKE_00878	5
ELICBCKE_00879	0
ELICBCKE_00880	1
ELICBCKE_00881	0
ELICBCKE_00882	0
ELICBCKE_00883	0
ELICBCKE_00884	0
ELICBCKE_00885	0
ELICBCKE_00886	5
ELICBCKE_00887	0
ELICBCKE_00888	11
ELICBCKE_00889	4
ELICBCKE_00890	0
ELICBCKE_00891	6
ELICBCKE_00892	6
ELICBCKE_00893	0
ELICBCKE_00894	0
ELICBCKE_00895	0
ELICBCKE_00896	0
ELICBCKE_00897	1
ELICBCKE_00898	0
ELICBCKE_00899	0
ELICBCKE_00900	0
ELICBCKE_00901	0
ELICBCKE_00902	9
ELICBCKE_00903	2
ELICBCKE_00904	0
ELICBCKE_00905	0
ELICBCKE_00906	0
ELICBCKE_00907	0
ELICBCKE_00908	8
ELICBCKE_00909	0
ELICBCKE_00910	3
ELICBCKE_00911	2
ELICBCKE_00912	0
ELICBCKE_00913	1
ELICBCKE_00914	0
ELICBCKE_00915	0
ELICBCKE_00916	6
ELICBCKE_00917	3
ELICBCKE_00918	3
ELICBCKE_00919	0
ELICBCKE_00920	0
ELICBCKE_00921	2
ELICBCKE_00922	1
ELICBCKE_00923	6
ELICBCKE_00924	0
ELICBCKE_00925	0
ELICBCKE_00926	0
ELICBCKE_00927	0
ELICBCKE_00928	0
ELICBCKE_00929	0
ELICBCKE_00930	0
ELICBCKE_00931	0
ELICBCKE_00932	0
ELICBCKE_00933	0
ELICBCKE_00934	1
ELICBCKE_00935	0
ELICBCKE_00936	0
ELICBCKE_00937	0
ELICBCKE_00938	0
ELICBCKE_00939	0
ELICBCKE_00940	0
ELICBCKE_00941	0
ELICBCKE_00942	0
ELICBCKE_00943	0
ELICBCKE_00944	0
ELICBCKE_00945	0
ELICBCKE_00946	0
ELICBCKE_00947	0
ELICBCKE_00948	0
ELICBCKE_00949	2
ELICBCKE_00950	3
ELICBCKE_00951	0
ELICBCKE_00952	0
ELICBCKE_00953	1
ELICBCKE_00954	0
ELICBCKE_00955	0
ELICBCKE_00956	4
ELICBCKE_00957	3
ELICBCKE_00958	0
ELICBCKE_00959	0
ELICBCKE_00961	0
ELICBCKE_00962	0
ELICBCKE_00963	1
ELICBCKE_00964	0
ELICBCKE_00965	0
ELICBCKE_00966	3
ELICBCKE_00967	1
ELICBCKE_00968	0
ELICBCKE_00969	5
ELICBCKE_00970	0
ELICBCKE_00971	0
ELICBCKE_00973	1
ELICBCKE_00974	0
ELICBCKE_00975	0
ELICBCKE_00976	0
ELICBCKE_00977	2
ELICBCKE_00978	1
ELICBCKE_00979	0
ELICBCKE_00980	1
ELICBCKE_00981	0
ELICBCKE_00982	4
ELICBCKE_00983	1
ELICBCKE_00984	1
ELICBCKE_00985	2
ELICBCKE_00986	0
ELICBCKE_00987	0
ELICBCKE_00988	0
ELICBCKE_00989	2
ELICBCKE_00990	0
ELICBCKE_00991	6
ELICBCKE_00992	0
ELICBCKE_00993	1
ELICBCKE_00994	0
ELICBCKE_00995	0
ELICBCKE_00996	0
ELICBCKE_00997	0
ELICBCKE_00998	0
ELICBCKE_00999	0
ELICBCKE_01000	0
ELICBCKE_01001	0
ELICBCKE_01002	0
ELICBCKE_01003	0
ELICBCKE_01004	0
ELICBCKE_01005	4
ELICBCKE_01006	0
ELICBCKE_01007	0
ELICBCKE_01008	42
ELICBCKE_01010	6
ELICBCKE_01011	2
ELICBCKE_01012	0
ELICBCKE_01013	0
ELICBCKE_01014	4
ELICBCKE_01015	1
ELICBCKE_01016	0
ELICBCKE_01017	2
ELICBCKE_01018	0
ELICBCKE_01019	0
ELICBCKE_01020	0
ELICBCKE_01021	0
ELICBCKE_01022	0
ELICBCKE_01023	0
ELICBCKE_01024	0
ELICBCKE_01025	0
ELICBCKE_01026	0
ELICBCKE_01027	0
ELICBCKE_01028	0
ELICBCKE_01029	0
ELICBCKE_01030	0
ELICBCKE_01031	0
ELICBCKE_01032	0
ELICBCKE_01033	5
ELICBCKE_01034	0
ELICBCKE_01035	3
ELICBCKE_01036	0
ELICBCKE_01037	0
ELICBCKE_01038	2
ELICBCKE_01039	0
ELICBCKE_01040	0
ELICBCKE_01041	0
ELICBCKE_01042	0
ELICBCKE_01043	2
ELICBCKE_01044	6
ELICBCKE_01045	12
ELICBCKE_01046	4
ELICBCKE_01047	1
ELICBCKE_01048	1
ELICBCKE_01049	3
ELICBCKE_01050	0
ELICBCKE_01051	0
ELICBCKE_01052	1
ELICBCKE_01053	2
ELICBCKE_01054	1
ELICBCKE_01055	0
ELICBCKE_01056	0
ELICBCKE_01057	0
ELICBCKE_01058	7
ELICBCKE_01059	0
ELICBCKE_01060	0
ELICBCKE_01061	0
ELICBCKE_01062	0
ELICBCKE_01063	0
ELICBCKE_01064	0
ELICBCKE_01065	4
ELICBCKE_01066	1
ELICBCKE_01067	0
ELICBCKE_01068	0
ELICBCKE_01069	6
ELICBCKE_01070	0
ELICBCKE_01071	4
ELICBCKE_01072	3
ELICBCKE_01073	0
ELICBCKE_01074	2
ELICBCKE_01075	0
ELICBCKE_01076	0
ELICBCKE_01077	0
ELICBCKE_01078	0
ELICBCKE_01079	5
ELICBCKE_01080	0
ELICBCKE_01081	0
ELICBCKE_01082	0
ELICBCKE_01083	0
ELICBCKE_01084	0
ELICBCKE_01085	0
ELICBCKE_01086	6
ELICBCKE_01087	2
ELICBCKE_01088	0
ELICBCKE_01089	2
ELICBCKE_01090	0
ELICBCKE_01091	0
ELICBCKE_01092	3
ELICBCKE_01093	0
ELICBCKE_01094	8
ELICBCKE_01095	0
ELICBCKE_01096	0
ELICBCKE_01097	2
ELICBCKE_01098	1
ELICBCKE_01099	0
ELICBCKE_01100	0
ELICBCKE_01101	0
ELICBCKE_01102	0
ELICBCKE_01103	0
ELICBCKE_01104	0
ELICBCKE_01105	0
ELICBCKE_01106	0
ELICBCKE_01107	0
ELICBCKE_01108	3
ELICBCKE_01109	0
ELICBCKE_01110	0
ELICBCKE_01111	2
ELICBCKE_01112	0
ELICBCKE_01113	1
ELICBCKE_01114	19
ELICBCKE_01115	0
ELICBCKE_01116	11
ELICBCKE_01117	25
ELICBCKE_01118	26
ELICBCKE_01119	10
ELICBCKE_01120	4
ELICBCKE_01121	3
ELICBCKE_01122	0
ELICBCKE_01123	0
ELICBCKE_01124	0
ELICBCKE_01126	0
ELICBCKE_01127	2
ELICBCKE_01128	0
ELICBCKE_01129	0
ELICBCKE_01130	0
ELICBCKE_01131	0
ELICBCKE_01132	0
ELICBCKE_01133	0
ELICBCKE_01134	0
ELICBCKE_01135	0
ELICBCKE_01136	0
ELICBCKE_01137	5
ELICBCKE_01138	1
ELICBCKE_01139	0
ELICBCKE_01140	9
ELICBCKE_01141	0
ELICBCKE_01142	4
ELICBCKE_01143	3
ELICBCKE_01144	5
ELICBCKE_01145	21
ELICBCKE_01146	0
ELICBCKE_01147	1
ELICBCKE_01148	0
ELICBCKE_01149	1
ELICBCKE_01150	0
ELICBCKE_01151	0
ELICBCKE_01152	0
ELICBCKE_01153	0
ELICBCKE_01154	0
ELICBCKE_01155	0
ELICBCKE_01156	0
ELICBCKE_01157	0
ELICBCKE_01158	0
ELICBCKE_01159	0
ELICBCKE_01160	0
ELICBCKE_01161	0
ELICBCKE_01162	2
ELICBCKE_01163	2
ELICBCKE_01164	0
ELICBCKE_01165	0
ELICBCKE_01166	0
ELICBCKE_01167	0
ELICBCKE_01168	0
ELICBCKE_01171	3
ELICBCKE_01172	17
ELICBCKE_01173	0
ELICBCKE_01174	0
ELICBCKE_01175	2
ELICBCKE_01176	0
ELICBCKE_01177	0
ELICBCKE_01178	13
ELICBCKE_01179	2
ELICBCKE_01180	0
ELICBCKE_01181	1
ELICBCKE_01182	0
ELICBCKE_01183	0
ELICBCKE_01184	7
ELICBCKE_01185	4
ELICBCKE_01186	3
ELICBCKE_01187	0
ELICBCKE_01188	0
ELICBCKE_01189	0
ELICBCKE_01190	1
ELICBCKE_01191	5
ELICBCKE_01192	0
ELICBCKE_01193	0
ELICBCKE_01194	1
ELICBCKE_01195	0
ELICBCKE_01196	0
ELICBCKE_01197	0
ELICBCKE_01198	15
ELICBCKE_01199	0
ELICBCKE_01200	0
ELICBCKE_01201	11
ELICBCKE_01202	8
ELICBCKE_01203	2
ELICBCKE_01204	0
ELICBCKE_01205	0
ELICBCKE_01206	11
ELICBCKE_01207	2
ELICBCKE_01208	7
ELICBCKE_01209	0
ELICBCKE_01210	0
ELICBCKE_01211	0
ELICBCKE_01212	0
ELICBCKE_01213	0
ELICBCKE_01214	2
ELICBCKE_01215	1
ELICBCKE_01216	1
ELICBCKE_01217	2
ELICBCKE_01218	3
ELICBCKE_01219	0
ELICBCKE_01220	0
ELICBCKE_01221	0
ELICBCKE_01222	0
ELICBCKE_01223	1
ELICBCKE_01224	0
ELICBCKE_01225	0
ELICBCKE_01226	0
ELICBCKE_01227	0
ELICBCKE_01228	0
ELICBCKE_01229	0
ELICBCKE_01230	6
ELICBCKE_01231	43
ELICBCKE_01232	3
ELICBCKE_01233	4
ELICBCKE_01234	2
ELICBCKE_01235	0
ELICBCKE_01236	0
ELICBCKE_01237	2
ELICBCKE_01238	22
ELICBCKE_01239	0
ELICBCKE_01240	15
ELICBCKE_01241	2
ELICBCKE_01242	5
ELICBCKE_01243	6
ELICBCKE_01244	0
ELICBCKE_01245	0
ELICBCKE_01246	3
ELICBCKE_01247	1
ELICBCKE_01248	0
ELICBCKE_01249	0
ELICBCKE_01250	5
ELICBCKE_01253	0
ELICBCKE_01254	0
ELICBCKE_01255	4
ELICBCKE_01256	5
ELICBCKE_01257	3
ELICBCKE_01258	1
ELICBCKE_01262	3
ELICBCKE_01263	5
ELICBCKE_01264	0
ELICBCKE_01265	0
ELICBCKE_01266	3
ELICBCKE_01267	0
ELICBCKE_01268	2
ELICBCKE_01269	0
ELICBCKE_01270	0
ELICBCKE_01271	0
ELICBCKE_01272	0
ELICBCKE_01273	0
ELICBCKE_01274	0
ELICBCKE_01275	1
ELICBCKE_01276	2
ELICBCKE_01277	0
ELICBCKE_01278	1
ELICBCKE_01279	5
ELICBCKE_01280	0
ELICBCKE_01281	0
ELICBCKE_01282	1
ELICBCKE_01283	4
ELICBCKE_01284	0
ELICBCKE_01285	0
ELICBCKE_01286	3
ELICBCKE_01287	0
ELICBCKE_01288	0
ELICBCKE_01289	0
ELICBCKE_01290	0
ELICBCKE_01291	0
ELICBCKE_01292	0
ELICBCKE_01293	5
ELICBCKE_01294	0
ELICBCKE_01295	7
ELICBCKE_01296	1
ELICBCKE_01297	2
ELICBCKE_01298	0
ELICBCKE_01299	0
ELICBCKE_01300	0
ELICBCKE_01301	0
ELICBCKE_01302	0
ELICBCKE_01303	0
ELICBCKE_01304	0
ELICBCKE_01305	0
ELICBCKE_01306	1
ELICBCKE_01307	0
ELICBCKE_01308	1
ELICBCKE_01309	0
ELICBCKE_01310	1
ELICBCKE_01311	7
ELICBCKE_01312	0
ELICBCKE_01313	1
ELICBCKE_01314	6
ELICBCKE_01315	1
ELICBCKE_01316	1
ELICBCKE_01317	2
ELICBCKE_01318	0
ELICBCKE_01319	2
ELICBCKE_01320	0
ELICBCKE_01321	0
ELICBCKE_01322	0
ELICBCKE_01323	0
ELICBCKE_01324	0
ELICBCKE_01325	0
ELICBCKE_01326	0
ELICBCKE_01327	0
ELICBCKE_01328	0
ELICBCKE_01329	1
ELICBCKE_01330	13
ELICBCKE_01331	0
ELICBCKE_01332	0
ELICBCKE_01333	0
ELICBCKE_01334	3
ELICBCKE_01335	0
ELICBCKE_01336	1
ELICBCKE_01337	0
ELICBCKE_01338	0
ELICBCKE_01339	0
ELICBCKE_01340	0
ELICBCKE_01341	4
ELICBCKE_01342	0
ELICBCKE_01343	8
ELICBCKE_01344	6
ELICBCKE_01345	0
ELICBCKE_01346	0
ELICBCKE_01347	0
ELICBCKE_01348	1
ELICBCKE_01349	2
ELICBCKE_01350	2
ELICBCKE_01351	0
ELICBCKE_01352	0
ELICBCKE_01353	0
ELICBCKE_01354	0
ELICBCKE_01355	0
ELICBCKE_01356	0
ELICBCKE_01357	0
ELICBCKE_01358	0
ELICBCKE_01359	0
ELICBCKE_01360	0
ELICBCKE_01361	0
ELICBCKE_01362	8
ELICBCKE_01363	1
ELICBCKE_01364	0
ELICBCKE_01365	0
ELICBCKE_01366	0
ELICBCKE_01367	0
ELICBCKE_01368	0
ELICBCKE_01369	0
ELICBCKE_01370	0
ELICBCKE_01371	0
ELICBCKE_01372	0
ELICBCKE_01373	7
ELICBCKE_01374	0
ELICBCKE_01375	3
ELICBCKE_01376	0
ELICBCKE_01377	0
ELICBCKE_01378	0
ELICBCKE_01379	0
ELICBCKE_01380	0
ELICBCKE_01381	1
ELICBCKE_01382	0
ELICBCKE_01383	0
ELICBCKE_01384	0
ELICBCKE_01385	0
ELICBCKE_01386	4
ELICBCKE_01387	0
ELICBCKE_01388	0
ELICBCKE_01389	0
ELICBCKE_01390	0
ELICBCKE_01391	0
ELICBCKE_01392	0
ELICBCKE_01393	0
ELICBCKE_01394	1
ELICBCKE_01395	0
ELICBCKE_01396	0
ELICBCKE_01397	0
ELICBCKE_01398	0
ELICBCKE_01399	0
ELICBCKE_01400	0
ELICBCKE_01401	0
ELICBCKE_01402	0
ELICBCKE_01403	0
ELICBCKE_01404	0
ELICBCKE_01405	1
ELICBCKE_01406	0
ELICBCKE_01407	0
ELICBCKE_01408	4
ELICBCKE_01409	0
ELICBCKE_01410	0
ELICBCKE_01411	6
ELICBCKE_01412	0
ELICBCKE_01413	0
ELICBCKE_01414	9
ELICBCKE_01415	0
ELICBCKE_01416	0
ELICBCKE_01417	0
ELICBCKE_01418	3
ELICBCKE_01419	0
ELICBCKE_01425	6
ELICBCKE_01426	0
ELICBCKE_01427	29
ELICBCKE_01428	1
ELICBCKE_01429	3
ELICBCKE_01430	0
ELICBCKE_01431	0
ELICBCKE_01433	0
ELICBCKE_01434	37
ELICBCKE_01435	0
ELICBCKE_01436	0
ELICBCKE_01437	0
ELICBCKE_01438	1
ELICBCKE_01439	0
ELICBCKE_01440	0
ELICBCKE_01441	0
ELICBCKE_01442	0
ELICBCKE_01443	2
ELICBCKE_01444	0
ELICBCKE_01445	8
ELICBCKE_01446	0
ELICBCKE_01447	1
ELICBCKE_01448	3
ELICBCKE_01449	0
ELICBCKE_01450	0
ELICBCKE_01451	0
ELICBCKE_01452	2
ELICBCKE_01453	0
ELICBCKE_01454	2
ELICBCKE_01455	1
ELICBCKE_01456	0
ELICBCKE_01457	0
ELICBCKE_01458	1
ELICBCKE_01459	1
ELICBCKE_01460	0
ELICBCKE_01461	0
ELICBCKE_01462	0
ELICBCKE_01463	0
ELICBCKE_01464	0
ELICBCKE_01465	4
ELICBCKE_01466	1
ELICBCKE_01467	9
ELICBCKE_01468	0
ELICBCKE_01469	0
ELICBCKE_01470	0
ELICBCKE_01471	0
ELICBCKE_01472	0
ELICBCKE_01473	0
ELICBCKE_01474	1
ELICBCKE_01475	0
ELICBCKE_01476	0
ELICBCKE_01477	0
ELICBCKE_01478	0
ELICBCKE_01479	0
ELICBCKE_01480	1
ELICBCKE_01481	0
ELICBCKE_01482	0
ELICBCKE_01483	0
ELICBCKE_01484	0
ELICBCKE_01485	0
ELICBCKE_01486	0
ELICBCKE_01487	1
ELICBCKE_01488	5
ELICBCKE_01489	0
ELICBCKE_01490	0
ELICBCKE_01491	0
ELICBCKE_01492	1
ELICBCKE_01493	0
ELICBCKE_01494	0
ELICBCKE_01495	0
ELICBCKE_01496	4
ELICBCKE_01497	1
ELICBCKE_01498	0
ELICBCKE_01499	4
ELICBCKE_01501	0
ELICBCKE_01502	0
ELICBCKE_01503	0
ELICBCKE_01504	1
ELICBCKE_01505	0
ELICBCKE_01506	1
ELICBCKE_01507	1
ELICBCKE_01508	0
ELICBCKE_01509	1
ELICBCKE_01510	0
ELICBCKE_01511	0
ELICBCKE_01512	1
ELICBCKE_01513	4
ELICBCKE_01514	0
ELICBCKE_01515	2
ELICBCKE_01516	1
ELICBCKE_01517	1
ELICBCKE_01518	0
ELICBCKE_01519	0
ELICBCKE_01520	0
ELICBCKE_01521	0
ELICBCKE_01522	3
ELICBCKE_01523	4
ELICBCKE_01524	0
ELICBCKE_01525	5
ELICBCKE_01526	4
ELICBCKE_01527	5
ELICBCKE_01528	0
ELICBCKE_01529	1
ELICBCKE_01530	0
ELICBCKE_01531	1
ELICBCKE_01532	0
ELICBCKE_01533	0
ELICBCKE_01534	0
ELICBCKE_01535	0
ELICBCKE_01536	0
ELICBCKE_01537	0
ELICBCKE_01538	1
ELICBCKE_01539	5
ELICBCKE_01540	1
ELICBCKE_01541	0
ELICBCKE_01542	0
ELICBCKE_01543	0
ELICBCKE_01544	3
ELICBCKE_01545	0
ELICBCKE_01546	0
__no_feature	1082
__ambiguous	216
__too_low_aQual	500
__not_aligned	696212
__alignment_not_unique	0
