ALJPEIHI_00001	0
ALJPEIHI_00002	0
ALJPEIHI_00003	0
ALJPEIHI_00004	0
ALJPEIHI_00005	0
ALJPEIHI_00006	0
ALJPEIHI_00007	0
ALJPEIHI_00008	0
ALJPEIHI_00009	0
ALJPEIHI_00010	0
ALJPEIHI_00011	0
ALJPEIHI_00012	0
ALJPEIHI_00013	0
ALJPEIHI_00014	0
ALJPEIHI_00015	0
ALJPEIHI_00016	1
ALJPEIHI_00017	0
ALJPEIHI_00018	0
ALJPEIHI_00019	0
ALJPEIHI_00020	0
ALJPEIHI_00021	0
ALJPEIHI_00022	0
ALJPEIHI_00023	0
ALJPEIHI_00024	0
ALJPEIHI_00025	2
ALJPEIHI_00026	0
ALJPEIHI_00027	0
ALJPEIHI_00028	0
ALJPEIHI_00032	0
ALJPEIHI_00033	0
ALJPEIHI_00034	0
ALJPEIHI_00035	0
ALJPEIHI_00036	0
ALJPEIHI_00037	2
ALJPEIHI_00038	0
ALJPEIHI_00039	1
ALJPEIHI_00040	0
ALJPEIHI_00041	0
ALJPEIHI_00042	0
ALJPEIHI_00043	0
ALJPEIHI_00044	1
ALJPEIHI_00045	1
ALJPEIHI_00046	0
ALJPEIHI_00047	0
ALJPEIHI_00048	0
ALJPEIHI_00049	0
ALJPEIHI_00050	0
ALJPEIHI_00051	0
ALJPEIHI_00052	2
ALJPEIHI_00053	0
ALJPEIHI_00054	0
ALJPEIHI_00055	0
ALJPEIHI_00057	1
ALJPEIHI_00058	0
ALJPEIHI_00059	0
ALJPEIHI_00060	0
ALJPEIHI_00061	0
ALJPEIHI_00062	0
ALJPEIHI_00063	1
ALJPEIHI_00064	0
ALJPEIHI_00065	0
ALJPEIHI_00066	0
ALJPEIHI_00067	3
ALJPEIHI_00068	0
ALJPEIHI_00069	0
ALJPEIHI_00070	0
ALJPEIHI_00071	0
ALJPEIHI_00072	0
ALJPEIHI_00073	0
ALJPEIHI_00074	0
ALJPEIHI_00075	0
ALJPEIHI_00076	0
ALJPEIHI_00078	0
ALJPEIHI_00079	0
ALJPEIHI_00080	0
ALJPEIHI_00081	0
ALJPEIHI_00082	0
ALJPEIHI_00083	0
ALJPEIHI_00084	0
ALJPEIHI_00085	0
ALJPEIHI_00086	0
ALJPEIHI_00087	0
ALJPEIHI_00088	0
ALJPEIHI_00089	0
ALJPEIHI_00090	0
ALJPEIHI_00091	0
ALJPEIHI_00092	0
ALJPEIHI_00093	0
ALJPEIHI_00094	0
ALJPEIHI_00095	0
ALJPEIHI_00096	0
ALJPEIHI_00097	0
ALJPEIHI_00098	0
ALJPEIHI_00099	0
ALJPEIHI_00100	0
ALJPEIHI_00101	0
ALJPEIHI_00102	0
ALJPEIHI_00103	1
ALJPEIHI_00104	0
ALJPEIHI_00105	0
ALJPEIHI_00106	0
ALJPEIHI_00107	0
ALJPEIHI_00108	0
ALJPEIHI_00109	0
ALJPEIHI_00110	0
ALJPEIHI_00111	4
ALJPEIHI_00112	0
ALJPEIHI_00113	0
ALJPEIHI_00114	0
ALJPEIHI_00115	0
ALJPEIHI_00116	0
ALJPEIHI_00117	2215
ALJPEIHI_00118	209
ALJPEIHI_00119	14
ALJPEIHI_00122	0
ALJPEIHI_00123	0
ALJPEIHI_00124	0
ALJPEIHI_00125	0
ALJPEIHI_00126	0
ALJPEIHI_00127	0
ALJPEIHI_00128	0
ALJPEIHI_00129	0
ALJPEIHI_00130	0
ALJPEIHI_00131	0
ALJPEIHI_00132	0
ALJPEIHI_00133	0
ALJPEIHI_00134	0
ALJPEIHI_00135	0
ALJPEIHI_00136	0
ALJPEIHI_00137	0
ALJPEIHI_00138	0
ALJPEIHI_00139	0
ALJPEIHI_00140	0
ALJPEIHI_00141	0
ALJPEIHI_00142	0
ALJPEIHI_00143	3
ALJPEIHI_00144	0
ALJPEIHI_00145	0
ALJPEIHI_00146	0
ALJPEIHI_00147	0
ALJPEIHI_00148	0
ALJPEIHI_00149	0
ALJPEIHI_00150	0
ALJPEIHI_00151	0
ALJPEIHI_00152	0
ALJPEIHI_00153	0
ALJPEIHI_00154	2
ALJPEIHI_00155	0
ALJPEIHI_00156	0
ALJPEIHI_00157	0
ALJPEIHI_00158	0
ALJPEIHI_00159	0
ALJPEIHI_00160	0
ALJPEIHI_00161	0
ALJPEIHI_00162	0
ALJPEIHI_00163	0
ALJPEIHI_00164	0
ALJPEIHI_00165	0
ALJPEIHI_00166	0
ALJPEIHI_00167	0
ALJPEIHI_00168	0
ALJPEIHI_00169	0
ALJPEIHI_00170	0
ALJPEIHI_00171	0
ALJPEIHI_00172	1
ALJPEIHI_00173	0
ALJPEIHI_00175	1
ALJPEIHI_00176	0
ALJPEIHI_00177	0
ALJPEIHI_00178	0
ALJPEIHI_00179	0
ALJPEIHI_00180	0
ALJPEIHI_00181	5
ALJPEIHI_00182	0
ALJPEIHI_00183	0
ALJPEIHI_00184	0
ALJPEIHI_00185	0
ALJPEIHI_00186	0
ALJPEIHI_00187	0
ALJPEIHI_00188	0
ALJPEIHI_00189	0
ALJPEIHI_00190	0
ALJPEIHI_00191	0
ALJPEIHI_00192	0
ALJPEIHI_00193	0
ALJPEIHI_00194	0
ALJPEIHI_00195	0
ALJPEIHI_00196	0
ALJPEIHI_00197	0
ALJPEIHI_00198	0
ALJPEIHI_00199	0
ALJPEIHI_00200	0
ALJPEIHI_00201	0
ALJPEIHI_00202	0
ALJPEIHI_00203	0
ALJPEIHI_00204	0
ALJPEIHI_00205	0
ALJPEIHI_00206	0
ALJPEIHI_00207	0
ALJPEIHI_00208	0
ALJPEIHI_00209	0
ALJPEIHI_00210	0
ALJPEIHI_00211	0
ALJPEIHI_00212	0
ALJPEIHI_00213	3
ALJPEIHI_00214	0
ALJPEIHI_00215	0
ALJPEIHI_00216	0
ALJPEIHI_00217	0
ALJPEIHI_00218	0
ALJPEIHI_00219	0
ALJPEIHI_00220	0
ALJPEIHI_00221	0
ALJPEIHI_00222	0
ALJPEIHI_00223	0
ALJPEIHI_00224	0
ALJPEIHI_00225	0
ALJPEIHI_00226	0
ALJPEIHI_00227	0
ALJPEIHI_00228	0
ALJPEIHI_00229	0
ALJPEIHI_00230	0
ALJPEIHI_00231	0
ALJPEIHI_00232	0
ALJPEIHI_00233	0
ALJPEIHI_00234	0
ALJPEIHI_00235	0
ALJPEIHI_00236	3
ALJPEIHI_00237	0
ALJPEIHI_00238	3
ALJPEIHI_00239	0
ALJPEIHI_00240	0
ALJPEIHI_00241	0
ALJPEIHI_00242	0
ALJPEIHI_00243	0
ALJPEIHI_00244	0
ALJPEIHI_00245	0
ALJPEIHI_00246	0
ALJPEIHI_00247	0
ALJPEIHI_00248	0
ALJPEIHI_00249	4
ALJPEIHI_00250	0
ALJPEIHI_00251	0
ALJPEIHI_00252	0
ALJPEIHI_00253	0
ALJPEIHI_00254	0
ALJPEIHI_00255	0
ALJPEIHI_00256	0
ALJPEIHI_00257	0
ALJPEIHI_00258	0
ALJPEIHI_00259	0
ALJPEIHI_00260	0
ALJPEIHI_00261	0
ALJPEIHI_00262	0
ALJPEIHI_00263	0
ALJPEIHI_00264	0
ALJPEIHI_00265	1
ALJPEIHI_00266	0
ALJPEIHI_00267	0
ALJPEIHI_00268	0
ALJPEIHI_00269	0
ALJPEIHI_00270	0
ALJPEIHI_00271	0
ALJPEIHI_00272	0
ALJPEIHI_00273	0
ALJPEIHI_00274	0
ALJPEIHI_00275	0
ALJPEIHI_00276	0
ALJPEIHI_00277	0
ALJPEIHI_00278	0
ALJPEIHI_00279	0
ALJPEIHI_00280	1
ALJPEIHI_00281	0
ALJPEIHI_00282	0
ALJPEIHI_00283	0
ALJPEIHI_00284	0
ALJPEIHI_00285	0
ALJPEIHI_00286	0
ALJPEIHI_00287	0
ALJPEIHI_00288	0
ALJPEIHI_00289	0
ALJPEIHI_00290	0
ALJPEIHI_00291	0
ALJPEIHI_00292	0
ALJPEIHI_00293	0
ALJPEIHI_00294	0
ALJPEIHI_00296	0
ALJPEIHI_00297	0
ALJPEIHI_00298	1
ALJPEIHI_00299	0
ALJPEIHI_00301	0
ALJPEIHI_00302	0
ALJPEIHI_00303	0
ALJPEIHI_00304	0
ALJPEIHI_00305	0
ALJPEIHI_00306	0
ALJPEIHI_00307	0
ALJPEIHI_00308	0
ALJPEIHI_00309	0
ALJPEIHI_00310	0
ALJPEIHI_00311	0
ALJPEIHI_00312	0
ALJPEIHI_00313	0
ALJPEIHI_00314	0
ALJPEIHI_00315	0
ALJPEIHI_00316	0
ALJPEIHI_00317	0
ALJPEIHI_00318	0
ALJPEIHI_00319	1
ALJPEIHI_00320	0
ALJPEIHI_00321	0
ALJPEIHI_00322	0
ALJPEIHI_00323	0
ALJPEIHI_00324	0
ALJPEIHI_00325	0
ALJPEIHI_00326	0
ALJPEIHI_00327	0
ALJPEIHI_00328	0
ALJPEIHI_00329	0
ALJPEIHI_00330	0
ALJPEIHI_00331	0
ALJPEIHI_00332	0
ALJPEIHI_00333	0
ALJPEIHI_00334	0
ALJPEIHI_00335	0
ALJPEIHI_00336	0
ALJPEIHI_00337	0
ALJPEIHI_00338	0
ALJPEIHI_00339	0
ALJPEIHI_00340	0
ALJPEIHI_00341	0
ALJPEIHI_00342	2
ALJPEIHI_00343	0
ALJPEIHI_00344	0
ALJPEIHI_00345	0
ALJPEIHI_00346	0
ALJPEIHI_00347	0
ALJPEIHI_00348	0
ALJPEIHI_00349	0
ALJPEIHI_00350	0
ALJPEIHI_00351	0
ALJPEIHI_00352	0
ALJPEIHI_00353	0
ALJPEIHI_00354	0
ALJPEIHI_00355	0
ALJPEIHI_00356	0
ALJPEIHI_00357	0
ALJPEIHI_00358	0
ALJPEIHI_00359	0
ALJPEIHI_00360	0
ALJPEIHI_00361	0
ALJPEIHI_00362	0
ALJPEIHI_00363	0
ALJPEIHI_00364	0
ALJPEIHI_00365	0
ALJPEIHI_00366	0
ALJPEIHI_00367	0
ALJPEIHI_00368	0
ALJPEIHI_00369	0
ALJPEIHI_00370	0
ALJPEIHI_00371	0
ALJPEIHI_00372	0
ALJPEIHI_00373	0
ALJPEIHI_00374	0
ALJPEIHI_00375	0
ALJPEIHI_00376	4
ALJPEIHI_00377	0
ALJPEIHI_00378	0
ALJPEIHI_00379	0
ALJPEIHI_00380	0
ALJPEIHI_00381	0
ALJPEIHI_00382	0
ALJPEIHI_00383	0
ALJPEIHI_00384	1
ALJPEIHI_00385	0
ALJPEIHI_00386	0
ALJPEIHI_00387	0
ALJPEIHI_00388	0
ALJPEIHI_00389	0
ALJPEIHI_00390	0
ALJPEIHI_00391	1
ALJPEIHI_00392	0
ALJPEIHI_00393	4
ALJPEIHI_00394	0
ALJPEIHI_00395	0
ALJPEIHI_00396	0
ALJPEIHI_00397	0
ALJPEIHI_00398	0
ALJPEIHI_00399	2
ALJPEIHI_00400	0
ALJPEIHI_00401	0
ALJPEIHI_00402	0
ALJPEIHI_00403	0
ALJPEIHI_00404	0
ALJPEIHI_00405	0
ALJPEIHI_00406	0
ALJPEIHI_00407	2
ALJPEIHI_00408	0
ALJPEIHI_00409	0
ALJPEIHI_00410	0
ALJPEIHI_00411	0
ALJPEIHI_00412	0
ALJPEIHI_00413	0
ALJPEIHI_00414	0
ALJPEIHI_00415	0
ALJPEIHI_00416	0
ALJPEIHI_00417	0
ALJPEIHI_00418	0
ALJPEIHI_00419	0
ALJPEIHI_00420	0
ALJPEIHI_00421	1
ALJPEIHI_00422	0
ALJPEIHI_00423	0
ALJPEIHI_00424	0
ALJPEIHI_00425	0
ALJPEIHI_00426	0
ALJPEIHI_00427	2
ALJPEIHI_00428	0
ALJPEIHI_00429	0
ALJPEIHI_00430	0
ALJPEIHI_00431	0
ALJPEIHI_00432	0
ALJPEIHI_00433	0
ALJPEIHI_00434	0
ALJPEIHI_00435	0
ALJPEIHI_00436	0
ALJPEIHI_00438	0
ALJPEIHI_00439	0
ALJPEIHI_00440	0
ALJPEIHI_00441	0
ALJPEIHI_00442	0
ALJPEIHI_00443	0
ALJPEIHI_00444	0
ALJPEIHI_00445	0
ALJPEIHI_00446	0
ALJPEIHI_00447	0
ALJPEIHI_00448	2
ALJPEIHI_00449	0
ALJPEIHI_00450	0
ALJPEIHI_00451	1
ALJPEIHI_00452	0
ALJPEIHI_00453	0
ALJPEIHI_00454	0
ALJPEIHI_00455	0
ALJPEIHI_00456	0
ALJPEIHI_00457	0
ALJPEIHI_00458	0
ALJPEIHI_00459	1
ALJPEIHI_00460	0
ALJPEIHI_00461	0
ALJPEIHI_00462	0
ALJPEIHI_00463	0
ALJPEIHI_00464	2
ALJPEIHI_00465	0
ALJPEIHI_00466	0
ALJPEIHI_00467	0
ALJPEIHI_00468	0
ALJPEIHI_00469	0
ALJPEIHI_00470	0
ALJPEIHI_00471	2
ALJPEIHI_00472	0
ALJPEIHI_00473	0
ALJPEIHI_00474	0
ALJPEIHI_00475	0
ALJPEIHI_00476	0
ALJPEIHI_00477	0
ALJPEIHI_00478	0
ALJPEIHI_00479	0
ALJPEIHI_00480	0
ALJPEIHI_00481	0
ALJPEIHI_00482	0
ALJPEIHI_00483	0
ALJPEIHI_00484	0
ALJPEIHI_00485	0
ALJPEIHI_00486	1
ALJPEIHI_00487	0
ALJPEIHI_00488	0
ALJPEIHI_00489	0
ALJPEIHI_00490	0
ALJPEIHI_00491	0
ALJPEIHI_00492	0
ALJPEIHI_00493	0
ALJPEIHI_00494	0
ALJPEIHI_00495	0
ALJPEIHI_00496	0
ALJPEIHI_00497	0
ALJPEIHI_00498	0
ALJPEIHI_00499	0
ALJPEIHI_00500	0
ALJPEIHI_00501	0
ALJPEIHI_00502	0
ALJPEIHI_00503	3
ALJPEIHI_00504	0
ALJPEIHI_00505	10
ALJPEIHI_00506	0
ALJPEIHI_00507	0
ALJPEIHI_00508	0
ALJPEIHI_00509	0
ALJPEIHI_00510	0
ALJPEIHI_00511	0
ALJPEIHI_00512	0
ALJPEIHI_00513	0
ALJPEIHI_00514	0
ALJPEIHI_00515	0
ALJPEIHI_00516	0
ALJPEIHI_00517	0
ALJPEIHI_00518	1
ALJPEIHI_00519	0
ALJPEIHI_00520	0
ALJPEIHI_00521	0
ALJPEIHI_00522	0
ALJPEIHI_00523	0
ALJPEIHI_00524	0
ALJPEIHI_00525	0
ALJPEIHI_00526	0
ALJPEIHI_00527	0
ALJPEIHI_00528	0
ALJPEIHI_00529	0
ALJPEIHI_00530	0
ALJPEIHI_00531	0
ALJPEIHI_00532	0
ALJPEIHI_00533	0
ALJPEIHI_00534	0
ALJPEIHI_00535	0
ALJPEIHI_00536	0
ALJPEIHI_00537	0
ALJPEIHI_00538	0
ALJPEIHI_00539	0
ALJPEIHI_00540	0
ALJPEIHI_00541	0
ALJPEIHI_00542	2
ALJPEIHI_00543	0
ALJPEIHI_00544	0
ALJPEIHI_00545	0
ALJPEIHI_00546	0
ALJPEIHI_00547	0
ALJPEIHI_00548	0
ALJPEIHI_00549	0
ALJPEIHI_00550	0
ALJPEIHI_00551	0
ALJPEIHI_00552	0
ALJPEIHI_00553	0
ALJPEIHI_00554	0
ALJPEIHI_00555	1
ALJPEIHI_00556	0
ALJPEIHI_00557	0
ALJPEIHI_00558	0
ALJPEIHI_00559	0
ALJPEIHI_00560	0
ALJPEIHI_00561	0
ALJPEIHI_00562	0
ALJPEIHI_00563	0
ALJPEIHI_00564	0
ALJPEIHI_00565	0
ALJPEIHI_00566	0
ALJPEIHI_00567	0
ALJPEIHI_00568	0
ALJPEIHI_00569	0
ALJPEIHI_00570	0
ALJPEIHI_00571	0
ALJPEIHI_00572	0
ALJPEIHI_00573	0
ALJPEIHI_00574	0
ALJPEIHI_00575	0
ALJPEIHI_00576	0
ALJPEIHI_00577	0
ALJPEIHI_00578	1
ALJPEIHI_00579	0
ALJPEIHI_00580	0
ALJPEIHI_00581	0
ALJPEIHI_00582	0
ALJPEIHI_00583	0
ALJPEIHI_00584	0
ALJPEIHI_00585	0
ALJPEIHI_00586	0
ALJPEIHI_00587	0
ALJPEIHI_00588	0
ALJPEIHI_00589	0
ALJPEIHI_00590	0
ALJPEIHI_00591	0
ALJPEIHI_00592	0
ALJPEIHI_00593	0
ALJPEIHI_00594	0
ALJPEIHI_00595	0
ALJPEIHI_00596	3
ALJPEIHI_00597	0
ALJPEIHI_00598	0
ALJPEIHI_00599	0
ALJPEIHI_00600	0
ALJPEIHI_00601	0
ALJPEIHI_00602	0
ALJPEIHI_00603	0
ALJPEIHI_00604	2
ALJPEIHI_00605	0
ALJPEIHI_00606	0
ALJPEIHI_00607	0
ALJPEIHI_00608	1
ALJPEIHI_00609	0
ALJPEIHI_00610	0
ALJPEIHI_00611	0
ALJPEIHI_00612	0
ALJPEIHI_00613	0
ALJPEIHI_00614	0
ALJPEIHI_00615	0
ALJPEIHI_00616	0
ALJPEIHI_00617	3
ALJPEIHI_00618	0
ALJPEIHI_00619	0
ALJPEIHI_00620	0
ALJPEIHI_00621	0
ALJPEIHI_00622	0
ALJPEIHI_00623	0
ALJPEIHI_00624	0
ALJPEIHI_00625	0
ALJPEIHI_00626	0
ALJPEIHI_00627	0
ALJPEIHI_00628	0
ALJPEIHI_00629	0
ALJPEIHI_00630	0
ALJPEIHI_00631	0
ALJPEIHI_00632	0
ALJPEIHI_00633	0
ALJPEIHI_00634	0
ALJPEIHI_00635	3
ALJPEIHI_00636	0
ALJPEIHI_00637	0
ALJPEIHI_00638	0
ALJPEIHI_00639	1
ALJPEIHI_00640	0
ALJPEIHI_00641	0
ALJPEIHI_00642	0
ALJPEIHI_00643	0
ALJPEIHI_00644	0
ALJPEIHI_00645	0
ALJPEIHI_00646	0
ALJPEIHI_00647	0
ALJPEIHI_00648	0
ALJPEIHI_00649	0
ALJPEIHI_00650	0
ALJPEIHI_00651	0
ALJPEIHI_00652	0
ALJPEIHI_00653	0
ALJPEIHI_00654	0
ALJPEIHI_00655	0
ALJPEIHI_00656	0
ALJPEIHI_00657	0
ALJPEIHI_00658	0
ALJPEIHI_00659	0
ALJPEIHI_00660	0
ALJPEIHI_00661	0
ALJPEIHI_00662	0
ALJPEIHI_00663	0
ALJPEIHI_00664	0
ALJPEIHI_00665	5
ALJPEIHI_00666	0
ALJPEIHI_00667	0
ALJPEIHI_00668	0
ALJPEIHI_00669	2
ALJPEIHI_00670	0
ALJPEIHI_00671	1
ALJPEIHI_00672	0
ALJPEIHI_00673	0
ALJPEIHI_00674	0
ALJPEIHI_00675	0
ALJPEIHI_00676	3
ALJPEIHI_00677	0
ALJPEIHI_00678	0
ALJPEIHI_00679	0
ALJPEIHI_00680	0
ALJPEIHI_00681	0
ALJPEIHI_00682	0
ALJPEIHI_00683	0
ALJPEIHI_00684	0
ALJPEIHI_00685	0
ALJPEIHI_00686	1
ALJPEIHI_00687	0
ALJPEIHI_00688	0
ALJPEIHI_00689	0
ALJPEIHI_00690	0
ALJPEIHI_00691	5
ALJPEIHI_00692	0
ALJPEIHI_00693	0
ALJPEIHI_00694	0
ALJPEIHI_00695	0
ALJPEIHI_00696	0
ALJPEIHI_00697	0
ALJPEIHI_00698	0
ALJPEIHI_00699	1
ALJPEIHI_00700	0
ALJPEIHI_00701	0
ALJPEIHI_00702	0
ALJPEIHI_00703	0
ALJPEIHI_00704	0
ALJPEIHI_00705	2
ALJPEIHI_00706	0
ALJPEIHI_00707	0
ALJPEIHI_00708	0
ALJPEIHI_00709	0
ALJPEIHI_00710	0
ALJPEIHI_00711	0
ALJPEIHI_00712	0
ALJPEIHI_00713	0
ALJPEIHI_00714	0
ALJPEIHI_00715	0
ALJPEIHI_00716	1
ALJPEIHI_00717	0
ALJPEIHI_00718	0
ALJPEIHI_00719	0
ALJPEIHI_00720	0
ALJPEIHI_00721	0
ALJPEIHI_00722	0
ALJPEIHI_00723	0
ALJPEIHI_00724	0
ALJPEIHI_00725	0
ALJPEIHI_00726	0
ALJPEIHI_00727	0
ALJPEIHI_00728	0
ALJPEIHI_00729	0
ALJPEIHI_00730	0
ALJPEIHI_00731	0
ALJPEIHI_00732	0
ALJPEIHI_00733	0
ALJPEIHI_00734	0
ALJPEIHI_00735	0
ALJPEIHI_00736	1
ALJPEIHI_00737	0
ALJPEIHI_00738	5
ALJPEIHI_00739	0
ALJPEIHI_00740	0
ALJPEIHI_00741	0
ALJPEIHI_00742	0
ALJPEIHI_00743	0
ALJPEIHI_00744	0
ALJPEIHI_00745	5
ALJPEIHI_00746	0
ALJPEIHI_00747	0
ALJPEIHI_00748	0
ALJPEIHI_00749	0
ALJPEIHI_00750	0
ALJPEIHI_00751	0
ALJPEIHI_00752	0
ALJPEIHI_00753	0
ALJPEIHI_00754	0
ALJPEIHI_00755	0
ALJPEIHI_00756	0
ALJPEIHI_00757	0
ALJPEIHI_00758	0
ALJPEIHI_00759	0
ALJPEIHI_00760	5
ALJPEIHI_00761	0
ALJPEIHI_00762	0
ALJPEIHI_00763	0
ALJPEIHI_00764	0
ALJPEIHI_00765	0
ALJPEIHI_00766	0
ALJPEIHI_00767	0
ALJPEIHI_00768	0
ALJPEIHI_00769	0
ALJPEIHI_00770	0
ALJPEIHI_00771	0
ALJPEIHI_00772	0
ALJPEIHI_00773	0
ALJPEIHI_00774	0
ALJPEIHI_00775	0
ALJPEIHI_00776	0
ALJPEIHI_00777	0
ALJPEIHI_00778	0
ALJPEIHI_00779	0
ALJPEIHI_00780	0
ALJPEIHI_00781	0
ALJPEIHI_00782	0
ALJPEIHI_00783	0
ALJPEIHI_00784	0
ALJPEIHI_00785	1
ALJPEIHI_00786	0
ALJPEIHI_00787	0
ALJPEIHI_00788	0
ALJPEIHI_00789	0
ALJPEIHI_00791	0
ALJPEIHI_00792	0
ALJPEIHI_00793	0
ALJPEIHI_00794	0
ALJPEIHI_00795	0
ALJPEIHI_00796	0
ALJPEIHI_00797	0
ALJPEIHI_00798	0
ALJPEIHI_00799	0
ALJPEIHI_00800	0
ALJPEIHI_00801	0
ALJPEIHI_00802	0
ALJPEIHI_00803	0
ALJPEIHI_00804	0
ALJPEIHI_00805	5
ALJPEIHI_00806	0
ALJPEIHI_00807	0
ALJPEIHI_00808	0
ALJPEIHI_00809	0
ALJPEIHI_00810	0
ALJPEIHI_00811	0
ALJPEIHI_00812	0
ALJPEIHI_00813	0
ALJPEIHI_00814	0
ALJPEIHI_00815	0
ALJPEIHI_00816	0
ALJPEIHI_00817	2
ALJPEIHI_00818	0
ALJPEIHI_00819	0
ALJPEIHI_00820	0
ALJPEIHI_00821	0
ALJPEIHI_00822	0
ALJPEIHI_00823	0
ALJPEIHI_00824	0
ALJPEIHI_00825	0
ALJPEIHI_00826	0
ALJPEIHI_00827	0
ALJPEIHI_00828	4
ALJPEIHI_00829	0
ALJPEIHI_00830	0
ALJPEIHI_00831	0
ALJPEIHI_00832	0
ALJPEIHI_00833	0
ALJPEIHI_00834	0
ALJPEIHI_00835	0
ALJPEIHI_00836	0
ALJPEIHI_00837	0
ALJPEIHI_00838	0
ALJPEIHI_00839	0
ALJPEIHI_00840	0
ALJPEIHI_00841	0
ALJPEIHI_00842	0
ALJPEIHI_00843	0
ALJPEIHI_00844	3
ALJPEIHI_00845	1
ALJPEIHI_00846	0
ALJPEIHI_00847	2
ALJPEIHI_00848	0
ALJPEIHI_00849	0
ALJPEIHI_00850	0
ALJPEIHI_00851	0
ALJPEIHI_00852	0
ALJPEIHI_00853	1
ALJPEIHI_00854	0
ALJPEIHI_00855	0
ALJPEIHI_00856	0
ALJPEIHI_00857	0
ALJPEIHI_00858	0
ALJPEIHI_00859	0
ALJPEIHI_00860	0
ALJPEIHI_00861	0
ALJPEIHI_00862	0
ALJPEIHI_00863	0
ALJPEIHI_00864	0
ALJPEIHI_00865	0
ALJPEIHI_00866	0
ALJPEIHI_00867	0
ALJPEIHI_00868	0
ALJPEIHI_00869	0
ALJPEIHI_00870	0
ALJPEIHI_00871	0
ALJPEIHI_00872	0
ALJPEIHI_00873	0
ALJPEIHI_00874	0
ALJPEIHI_00875	0
ALJPEIHI_00876	0
ALJPEIHI_00877	1
ALJPEIHI_00878	0
ALJPEIHI_00879	0
ALJPEIHI_00880	0
ALJPEIHI_00881	0
ALJPEIHI_00882	0
ALJPEIHI_00883	0
ALJPEIHI_00884	0
ALJPEIHI_00885	0
ALJPEIHI_00886	0
ALJPEIHI_00887	0
ALJPEIHI_00888	0
ALJPEIHI_00889	0
ALJPEIHI_00891	0
ALJPEIHI_00892	0
ALJPEIHI_00893	0
ALJPEIHI_00894	0
ALJPEIHI_00895	0
ALJPEIHI_00896	0
ALJPEIHI_00897	2
ALJPEIHI_00898	0
ALJPEIHI_00899	0
ALJPEIHI_00900	0
ALJPEIHI_00901	0
ALJPEIHI_00902	1
ALJPEIHI_00903	0
ALJPEIHI_00904	0
ALJPEIHI_00905	2
ALJPEIHI_00906	0
ALJPEIHI_00907	0
ALJPEIHI_00908	0
ALJPEIHI_00909	0
ALJPEIHI_00910	0
ALJPEIHI_00911	0
ALJPEIHI_00912	0
ALJPEIHI_00913	0
ALJPEIHI_00914	0
ALJPEIHI_00915	0
ALJPEIHI_00916	0
ALJPEIHI_00917	0
ALJPEIHI_00918	0
ALJPEIHI_00919	0
ALJPEIHI_00920	0
ALJPEIHI_00921	0
ALJPEIHI_00922	0
ALJPEIHI_00923	0
ALJPEIHI_00924	0
ALJPEIHI_00925	0
ALJPEIHI_00926	0
ALJPEIHI_00927	0
ALJPEIHI_00928	0
ALJPEIHI_00929	0
ALJPEIHI_00930	0
ALJPEIHI_00931	0
ALJPEIHI_00932	0
ALJPEIHI_00933	0
ALJPEIHI_00934	0
ALJPEIHI_00935	0
ALJPEIHI_00936	0
ALJPEIHI_00937	0
ALJPEIHI_00938	0
ALJPEIHI_00939	0
ALJPEIHI_00940	0
ALJPEIHI_00941	34
ALJPEIHI_00942	0
ALJPEIHI_00943	0
ALJPEIHI_00944	0
ALJPEIHI_00945	0
ALJPEIHI_00946	0
ALJPEIHI_00947	0
ALJPEIHI_00948	0
ALJPEIHI_00949	0
ALJPEIHI_00950	0
ALJPEIHI_00951	0
ALJPEIHI_00952	0
ALJPEIHI_00953	0
ALJPEIHI_00954	0
ALJPEIHI_00955	0
ALJPEIHI_00956	0
ALJPEIHI_00957	0
ALJPEIHI_00958	0
ALJPEIHI_00959	0
ALJPEIHI_00960	0
ALJPEIHI_00961	0
ALJPEIHI_00962	0
ALJPEIHI_00963	0
ALJPEIHI_00964	0
ALJPEIHI_00965	0
ALJPEIHI_00966	0
ALJPEIHI_00967	0
ALJPEIHI_00968	0
ALJPEIHI_00969	0
ALJPEIHI_00970	0
ALJPEIHI_00971	0
ALJPEIHI_00972	0
ALJPEIHI_00973	0
ALJPEIHI_00974	0
ALJPEIHI_00975	0
ALJPEIHI_00976	2
ALJPEIHI_00977	0
ALJPEIHI_00978	0
ALJPEIHI_00979	0
ALJPEIHI_00980	0
ALJPEIHI_00981	2
ALJPEIHI_00982	0
ALJPEIHI_00983	0
ALJPEIHI_00984	0
ALJPEIHI_00985	0
ALJPEIHI_00986	0
ALJPEIHI_00987	0
ALJPEIHI_00988	0
ALJPEIHI_00989	0
ALJPEIHI_00990	0
ALJPEIHI_00991	0
ALJPEIHI_00992	0
ALJPEIHI_00993	0
ALJPEIHI_00994	2
ALJPEIHI_00995	1
ALJPEIHI_00996	0
ALJPEIHI_00997	0
ALJPEIHI_00998	0
ALJPEIHI_00999	0
ALJPEIHI_01000	0
ALJPEIHI_01001	0
ALJPEIHI_01002	0
ALJPEIHI_01003	0
ALJPEIHI_01004	0
ALJPEIHI_01005	0
ALJPEIHI_01006	0
ALJPEIHI_01007	0
ALJPEIHI_01008	0
ALJPEIHI_01009	0
ALJPEIHI_01010	0
ALJPEIHI_01011	0
ALJPEIHI_01012	1
ALJPEIHI_01013	0
ALJPEIHI_01014	0
ALJPEIHI_01015	0
ALJPEIHI_01016	0
ALJPEIHI_01017	0
ALJPEIHI_01018	0
ALJPEIHI_01019	0
ALJPEIHI_01020	0
ALJPEIHI_01021	0
ALJPEIHI_01022	0
ALJPEIHI_01023	2
ALJPEIHI_01027	2
ALJPEIHI_01028	0
ALJPEIHI_01029	0
ALJPEIHI_01030	0
ALJPEIHI_01031	0
ALJPEIHI_01032	0
ALJPEIHI_01033	0
ALJPEIHI_01034	0
ALJPEIHI_01035	0
ALJPEIHI_01036	0
ALJPEIHI_01037	0
ALJPEIHI_01038	0
ALJPEIHI_01039	0
ALJPEIHI_01040	0
ALJPEIHI_01041	0
ALJPEIHI_01042	0
ALJPEIHI_01043	0
ALJPEIHI_01044	0
ALJPEIHI_01045	1
ALJPEIHI_01046	0
ALJPEIHI_01047	0
ALJPEIHI_01048	0
ALJPEIHI_01049	0
ALJPEIHI_01050	0
ALJPEIHI_01051	0
ALJPEIHI_01052	0
ALJPEIHI_01053	0
ALJPEIHI_01055	0
ALJPEIHI_01056	0
ALJPEIHI_01057	0
ALJPEIHI_01058	0
ALJPEIHI_01059	0
ALJPEIHI_01060	0
ALJPEIHI_01061	0
ALJPEIHI_01062	0
ALJPEIHI_01063	0
ALJPEIHI_01064	0
ALJPEIHI_01065	1
ALJPEIHI_01066	0
ALJPEIHI_01067	0
ALJPEIHI_01068	0
ALJPEIHI_01069	0
ALJPEIHI_01070	0
ALJPEIHI_01071	0
ALJPEIHI_01072	0
ALJPEIHI_01073	0
ALJPEIHI_01074	0
ALJPEIHI_01075	0
ALJPEIHI_01076	0
ALJPEIHI_01077	1
ALJPEIHI_01078	0
ALJPEIHI_01079	0
ALJPEIHI_01080	0
ALJPEIHI_01081	0
ALJPEIHI_01082	0
ALJPEIHI_01083	0
ALJPEIHI_01084	0
ALJPEIHI_01085	0
ALJPEIHI_01086	0
ALJPEIHI_01087	0
ALJPEIHI_01088	0
ALJPEIHI_01089	0
ALJPEIHI_01090	0
ALJPEIHI_01091	0
ALJPEIHI_01092	0
ALJPEIHI_01093	0
ALJPEIHI_01094	0
ALJPEIHI_01095	0
ALJPEIHI_01096	0
ALJPEIHI_01097	0
ALJPEIHI_01098	0
ALJPEIHI_01099	0
ALJPEIHI_01100	0
ALJPEIHI_01101	0
ALJPEIHI_01102	0
ALJPEIHI_01103	0
ALJPEIHI_01104	0
ALJPEIHI_01105	0
ALJPEIHI_01106	13
ALJPEIHI_01107	0
ALJPEIHI_01108	0
ALJPEIHI_01109	0
ALJPEIHI_01110	0
ALJPEIHI_01111	0
ALJPEIHI_01112	1
ALJPEIHI_01113	0
ALJPEIHI_01114	0
ALJPEIHI_01115	0
ALJPEIHI_01116	1
ALJPEIHI_01117	1
ALJPEIHI_01118	0
ALJPEIHI_01120	0
ALJPEIHI_01121	0
ALJPEIHI_01122	0
ALJPEIHI_01123	1
ALJPEIHI_01124	0
ALJPEIHI_01125	0
ALJPEIHI_01126	0
ALJPEIHI_01127	0
ALJPEIHI_01128	0
ALJPEIHI_01129	0
ALJPEIHI_01130	0
ALJPEIHI_01131	0
ALJPEIHI_01132	0
ALJPEIHI_01133	0
ALJPEIHI_01134	0
ALJPEIHI_01135	0
ALJPEIHI_01136	0
ALJPEIHI_01137	0
ALJPEIHI_01138	0
ALJPEIHI_01139	0
ALJPEIHI_01140	0
ALJPEIHI_01142	0
ALJPEIHI_01143	0
ALJPEIHI_01144	0
ALJPEIHI_01145	0
ALJPEIHI_01146	0
ALJPEIHI_01147	0
ALJPEIHI_01148	0
ALJPEIHI_01149	0
ALJPEIHI_01150	0
ALJPEIHI_01152	0
ALJPEIHI_01153	0
ALJPEIHI_01154	0
ALJPEIHI_01155	0
ALJPEIHI_01156	0
ALJPEIHI_01157	0
ALJPEIHI_01158	0
ALJPEIHI_01159	0
ALJPEIHI_01160	1
ALJPEIHI_01161	0
ALJPEIHI_01162	0
ALJPEIHI_01163	0
ALJPEIHI_01164	0
ALJPEIHI_01165	0
ALJPEIHI_01166	0
ALJPEIHI_01168	0
ALJPEIHI_01169	2
ALJPEIHI_01170	0
ALJPEIHI_01171	0
ALJPEIHI_01172	0
ALJPEIHI_01173	0
ALJPEIHI_01174	0
ALJPEIHI_01175	0
ALJPEIHI_01176	0
ALJPEIHI_01177	0
ALJPEIHI_01178	0
ALJPEIHI_01179	0
ALJPEIHI_01180	0
ALJPEIHI_01181	0
ALJPEIHI_01182	0
ALJPEIHI_01183	0
ALJPEIHI_01184	0
ALJPEIHI_01185	0
ALJPEIHI_01186	0
ALJPEIHI_01187	0
ALJPEIHI_01188	0
ALJPEIHI_01189	0
ALJPEIHI_01190	0
ALJPEIHI_01191	0
ALJPEIHI_01192	0
ALJPEIHI_01193	0
ALJPEIHI_01194	0
ALJPEIHI_01195	0
ALJPEIHI_01196	0
ALJPEIHI_01197	0
ALJPEIHI_01198	0
ALJPEIHI_01199	0
ALJPEIHI_01200	0
ALJPEIHI_01201	0
ALJPEIHI_01202	0
ALJPEIHI_01203	0
ALJPEIHI_01204	1
ALJPEIHI_01205	0
ALJPEIHI_01206	0
ALJPEIHI_01207	0
ALJPEIHI_01208	0
ALJPEIHI_01209	0
ALJPEIHI_01210	0
ALJPEIHI_01211	0
ALJPEIHI_01212	0
ALJPEIHI_01213	0
ALJPEIHI_01214	0
ALJPEIHI_01215	0
ALJPEIHI_01216	0
ALJPEIHI_01217	0
ALJPEIHI_01218	0
ALJPEIHI_01219	0
ALJPEIHI_01220	0
ALJPEIHI_01221	4
ALJPEIHI_01222	0
ALJPEIHI_01223	0
ALJPEIHI_01224	0
ALJPEIHI_01225	0
ALJPEIHI_01226	9
ALJPEIHI_01227	4
ALJPEIHI_01228	0
ALJPEIHI_01229	0
ALJPEIHI_01230	14
ALJPEIHI_01231	0
ALJPEIHI_01232	1
ALJPEIHI_01233	0
ALJPEIHI_01234	0
ALJPEIHI_01235	0
ALJPEIHI_01236	0
ALJPEIHI_01237	0
ALJPEIHI_01239	0
ALJPEIHI_01240	2
ALJPEIHI_01241	0
ALJPEIHI_01242	0
ALJPEIHI_01245	0
ALJPEIHI_01246	0
ALJPEIHI_01247	0
ALJPEIHI_01248	0
ALJPEIHI_01249	0
ALJPEIHI_01250	1
ALJPEIHI_01251	0
ALJPEIHI_01252	0
ALJPEIHI_01253	0
ALJPEIHI_01254	0
ALJPEIHI_01255	0
ALJPEIHI_01256	0
ALJPEIHI_01257	0
ALJPEIHI_01258	0
ALJPEIHI_01259	0
ALJPEIHI_01260	0
ALJPEIHI_01261	0
ALJPEIHI_01262	0
ALJPEIHI_01263	0
ALJPEIHI_01264	0
ALJPEIHI_01265	0
ALJPEIHI_01266	0
ALJPEIHI_01267	0
ALJPEIHI_01268	0
ALJPEIHI_01269	0
ALJPEIHI_01270	0
ALJPEIHI_01271	0
ALJPEIHI_01272	0
ALJPEIHI_01273	8
ALJPEIHI_01274	0
ALJPEIHI_01275	0
ALJPEIHI_01276	2
ALJPEIHI_01277	0
ALJPEIHI_01278	0
ALJPEIHI_01279	0
ALJPEIHI_01280	0
ALJPEIHI_01281	0
ALJPEIHI_01282	0
ALJPEIHI_01283	0
ALJPEIHI_01284	0
ALJPEIHI_01285	0
ALJPEIHI_01286	0
ALJPEIHI_01287	0
ALJPEIHI_01288	0
ALJPEIHI_01289	0
ALJPEIHI_01290	0
ALJPEIHI_01291	0
ALJPEIHI_01292	0
ALJPEIHI_01294	0
ALJPEIHI_01298	0
ALJPEIHI_01299	0
ALJPEIHI_01300	0
ALJPEIHI_01301	2
ALJPEIHI_01302	0
ALJPEIHI_01303	0
ALJPEIHI_01304	0
ALJPEIHI_01305	0
ALJPEIHI_01306	2
ALJPEIHI_01307	0
ALJPEIHI_01308	0
ALJPEIHI_01309	3
ALJPEIHI_01310	0
ALJPEIHI_01311	0
ALJPEIHI_01312	0
ALJPEIHI_01313	0
ALJPEIHI_01314	0
ALJPEIHI_01315	0
ALJPEIHI_01316	0
ALJPEIHI_01317	0
ALJPEIHI_01318	0
ALJPEIHI_01319	0
ALJPEIHI_01320	0
ALJPEIHI_01321	0
ALJPEIHI_01322	0
ALJPEIHI_01323	0
ALJPEIHI_01324	0
ALJPEIHI_01325	0
ALJPEIHI_01326	0
ALJPEIHI_01327	0
ALJPEIHI_01328	0
ALJPEIHI_01329	0
ALJPEIHI_01330	0
ALJPEIHI_01331	0
ALJPEIHI_01332	0
ALJPEIHI_01333	0
ALJPEIHI_01334	0
ALJPEIHI_01335	0
ALJPEIHI_01336	0
ALJPEIHI_01337	0
ALJPEIHI_01338	0
ALJPEIHI_01339	0
ALJPEIHI_01340	0
ALJPEIHI_01341	0
ALJPEIHI_01342	0
ALJPEIHI_01343	0
ALJPEIHI_01344	0
ALJPEIHI_01345	0
ALJPEIHI_01346	0
ALJPEIHI_01347	0
ALJPEIHI_01348	0
ALJPEIHI_01349	0
ALJPEIHI_01350	0
ALJPEIHI_01351	0
ALJPEIHI_01352	0
ALJPEIHI_01353	0
ALJPEIHI_01354	0
ALJPEIHI_01355	1
ALJPEIHI_01356	0
ALJPEIHI_01357	0
ALJPEIHI_01358	0
ALJPEIHI_01359	0
ALJPEIHI_01360	0
ALJPEIHI_01361	0
ALJPEIHI_01362	0
ALJPEIHI_01363	0
ALJPEIHI_01364	0
ALJPEIHI_01365	0
ALJPEIHI_01366	0
ALJPEIHI_01367	0
ALJPEIHI_01369	0
ALJPEIHI_01370	0
ALJPEIHI_01371	0
ALJPEIHI_01372	5
ALJPEIHI_01373	0
ALJPEIHI_01374	0
ALJPEIHI_01375	0
ALJPEIHI_01376	0
ALJPEIHI_01377	0
ALJPEIHI_01378	0
ALJPEIHI_01379	0
ALJPEIHI_01380	0
ALJPEIHI_01381	0
ALJPEIHI_01382	0
ALJPEIHI_01383	0
ALJPEIHI_01384	0
ALJPEIHI_01385	0
ALJPEIHI_01386	0
ALJPEIHI_01387	0
ALJPEIHI_01388	0
ALJPEIHI_01389	0
ALJPEIHI_01391	0
ALJPEIHI_01392	0
ALJPEIHI_01393	0
ALJPEIHI_01394	0
ALJPEIHI_01395	0
ALJPEIHI_01396	0
ALJPEIHI_01397	0
ALJPEIHI_01398	0
ALJPEIHI_01399	0
ALJPEIHI_01400	0
ALJPEIHI_01402	0
ALJPEIHI_01403	0
ALJPEIHI_01404	0
ALJPEIHI_01405	0
ALJPEIHI_01406	0
ALJPEIHI_01407	0
ALJPEIHI_01408	0
ALJPEIHI_01409	0
ALJPEIHI_01410	0
ALJPEIHI_01411	0
ALJPEIHI_01412	0
ALJPEIHI_01413	0
ALJPEIHI_01414	3
ALJPEIHI_01415	0
ALJPEIHI_01417	0
ALJPEIHI_01418	0
ALJPEIHI_01419	0
ALJPEIHI_01420	0
ALJPEIHI_01421	1
ALJPEIHI_01422	0
ALJPEIHI_01423	0
ALJPEIHI_01424	0
ALJPEIHI_01425	0
ALJPEIHI_01426	0
ALJPEIHI_01427	0
ALJPEIHI_01428	0
ALJPEIHI_01429	0
ALJPEIHI_01430	0
ALJPEIHI_01431	0
ALJPEIHI_01432	0
ALJPEIHI_01433	0
ALJPEIHI_01434	0
ALJPEIHI_01435	0
ALJPEIHI_01436	0
ALJPEIHI_01437	0
ALJPEIHI_01438	0
ALJPEIHI_01439	0
ALJPEIHI_01440	0
ALJPEIHI_01441	0
ALJPEIHI_01442	0
ALJPEIHI_01443	0
ALJPEIHI_01444	0
ALJPEIHI_01445	0
ALJPEIHI_01446	0
ALJPEIHI_01447	0
ALJPEIHI_01448	0
ALJPEIHI_01449	0
ALJPEIHI_01450	0
ALJPEIHI_01451	0
ALJPEIHI_01452	0
ALJPEIHI_01453	47
ALJPEIHI_01454	0
ALJPEIHI_01455	0
ALJPEIHI_01456	0
ALJPEIHI_01457	0
ALJPEIHI_01458	0
ALJPEIHI_01459	0
ALJPEIHI_01460	0
ALJPEIHI_01461	0
ALJPEIHI_01462	0
ALJPEIHI_01463	0
ALJPEIHI_01464	0
ALJPEIHI_01465	0
ALJPEIHI_01466	0
ALJPEIHI_01467	0
ALJPEIHI_01468	0
ALJPEIHI_01469	0
ALJPEIHI_01470	0
ALJPEIHI_01471	0
ALJPEIHI_01472	0
ALJPEIHI_01473	0
ALJPEIHI_01474	0
ALJPEIHI_01475	0
ALJPEIHI_01476	0
ALJPEIHI_01477	0
ALJPEIHI_01478	0
ALJPEIHI_01479	0
ALJPEIHI_01480	1
ALJPEIHI_01481	0
ALJPEIHI_01482	0
ALJPEIHI_01483	0
ALJPEIHI_01484	0
ALJPEIHI_01485	0
ALJPEIHI_01486	0
ALJPEIHI_01487	0
ALJPEIHI_01488	0
ALJPEIHI_01489	0
ALJPEIHI_01490	0
ALJPEIHI_01491	0
ALJPEIHI_01492	1
ALJPEIHI_01493	0
ALJPEIHI_01494	0
ALJPEIHI_01495	0
ALJPEIHI_01496	0
ALJPEIHI_01497	0
ALJPEIHI_01498	0
ALJPEIHI_01499	0
ALJPEIHI_01500	0
ALJPEIHI_01501	0
ALJPEIHI_01502	0
ALJPEIHI_01503	0
ALJPEIHI_01504	0
ALJPEIHI_01505	0
ALJPEIHI_01506	0
ALJPEIHI_01507	0
ALJPEIHI_01508	0
ALJPEIHI_01509	0
ALJPEIHI_01510	0
ALJPEIHI_01511	0
ALJPEIHI_01512	0
ALJPEIHI_01514	0
ALJPEIHI_01515	0
ALJPEIHI_01516	0
ALJPEIHI_01517	0
ALJPEIHI_01518	0
ALJPEIHI_01519	0
ALJPEIHI_01520	0
ALJPEIHI_01521	0
ALJPEIHI_01522	0
ALJPEIHI_01523	0
ALJPEIHI_01524	0
ALJPEIHI_01525	0
ALJPEIHI_01526	0
ALJPEIHI_01527	2
ALJPEIHI_01528	0
ALJPEIHI_01529	1
ALJPEIHI_01530	0
ALJPEIHI_01531	0
ALJPEIHI_01532	0
ALJPEIHI_01533	1
ALJPEIHI_01534	0
ALJPEIHI_01535	0
ALJPEIHI_01536	0
ALJPEIHI_01537	0
ALJPEIHI_01538	0
ALJPEIHI_01539	0
ALJPEIHI_01540	0
ALJPEIHI_01541	0
ALJPEIHI_01542	0
ALJPEIHI_01543	0
ALJPEIHI_01544	0
ALJPEIHI_01545	0
ALJPEIHI_01546	0
ALJPEIHI_01547	2
ALJPEIHI_01548	0
ALJPEIHI_01549	0
ALJPEIHI_01550	0
ALJPEIHI_01551	0
ALJPEIHI_01552	0
ALJPEIHI_01553	0
ALJPEIHI_01554	0
ALJPEIHI_01555	0
ALJPEIHI_01556	0
ALJPEIHI_01557	0
ALJPEIHI_01558	213
ALJPEIHI_01559	0
ALJPEIHI_01562	0
ALJPEIHI_01563	0
ALJPEIHI_01564	0
ALJPEIHI_01565	0
ALJPEIHI_01566	0
ALJPEIHI_01567	0
ALJPEIHI_01568	0
ALJPEIHI_01569	0
ALJPEIHI_01570	0
ALJPEIHI_01571	0
ALJPEIHI_01572	0
ALJPEIHI_01573	0
ALJPEIHI_01574	0
ALJPEIHI_01575	0
ALJPEIHI_01576	0
ALJPEIHI_01577	0
ALJPEIHI_01578	0
ALJPEIHI_01579	0
ALJPEIHI_01580	0
ALJPEIHI_01581	0
ALJPEIHI_01582	0
ALJPEIHI_01583	0
ALJPEIHI_01584	0
ALJPEIHI_01585	0
ALJPEIHI_01586	0
ALJPEIHI_01587	1
ALJPEIHI_01588	0
ALJPEIHI_01589	0
ALJPEIHI_01590	0
ALJPEIHI_01591	0
ALJPEIHI_01592	0
ALJPEIHI_01593	0
ALJPEIHI_01594	0
ALJPEIHI_01595	0
ALJPEIHI_01596	0
ALJPEIHI_01597	0
ALJPEIHI_01598	0
ALJPEIHI_01599	0
ALJPEIHI_01600	0
ALJPEIHI_01601	0
ALJPEIHI_01602	0
ALJPEIHI_01603	0
ALJPEIHI_01604	0
ALJPEIHI_01605	0
ALJPEIHI_01606	0
ALJPEIHI_01607	1
ALJPEIHI_01608	0
ALJPEIHI_01609	0
ALJPEIHI_01610	0
ALJPEIHI_01611	0
ALJPEIHI_01612	0
ALJPEIHI_01613	0
ALJPEIHI_01614	0
ALJPEIHI_01615	0
ALJPEIHI_01616	2
ALJPEIHI_01617	9
ALJPEIHI_01618	0
ALJPEIHI_01619	2
ALJPEIHI_01620	0
ALJPEIHI_01621	0
ALJPEIHI_01622	0
ALJPEIHI_01623	3
ALJPEIHI_01624	0
ALJPEIHI_01625	1
ALJPEIHI_01626	1
ALJPEIHI_01627	0
ALJPEIHI_01628	0
ALJPEIHI_01629	0
ALJPEIHI_01630	0
ALJPEIHI_01631	0
ALJPEIHI_01632	0
ALJPEIHI_01633	0
ALJPEIHI_01634	0
ALJPEIHI_01635	0
ALJPEIHI_01636	0
ALJPEIHI_01637	0
ALJPEIHI_01638	0
ALJPEIHI_01639	0
ALJPEIHI_01640	0
ALJPEIHI_01641	0
ALJPEIHI_01642	0
ALJPEIHI_01643	0
ALJPEIHI_01644	0
ALJPEIHI_01645	0
ALJPEIHI_01646	0
ALJPEIHI_01647	2
ALJPEIHI_01648	0
ALJPEIHI_01649	0
ALJPEIHI_01650	0
ALJPEIHI_01651	0
ALJPEIHI_01652	0
ALJPEIHI_01653	0
ALJPEIHI_01654	0
ALJPEIHI_01655	0
ALJPEIHI_01656	0
ALJPEIHI_01657	0
ALJPEIHI_01658	0
ALJPEIHI_01660	0
ALJPEIHI_01661	0
ALJPEIHI_01662	0
ALJPEIHI_01663	0
ALJPEIHI_01664	0
ALJPEIHI_01665	2
ALJPEIHI_01666	0
ALJPEIHI_01668	0
ALJPEIHI_01669	0
ALJPEIHI_01670	0
ALJPEIHI_01671	0
ALJPEIHI_01672	0
ALJPEIHI_01673	0
ALJPEIHI_01674	0
ALJPEIHI_01675	1
ALJPEIHI_01676	0
ALJPEIHI_01677	0
ALJPEIHI_01678	0
ALJPEIHI_01679	0
ALJPEIHI_01680	0
ALJPEIHI_01681	0
ALJPEIHI_01682	1
ALJPEIHI_01683	0
ALJPEIHI_01684	0
ALJPEIHI_01685	0
ALJPEIHI_01686	0
ALJPEIHI_01687	0
ALJPEIHI_01688	0
ALJPEIHI_01689	0
ALJPEIHI_01690	0
ALJPEIHI_01691	3
ALJPEIHI_01692	0
ALJPEIHI_01693	0
ALJPEIHI_01694	0
ALJPEIHI_01695	0
ALJPEIHI_01696	0
ALJPEIHI_01697	0
ALJPEIHI_01698	0
ALJPEIHI_01699	0
ALJPEIHI_01700	0
ALJPEIHI_01701	0
ALJPEIHI_01702	0
ALJPEIHI_01703	0
ALJPEIHI_01704	0
ALJPEIHI_01705	0
ALJPEIHI_01706	0
ALJPEIHI_01707	0
ALJPEIHI_01708	0
ALJPEIHI_01709	5
ALJPEIHI_01710	0
ALJPEIHI_01711	0
ALJPEIHI_01712	0
ALJPEIHI_01713	0
ALJPEIHI_01714	2
ALJPEIHI_01715	0
ALJPEIHI_01716	0
ALJPEIHI_01717	0
ALJPEIHI_01718	0
ALJPEIHI_01719	0
ALJPEIHI_01720	0
ALJPEIHI_01721	0
ALJPEIHI_01722	9
ALJPEIHI_01723	0
ALJPEIHI_01724	0
ALJPEIHI_01725	0
ALJPEIHI_01727	0
ALJPEIHI_01728	0
ALJPEIHI_01729	0
ALJPEIHI_01730	0
ALJPEIHI_01731	0
ALJPEIHI_01732	0
ALJPEIHI_01733	0
ALJPEIHI_01734	0
ALJPEIHI_01735	0
ALJPEIHI_01736	2
ALJPEIHI_01737	3
ALJPEIHI_01738	0
ALJPEIHI_01739	0
ALJPEIHI_01740	0
ALJPEIHI_01741	0
ALJPEIHI_01742	0
ALJPEIHI_01743	0
ALJPEIHI_01744	0
ALJPEIHI_01745	0
ALJPEIHI_01746	0
ALJPEIHI_01747	0
ALJPEIHI_01748	0
ALJPEIHI_01749	0
ALJPEIHI_01750	0
__no_feature	3501
__ambiguous	265
__too_low_aQual	2148
__not_aligned	691434
__alignment_not_unique	0
