[14:56:14] This is prokka 1.12
[14:56:14] Written by Torsten Seemann <torsten.seemann@gmail.com>
[14:56:14] Homepage is https://github.com/tseemann/prokka
[14:56:14] Local time is Wed Apr 29 14:56:14 2020
[14:56:14] You are joen8526
[14:56:14] Operating system is linux
[14:56:14] You have BioPerl 1.007001
[14:56:14] System has 20 cores.
[14:56:14] Will use maximum of 8 cores.
[14:56:14] Annotating as >>> Bacteria <<<
[14:56:14] Generating locus_tag from '/home/joen8526/GenomeAnalysis/data/binned_metagenome/bins_7.fa' contents.
[14:56:14] Setting --locustag MILJHNFP from MD5 625317f9c07938ca0ae0e5a53d170a19
[14:56:14] Creating new output folder: /home/joen8526/GenomeAnalysis/analyses/06_annotation_prokka/bin_7
[14:56:14] Running: mkdir -p \/home\/joen8526\/GenomeAnalysis\/analyses\/06_annotation_prokka\/bin_7
[14:56:14] Using filename prefix: prokka_7.XXX
[14:56:14] Setting HMMER_NCPU=1
[14:56:14] Writing log to: /home/joen8526/GenomeAnalysis/analyses/06_annotation_prokka/bin_7/prokka_7.log
[14:56:14] Command: /sw/bioinfo/prokka/1.12-12547ca/rackham/bin/prokka --force --prefix prokka_7 --addgenes --outdir /home/joen8526/GenomeAnalysis/analyses/06_annotation_prokka/bin_7 /home/joen8526/GenomeAnalysis/data/binned_metagenome/bins_7.fa
[14:56:14] Appending to PATH: /sw/bioinfo/prokka/1.12-12547ca/rackham/bin/../binaries/linux
[14:56:14] Appending to PATH: /sw/bioinfo/prokka/1.12-12547ca/rackham/bin/../binaries/linux/../common
[14:56:14] Appending to PATH: /sw/bioinfo/prokka/1.12-12547ca/rackham/bin
[14:56:14] Looking for 'aragorn' - found /sw/bioinfo/prokka/1.12-12547ca/rackham/bin/../binaries/linux/aragorn
[14:56:14] Determined aragorn version is 1.2
[14:56:14] Looking for 'barrnap' - found /sw/bioinfo/barrnap/0.8/rackham/bin/barrnap
[14:56:14] Determined barrnap version is 0.8
[14:56:14] Looking for 'blastp' - found /sw/bioinfo/blast/2.6.0+/rackham/bin/blastp
[14:56:14] Determined blastp version is 2.6
[14:56:14] Looking for 'cmpress' - found /sw/bioinfo/prokka/1.12-12547ca/rackham/bin/../binaries/linux/cmpress
[14:56:14] Determined cmpress version is 1.1
[14:56:14] Looking for 'cmscan' - found /sw/bioinfo/prokka/1.12-12547ca/rackham/bin/../binaries/linux/cmscan
[14:56:14] Determined cmscan version is 1.1
[14:56:14] Looking for 'egrep' - found /usr/bin/egrep
[14:56:14] Looking for 'find' - found /usr/bin/find
[14:56:14] Looking for 'grep' - found /usr/bin/grep
[14:56:14] Looking for 'hmmpress' - found /sw/apps/bioinfo/hmmer/3.1b2/rackham/bin/hmmpress
[14:56:14] Determined hmmpress version is 3.1
[14:56:14] Looking for 'hmmscan' - found /sw/apps/bioinfo/hmmer/3.1b2/rackham/bin/hmmscan
[14:56:14] Determined hmmscan version is 3.1
[14:56:14] Looking for 'java' - found /usr/bin/java
[14:56:14] Looking for 'less' - found /usr/bin/less
[14:56:14] Looking for 'makeblastdb' - found /sw/bioinfo/blast/2.6.0+/rackham/bin/makeblastdb
[14:56:14] Determined makeblastdb version is 2.6
[14:56:14] Looking for 'minced' - found /sw/apps/bioinfo/minced/0.2.0/rackham/minced
[14:56:14] Determined minced version is 2.0
[14:56:14] Looking for 'parallel' - found /sw/parallel/gnuparallel/20170122/rackham/bin/parallel
[14:56:15] Determined parallel version is 20170122
[14:56:15] Looking for 'prodigal' - found /sw/apps/bioinfo/prodigal/2.6.3/rackham/bin/prodigal
[14:56:15] Determined prodigal version is 2.6
[14:56:15] Looking for 'prokka-genbank_to_fasta_db' - found /sw/bioinfo/prokka/1.12-12547ca/rackham/bin/prokka-genbank_to_fasta_db
[14:56:15] Looking for 'sed' - found /usr/bin/sed
[14:56:15] Looking for 'signalp' - found /sw/bioinfo/SignalP/4.1f/rackham/signalp
[14:56:15] Determined signalp version is 4.1
[14:56:15] Looking for 'tbl2asn' - found /sw/bioinfo/tbl2asn/25.8/rackham/tbl2asn
[14:56:15] Determined tbl2asn version is 25.8
[14:56:15] Using genetic code table 11.
[14:56:15] Loading and checking input file: /home/joen8526/GenomeAnalysis/data/binned_metagenome/bins_7.fa
[14:56:15] Wrote 397 contigs totalling 1488453 bp.
[14:56:15] Predicting tRNAs and tmRNAs
[14:56:15] Running: aragorn -l -gc11  -w \/home\/joen8526\/GenomeAnalysis\/analyses\/06_annotation_prokka\/bin_7\/prokka_7\.fna
[14:56:15] 1 tRNA-Asn c[737,812] 34 (gtt)
[14:56:15] 1 tRNA-Met c[1567,1643] 35 (cat)
[14:56:15] 1 tRNA-Arg [1407,1483] 35 (tct)
[14:56:15] 1 tRNA-Ser [43,132] 35 (cga)
[14:56:15] 1 tRNA-Gln [929,1003] 33 (ttg)
[14:56:15] 1 tRNA-Pro [1445,1521] 35 (ggg)
[14:56:15] 1 tRNA-Ser [2843,2932] 35 (tga)
[14:56:16] 1 tRNA-Thr [2285,2360] 34 (tgt)
[14:56:16] 2 tRNA-Tyr [2366,2451] 35 (gta)
[14:56:16] 3 tRNA-Thr [2466,2540] 33 (ggt)
[14:56:16] 4 tRNA-Trp [2767,2842] 34 (cca)
[14:56:16] Found 11 tRNAs
[14:56:16] Predicting Ribosomal RNAs
[14:56:16] Running Barrnap with 8 threads
[14:56:17] Found 0 rRNAs
[14:56:17] Skipping ncRNA search, enable with --rfam if desired.
[14:56:17] Total of 11 tRNA + rRNA features
[14:56:17] Searching for CRISPR repeats
[14:56:17] Found 0 CRISPRs
[14:56:17] Predicting coding sequences
[14:56:17] Contigs total 1488453 bp, so using single mode
[14:56:17] Running: prodigal -i \/home\/joen8526\/GenomeAnalysis\/analyses\/06_annotation_prokka\/bin_7\/prokka_7\.fna -c -m -g 11 -p single -f sco -q
[14:56:22] Found 1444 CDS
[14:56:22] Connecting features back to sequences
[14:56:22] Option --gram not specified, will NOT check for signal peptides.
[14:56:22] Not using genus-specific database. Try --usegenus to enable it.
[14:56:22] Annotating CDS, please be patient.
[14:56:22] Will use 8 CPUs for similarity searching.
[14:56:22] There are still 1444 unannotated CDS left (started with 1444)
[14:56:22] Will use blast to search against /sw/bioinfo/prokka/1.12-12547ca/rackham/bin/../db/kingdom/Bacteria/sprot with 8 CPUs
[14:56:22] Running: cat \/home\/joen8526\/GenomeAnalysis\/analyses\/06_annotation_prokka\/bin_7\/sprot\.faa | parallel --gnu --plain -j 8 --block 24293 --recstart '>' --pipe blastp -query - -db /sw/bioinfo/prokka/1.12-12547ca/rackham/bin/../db/kingdom/Bacteria/sprot -evalue 1e-06 -num_threads 1 -num_descriptions 1 -num_alignments 1 -seg no > \/home\/joen8526\/GenomeAnalysis\/analyses\/06_annotation_prokka\/bin_7\/sprot\.blast 2> /dev/null
[14:57:17] Modify product: Probable 2-dehydro-3-deoxygalactonokinase DgoK1 => putative 2-dehydro-3-deoxygalactonokinase DgoK1
[14:57:17] Modify product: Probable S-adenosylmethionine-dependent methyltransferase MSMEG_2350/MSMEI_2290 => putative S-adenosylmethionine-dependent methyltransferase/MSMEI_2290
[14:57:17] Modify product: Putative monooxygenase Rv1533 => Putative monooxygenase
[14:57:17] Modify product: Uncharacterized inner membrane transporter YedA => putative inner membrane transporter YedA
[14:57:17] Modify product: Probable intracellular septation protein A => putative intracellular septation protein A
[14:57:17] Modify product: Probable phospholipid-binding protein MlaC => putative phospholipid-binding protein MlaC
[14:57:17] Modify product: Probable phospholipid-binding lipoprotein MlaA => putative phospholipid-binding lipoprotein MlaA
[14:57:17] Modify product: Uncharacterized symporter YjmB => putative symporter YjmB
[14:57:17] Modify product: Probable ABC transporter-binding protein DR_1438 => putative ABC transporter-binding protein
[14:57:17] Modify product: Uncharacterized oxidoreductase Rv0484c => putative oxidoreductase
[14:57:17] Modify product: Probable D-xylose utilization operon transcriptional repressor => putative D-xylose utilization operon transcriptional repressor
[14:57:17] Modify product: Probable dipeptidase PepE => putative dipeptidase PepE
[14:57:17] Modify product: Deacetylase Oant_2987 => Deacetylase
[14:57:17] Modify product: Putative peroxiredoxin Rv2238c => Putative peroxiredoxin
[14:57:17] Modify product: Putative peroxiredoxin Rv2238c => Putative peroxiredoxin
[14:57:17] Modify product: Probable sugar-binding periplasmic protein => putative sugar-binding periplasmic protein
[14:57:17] Modify product: Probable GTP-binding protein EngB => putative GTP-binding protein EngB
[14:57:17] Modify product: Probable peptidyl-prolyl cis-trans isomerase => putative peptidyl-prolyl cis-trans isomerase
[14:57:18] Modify product: Probable HTH-type transcriptional repressor ExuR => putative HTH-type transcriptional repressor ExuR
[14:57:18] Modify product: Probable adenylyltransferase/sulfurtransferase MoeZ => putative adenylyltransferase/sulfurtransferase MoeZ
[14:57:18] Modify product: Probable adenylyltransferase/sulfurtransferase MoeZ => putative adenylyltransferase/sulfurtransferase MoeZ
[14:57:18] Modify product: Epimerase family protein Rv2216 => Epimerase family protein
[14:57:18] Modify product: Purine-binding protein BAB2_0673 => Purine-binding protein
[14:57:18] Modify product: Probable methylxanthine N7-demethylase NdmC => putative methylxanthine N7-demethylase NdmC
[14:57:18] Modify product: Uncharacterized oxidoreductase YdhV => putative oxidoreductase YdhV
[14:57:18] Modify product: Uncharacterized ABC transporter ATP-binding protein Rv0986 => putative ABC transporter ATP-binding protein
[14:57:18] Modify product: Uncharacterized ABC transporter ATP-binding protein YxlF => putative ABC transporter ATP-binding protein YxlF
[14:57:18] Modify product: Probable cation efflux system protein Rv2025c => putative cation efflux system protein
[14:57:18] Modify product: pH-sensitive adenylate cyclase Rv1264 => pH-sensitive adenylate cyclase
[14:57:18] Modify product: Probable transcriptional regulatory protein aq_1575 => putative transcriptional regulatory protein
[14:57:18] Modify product: Uncharacterized oxidoreductase YbiC => putative oxidoreductase YbiC
[14:57:18] Modify product: Uncharacterized oxidoreductase YbiC => putative oxidoreductase YbiC
[14:57:18] Modify product: RNA-binding protein HI_1333 => RNA-binding protein
[14:57:18] Modify product: Phosphate-specific transport system accessory protein PhoU homolog => Phosphate-specific transport system accessory protein PhoU 
[14:57:18] Modify product: SCO1 protein homolog => SCO1 protein 
[14:57:18] Modify product: Nucleoid-associated protein Cthe_2143 => Nucleoid-associated protein
[14:57:18] Modify product: Probable protease SohB => putative protease SohB
[14:57:18] Modify product: Purine-binding protein BAB2_0673 => Purine-binding protein
[14:57:18] Modify product: Uncharacterized ABC transporter ATP-binding protein YknY => putative ABC transporter ATP-binding protein YknY
[14:57:18] Modify product: Probable xanthine dehydrogenase subunit A => putative xanthine dehydrogenase subunit A
[14:57:18] Modify product: Uncharacterized HTH-type transcriptional regulator HI_1476 => putative HTH-type transcriptional regulator
[14:57:18] Modify product: Uncharacterized ABC transporter ATP-binding protein YbiT => putative ABC transporter ATP-binding protein YbiT
[14:57:18] Modify product: Uncharacterized FAD-linked oxidoreductase Rv2280 => putative FAD-linked oxidoreductase
[14:57:18] Modify product: Putative esterase aq_1494 => Putative esterase
[14:57:18] Modify product: Probable cold shock protein A => putative cold shock protein A
[14:57:18] Modify product: Probable dual-specificity RNA methyltransferase RlmN => putative dual-specificity RNA methyltransferase RlmN
[14:57:18] Modify product: Probable L-galactonate transporter => putative L-galactonate transporter
[14:57:18] Modify product: Probable protein kinase UbiB => putative protein kinase UbiB
[14:57:18] Modify product: Leu/Ile/Val-binding protein homolog 3 => Leu/Ile/Val-binding protein 
[14:57:18] Modify product: Probable sulfoacetate transporter SauU => putative sulfoacetate transporter SauU
[14:57:18] Modify product: Putative esterase aq_1494 => Putative esterase
[14:57:18] Modify product: Probable aminotransferase Rv3329 => putative aminotransferase
[14:57:18] Modify product: Probable sulfoacetate--CoA ligase => putative sulfoacetate--CoA ligase
[14:57:18] Modify product: Probable tartrate dehydrogenase/decarboxylase TtuC' => putative tartrate dehydrogenase/decarboxylase TtuC'
[14:57:18] Modify product: Probable D,D-dipeptide-binding periplasmic protein DdpA => putative D,D-dipeptide-binding periplasmic protein DdpA
[14:57:18] Modify product: Probable ABC transporter-binding protein DR_1571 => putative ABC transporter-binding protein
[14:57:18] Modify product: Phosphorylated carbohydrates phosphatase TM_1254 => Phosphorylated carbohydrates phosphatase
[14:57:18] Modify product: Probable succinyl-diaminopimelate desuccinylase => putative succinyl-diaminopimelate desuccinylase
[14:57:18] Modify product: Probable GTPase Rv1496 => putative GTPase
[14:57:18] Modify product: Segregation and condensation protein B homolog => Segregation and condensation protein B 
[14:57:18] Modify product: Uncharacterized ABC transporter ATP-binding protein YxlF => putative ABC transporter ATP-binding protein YxlF
[14:57:18] Cleaned 61 /product names
[14:57:18] Deleting unwanted file: /home/joen8526/GenomeAnalysis/analyses/06_annotation_prokka/bin_7/sprot.faa
[14:57:18] Deleting unwanted file: /home/joen8526/GenomeAnalysis/analyses/06_annotation_prokka/bin_7/sprot.blast
[14:57:18] There are still 689 unannotated CDS left (started with 1444)
[14:57:18] Will use hmmer3 to search against /sw/bioinfo/prokka/1.12-12547ca/rackham/bin/../db/hmm/HAMAP.hmm with 8 CPUs
[14:57:18] Running: cat \/home\/joen8526\/GenomeAnalysis\/analyses\/06_annotation_prokka\/bin_7\/HAMAP\.hmm\.faa | parallel --gnu --plain -j 8 --block 8863 --recstart '>' --pipe hmmscan --noali --notextw --acc -E 1e-06 --cpu 1 /sw/bioinfo/prokka/1.12-12547ca/rackham/bin/../db/hmm/HAMAP.hmm /dev/stdin > \/home\/joen8526\/GenomeAnalysis\/analyses\/06_annotation_prokka\/bin_7\/HAMAP\.hmm\.hmmer3 2> /dev/null
[14:57:44] Deleting unwanted file: /home/joen8526/GenomeAnalysis/analyses/06_annotation_prokka/bin_7/HAMAP.hmm.faa
[14:57:44] Deleting unwanted file: /home/joen8526/GenomeAnalysis/analyses/06_annotation_prokka/bin_7/HAMAP.hmm.hmmer3
[14:57:44] Labelling remaining 653 proteins as 'hypothetical protein'
[14:57:44] Possible /pseudo 'Riboflavin transport system permease protein RibX' at k105_67075 position 725
[14:57:44] Possible /pseudo 'High-affinity branched-chain amino acid transport ATP-binding protein LivF' at k105_75707 position 1817
[14:57:44] Possible /pseudo 'Putative peroxiredoxin' at k105_89303 position 3019
[14:57:44] Possible /pseudo 'putative adenylyltransferase/sulfurtransferase MoeZ' at k105_112262 position 2108
[14:57:44] Possible /pseudo 'Putative peroxiredoxin bcp' at k105_156749 position 602
[14:57:44] Possible /pseudo 'Flagellin' at k105_277202 position 1748
[14:57:44] Possible /pseudo 'Flagellar protein FliS' at k105_278133 position 1810
[14:57:44] Found 618 unique /gene codes.
[14:57:44] Fixed 2 duplicate /gene - ugpB_1 ugpB_2
[14:57:44] Fixed 2 duplicate /gene - dksA_1 dksA_2
[14:57:44] Fixed 2 duplicate /gene - lptD_1 lptD_2
[14:57:44] Fixed 3 duplicate /gene - gno_1 gno_2 gno_3
[14:57:44] Fixed 2 duplicate /gene - kynU_1 kynU_2
[14:57:44] Fixed 3 duplicate /gene - gsiA_1 gsiA_2 gsiA_3
[14:57:44] Fixed 2 duplicate /gene - ftsZ_1 ftsZ_2
[14:57:44] Fixed 2 duplicate /gene - ycjO_1 ycjO_2
[14:57:44] Fixed 2 duplicate /gene - gloB_1 gloB_2
[14:57:44] Fixed 5 duplicate /gene - araQ_1 araQ_2 araQ_3 araQ_4 araQ_5
[14:57:44] Fixed 2 duplicate /gene - livK_1 livK_2
[14:57:44] Fixed 2 duplicate /gene - opuAA_1 opuAA_2
[14:57:44] Fixed 2 duplicate /gene - def_1 def_2
[14:57:44] Fixed 2 duplicate /gene - ycjP_1 ycjP_2
[14:57:44] Fixed 3 duplicate /gene - ectD_1 ectD_2 ectD_3
[14:57:44] Fixed 2 duplicate /gene - resA_1 resA_2
[14:57:44] Fixed 4 duplicate /gene - livH_1 livH_2 livH_3 livH_4
[14:57:44] Fixed 3 duplicate /gene - pal_1 pal_2 pal_3
[14:57:44] Fixed 2 duplicate /gene - mutX_1 mutX_2
[14:57:44] Fixed 2 duplicate /gene - ribX_1 ribX_2
[14:57:44] Fixed 2 duplicate /gene - exbD_1 exbD_2
[14:57:44] Fixed 2 duplicate /gene - ligA_1 ligA_2
[14:57:44] Fixed 2 duplicate /gene - pomA_1 pomA_2
[14:57:44] Fixed 2 duplicate /gene - potA_1 potA_2
[14:57:44] Fixed 2 duplicate /gene - exbB_1 exbB_2
[14:57:44] Fixed 3 duplicate /gene - gstB_1 gstB_2 gstB_3
[14:57:44] Fixed 3 duplicate /gene - bepA_1 bepA_2 bepA_3
[14:57:44] Fixed 2 duplicate /gene - yccM_1 yccM_2
[14:57:44] Fixed 2 duplicate /gene - comC_1 comC_2
[14:57:44] Fixed 2 duplicate /gene - acs_1 acs_2
[14:57:44] Fixed 2 duplicate /gene - moeZ_1 moeZ_2
[14:57:44] Fixed 2 duplicate /gene - tmpC_1 tmpC_2
[14:57:44] Fixed 2 duplicate /gene - dppC_1 dppC_2
[14:57:44] Fixed 3 duplicate /gene - mglA_1 mglA_2 mglA_3
[14:57:44] Fixed 2 duplicate /gene - fusA_1 fusA_2
[14:57:44] Fixed 2 duplicate /gene - glpC_1 glpC_2
[14:57:44] Fixed 3 duplicate /gene - pkn1_1 pkn1_2 pkn1_3
[14:57:44] Fixed 2 duplicate /gene - metH_1 metH_2
[14:57:44] Fixed 2 duplicate /gene - lpxP_1 lpxP_2
[14:57:44] Fixed 2 duplicate /gene - fliC_1 fliC_2
[14:57:44] Fixed 2 duplicate /gene - zraR_1 zraR_2
[14:57:44] Fixed 2 duplicate /gene - rbsC_1 rbsC_2
[14:57:44] Fixed 3 duplicate /gene - glpE_1 glpE_2 glpE_3
[14:57:44] Fixed 2 duplicate /gene - ankX_1 ankX_2
[14:57:44] Fixed 3 duplicate /gene - dmdA_1 dmdA_2 dmdA_3
[14:57:44] Fixed 2 duplicate /gene - fliG_1 fliG_2
[14:57:44] Fixed 2 duplicate /gene - pyrD_1 pyrD_2
[14:57:44] Fixed 2 duplicate /gene - afr_1 afr_2
[14:57:44] Fixed 7 duplicate /gene - livF_1 livF_2 livF_3 livF_4 livF_5 livF_6 livF_7
[14:57:44] Fixed 2 duplicate /gene - zraS_1 zraS_2
[14:57:44] Fixed 2 duplicate /gene - cuyA_1 cuyA_2
[14:57:44] Fixed 3 duplicate /gene - fabG_1 fabG_2 fabG_3
[14:57:44] Fixed 4 duplicate /gene - hag_1 hag_2 hag_3 hag_4
[14:57:44] Fixed 2 duplicate /gene - lon2_1 lon2_2
[14:57:44] Fixed 4 duplicate /gene - gsiC_1 gsiC_2 gsiC_3 gsiC_4
[14:57:44] Fixed 2 duplicate /gene - rbsA_1 rbsA_2
[14:57:44] Fixed 3 duplicate /gene - dapA_1 dapA_2 dapA_3
[14:57:44] Fixed 3 duplicate /gene - lacF_1 lacF_2 lacF_3
[14:57:44] Fixed 2 duplicate /gene - msmE_1 msmE_2
[14:57:44] Fixed 2 duplicate /gene - yfcG_1 yfcG_2
[14:57:44] Fixed 2 duplicate /gene - fadB_1 fadB_2
[14:57:44] Fixed 4 duplicate /gene - gatA_1 gatA_2 gatA_3 gatA_4
[14:57:44] Fixed 2 duplicate /gene - folK_1 folK_2
[14:57:44] Fixed 2 duplicate /gene - scpA_1 scpA_2
[14:57:44] Fixed 3 duplicate /gene - gcvT_1 gcvT_2 gcvT_3
[14:57:44] Fixed 2 duplicate /gene - ybiC_1 ybiC_2
[14:57:44] Fixed 2 duplicate /gene - lpxH_1 lpxH_2
[14:57:44] Fixed 2 duplicate /gene - lptB_1 lptB_2
[14:57:44] Fixed 2 duplicate /gene - dmg_1 dmg_2
[14:57:44] Fixed 2 duplicate /gene - fliS_1 fliS_2
[14:57:44] Fixed 2 duplicate /gene - motB_1 motB_2
[14:57:44] Fixed 5 duplicate /gene - fliN_1 fliN_2 fliN_3 fliN_4 fliN_5
[14:57:44] Fixed 2 duplicate /gene - argF_1 argF_2
[14:57:44] Fixed 2 duplicate /gene - mreB_1 mreB_2
[14:57:44] Fixed 2 duplicate /gene - Hgd_1 Hgd_2
[14:57:44] Fixed 2 duplicate /gene - bcp_1 bcp_2
[14:57:44] Fixed 2 duplicate /gene - puuB_1 puuB_2
[14:57:44] Fixed 3 duplicate /gene - fliM_1 fliM_2 fliM_3
[14:57:44] Fixed 2 duplicate /gene - yxlF_1 yxlF_2
[14:57:44] Fixed 2 duplicate /gene - apc3_1 apc3_2
[14:57:44] Fixed 2 duplicate /gene - ribD_1 ribD_2
[14:57:44] Fixed 2 duplicate /gene - mgl_1 mgl_2
[14:57:44] Fixed 2 duplicate /gene - cymR_1 cymR_2
[14:57:44] Fixed 83 colliding /gene names.
[14:57:44] Adding /locus_tag identifiers
[14:57:44] Assigned 1455 locus_tags to CDS and RNA features.
[14:57:44] Writing outputs to /home/joen8526/GenomeAnalysis/analyses/06_annotation_prokka/bin_7/
[14:57:45] Generating annotation statistics file
[14:57:45] Generating Genbank and Sequin files
[14:57:45] Running: tbl2asn -V b -a r10k -l paired-ends -M n -N 1 -y 'Annotated using prokka 1.12 from https://github.com/tseemann/prokka' -Z \/home\/joen8526\/GenomeAnalysis\/analyses\/06_annotation_prokka\/bin_7\/prokka_7\.err -i \/home\/joen8526\/GenomeAnalysis\/analyses\/06_annotation_prokka\/bin_7\/prokka_7\.fsa 2> /dev/null
[14:57:48] Deleting unwanted file: /home/joen8526/GenomeAnalysis/analyses/06_annotation_prokka/bin_7/errorsummary.val
[14:57:48] Deleting unwanted file: /home/joen8526/GenomeAnalysis/analyses/06_annotation_prokka/bin_7/prokka_7.dr
[14:57:48] Deleting unwanted file: /home/joen8526/GenomeAnalysis/analyses/06_annotation_prokka/bin_7/prokka_7.fixedproducts
[14:57:48] Deleting unwanted file: /home/joen8526/GenomeAnalysis/analyses/06_annotation_prokka/bin_7/prokka_7.ecn
[14:57:48] Deleting unwanted file: /home/joen8526/GenomeAnalysis/analyses/06_annotation_prokka/bin_7/prokka_7.val
[14:57:48] Repairing broken .GBK output that tbl2asn produces...
[14:57:48] Running: sed 's/COORDINATES: profile/COORDINATES:profile/' < \/home\/joen8526\/GenomeAnalysis\/analyses\/06_annotation_prokka\/bin_7\/prokka_7\.gbf > \/home\/joen8526\/GenomeAnalysis\/analyses\/06_annotation_prokka\/bin_7\/prokka_7\.gbk
[14:57:48] Deleting unwanted file: /home/joen8526/GenomeAnalysis/analyses/06_annotation_prokka/bin_7/prokka_7.gbf
[14:57:48] Output files:
[14:57:48] /home/joen8526/GenomeAnalysis/analyses/06_annotation_prokka/bin_7/prokka_7.log
[14:57:48] /home/joen8526/GenomeAnalysis/analyses/06_annotation_prokka/bin_7/prokka_7.fna
[14:57:48] /home/joen8526/GenomeAnalysis/analyses/06_annotation_prokka/bin_7/prokka_7.gff
[14:57:48] /home/joen8526/GenomeAnalysis/analyses/06_annotation_prokka/bin_7/prokka_7.faa
[14:57:48] /home/joen8526/GenomeAnalysis/analyses/06_annotation_prokka/bin_7/prokka_7.ffn
[14:57:48] /home/joen8526/GenomeAnalysis/analyses/06_annotation_prokka/bin_7/prokka_7.tbl
[14:57:48] /home/joen8526/GenomeAnalysis/analyses/06_annotation_prokka/bin_7/prokka_7.fsa
[14:57:48] /home/joen8526/GenomeAnalysis/analyses/06_annotation_prokka/bin_7/prokka_7.tsv
[14:57:48] /home/joen8526/GenomeAnalysis/analyses/06_annotation_prokka/bin_7/prokka_7.txt
[14:57:48] /home/joen8526/GenomeAnalysis/analyses/06_annotation_prokka/bin_7/prokka_7.sqn
[14:57:48] /home/joen8526/GenomeAnalysis/analyses/06_annotation_prokka/bin_7/prokka_7.gbk
[14:57:48] /home/joen8526/GenomeAnalysis/analyses/06_annotation_prokka/bin_7/prokka_7.err
[14:57:48] Annotation finished successfully.
[14:57:48] Walltime used: 1.57 minutes
[14:57:48] If you use this result please cite the Prokka paper:
[14:57:48] Seemann T (2014) Prokka: rapid prokaryotic genome annotation. Bioinformatics. 30(14):2068-9.
[14:57:48] Type 'prokka --citation' for more details.
[14:57:48] Thank you, come again.
