PACEHLGO_00001	0
PACEHLGO_00002	0
PACEHLGO_00003	0
PACEHLGO_00004	0
PACEHLGO_00005	0
PACEHLGO_00006	0
PACEHLGO_00007	1
PACEHLGO_00008	0
PACEHLGO_00009	0
PACEHLGO_00010	0
PACEHLGO_00011	0
PACEHLGO_00012	0
PACEHLGO_00013	0
PACEHLGO_00014	0
PACEHLGO_00015	0
PACEHLGO_00016	0
PACEHLGO_00017	0
PACEHLGO_00018	0
PACEHLGO_00019	0
PACEHLGO_00020	0
PACEHLGO_00021	0
PACEHLGO_00022	0
PACEHLGO_00023	0
PACEHLGO_00024	0
PACEHLGO_00025	0
PACEHLGO_00026	0
PACEHLGO_00027	0
PACEHLGO_00028	3
PACEHLGO_00030	5
PACEHLGO_00031	0
PACEHLGO_00032	1
PACEHLGO_00033	0
PACEHLGO_00034	0
PACEHLGO_00036	0
PACEHLGO_00037	0
PACEHLGO_00038	0
PACEHLGO_00039	0
PACEHLGO_00040	0
PACEHLGO_00041	0
PACEHLGO_00042	0
PACEHLGO_00043	0
PACEHLGO_00044	0
PACEHLGO_00045	0
PACEHLGO_00046	0
PACEHLGO_00047	0
PACEHLGO_00048	0
PACEHLGO_00049	0
PACEHLGO_00050	0
PACEHLGO_00051	0
PACEHLGO_00052	0
PACEHLGO_00053	0
PACEHLGO_00054	2
PACEHLGO_00055	0
PACEHLGO_00056	0
PACEHLGO_00057	0
PACEHLGO_00058	0
PACEHLGO_00059	0
PACEHLGO_00060	0
PACEHLGO_00061	0
PACEHLGO_00062	0
PACEHLGO_00063	0
PACEHLGO_00064	0
PACEHLGO_00065	2
PACEHLGO_00066	0
PACEHLGO_00067	0
PACEHLGO_00068	0
PACEHLGO_00069	0
PACEHLGO_00070	0
PACEHLGO_00071	0
PACEHLGO_00072	0
PACEHLGO_00073	0
PACEHLGO_00074	0
PACEHLGO_00075	0
PACEHLGO_00076	0
PACEHLGO_00077	0
PACEHLGO_00078	0
PACEHLGO_00079	0
PACEHLGO_00080	0
PACEHLGO_00081	0
PACEHLGO_00082	0
PACEHLGO_00083	0
PACEHLGO_00084	0
PACEHLGO_00085	0
PACEHLGO_00086	0
PACEHLGO_00087	2
PACEHLGO_00088	0
PACEHLGO_00089	0
PACEHLGO_00090	1
PACEHLGO_00091	0
PACEHLGO_00092	0
PACEHLGO_00093	0
PACEHLGO_00094	0
PACEHLGO_00095	0
PACEHLGO_00096	0
PACEHLGO_00097	0
PACEHLGO_00098	0
PACEHLGO_00099	0
PACEHLGO_00100	0
PACEHLGO_00101	0
PACEHLGO_00102	0
PACEHLGO_00103	0
PACEHLGO_00104	0
PACEHLGO_00105	0
PACEHLGO_00106	0
PACEHLGO_00107	0
PACEHLGO_00108	0
PACEHLGO_00109	0
PACEHLGO_00110	0
PACEHLGO_00111	0
PACEHLGO_00112	0
PACEHLGO_00113	0
PACEHLGO_00114	0
PACEHLGO_00115	0
PACEHLGO_00116	0
PACEHLGO_00117	0
PACEHLGO_00118	0
PACEHLGO_00119	0
PACEHLGO_00120	0
PACEHLGO_00121	0
PACEHLGO_00122	0
PACEHLGO_00123	0
PACEHLGO_00124	2
PACEHLGO_00125	0
PACEHLGO_00126	0
PACEHLGO_00127	0
PACEHLGO_00128	0
PACEHLGO_00129	4
PACEHLGO_00130	0
PACEHLGO_00131	3
PACEHLGO_00132	0
PACEHLGO_00133	0
PACEHLGO_00134	0
PACEHLGO_00135	3
PACEHLGO_00136	0
PACEHLGO_00137	3
PACEHLGO_00138	0
PACEHLGO_00139	0
PACEHLGO_00140	0
PACEHLGO_00141	0
PACEHLGO_00142	3
PACEHLGO_00143	0
PACEHLGO_00144	1
PACEHLGO_00145	0
PACEHLGO_00146	0
PACEHLGO_00147	0
PACEHLGO_00148	0
PACEHLGO_00149	0
PACEHLGO_00150	1
PACEHLGO_00151	0
PACEHLGO_00152	2
PACEHLGO_00153	0
PACEHLGO_00154	0
PACEHLGO_00155	0
PACEHLGO_00156	0
PACEHLGO_00157	0
PACEHLGO_00158	0
PACEHLGO_00159	0
PACEHLGO_00160	0
PACEHLGO_00161	0
PACEHLGO_00162	1
PACEHLGO_00163	0
PACEHLGO_00164	0
PACEHLGO_00165	0
PACEHLGO_00166	0
PACEHLGO_00167	0
PACEHLGO_00168	0
PACEHLGO_00169	1
PACEHLGO_00170	0
PACEHLGO_00172	0
PACEHLGO_00173	0
PACEHLGO_00174	0
PACEHLGO_00175	0
PACEHLGO_00176	0
PACEHLGO_00177	0
PACEHLGO_00178	0
PACEHLGO_00179	0
PACEHLGO_00180	0
PACEHLGO_00181	0
PACEHLGO_00182	2
PACEHLGO_00183	0
PACEHLGO_00184	0
PACEHLGO_00185	0
PACEHLGO_00186	0
PACEHLGO_00187	0
PACEHLGO_00188	0
PACEHLGO_00189	1
PACEHLGO_00190	0
PACEHLGO_00191	0
PACEHLGO_00192	0
PACEHLGO_00193	0
PACEHLGO_00194	0
PACEHLGO_00195	0
PACEHLGO_00196	0
PACEHLGO_00197	0
PACEHLGO_00198	0
PACEHLGO_00199	0
PACEHLGO_00200	0
PACEHLGO_00201	0
PACEHLGO_00202	0
PACEHLGO_00204	0
PACEHLGO_00205	1
PACEHLGO_00206	0
PACEHLGO_00207	0
PACEHLGO_00208	0
PACEHLGO_00209	0
PACEHLGO_00210	0
PACEHLGO_00211	0
PACEHLGO_00212	1
PACEHLGO_00213	0
PACEHLGO_00214	0
PACEHLGO_00215	0
PACEHLGO_00216	0
PACEHLGO_00217	0
PACEHLGO_00218	0
PACEHLGO_00219	0
PACEHLGO_00220	0
PACEHLGO_00221	0
PACEHLGO_00222	0
PACEHLGO_00223	0
PACEHLGO_00224	2
PACEHLGO_00225	0
PACEHLGO_00226	0
PACEHLGO_00227	0
PACEHLGO_00228	0
PACEHLGO_00229	0
PACEHLGO_00230	0
PACEHLGO_00231	0
PACEHLGO_00232	0
PACEHLGO_00233	0
PACEHLGO_00234	0
PACEHLGO_00235	0
PACEHLGO_00236	3
PACEHLGO_00237	0
PACEHLGO_00238	0
PACEHLGO_00239	0
PACEHLGO_00240	0
PACEHLGO_00241	0
PACEHLGO_00242	0
PACEHLGO_00243	0
PACEHLGO_00244	0
PACEHLGO_00245	0
PACEHLGO_00246	0
PACEHLGO_00247	0
PACEHLGO_00248	0
PACEHLGO_00249	0
PACEHLGO_00250	0
PACEHLGO_00251	0
PACEHLGO_00252	0
PACEHLGO_00253	1
PACEHLGO_00254	0
PACEHLGO_00255	0
PACEHLGO_00256	2
PACEHLGO_00257	0
PACEHLGO_00258	0
PACEHLGO_00259	0
PACEHLGO_00260	0
PACEHLGO_00261	0
PACEHLGO_00262	0
PACEHLGO_00263	0
PACEHLGO_00264	0
PACEHLGO_00265	1
PACEHLGO_00266	0
PACEHLGO_00267	1
PACEHLGO_00268	0
PACEHLGO_00269	0
PACEHLGO_00270	0
PACEHLGO_00271	0
PACEHLGO_00272	0
PACEHLGO_00273	0
PACEHLGO_00274	0
PACEHLGO_00275	0
PACEHLGO_00276	0
PACEHLGO_00277	0
PACEHLGO_00278	0
PACEHLGO_00279	0
PACEHLGO_00280	1
PACEHLGO_00281	0
PACEHLGO_00282	0
PACEHLGO_00283	0
PACEHLGO_00284	1
PACEHLGO_00285	0
PACEHLGO_00286	0
PACEHLGO_00287	0
PACEHLGO_00288	0
PACEHLGO_00289	0
PACEHLGO_00290	0
PACEHLGO_00291	0
PACEHLGO_00292	0
PACEHLGO_00293	0
PACEHLGO_00295	0
PACEHLGO_00296	1
PACEHLGO_00297	0
PACEHLGO_00298	0
PACEHLGO_00299	0
PACEHLGO_00300	0
PACEHLGO_00301	0
PACEHLGO_00302	0
PACEHLGO_00303	0
PACEHLGO_00304	0
PACEHLGO_00305	0
PACEHLGO_00306	0
PACEHLGO_00307	0
PACEHLGO_00308	1
PACEHLGO_00309	0
PACEHLGO_00310	2
PACEHLGO_00311	0
PACEHLGO_00312	3
PACEHLGO_00313	0
PACEHLGO_00314	0
PACEHLGO_00315	0
PACEHLGO_00316	0
PACEHLGO_00317	0
PACEHLGO_00318	0
PACEHLGO_00319	0
PACEHLGO_00320	2
PACEHLGO_00321	0
PACEHLGO_00322	2
PACEHLGO_00323	0
PACEHLGO_00324	0
PACEHLGO_00325	1
PACEHLGO_00326	0
PACEHLGO_00327	1
PACEHLGO_00328	0
PACEHLGO_00329	0
PACEHLGO_00330	0
PACEHLGO_00331	1
PACEHLGO_00332	0
PACEHLGO_00333	2
PACEHLGO_00334	2
PACEHLGO_00335	0
PACEHLGO_00336	0
PACEHLGO_00337	0
PACEHLGO_00338	1
PACEHLGO_00339	0
PACEHLGO_00340	1
PACEHLGO_00341	0
PACEHLGO_00342	0
PACEHLGO_00343	0
PACEHLGO_00344	0
PACEHLGO_00345	0
PACEHLGO_00346	0
PACEHLGO_00347	0
PACEHLGO_00348	0
PACEHLGO_00352	0
PACEHLGO_00353	0
PACEHLGO_00354	0
PACEHLGO_00355	0
PACEHLGO_00356	0
PACEHLGO_00357	0
PACEHLGO_00358	0
PACEHLGO_00359	0
PACEHLGO_00360	0
PACEHLGO_00361	0
PACEHLGO_00362	0
PACEHLGO_00363	0
PACEHLGO_00364	0
PACEHLGO_00365	0
PACEHLGO_00366	0
PACEHLGO_00367	0
PACEHLGO_00368	0
PACEHLGO_00369	0
PACEHLGO_00370	0
PACEHLGO_00372	0
PACEHLGO_00373	0
PACEHLGO_00374	0
PACEHLGO_00375	0
PACEHLGO_00376	0
PACEHLGO_00377	1
PACEHLGO_00378	0
PACEHLGO_00379	0
PACEHLGO_00380	0
PACEHLGO_00381	0
PACEHLGO_00382	0
PACEHLGO_00383	0
PACEHLGO_00384	0
PACEHLGO_00385	0
PACEHLGO_00386	0
PACEHLGO_00387	0
PACEHLGO_00388	0
PACEHLGO_00389	0
PACEHLGO_00390	0
PACEHLGO_00391	0
PACEHLGO_00392	0
PACEHLGO_00393	0
PACEHLGO_00394	0
PACEHLGO_00395	0
PACEHLGO_00396	0
PACEHLGO_00398	0
PACEHLGO_00400	0
PACEHLGO_00401	2
PACEHLGO_00402	2
PACEHLGO_00403	0
PACEHLGO_00404	0
PACEHLGO_00405	0
PACEHLGO_00406	0
PACEHLGO_00407	0
PACEHLGO_00408	0
PACEHLGO_00409	0
PACEHLGO_00410	0
PACEHLGO_00411	0
PACEHLGO_00412	0
PACEHLGO_00413	0
PACEHLGO_00414	2
PACEHLGO_00415	0
PACEHLGO_00416	0
PACEHLGO_00417	4
PACEHLGO_00418	0
PACEHLGO_00419	0
PACEHLGO_00420	0
PACEHLGO_00421	0
PACEHLGO_00422	0
PACEHLGO_00423	2
PACEHLGO_00424	0
PACEHLGO_00425	0
PACEHLGO_00426	0
PACEHLGO_00427	1
PACEHLGO_00428	0
PACEHLGO_00429	2
PACEHLGO_00430	0
PACEHLGO_00431	0
PACEHLGO_00432	1
PACEHLGO_00433	3
PACEHLGO_00434	2
PACEHLGO_00435	0
PACEHLGO_00436	0
PACEHLGO_00437	0
PACEHLGO_00438	0
PACEHLGO_00439	0
PACEHLGO_00440	0
PACEHLGO_00441	0
PACEHLGO_00442	0
PACEHLGO_00443	0
PACEHLGO_00444	0
PACEHLGO_00445	0
PACEHLGO_00446	0
PACEHLGO_00447	0
PACEHLGO_00448	0
PACEHLGO_00449	0
PACEHLGO_00450	0
PACEHLGO_00451	0
PACEHLGO_00452	0
PACEHLGO_00453	0
PACEHLGO_00454	0
PACEHLGO_00455	0
PACEHLGO_00456	0
PACEHLGO_00458	0
PACEHLGO_00459	0
PACEHLGO_00460	0
PACEHLGO_00461	0
PACEHLGO_00462	0
PACEHLGO_00463	0
PACEHLGO_00464	1
PACEHLGO_00465	0
PACEHLGO_00466	0
PACEHLGO_00467	0
PACEHLGO_00468	0
PACEHLGO_00469	0
PACEHLGO_00470	0
PACEHLGO_00471	0
PACEHLGO_00472	0
PACEHLGO_00473	0
PACEHLGO_00474	2
PACEHLGO_00475	0
PACEHLGO_00476	0
PACEHLGO_00477	0
PACEHLGO_00478	1
PACEHLGO_00479	0
PACEHLGO_00480	0
PACEHLGO_00481	0
PACEHLGO_00482	0
PACEHLGO_00483	0
PACEHLGO_00484	0
PACEHLGO_00485	0
PACEHLGO_00486	0
PACEHLGO_00487	0
PACEHLGO_00488	0
PACEHLGO_00489	0
PACEHLGO_00490	0
PACEHLGO_00491	0
PACEHLGO_00492	0
PACEHLGO_00493	0
PACEHLGO_00494	0
PACEHLGO_00495	0
PACEHLGO_00496	0
PACEHLGO_00497	0
PACEHLGO_00498	0
PACEHLGO_00499	0
PACEHLGO_00500	0
PACEHLGO_00501	0
PACEHLGO_00502	0
PACEHLGO_00503	0
PACEHLGO_00504	0
PACEHLGO_00505	7
PACEHLGO_00506	0
PACEHLGO_00507	0
PACEHLGO_00508	0
PACEHLGO_00509	0
PACEHLGO_00510	0
PACEHLGO_00511	0
PACEHLGO_00512	0
PACEHLGO_00513	0
PACEHLGO_00514	0
PACEHLGO_00515	1
PACEHLGO_00516	1
PACEHLGO_00517	0
PACEHLGO_00518	0
PACEHLGO_00519	0
PACEHLGO_00520	0
PACEHLGO_00521	0
PACEHLGO_00522	0
PACEHLGO_00523	0
PACEHLGO_00524	0
PACEHLGO_00525	0
PACEHLGO_00526	0
PACEHLGO_00527	1
PACEHLGO_00528	0
PACEHLGO_00529	0
PACEHLGO_00530	0
PACEHLGO_00531	2
PACEHLGO_00532	1
PACEHLGO_00533	0
PACEHLGO_00534	0
PACEHLGO_00535	0
PACEHLGO_00536	0
PACEHLGO_00537	0
PACEHLGO_00538	1
PACEHLGO_00539	1
PACEHLGO_00540	0
PACEHLGO_00541	0
PACEHLGO_00542	2
PACEHLGO_00543	3
PACEHLGO_00544	1
PACEHLGO_00545	0
PACEHLGO_00546	0
PACEHLGO_00547	0
PACEHLGO_00548	0
PACEHLGO_00549	0
PACEHLGO_00550	0
PACEHLGO_00551	0
PACEHLGO_00552	1
PACEHLGO_00553	0
PACEHLGO_00554	0
PACEHLGO_00555	0
PACEHLGO_00556	4
PACEHLGO_00557	0
PACEHLGO_00558	3
PACEHLGO_00559	0
PACEHLGO_00560	4
PACEHLGO_00561	0
PACEHLGO_00562	0
PACEHLGO_00563	0
PACEHLGO_00564	0
PACEHLGO_00565	0
PACEHLGO_00566	0
PACEHLGO_00567	0
PACEHLGO_00568	0
PACEHLGO_00570	3
PACEHLGO_00572	0
PACEHLGO_00573	0
PACEHLGO_00574	0
PACEHLGO_00575	1
PACEHLGO_00576	0
PACEHLGO_00577	0
PACEHLGO_00578	0
PACEHLGO_00579	0
PACEHLGO_00580	0
PACEHLGO_00581	0
PACEHLGO_00582	0
PACEHLGO_00583	0
PACEHLGO_00584	0
PACEHLGO_00585	0
PACEHLGO_00586	0
PACEHLGO_00587	0
PACEHLGO_00588	0
PACEHLGO_00589	0
PACEHLGO_00590	0
PACEHLGO_00591	0
PACEHLGO_00592	0
PACEHLGO_00593	0
PACEHLGO_00594	0
PACEHLGO_00595	0
PACEHLGO_00596	0
PACEHLGO_00597	0
PACEHLGO_00598	0
PACEHLGO_00599	0
PACEHLGO_00600	0
PACEHLGO_00601	1
PACEHLGO_00602	0
PACEHLGO_00603	3
PACEHLGO_00604	1
PACEHLGO_00605	1
PACEHLGO_00606	0
PACEHLGO_00607	0
PACEHLGO_00608	7
PACEHLGO_00609	1
PACEHLGO_00610	0
PACEHLGO_00611	0
PACEHLGO_00612	0
PACEHLGO_00613	1
PACEHLGO_00614	1
PACEHLGO_00615	0
PACEHLGO_00616	0
PACEHLGO_00617	1
PACEHLGO_00618	0
PACEHLGO_00619	0
PACEHLGO_00620	0
PACEHLGO_00621	0
PACEHLGO_00622	0
PACEHLGO_00623	0
PACEHLGO_00624	0
PACEHLGO_00625	0
PACEHLGO_00626	0
PACEHLGO_00627	0
PACEHLGO_00628	0
PACEHLGO_00629	0
PACEHLGO_00630	2
PACEHLGO_00631	0
PACEHLGO_00632	2
PACEHLGO_00633	0
PACEHLGO_00634	0
PACEHLGO_00635	0
PACEHLGO_00636	0
PACEHLGO_00637	0
PACEHLGO_00638	0
PACEHLGO_00639	2
PACEHLGO_00640	0
PACEHLGO_00641	0
PACEHLGO_00642	0
PACEHLGO_00643	0
PACEHLGO_00644	0
PACEHLGO_00645	0
PACEHLGO_00646	0
PACEHLGO_00647	0
PACEHLGO_00648	0
PACEHLGO_00649	0
PACEHLGO_00650	3
PACEHLGO_00651	0
PACEHLGO_00652	0
PACEHLGO_00653	0
PACEHLGO_00654	0
PACEHLGO_00655	0
PACEHLGO_00656	1
PACEHLGO_00657	0
PACEHLGO_00658	0
PACEHLGO_00659	0
PACEHLGO_00660	0
PACEHLGO_00661	0
PACEHLGO_00662	0
PACEHLGO_00663	0
PACEHLGO_00664	0
PACEHLGO_00665	0
PACEHLGO_00666	1
PACEHLGO_00667	0
PACEHLGO_00668	0
PACEHLGO_00669	0
PACEHLGO_00670	0
PACEHLGO_00671	1
PACEHLGO_00672	0
PACEHLGO_00673	0
PACEHLGO_00674	0
PACEHLGO_00675	0
PACEHLGO_00676	0
PACEHLGO_00677	0
PACEHLGO_00678	0
PACEHLGO_00679	1
PACEHLGO_00680	0
PACEHLGO_00681	1
PACEHLGO_00682	0
PACEHLGO_00683	0
PACEHLGO_00684	3
PACEHLGO_00685	2
PACEHLGO_00686	24
PACEHLGO_00687	13
PACEHLGO_00688	1
PACEHLGO_00689	1
PACEHLGO_00690	0
PACEHLGO_00691	0
PACEHLGO_00692	12
PACEHLGO_00693	0
PACEHLGO_00694	0
PACEHLGO_00695	0
PACEHLGO_00696	0
PACEHLGO_00697	1
PACEHLGO_00698	0
PACEHLGO_00699	0
PACEHLGO_00700	0
PACEHLGO_00701	1
PACEHLGO_00702	1
PACEHLGO_00703	0
PACEHLGO_00704	0
PACEHLGO_00705	0
PACEHLGO_00706	0
PACEHLGO_00707	0
PACEHLGO_00708	0
PACEHLGO_00709	0
PACEHLGO_00710	0
PACEHLGO_00711	0
PACEHLGO_00712	0
PACEHLGO_00713	1
PACEHLGO_00714	0
PACEHLGO_00715	0
PACEHLGO_00716	0
PACEHLGO_00717	0
PACEHLGO_00718	0
PACEHLGO_00719	0
PACEHLGO_00720	0
PACEHLGO_00721	0
PACEHLGO_00722	0
PACEHLGO_00723	0
PACEHLGO_00724	1
PACEHLGO_00725	1
PACEHLGO_00726	0
PACEHLGO_00728	0
PACEHLGO_00729	0
PACEHLGO_00730	0
PACEHLGO_00731	2
PACEHLGO_00732	0
PACEHLGO_00733	0
PACEHLGO_00734	0
PACEHLGO_00735	0
PACEHLGO_00736	0
PACEHLGO_00737	2
PACEHLGO_00738	0
PACEHLGO_00739	0
PACEHLGO_00740	0
PACEHLGO_00741	0
PACEHLGO_00742	0
PACEHLGO_00743	0
PACEHLGO_00744	0
PACEHLGO_00745	0
PACEHLGO_00746	0
PACEHLGO_00747	0
PACEHLGO_00748	0
PACEHLGO_00749	0
PACEHLGO_00750	1
PACEHLGO_00752	0
PACEHLGO_00753	0
PACEHLGO_00754	0
PACEHLGO_00755	0
PACEHLGO_00756	0
PACEHLGO_00757	0
PACEHLGO_00758	1
PACEHLGO_00759	0
PACEHLGO_00760	0
PACEHLGO_00761	0
PACEHLGO_00762	0
PACEHLGO_00763	0
PACEHLGO_00764	0
PACEHLGO_00765	0
PACEHLGO_00766	0
PACEHLGO_00767	1
PACEHLGO_00768	0
PACEHLGO_00769	0
PACEHLGO_00770	0
PACEHLGO_00771	0
PACEHLGO_00772	0
PACEHLGO_00773	0
PACEHLGO_00774	0
PACEHLGO_00775	0
PACEHLGO_00776	0
PACEHLGO_00777	0
PACEHLGO_00778	1
PACEHLGO_00779	0
PACEHLGO_00780	0
PACEHLGO_00781	0
PACEHLGO_00782	0
PACEHLGO_00783	1
PACEHLGO_00784	2
PACEHLGO_00785	0
PACEHLGO_00786	0
PACEHLGO_00787	0
PACEHLGO_00788	1
PACEHLGO_00789	0
PACEHLGO_00790	0
PACEHLGO_00791	0
PACEHLGO_00792	0
PACEHLGO_00793	0
PACEHLGO_00794	0
PACEHLGO_00795	0
PACEHLGO_00796	0
PACEHLGO_00797	0
PACEHLGO_00798	0
PACEHLGO_00799	0
PACEHLGO_00800	0
PACEHLGO_00801	0
PACEHLGO_00802	1
PACEHLGO_00803	2
PACEHLGO_00804	0
PACEHLGO_00805	3
PACEHLGO_00806	0
PACEHLGO_00807	0
PACEHLGO_00808	1
PACEHLGO_00809	4
PACEHLGO_00810	1
PACEHLGO_00811	0
PACEHLGO_00812	0
PACEHLGO_00813	0
PACEHLGO_00814	0
PACEHLGO_00815	0
PACEHLGO_00816	0
PACEHLGO_00817	0
PACEHLGO_00818	0
PACEHLGO_00819	0
PACEHLGO_00820	0
PACEHLGO_00821	0
PACEHLGO_00823	1
PACEHLGO_00824	0
PACEHLGO_00825	0
PACEHLGO_00826	0
PACEHLGO_00827	0
PACEHLGO_00828	0
PACEHLGO_00829	0
PACEHLGO_00830	0
PACEHLGO_00831	0
PACEHLGO_00832	0
PACEHLGO_00833	0
PACEHLGO_00834	0
PACEHLGO_00835	0
PACEHLGO_00836	1
PACEHLGO_00837	0
PACEHLGO_00838	1
PACEHLGO_00839	0
PACEHLGO_00840	0
PACEHLGO_00841	0
PACEHLGO_00842	0
PACEHLGO_00843	0
PACEHLGO_00844	3
PACEHLGO_00845	0
PACEHLGO_00846	0
PACEHLGO_00847	0
PACEHLGO_00848	3
PACEHLGO_00849	0
PACEHLGO_00850	0
PACEHLGO_00851	0
PACEHLGO_00852	0
PACEHLGO_00853	13
PACEHLGO_00854	8
PACEHLGO_00855	0
PACEHLGO_00856	0
PACEHLGO_00857	0
PACEHLGO_00858	0
PACEHLGO_00859	0
PACEHLGO_00860	0
PACEHLGO_00861	0
PACEHLGO_00862	0
PACEHLGO_00863	2
PACEHLGO_00864	0
PACEHLGO_00865	0
PACEHLGO_00866	0
PACEHLGO_00867	0
PACEHLGO_00868	0
PACEHLGO_00869	0
PACEHLGO_00870	2
PACEHLGO_00871	0
PACEHLGO_00872	0
PACEHLGO_00873	0
PACEHLGO_00874	0
PACEHLGO_00875	0
PACEHLGO_00876	0
PACEHLGO_00877	4
PACEHLGO_00878	0
PACEHLGO_00879	3
PACEHLGO_00880	0
PACEHLGO_00881	0
PACEHLGO_00882	0
PACEHLGO_00883	0
PACEHLGO_00884	0
PACEHLGO_00885	0
PACEHLGO_00886	0
PACEHLGO_00887	0
PACEHLGO_00888	0
PACEHLGO_00889	0
PACEHLGO_00890	0
PACEHLGO_00891	0
PACEHLGO_00892	0
PACEHLGO_00893	2
PACEHLGO_00894	0
PACEHLGO_00895	0
PACEHLGO_00896	0
PACEHLGO_00897	0
PACEHLGO_00898	0
PACEHLGO_00899	2
PACEHLGO_00900	2
PACEHLGO_00901	0
PACEHLGO_00902	0
PACEHLGO_00903	0
PACEHLGO_00904	0
PACEHLGO_00905	0
PACEHLGO_00906	0
PACEHLGO_00907	1
PACEHLGO_00908	0
PACEHLGO_00909	0
PACEHLGO_00910	0
PACEHLGO_00911	0
PACEHLGO_00912	0
PACEHLGO_00913	1
PACEHLGO_00914	0
PACEHLGO_00915	0
PACEHLGO_00916	0
PACEHLGO_00917	0
PACEHLGO_00918	0
PACEHLGO_00919	0
PACEHLGO_00920	0
PACEHLGO_00921	0
PACEHLGO_00922	0
PACEHLGO_00923	0
PACEHLGO_00924	0
PACEHLGO_00925	0
PACEHLGO_00926	0
PACEHLGO_00927	0
PACEHLGO_00928	0
PACEHLGO_00929	2
PACEHLGO_00930	0
PACEHLGO_00931	0
PACEHLGO_00932	0
PACEHLGO_00933	0
PACEHLGO_00934	0
PACEHLGO_00935	0
PACEHLGO_00936	0
PACEHLGO_00937	0
PACEHLGO_00938	0
PACEHLGO_00939	0
PACEHLGO_00940	0
PACEHLGO_00941	0
PACEHLGO_00942	0
PACEHLGO_00943	0
PACEHLGO_00944	0
PACEHLGO_00945	0
PACEHLGO_00946	0
PACEHLGO_00947	0
PACEHLGO_00948	0
PACEHLGO_00949	0
PACEHLGO_00950	0
PACEHLGO_00951	0
PACEHLGO_00952	2
PACEHLGO_00953	0
PACEHLGO_00954	0
PACEHLGO_00955	2
PACEHLGO_00956	4
PACEHLGO_00957	0
PACEHLGO_00958	0
PACEHLGO_00959	0
PACEHLGO_00960	0
PACEHLGO_00961	0
PACEHLGO_00962	0
PACEHLGO_00963	7
PACEHLGO_00964	0
PACEHLGO_00965	0
PACEHLGO_00966	0
PACEHLGO_00967	0
PACEHLGO_00968	0
PACEHLGO_00969	6
PACEHLGO_00970	0
PACEHLGO_00971	0
PACEHLGO_00972	0
PACEHLGO_00973	0
PACEHLGO_00974	6
PACEHLGO_00975	0
PACEHLGO_00976	2
PACEHLGO_00977	0
PACEHLGO_00978	0
PACEHLGO_00979	0
PACEHLGO_00980	0
PACEHLGO_00981	0
PACEHLGO_00982	0
PACEHLGO_00983	0
PACEHLGO_00984	0
PACEHLGO_00985	0
PACEHLGO_00986	0
PACEHLGO_00987	0
PACEHLGO_00988	1
PACEHLGO_00989	0
PACEHLGO_00990	3
PACEHLGO_00991	0
PACEHLGO_00993	0
PACEHLGO_00994	0
PACEHLGO_00995	1
PACEHLGO_00996	2
PACEHLGO_00997	0
PACEHLGO_00998	0
PACEHLGO_00999	0
PACEHLGO_01000	1
PACEHLGO_01001	1
PACEHLGO_01002	2
PACEHLGO_01003	1
PACEHLGO_01004	0
PACEHLGO_01005	1
PACEHLGO_01006	0
PACEHLGO_01007	0
PACEHLGO_01008	0
PACEHLGO_01009	0
PACEHLGO_01010	0
PACEHLGO_01011	1
PACEHLGO_01012	0
PACEHLGO_01013	0
PACEHLGO_01014	7
PACEHLGO_01015	0
PACEHLGO_01016	0
PACEHLGO_01017	0
PACEHLGO_01018	0
PACEHLGO_01019	0
PACEHLGO_01020	0
PACEHLGO_01021	5
PACEHLGO_01022	0
PACEHLGO_01023	2
PACEHLGO_01024	1
PACEHLGO_01025	0
PACEHLGO_01026	0
PACEHLGO_01027	0
PACEHLGO_01028	0
PACEHLGO_01029	2
PACEHLGO_01030	0
PACEHLGO_01031	0
PACEHLGO_01032	0
PACEHLGO_01033	0
PACEHLGO_01034	0
PACEHLGO_01035	0
PACEHLGO_01036	0
PACEHLGO_01037	0
PACEHLGO_01038	5
PACEHLGO_01039	0
PACEHLGO_01040	0
PACEHLGO_01041	0
PACEHLGO_01042	0
PACEHLGO_01043	0
PACEHLGO_01044	0
PACEHLGO_01045	0
PACEHLGO_01046	0
PACEHLGO_01047	0
PACEHLGO_01048	0
PACEHLGO_01049	0
PACEHLGO_01050	1
PACEHLGO_01051	0
PACEHLGO_01052	0
PACEHLGO_01053	0
PACEHLGO_01054	0
PACEHLGO_01055	0
PACEHLGO_01056	0
PACEHLGO_01057	0
PACEHLGO_01058	0
PACEHLGO_01059	0
PACEHLGO_01060	0
PACEHLGO_01061	0
PACEHLGO_01062	0
PACEHLGO_01063	0
PACEHLGO_01064	0
PACEHLGO_01065	1
PACEHLGO_01066	0
PACEHLGO_01067	1
PACEHLGO_01068	0
PACEHLGO_01069	0
PACEHLGO_01070	0
PACEHLGO_01071	0
PACEHLGO_01072	2
PACEHLGO_01073	1
PACEHLGO_01074	1
PACEHLGO_01075	0
PACEHLGO_01076	0
PACEHLGO_01078	0
PACEHLGO_01079	0
PACEHLGO_01080	0
PACEHLGO_01081	0
PACEHLGO_01082	0
PACEHLGO_01083	1
PACEHLGO_01084	0
PACEHLGO_01085	0
PACEHLGO_01086	0
PACEHLGO_01087	0
PACEHLGO_01088	0
PACEHLGO_01089	0
PACEHLGO_01090	1
PACEHLGO_01092	0
PACEHLGO_01093	0
PACEHLGO_01094	0
PACEHLGO_01095	2
PACEHLGO_01096	0
PACEHLGO_01097	0
PACEHLGO_01098	0
PACEHLGO_01099	1
PACEHLGO_01100	0
PACEHLGO_01101	0
PACEHLGO_01102	0
PACEHLGO_01103	0
PACEHLGO_01104	2
PACEHLGO_01105	0
PACEHLGO_01106	0
PACEHLGO_01107	0
PACEHLGO_01108	0
PACEHLGO_01109	0
PACEHLGO_01110	0
PACEHLGO_01111	0
PACEHLGO_01112	0
PACEHLGO_01113	0
PACEHLGO_01114	0
PACEHLGO_01115	0
PACEHLGO_01116	0
PACEHLGO_01117	0
PACEHLGO_01118	0
PACEHLGO_01119	3
PACEHLGO_01120	0
PACEHLGO_01121	0
PACEHLGO_01122	0
PACEHLGO_01123	0
PACEHLGO_01124	0
PACEHLGO_01125	0
PACEHLGO_01126	0
PACEHLGO_01127	0
PACEHLGO_01128	0
PACEHLGO_01129	1
PACEHLGO_01130	0
PACEHLGO_01131	0
PACEHLGO_01132	0
PACEHLGO_01133	0
PACEHLGO_01134	4
PACEHLGO_01135	0
PACEHLGO_01136	0
PACEHLGO_01137	0
PACEHLGO_01138	0
PACEHLGO_01139	0
PACEHLGO_01140	0
PACEHLGO_01141	0
PACEHLGO_01142	0
PACEHLGO_01143	0
PACEHLGO_01144	0
PACEHLGO_01145	0
PACEHLGO_01146	2
PACEHLGO_01147	0
PACEHLGO_01148	0
PACEHLGO_01149	0
PACEHLGO_01150	0
PACEHLGO_01151	0
PACEHLGO_01152	0
PACEHLGO_01153	3
PACEHLGO_01154	0
PACEHLGO_01155	3
PACEHLGO_01156	0
PACEHLGO_01157	0
PACEHLGO_01158	1
PACEHLGO_01159	2
PACEHLGO_01160	0
PACEHLGO_01161	0
PACEHLGO_01162	6
PACEHLGO_01163	0
PACEHLGO_01164	0
PACEHLGO_01165	0
PACEHLGO_01166	0
PACEHLGO_01167	0
PACEHLGO_01168	0
PACEHLGO_01169	0
PACEHLGO_01170	0
PACEHLGO_01171	0
PACEHLGO_01172	1
PACEHLGO_01173	0
PACEHLGO_01174	0
PACEHLGO_01175	2
PACEHLGO_01176	0
PACEHLGO_01177	0
PACEHLGO_01178	0
PACEHLGO_01179	0
PACEHLGO_01180	0
PACEHLGO_01181	0
PACEHLGO_01182	0
PACEHLGO_01183	1
PACEHLGO_01184	2
PACEHLGO_01185	0
PACEHLGO_01186	0
PACEHLGO_01187	0
PACEHLGO_01188	0
PACEHLGO_01189	2
PACEHLGO_01190	1
PACEHLGO_01191	0
PACEHLGO_01192	0
PACEHLGO_01193	1
PACEHLGO_01194	1
PACEHLGO_01195	0
PACEHLGO_01196	0
PACEHLGO_01197	0
PACEHLGO_01198	0
PACEHLGO_01199	0
PACEHLGO_01200	0
PACEHLGO_01201	0
PACEHLGO_01202	0
PACEHLGO_01203	0
PACEHLGO_01204	0
PACEHLGO_01205	0
PACEHLGO_01206	0
PACEHLGO_01207	0
PACEHLGO_01208	0
PACEHLGO_01209	0
PACEHLGO_01210	0
PACEHLGO_01211	4
PACEHLGO_01212	0
PACEHLGO_01213	0
PACEHLGO_01214	0
PACEHLGO_01216	0
PACEHLGO_01217	0
PACEHLGO_01218	0
PACEHLGO_01219	0
PACEHLGO_01220	0
PACEHLGO_01221	2
PACEHLGO_01225	0
PACEHLGO_01226	1
PACEHLGO_01227	0
PACEHLGO_01228	0
PACEHLGO_01229	0
PACEHLGO_01230	0
PACEHLGO_01231	0
PACEHLGO_01232	0
PACEHLGO_01233	0
PACEHLGO_01234	0
PACEHLGO_01235	0
PACEHLGO_01237	0
PACEHLGO_01238	0
PACEHLGO_01239	0
PACEHLGO_01241	0
PACEHLGO_01242	0
PACEHLGO_01243	0
PACEHLGO_01244	0
PACEHLGO_01245	2
PACEHLGO_01246	0
PACEHLGO_01247	0
PACEHLGO_01248	0
PACEHLGO_01249	0
PACEHLGO_01250	0
PACEHLGO_01251	0
PACEHLGO_01252	0
PACEHLGO_01253	0
PACEHLGO_01254	0
PACEHLGO_01255	5
PACEHLGO_01256	0
PACEHLGO_01257	0
PACEHLGO_01258	0
PACEHLGO_01259	0
PACEHLGO_01260	0
PACEHLGO_01261	0
PACEHLGO_01262	0
PACEHLGO_01263	0
PACEHLGO_01264	1
PACEHLGO_01265	0
PACEHLGO_01266	0
PACEHLGO_01267	0
PACEHLGO_01268	0
PACEHLGO_01269	0
PACEHLGO_01270	0
PACEHLGO_01271	0
PACEHLGO_01272	1
PACEHLGO_01273	0
PACEHLGO_01274	0
PACEHLGO_01275	0
PACEHLGO_01276	0
PACEHLGO_01277	0
PACEHLGO_01278	0
PACEHLGO_01279	0
PACEHLGO_01280	0
PACEHLGO_01281	0
PACEHLGO_01282	0
PACEHLGO_01283	0
PACEHLGO_01284	0
PACEHLGO_01285	3
PACEHLGO_01286	0
PACEHLGO_01287	0
PACEHLGO_01288	0
PACEHLGO_01289	4
PACEHLGO_01290	0
PACEHLGO_01291	1
PACEHLGO_01293	0
PACEHLGO_01294	0
PACEHLGO_01295	0
PACEHLGO_01296	0
PACEHLGO_01297	0
PACEHLGO_01298	0
PACEHLGO_01299	0
PACEHLGO_01300	0
PACEHLGO_01301	0
PACEHLGO_01302	0
PACEHLGO_01303	1
PACEHLGO_01304	1
PACEHLGO_01305	0
PACEHLGO_01306	0
PACEHLGO_01307	0
PACEHLGO_01308	0
PACEHLGO_01309	0
PACEHLGO_01310	0
PACEHLGO_01311	0
PACEHLGO_01312	0
PACEHLGO_01313	0
PACEHLGO_01314	0
PACEHLGO_01315	0
PACEHLGO_01316	0
PACEHLGO_01317	0
PACEHLGO_01318	1
PACEHLGO_01319	0
PACEHLGO_01320	0
PACEHLGO_01321	0
PACEHLGO_01322	0
PACEHLGO_01323	1
PACEHLGO_01324	0
PACEHLGO_01325	0
PACEHLGO_01326	2
PACEHLGO_01327	0
PACEHLGO_01328	0
PACEHLGO_01329	0
PACEHLGO_01330	0
PACEHLGO_01331	2
PACEHLGO_01332	1
PACEHLGO_01333	0
PACEHLGO_01334	0
PACEHLGO_01335	13
PACEHLGO_01336	0
PACEHLGO_01337	0
PACEHLGO_01338	0
PACEHLGO_01339	0
PACEHLGO_01340	0
PACEHLGO_01341	0
PACEHLGO_01342	0
PACEHLGO_01343	0
PACEHLGO_01344	0
PACEHLGO_01345	0
PACEHLGO_01346	1
PACEHLGO_01347	2
PACEHLGO_01348	0
PACEHLGO_01349	0
PACEHLGO_01350	0
PACEHLGO_01351	0
PACEHLGO_01352	0
PACEHLGO_01353	0
PACEHLGO_01354	0
PACEHLGO_01355	0
PACEHLGO_01356	0
PACEHLGO_01357	0
PACEHLGO_01358	0
PACEHLGO_01359	0
PACEHLGO_01360	0
PACEHLGO_01361	0
PACEHLGO_01362	0
PACEHLGO_01363	0
PACEHLGO_01364	0
PACEHLGO_01365	0
PACEHLGO_01366	0
PACEHLGO_01367	0
PACEHLGO_01368	0
PACEHLGO_01369	0
PACEHLGO_01370	0
PACEHLGO_01371	1
PACEHLGO_01372	0
PACEHLGO_01373	0
PACEHLGO_01374	0
PACEHLGO_01375	0
PACEHLGO_01376	1
PACEHLGO_01377	0
PACEHLGO_01378	2
PACEHLGO_01379	0
PACEHLGO_01380	1
PACEHLGO_01381	0
PACEHLGO_01382	0
PACEHLGO_01383	0
PACEHLGO_01384	0
PACEHLGO_01385	0
PACEHLGO_01386	0
PACEHLGO_01387	0
PACEHLGO_01388	0
PACEHLGO_01389	0
PACEHLGO_01390	0
PACEHLGO_01391	0
PACEHLGO_01392	0
PACEHLGO_01393	2
PACEHLGO_01394	0
PACEHLGO_01395	0
PACEHLGO_01396	0
PACEHLGO_01397	0
PACEHLGO_01398	0
PACEHLGO_01399	0
PACEHLGO_01400	0
PACEHLGO_01401	0
PACEHLGO_01402	0
PACEHLGO_01403	0
PACEHLGO_01404	0
PACEHLGO_01405	0
PACEHLGO_01406	0
PACEHLGO_01407	0
PACEHLGO_01408	2
PACEHLGO_01409	0
PACEHLGO_01410	0
PACEHLGO_01411	0
PACEHLGO_01412	0
PACEHLGO_01413	0
PACEHLGO_01414	0
PACEHLGO_01415	0
PACEHLGO_01416	0
PACEHLGO_01417	1
PACEHLGO_01418	0
PACEHLGO_01419	0
PACEHLGO_01420	0
PACEHLGO_01421	0
PACEHLGO_01422	0
PACEHLGO_01423	6
PACEHLGO_01424	0
PACEHLGO_01425	0
PACEHLGO_01426	0
PACEHLGO_01427	0
PACEHLGO_01428	0
PACEHLGO_01429	2
PACEHLGO_01430	0
PACEHLGO_01431	0
PACEHLGO_01432	0
PACEHLGO_01433	0
PACEHLGO_01434	0
PACEHLGO_01435	0
PACEHLGO_01436	0
PACEHLGO_01437	0
PACEHLGO_01438	4
PACEHLGO_01439	0
PACEHLGO_01440	0
PACEHLGO_01441	0
PACEHLGO_01442	0
PACEHLGO_01443	0
PACEHLGO_01444	0
PACEHLGO_01445	0
PACEHLGO_01446	0
PACEHLGO_01447	0
PACEHLGO_01448	0
PACEHLGO_01449	0
PACEHLGO_01450	0
PACEHLGO_01451	0
PACEHLGO_01452	0
PACEHLGO_01453	0
PACEHLGO_01454	0
PACEHLGO_01455	0
PACEHLGO_01456	0
PACEHLGO_01457	0
PACEHLGO_01458	0
PACEHLGO_01459	0
PACEHLGO_01460	0
PACEHLGO_01461	0
PACEHLGO_01462	0
PACEHLGO_01463	0
PACEHLGO_01464	0
PACEHLGO_01466	0
PACEHLGO_01467	0
PACEHLGO_01468	0
PACEHLGO_01469	2
PACEHLGO_01470	0
PACEHLGO_01471	0
PACEHLGO_01472	0
PACEHLGO_01473	0
PACEHLGO_01474	0
PACEHLGO_01475	0
PACEHLGO_01476	0
PACEHLGO_01477	0
PACEHLGO_01478	0
PACEHLGO_01479	0
PACEHLGO_01480	0
PACEHLGO_01481	1
PACEHLGO_01482	0
PACEHLGO_01483	0
PACEHLGO_01484	0
PACEHLGO_01485	0
PACEHLGO_01486	0
PACEHLGO_01487	0
PACEHLGO_01488	0
PACEHLGO_01489	0
PACEHLGO_01490	0
PACEHLGO_01491	0
PACEHLGO_01492	0
PACEHLGO_01493	0
PACEHLGO_01494	0
PACEHLGO_01495	0
PACEHLGO_01496	0
PACEHLGO_01497	0
PACEHLGO_01498	0
PACEHLGO_01499	0
PACEHLGO_01501	0
PACEHLGO_01502	0
PACEHLGO_01503	0
PACEHLGO_01505	0
PACEHLGO_01506	0
PACEHLGO_01507	0
PACEHLGO_01508	1
PACEHLGO_01509	0
PACEHLGO_01510	0
PACEHLGO_01511	0
PACEHLGO_01512	0
PACEHLGO_01513	0
PACEHLGO_01514	1
PACEHLGO_01515	0
PACEHLGO_01516	0
PACEHLGO_01517	0
PACEHLGO_01518	1
PACEHLGO_01519	0
PACEHLGO_01520	0
PACEHLGO_01521	0
PACEHLGO_01522	0
PACEHLGO_01523	3
PACEHLGO_01524	0
PACEHLGO_01525	0
PACEHLGO_01526	0
PACEHLGO_01527	0
PACEHLGO_01528	0
PACEHLGO_01529	0
PACEHLGO_01530	0
PACEHLGO_01531	0
PACEHLGO_01532	0
PACEHLGO_01533	0
PACEHLGO_01534	0
PACEHLGO_01535	1
PACEHLGO_01536	0
PACEHLGO_01537	1
PACEHLGO_01538	0
PACEHLGO_01539	0
PACEHLGO_01540	0
PACEHLGO_01541	0
PACEHLGO_01542	0
PACEHLGO_01543	0
PACEHLGO_01544	0
PACEHLGO_01545	1
PACEHLGO_01546	0
PACEHLGO_01547	0
PACEHLGO_01548	1
PACEHLGO_01549	0
PACEHLGO_01550	0
PACEHLGO_01551	0
PACEHLGO_01552	0
PACEHLGO_01553	0
PACEHLGO_01554	0
PACEHLGO_01555	0
PACEHLGO_01556	0
PACEHLGO_01557	0
PACEHLGO_01558	0
PACEHLGO_01560	0
PACEHLGO_01561	3
PACEHLGO_01562	0
PACEHLGO_01563	0
PACEHLGO_01564	0
PACEHLGO_01565	0
PACEHLGO_01566	0
PACEHLGO_01567	0
PACEHLGO_01568	0
PACEHLGO_01569	5
PACEHLGO_01570	2
PACEHLGO_01571	0
PACEHLGO_01572	0
PACEHLGO_01573	0
PACEHLGO_01574	0
PACEHLGO_01575	0
PACEHLGO_01576	0
PACEHLGO_01577	0
PACEHLGO_01578	0
PACEHLGO_01579	0
PACEHLGO_01580	0
PACEHLGO_01581	0
PACEHLGO_01582	0
PACEHLGO_01583	0
PACEHLGO_01584	0
PACEHLGO_01585	0
PACEHLGO_01586	0
PACEHLGO_01587	0
PACEHLGO_01588	2
PACEHLGO_01589	0
PACEHLGO_01590	0
PACEHLGO_01591	1
PACEHLGO_01592	3
PACEHLGO_01593	0
PACEHLGO_01594	4
PACEHLGO_01595	0
PACEHLGO_01596	0
PACEHLGO_01597	0
PACEHLGO_01598	0
PACEHLGO_01599	0
PACEHLGO_01600	0
PACEHLGO_01601	0
PACEHLGO_01602	0
PACEHLGO_01603	0
PACEHLGO_01604	0
PACEHLGO_01605	0
PACEHLGO_01606	0
PACEHLGO_01607	2
PACEHLGO_01608	0
PACEHLGO_01609	0
PACEHLGO_01610	0
PACEHLGO_01611	0
PACEHLGO_01612	0
PACEHLGO_01613	2
PACEHLGO_01614	0
PACEHLGO_01615	0
PACEHLGO_01616	0
PACEHLGO_01617	0
PACEHLGO_01618	0
PACEHLGO_01619	0
PACEHLGO_01620	2
PACEHLGO_01621	0
PACEHLGO_01622	0
PACEHLGO_01623	2
PACEHLGO_01624	0
PACEHLGO_01625	0
PACEHLGO_01626	0
PACEHLGO_01627	0
PACEHLGO_01628	0
PACEHLGO_01629	0
PACEHLGO_01630	0
PACEHLGO_01632	0
PACEHLGO_01633	0
PACEHLGO_01634	0
PACEHLGO_01635	0
PACEHLGO_01636	0
PACEHLGO_01637	0
PACEHLGO_01638	0
PACEHLGO_01639	0
PACEHLGO_01640	0
PACEHLGO_01641	0
PACEHLGO_01642	0
PACEHLGO_01643	2
PACEHLGO_01644	0
PACEHLGO_01645	0
PACEHLGO_01646	0
PACEHLGO_01647	0
PACEHLGO_01648	0
PACEHLGO_01649	0
PACEHLGO_01650	0
PACEHLGO_01651	0
PACEHLGO_01652	0
PACEHLGO_01653	0
PACEHLGO_01654	0
PACEHLGO_01655	0
PACEHLGO_01656	0
PACEHLGO_01657	1
PACEHLGO_01658	0
PACEHLGO_01659	0
PACEHLGO_01660	0
PACEHLGO_01661	1
PACEHLGO_01662	1
PACEHLGO_01663	2
PACEHLGO_01664	0
PACEHLGO_01665	0
PACEHLGO_01666	0
PACEHLGO_01667	0
PACEHLGO_01668	0
PACEHLGO_01669	0
PACEHLGO_01670	0
PACEHLGO_01671	0
PACEHLGO_01672	0
PACEHLGO_01673	2
PACEHLGO_01674	0
PACEHLGO_01675	0
PACEHLGO_01676	0
PACEHLGO_01677	0
PACEHLGO_01678	0
PACEHLGO_01679	0
PACEHLGO_01680	0
PACEHLGO_01681	1
PACEHLGO_01682	0
PACEHLGO_01683	0
PACEHLGO_01684	4
PACEHLGO_01685	3
PACEHLGO_01686	2
PACEHLGO_01687	0
PACEHLGO_01688	0
PACEHLGO_01689	0
PACEHLGO_01690	0
PACEHLGO_01691	0
PACEHLGO_01692	1
PACEHLGO_01693	0
PACEHLGO_01694	0
PACEHLGO_01695	0
PACEHLGO_01696	0
PACEHLGO_01697	5
PACEHLGO_01698	0
PACEHLGO_01699	0
PACEHLGO_01700	0
PACEHLGO_01701	5
PACEHLGO_01702	0
PACEHLGO_01703	0
PACEHLGO_01704	0
PACEHLGO_01705	0
PACEHLGO_01706	0
PACEHLGO_01707	0
PACEHLGO_01708	0
PACEHLGO_01709	0
PACEHLGO_01710	0
PACEHLGO_01711	0
PACEHLGO_01712	0
PACEHLGO_01713	0
PACEHLGO_01714	0
PACEHLGO_01715	0
PACEHLGO_01716	0
PACEHLGO_01717	1
PACEHLGO_01718	0
PACEHLGO_01719	0
PACEHLGO_01720	0
PACEHLGO_01722	0
PACEHLGO_01723	0
PACEHLGO_01724	0
PACEHLGO_01726	0
PACEHLGO_01727	0
PACEHLGO_01728	0
PACEHLGO_01729	0
PACEHLGO_01730	0
PACEHLGO_01731	0
PACEHLGO_01732	0
PACEHLGO_01733	0
PACEHLGO_01734	0
PACEHLGO_01735	0
PACEHLGO_01736	0
PACEHLGO_01737	0
PACEHLGO_01738	0
PACEHLGO_01739	0
PACEHLGO_01740	0
PACEHLGO_01741	0
PACEHLGO_01742	1
PACEHLGO_01743	0
PACEHLGO_01744	0
PACEHLGO_01745	0
PACEHLGO_01746	0
PACEHLGO_01747	0
PACEHLGO_01748	1
PACEHLGO_01749	0
PACEHLGO_01750	0
PACEHLGO_01751	0
PACEHLGO_01752	0
PACEHLGO_01753	0
PACEHLGO_01754	0
PACEHLGO_01755	0
PACEHLGO_01756	0
PACEHLGO_01757	0
PACEHLGO_01758	0
PACEHLGO_01759	0
PACEHLGO_01760	1
PACEHLGO_01761	0
PACEHLGO_01762	0
PACEHLGO_01763	1
PACEHLGO_01764	0
PACEHLGO_01765	0
PACEHLGO_01766	0
PACEHLGO_01767	0
PACEHLGO_01768	0
PACEHLGO_01769	0
PACEHLGO_01770	0
PACEHLGO_01771	0
PACEHLGO_01772	0
PACEHLGO_01773	0
PACEHLGO_01774	0
PACEHLGO_01775	0
PACEHLGO_01776	0
PACEHLGO_01777	0
PACEHLGO_01778	0
PACEHLGO_01779	0
PACEHLGO_01780	4
PACEHLGO_01782	0
PACEHLGO_01783	0
PACEHLGO_01784	0
PACEHLGO_01785	0
PACEHLGO_01786	0
PACEHLGO_01787	0
PACEHLGO_01788	0
PACEHLGO_01789	0
PACEHLGO_01790	1
PACEHLGO_01791	0
PACEHLGO_01792	0
PACEHLGO_01793	0
PACEHLGO_01794	0
PACEHLGO_01795	0
PACEHLGO_01796	0
PACEHLGO_01797	0
PACEHLGO_01798	0
PACEHLGO_01799	1
PACEHLGO_01800	0
PACEHLGO_01801	0
PACEHLGO_01802	0
PACEHLGO_01803	0
PACEHLGO_01804	0
PACEHLGO_01805	3
PACEHLGO_01806	1
PACEHLGO_01807	0
PACEHLGO_01808	0
PACEHLGO_01809	0
PACEHLGO_01810	0
PACEHLGO_01811	0
PACEHLGO_01812	0
PACEHLGO_01813	0
PACEHLGO_01814	0
PACEHLGO_01815	0
PACEHLGO_01816	1
PACEHLGO_01817	0
PACEHLGO_01818	0
PACEHLGO_01819	2
PACEHLGO_01820	0
PACEHLGO_01821	0
PACEHLGO_01822	0
PACEHLGO_01823	0
PACEHLGO_01824	0
PACEHLGO_01825	0
PACEHLGO_01826	0
PACEHLGO_01827	0
PACEHLGO_01828	0
PACEHLGO_01829	0
PACEHLGO_01830	0
PACEHLGO_01831	0
PACEHLGO_01832	1
PACEHLGO_01833	1
PACEHLGO_01834	0
PACEHLGO_01835	0
PACEHLGO_01836	0
PACEHLGO_01837	0
PACEHLGO_01838	0
PACEHLGO_01839	0
PACEHLGO_01840	0
PACEHLGO_01841	0
PACEHLGO_01842	0
PACEHLGO_01843	0
PACEHLGO_01844	0
PACEHLGO_01845	0
PACEHLGO_01846	0
PACEHLGO_01847	0
PACEHLGO_01848	0
PACEHLGO_01849	1
PACEHLGO_01850	0
PACEHLGO_01851	1
PACEHLGO_01852	0
PACEHLGO_01853	0
PACEHLGO_01854	0
PACEHLGO_01855	0
PACEHLGO_01856	0
PACEHLGO_01857	0
PACEHLGO_01858	0
PACEHLGO_01859	0
PACEHLGO_01860	1
PACEHLGO_01861	0
PACEHLGO_01862	0
PACEHLGO_01863	0
PACEHLGO_01864	0
PACEHLGO_01865	0
PACEHLGO_01866	0
PACEHLGO_01867	0
PACEHLGO_01868	0
PACEHLGO_01869	0
PACEHLGO_01870	0
PACEHLGO_01871	0
PACEHLGO_01873	0
PACEHLGO_01874	0
PACEHLGO_01875	0
PACEHLGO_01876	0
PACEHLGO_01877	2
PACEHLGO_01878	0
PACEHLGO_01879	0
PACEHLGO_01880	0
PACEHLGO_01882	0
PACEHLGO_01883	0
PACEHLGO_01884	0
PACEHLGO_01885	1
PACEHLGO_01886	0
PACEHLGO_01887	0
PACEHLGO_01888	0
PACEHLGO_01889	0
PACEHLGO_01890	0
PACEHLGO_01891	0
PACEHLGO_01892	0
PACEHLGO_01893	0
PACEHLGO_01894	0
PACEHLGO_01895	0
PACEHLGO_01896	0
PACEHLGO_01897	0
PACEHLGO_01898	0
PACEHLGO_01899	0
PACEHLGO_01900	0
PACEHLGO_01901	0
PACEHLGO_01902	0
PACEHLGO_01903	0
PACEHLGO_01904	0
PACEHLGO_01905	1
PACEHLGO_01906	0
PACEHLGO_01907	0
PACEHLGO_01908	0
PACEHLGO_01909	0
PACEHLGO_01910	1
PACEHLGO_01911	0
PACEHLGO_01912	0
PACEHLGO_01913	0
PACEHLGO_01914	0
PACEHLGO_01915	0
PACEHLGO_01916	0
PACEHLGO_01917	0
PACEHLGO_01918	0
PACEHLGO_01919	0
PACEHLGO_01920	0
PACEHLGO_01921	0
PACEHLGO_01922	1
PACEHLGO_01923	1
PACEHLGO_01924	0
PACEHLGO_01925	0
PACEHLGO_01927	0
PACEHLGO_01928	0
PACEHLGO_01930	0
PACEHLGO_01931	2
PACEHLGO_01932	0
PACEHLGO_01933	1
PACEHLGO_01934	0
PACEHLGO_01935	0
PACEHLGO_01936	0
PACEHLGO_01937	0
PACEHLGO_01938	3
PACEHLGO_01939	0
PACEHLGO_01940	0
PACEHLGO_01941	0
PACEHLGO_01942	0
PACEHLGO_01943	0
PACEHLGO_01944	0
PACEHLGO_01945	0
PACEHLGO_01946	0
PACEHLGO_01947	0
PACEHLGO_01948	3
PACEHLGO_01949	0
PACEHLGO_01950	0
PACEHLGO_01951	0
PACEHLGO_01952	0
PACEHLGO_01953	0
PACEHLGO_01954	0
PACEHLGO_01955	0
PACEHLGO_01956	0
PACEHLGO_01957	0
PACEHLGO_01958	0
PACEHLGO_01959	0
PACEHLGO_01960	0
PACEHLGO_01961	0
PACEHLGO_01962	0
PACEHLGO_01963	4
PACEHLGO_01964	0
PACEHLGO_01965	0
PACEHLGO_01966	0
PACEHLGO_01967	0
PACEHLGO_01968	0
PACEHLGO_01969	0
PACEHLGO_01970	0
PACEHLGO_01971	0
PACEHLGO_01972	0
PACEHLGO_01973	0
PACEHLGO_01974	0
PACEHLGO_01975	0
PACEHLGO_01976	0
PACEHLGO_01977	0
PACEHLGO_01978	0
PACEHLGO_01979	0
PACEHLGO_01980	0
PACEHLGO_01981	0
PACEHLGO_01982	0
PACEHLGO_01983	0
PACEHLGO_01984	0
PACEHLGO_01985	0
PACEHLGO_01986	0
PACEHLGO_01987	0
PACEHLGO_01988	5
PACEHLGO_01989	0
PACEHLGO_01990	0
PACEHLGO_01991	0
PACEHLGO_01992	0
PACEHLGO_01993	0
PACEHLGO_01994	2
PACEHLGO_01995	0
PACEHLGO_01996	0
PACEHLGO_01997	0
PACEHLGO_01998	0
PACEHLGO_01999	0
PACEHLGO_02000	0
PACEHLGO_02001	0
PACEHLGO_02002	4
PACEHLGO_02003	0
PACEHLGO_02004	0
PACEHLGO_02005	0
PACEHLGO_02006	0
PACEHLGO_02007	0
PACEHLGO_02008	0
PACEHLGO_02009	0
PACEHLGO_02010	1
PACEHLGO_02011	0
PACEHLGO_02012	0
PACEHLGO_02013	0
PACEHLGO_02014	0
PACEHLGO_02015	0
PACEHLGO_02016	0
PACEHLGO_02017	0
PACEHLGO_02018	0
PACEHLGO_02019	0
PACEHLGO_02020	0
PACEHLGO_02021	0
PACEHLGO_02022	0
PACEHLGO_02023	0
PACEHLGO_02024	0
PACEHLGO_02025	0
PACEHLGO_02026	0
PACEHLGO_02027	0
PACEHLGO_02028	0
PACEHLGO_02029	0
PACEHLGO_02030	0
PACEHLGO_02031	0
PACEHLGO_02032	0
__no_feature	6131
__ambiguous	24
__too_low_aQual	3814
__not_aligned	823721
__alignment_not_unique	0
