KOHBPAPH_00001	0
KOHBPAPH_00002	0
KOHBPAPH_00003	0
KOHBPAPH_00005	0
KOHBPAPH_00006	1
KOHBPAPH_00007	0
KOHBPAPH_00008	3
KOHBPAPH_00009	4
KOHBPAPH_00010	1
KOHBPAPH_00011	0
KOHBPAPH_00012	0
KOHBPAPH_00013	0
KOHBPAPH_00014	0
KOHBPAPH_00015	0
KOHBPAPH_00016	0
KOHBPAPH_00017	0
KOHBPAPH_00018	1
KOHBPAPH_00019	0
KOHBPAPH_00020	0
KOHBPAPH_00021	4
KOHBPAPH_00023	0
KOHBPAPH_00024	0
KOHBPAPH_00025	0
KOHBPAPH_00026	0
KOHBPAPH_00027	0
KOHBPAPH_00028	0
KOHBPAPH_00029	0
KOHBPAPH_00030	0
KOHBPAPH_00031	1
KOHBPAPH_00032	0
KOHBPAPH_00033	0
KOHBPAPH_00034	0
KOHBPAPH_00035	0
KOHBPAPH_00037	0
KOHBPAPH_00038	0
KOHBPAPH_00039	0
KOHBPAPH_00040	0
KOHBPAPH_00041	0
KOHBPAPH_00042	0
KOHBPAPH_00043	0
KOHBPAPH_00044	0
KOHBPAPH_00045	0
KOHBPAPH_00046	1
KOHBPAPH_00047	0
KOHBPAPH_00048	2
KOHBPAPH_00049	0
KOHBPAPH_00050	3
KOHBPAPH_00051	0
KOHBPAPH_00052	0
KOHBPAPH_00053	0
KOHBPAPH_00054	0
KOHBPAPH_00055	0
KOHBPAPH_00056	0
KOHBPAPH_00057	0
KOHBPAPH_00058	2
KOHBPAPH_00059	0
KOHBPAPH_00060	2
KOHBPAPH_00061	0
KOHBPAPH_00062	0
KOHBPAPH_00063	0
KOHBPAPH_00064	0
KOHBPAPH_00065	0
KOHBPAPH_00066	0
KOHBPAPH_00067	0
KOHBPAPH_00068	0
KOHBPAPH_00069	1
KOHBPAPH_00070	0
KOHBPAPH_00071	0
KOHBPAPH_00073	2
KOHBPAPH_00074	7
KOHBPAPH_00075	3
KOHBPAPH_00076	0
KOHBPAPH_00077	0
KOHBPAPH_00078	1
KOHBPAPH_00079	0
KOHBPAPH_00080	0
KOHBPAPH_00081	0
KOHBPAPH_00082	0
KOHBPAPH_00083	0
KOHBPAPH_00084	1
KOHBPAPH_00085	0
KOHBPAPH_00086	0
KOHBPAPH_00087	0
KOHBPAPH_00088	0
KOHBPAPH_00089	0
KOHBPAPH_00090	0
KOHBPAPH_00091	6
KOHBPAPH_00092	4
KOHBPAPH_00093	4
KOHBPAPH_00094	0
KOHBPAPH_00095	4
KOHBPAPH_00096	1
KOHBPAPH_00097	1
KOHBPAPH_00098	0
KOHBPAPH_00099	0
KOHBPAPH_00100	0
KOHBPAPH_00102	0
KOHBPAPH_00103	0
KOHBPAPH_00104	0
KOHBPAPH_00105	0
KOHBPAPH_00106	0
KOHBPAPH_00107	8
KOHBPAPH_00108	0
KOHBPAPH_00109	0
KOHBPAPH_00110	0
KOHBPAPH_00111	1
KOHBPAPH_00112	6
KOHBPAPH_00113	4
KOHBPAPH_00114	0
KOHBPAPH_00115	0
KOHBPAPH_00116	0
KOHBPAPH_00117	0
KOHBPAPH_00118	0
KOHBPAPH_00119	1
KOHBPAPH_00120	0
KOHBPAPH_00121	3
KOHBPAPH_00122	1
KOHBPAPH_00123	0
KOHBPAPH_00124	2
KOHBPAPH_00125	1
KOHBPAPH_00126	0
KOHBPAPH_00127	3
KOHBPAPH_00128	0
KOHBPAPH_00129	0
KOHBPAPH_00130	0
KOHBPAPH_00131	3
KOHBPAPH_00132	0
KOHBPAPH_00133	0
KOHBPAPH_00134	1
KOHBPAPH_00135	0
KOHBPAPH_00136	12
KOHBPAPH_00137	0
KOHBPAPH_00138	0
KOHBPAPH_00139	0
KOHBPAPH_00140	0
KOHBPAPH_00141	0
KOHBPAPH_00142	0
KOHBPAPH_00143	0
KOHBPAPH_00144	0
KOHBPAPH_00145	0
KOHBPAPH_00146	0
KOHBPAPH_00147	0
KOHBPAPH_00148	1
KOHBPAPH_00149	1
KOHBPAPH_00150	0
KOHBPAPH_00151	0
KOHBPAPH_00152	0
KOHBPAPH_00153	0
KOHBPAPH_00154	1
KOHBPAPH_00155	0
KOHBPAPH_00156	0
KOHBPAPH_00157	0
KOHBPAPH_00158	0
KOHBPAPH_00159	0
KOHBPAPH_00160	0
KOHBPAPH_00161	0
KOHBPAPH_00162	0
KOHBPAPH_00163	0
KOHBPAPH_00164	0
KOHBPAPH_00165	1
KOHBPAPH_00166	2
KOHBPAPH_00167	0
KOHBPAPH_00168	2
KOHBPAPH_00169	0
KOHBPAPH_00170	0
KOHBPAPH_00171	2
KOHBPAPH_00172	0
KOHBPAPH_00173	1
KOHBPAPH_00174	0
KOHBPAPH_00175	1
KOHBPAPH_00176	0
KOHBPAPH_00177	0
KOHBPAPH_00178	0
KOHBPAPH_00179	0
KOHBPAPH_00180	0
KOHBPAPH_00181	0
KOHBPAPH_00182	9
KOHBPAPH_00183	0
KOHBPAPH_00184	0
KOHBPAPH_00185	0
KOHBPAPH_00186	0
KOHBPAPH_00187	0
KOHBPAPH_00188	0
KOHBPAPH_00189	0
KOHBPAPH_00190	0
KOHBPAPH_00191	1
KOHBPAPH_00192	0
KOHBPAPH_00193	0
KOHBPAPH_00194	0
KOHBPAPH_00195	0
KOHBPAPH_00196	0
KOHBPAPH_00197	0
KOHBPAPH_00198	0
KOHBPAPH_00199	1
KOHBPAPH_00200	0
KOHBPAPH_00201	0
KOHBPAPH_00202	0
KOHBPAPH_00203	0
KOHBPAPH_00204	2
KOHBPAPH_00205	0
KOHBPAPH_00206	0
KOHBPAPH_00207	2
KOHBPAPH_00208	0
KOHBPAPH_00209	2
KOHBPAPH_00210	0
KOHBPAPH_00211	2
KOHBPAPH_00212	1
KOHBPAPH_00213	0
KOHBPAPH_00214	0
KOHBPAPH_00215	1
KOHBPAPH_00216	4
KOHBPAPH_00217	0
KOHBPAPH_00218	0
KOHBPAPH_00219	1
KOHBPAPH_00220	1
KOHBPAPH_00221	0
KOHBPAPH_00222	0
KOHBPAPH_00223	0
KOHBPAPH_00224	9
KOHBPAPH_00225	1
KOHBPAPH_00226	0
KOHBPAPH_00227	0
KOHBPAPH_00228	0
KOHBPAPH_00229	0
KOHBPAPH_00230	0
KOHBPAPH_00231	0
KOHBPAPH_00232	0
KOHBPAPH_00233	0
KOHBPAPH_00234	0
KOHBPAPH_00235	0
KOHBPAPH_00236	0
KOHBPAPH_00237	0
KOHBPAPH_00238	0
KOHBPAPH_00239	0
KOHBPAPH_00240	0
KOHBPAPH_00241	1
KOHBPAPH_00242	2
KOHBPAPH_00244	0
KOHBPAPH_00245	0
KOHBPAPH_00246	0
KOHBPAPH_00247	4
KOHBPAPH_00248	0
KOHBPAPH_00249	0
KOHBPAPH_00250	3
KOHBPAPH_00251	0
KOHBPAPH_00252	2
KOHBPAPH_00253	0
KOHBPAPH_00254	0
KOHBPAPH_00255	0
KOHBPAPH_00256	0
KOHBPAPH_00257	1
KOHBPAPH_00258	0
KOHBPAPH_00259	5
KOHBPAPH_00260	0
KOHBPAPH_00261	3
KOHBPAPH_00262	0
KOHBPAPH_00263	0
KOHBPAPH_00264	2
KOHBPAPH_00265	1
KOHBPAPH_00266	0
KOHBPAPH_00267	0
KOHBPAPH_00268	3
KOHBPAPH_00269	0
KOHBPAPH_00270	0
KOHBPAPH_00271	0
KOHBPAPH_00272	0
KOHBPAPH_00273	0
KOHBPAPH_00274	0
KOHBPAPH_00275	0
KOHBPAPH_00276	0
KOHBPAPH_00277	0
KOHBPAPH_00278	1
KOHBPAPH_00279	0
KOHBPAPH_00280	0
KOHBPAPH_00281	3
KOHBPAPH_00282	0
KOHBPAPH_00283	0
KOHBPAPH_00284	0
KOHBPAPH_00285	0
KOHBPAPH_00286	1
KOHBPAPH_00287	2
KOHBPAPH_00288	1
KOHBPAPH_00289	0
KOHBPAPH_00290	1
KOHBPAPH_00291	0
KOHBPAPH_00292	0
KOHBPAPH_00293	0
KOHBPAPH_00294	0
KOHBPAPH_00295	0
KOHBPAPH_00296	3
KOHBPAPH_00297	0
KOHBPAPH_00298	2
KOHBPAPH_00299	3
KOHBPAPH_00300	0
KOHBPAPH_00301	0
KOHBPAPH_00302	0
KOHBPAPH_00303	0
KOHBPAPH_00304	0
KOHBPAPH_00305	0
KOHBPAPH_00306	0
KOHBPAPH_00307	0
KOHBPAPH_00308	0
KOHBPAPH_00309	0
KOHBPAPH_00310	0
KOHBPAPH_00311	0
KOHBPAPH_00312	0
KOHBPAPH_00313	0
KOHBPAPH_00314	2
KOHBPAPH_00315	0
KOHBPAPH_00316	1
KOHBPAPH_00317	2
KOHBPAPH_00318	0
KOHBPAPH_00319	7
KOHBPAPH_00320	2
KOHBPAPH_00321	0
KOHBPAPH_00322	0
KOHBPAPH_00323	0
KOHBPAPH_00324	0
KOHBPAPH_00325	0
KOHBPAPH_00326	0
KOHBPAPH_00327	0
KOHBPAPH_00328	0
KOHBPAPH_00329	0
KOHBPAPH_00330	0
KOHBPAPH_00331	1
KOHBPAPH_00332	0
KOHBPAPH_00333	0
KOHBPAPH_00334	2
KOHBPAPH_00335	0
KOHBPAPH_00336	0
KOHBPAPH_00337	0
KOHBPAPH_00338	0
KOHBPAPH_00339	3
KOHBPAPH_00340	2
KOHBPAPH_00341	1
KOHBPAPH_00342	0
KOHBPAPH_00343	1
KOHBPAPH_00344	0
KOHBPAPH_00345	0
KOHBPAPH_00346	3
KOHBPAPH_00347	3
KOHBPAPH_00348	1
KOHBPAPH_00349	1
KOHBPAPH_00350	1
KOHBPAPH_00351	1
KOHBPAPH_00352	2
KOHBPAPH_00353	0
KOHBPAPH_00354	0
KOHBPAPH_00355	0
KOHBPAPH_00356	4
KOHBPAPH_00357	6
KOHBPAPH_00358	0
KOHBPAPH_00359	1
KOHBPAPH_00360	0
KOHBPAPH_00361	0
KOHBPAPH_00362	0
KOHBPAPH_00363	1
KOHBPAPH_00364	0
KOHBPAPH_00365	0
KOHBPAPH_00366	2
KOHBPAPH_00367	0
KOHBPAPH_00368	0
KOHBPAPH_00369	0
KOHBPAPH_00370	0
KOHBPAPH_00371	0
KOHBPAPH_00372	0
KOHBPAPH_00373	0
KOHBPAPH_00374	0
KOHBPAPH_00375	2
KOHBPAPH_00376	0
KOHBPAPH_00377	0
KOHBPAPH_00378	0
KOHBPAPH_00379	0
KOHBPAPH_00380	0
KOHBPAPH_00381	0
KOHBPAPH_00382	0
KOHBPAPH_00383	0
KOHBPAPH_00384	0
KOHBPAPH_00385	1
KOHBPAPH_00386	2
KOHBPAPH_00387	0
KOHBPAPH_00388	1
KOHBPAPH_00389	0
KOHBPAPH_00390	0
KOHBPAPH_00391	0
KOHBPAPH_00392	0
KOHBPAPH_00393	0
KOHBPAPH_00394	0
KOHBPAPH_00395	0
KOHBPAPH_00396	0
KOHBPAPH_00397	0
KOHBPAPH_00398	0
KOHBPAPH_00399	0
KOHBPAPH_00400	0
KOHBPAPH_00401	0
KOHBPAPH_00402	0
KOHBPAPH_00403	1
KOHBPAPH_00404	0
KOHBPAPH_00405	1
KOHBPAPH_00406	0
KOHBPAPH_00407	8
KOHBPAPH_00408	0
KOHBPAPH_00409	3
KOHBPAPH_00410	0
KOHBPAPH_00411	1
KOHBPAPH_00412	1
KOHBPAPH_00413	1
KOHBPAPH_00414	1
KOHBPAPH_00415	1
KOHBPAPH_00416	2
KOHBPAPH_00417	0
KOHBPAPH_00418	0
KOHBPAPH_00419	0
KOHBPAPH_00420	0
KOHBPAPH_00421	0
KOHBPAPH_00422	1
KOHBPAPH_00423	0
KOHBPAPH_00424	0
KOHBPAPH_00425	0
KOHBPAPH_00426	0
KOHBPAPH_00427	1
KOHBPAPH_00428	0
KOHBPAPH_00429	0
KOHBPAPH_00430	0
KOHBPAPH_00431	0
KOHBPAPH_00432	2
KOHBPAPH_00433	1
KOHBPAPH_00434	1
KOHBPAPH_00435	0
KOHBPAPH_00436	0
KOHBPAPH_00437	2
KOHBPAPH_00438	0
KOHBPAPH_00439	2
KOHBPAPH_00440	0
KOHBPAPH_00441	4
KOHBPAPH_00442	1
KOHBPAPH_00443	0
KOHBPAPH_00446	3
KOHBPAPH_00447	0
KOHBPAPH_00448	0
KOHBPAPH_00449	12
KOHBPAPH_00450	2
KOHBPAPH_00451	0
KOHBPAPH_00452	0
KOHBPAPH_00453	0
KOHBPAPH_00454	0
KOHBPAPH_00455	0
KOHBPAPH_00456	18
KOHBPAPH_00457	2
KOHBPAPH_00458	13
KOHBPAPH_00459	1
KOHBPAPH_00460	4
KOHBPAPH_00461	4
KOHBPAPH_00462	3
KOHBPAPH_00463	0
KOHBPAPH_00464	0
KOHBPAPH_00465	0
KOHBPAPH_00466	0
KOHBPAPH_00467	1
KOHBPAPH_00468	0
KOHBPAPH_00469	0
KOHBPAPH_00470	0
KOHBPAPH_00471	0
KOHBPAPH_00472	2
KOHBPAPH_00473	0
KOHBPAPH_00474	0
KOHBPAPH_00475	1
KOHBPAPH_00476	0
KOHBPAPH_00477	0
KOHBPAPH_00478	0
KOHBPAPH_00479	0
KOHBPAPH_00480	0
KOHBPAPH_00481	0
KOHBPAPH_00482	0
KOHBPAPH_00483	2
KOHBPAPH_00484	0
KOHBPAPH_00485	0
KOHBPAPH_00486	0
KOHBPAPH_00487	12
KOHBPAPH_00488	1
KOHBPAPH_00489	1
KOHBPAPH_00490	5
KOHBPAPH_00491	1
KOHBPAPH_00492	3
KOHBPAPH_00494	0
KOHBPAPH_00495	63
KOHBPAPH_00498	0
KOHBPAPH_00499	0
KOHBPAPH_00500	0
KOHBPAPH_00501	0
KOHBPAPH_00502	0
KOHBPAPH_00503	0
KOHBPAPH_00504	1
KOHBPAPH_00505	2
KOHBPAPH_00506	0
KOHBPAPH_00507	0
KOHBPAPH_00508	1
KOHBPAPH_00509	0
KOHBPAPH_00510	0
KOHBPAPH_00511	1
KOHBPAPH_00513	0
KOHBPAPH_00514	0
KOHBPAPH_00515	0
KOHBPAPH_00516	0
KOHBPAPH_00517	0
KOHBPAPH_00518	0
KOHBPAPH_00520	0
KOHBPAPH_00521	0
KOHBPAPH_00522	0
KOHBPAPH_00523	0
KOHBPAPH_00524	0
KOHBPAPH_00525	1
KOHBPAPH_00526	0
KOHBPAPH_00527	0
KOHBPAPH_00528	0
KOHBPAPH_00529	0
KOHBPAPH_00530	2
KOHBPAPH_00531	0
KOHBPAPH_00532	1
KOHBPAPH_00533	0
KOHBPAPH_00534	0
KOHBPAPH_00535	3
KOHBPAPH_00536	2
KOHBPAPH_00537	0
KOHBPAPH_00538	0
KOHBPAPH_00539	0
KOHBPAPH_00540	0
KOHBPAPH_00541	1
KOHBPAPH_00542	0
KOHBPAPH_00543	0
KOHBPAPH_00544	0
KOHBPAPH_00545	0
KOHBPAPH_00546	0
KOHBPAPH_00547	0
KOHBPAPH_00548	0
KOHBPAPH_00549	0
KOHBPAPH_00550	0
KOHBPAPH_00551	0
KOHBPAPH_00552	0
KOHBPAPH_00553	0
KOHBPAPH_00554	0
KOHBPAPH_00555	0
KOHBPAPH_00556	0
KOHBPAPH_00557	0
KOHBPAPH_00558	1
KOHBPAPH_00559	0
KOHBPAPH_00560	0
KOHBPAPH_00561	0
KOHBPAPH_00562	0
KOHBPAPH_00564	5
KOHBPAPH_00565	0
KOHBPAPH_00566	0
KOHBPAPH_00567	0
KOHBPAPH_00568	0
KOHBPAPH_00569	1
KOHBPAPH_00570	0
KOHBPAPH_00571	0
KOHBPAPH_00572	0
KOHBPAPH_00574	0
KOHBPAPH_00575	1
KOHBPAPH_00576	0
KOHBPAPH_00578	0
KOHBPAPH_00579	0
KOHBPAPH_00580	1
KOHBPAPH_00582	0
KOHBPAPH_00583	0
KOHBPAPH_00584	5
KOHBPAPH_00585	0
KOHBPAPH_00586	0
KOHBPAPH_00588	0
KOHBPAPH_00589	0
KOHBPAPH_00590	9
KOHBPAPH_00591	0
KOHBPAPH_00592	0
KOHBPAPH_00593	2
KOHBPAPH_00594	0
KOHBPAPH_00595	1
KOHBPAPH_00596	0
KOHBPAPH_00597	6
KOHBPAPH_00598	0
KOHBPAPH_00599	1
KOHBPAPH_00600	2
KOHBPAPH_00601	0
KOHBPAPH_00602	0
KOHBPAPH_00603	0
KOHBPAPH_00604	2
KOHBPAPH_00605	1
KOHBPAPH_00606	10
KOHBPAPH_00607	9
KOHBPAPH_00608	0
KOHBPAPH_00609	2
KOHBPAPH_00611	1
KOHBPAPH_00612	0
KOHBPAPH_00613	0
KOHBPAPH_00614	0
KOHBPAPH_00615	0
KOHBPAPH_00616	1
KOHBPAPH_00617	0
KOHBPAPH_00618	1
KOHBPAPH_00619	0
KOHBPAPH_00620	0
KOHBPAPH_00621	0
KOHBPAPH_00622	0
KOHBPAPH_00623	0
KOHBPAPH_00624	0
KOHBPAPH_00625	0
KOHBPAPH_00626	0
KOHBPAPH_00627	0
KOHBPAPH_00628	0
KOHBPAPH_00629	0
KOHBPAPH_00630	0
KOHBPAPH_00631	0
KOHBPAPH_00632	1
KOHBPAPH_00633	3
KOHBPAPH_00634	0
KOHBPAPH_00635	0
KOHBPAPH_00636	1
KOHBPAPH_00637	0
KOHBPAPH_00638	0
KOHBPAPH_00639	0
KOHBPAPH_00640	2
KOHBPAPH_00641	0
KOHBPAPH_00642	0
KOHBPAPH_00643	0
KOHBPAPH_00644	1
KOHBPAPH_00645	0
KOHBPAPH_00646	0
KOHBPAPH_00647	1
KOHBPAPH_00648	1
KOHBPAPH_00649	0
KOHBPAPH_00650	2
KOHBPAPH_00652	0
KOHBPAPH_00653	0
KOHBPAPH_00654	0
KOHBPAPH_00655	0
KOHBPAPH_00656	2
KOHBPAPH_00657	0
KOHBPAPH_00658	0
KOHBPAPH_00659	1
KOHBPAPH_00660	0
KOHBPAPH_00661	0
KOHBPAPH_00662	2
KOHBPAPH_00663	0
KOHBPAPH_00664	3
KOHBPAPH_00665	0
KOHBPAPH_00666	0
KOHBPAPH_00667	0
KOHBPAPH_00668	2
KOHBPAPH_00669	3
KOHBPAPH_00670	1
KOHBPAPH_00671	1
KOHBPAPH_00672	1
KOHBPAPH_00673	0
KOHBPAPH_00674	0
KOHBPAPH_00675	1
KOHBPAPH_00676	1
KOHBPAPH_00677	5
KOHBPAPH_00678	2
KOHBPAPH_00679	0
KOHBPAPH_00680	2
KOHBPAPH_00681	0
KOHBPAPH_00682	1
KOHBPAPH_00683	0
KOHBPAPH_00684	0
KOHBPAPH_00685	0
KOHBPAPH_00686	0
KOHBPAPH_00687	0
KOHBPAPH_00688	0
KOHBPAPH_00689	0
KOHBPAPH_00690	1
KOHBPAPH_00691	0
KOHBPAPH_00692	1
KOHBPAPH_00693	0
KOHBPAPH_00694	0
KOHBPAPH_00695	0
KOHBPAPH_00696	0
KOHBPAPH_00697	0
KOHBPAPH_00698	0
KOHBPAPH_00699	0
KOHBPAPH_00700	0
KOHBPAPH_00701	2
KOHBPAPH_00702	0
KOHBPAPH_00703	0
KOHBPAPH_00704	0
KOHBPAPH_00705	0
KOHBPAPH_00706	0
KOHBPAPH_00707	0
KOHBPAPH_00708	0
KOHBPAPH_00709	0
KOHBPAPH_00710	0
KOHBPAPH_00711	0
KOHBPAPH_00712	3
KOHBPAPH_00713	0
KOHBPAPH_00714	0
KOHBPAPH_00715	1
KOHBPAPH_00716	1
KOHBPAPH_00717	2
KOHBPAPH_00718	1
KOHBPAPH_00719	0
KOHBPAPH_00720	0
KOHBPAPH_00721	0
KOHBPAPH_00722	3
KOHBPAPH_00723	0
KOHBPAPH_00724	0
KOHBPAPH_00725	0
KOHBPAPH_00726	0
KOHBPAPH_00727	0
KOHBPAPH_00729	52
KOHBPAPH_00730	1
KOHBPAPH_00731	0
KOHBPAPH_00732	0
KOHBPAPH_00733	0
KOHBPAPH_00734	0
KOHBPAPH_00735	0
KOHBPAPH_00736	0
KOHBPAPH_00737	3
KOHBPAPH_00738	0
KOHBPAPH_00739	0
KOHBPAPH_00740	2
KOHBPAPH_00741	1
KOHBPAPH_00742	1
KOHBPAPH_00743	1
KOHBPAPH_00744	1
KOHBPAPH_00745	0
KOHBPAPH_00746	2
KOHBPAPH_00747	0
KOHBPAPH_00748	3
KOHBPAPH_00749	0
KOHBPAPH_00750	3
KOHBPAPH_00751	1
KOHBPAPH_00752	2
KOHBPAPH_00753	1
KOHBPAPH_00754	0
KOHBPAPH_00755	0
KOHBPAPH_00756	0
KOHBPAPH_00757	5
KOHBPAPH_00758	0
KOHBPAPH_00759	1
KOHBPAPH_00760	0
KOHBPAPH_00761	0
KOHBPAPH_00762	0
KOHBPAPH_00763	0
KOHBPAPH_00764	0
KOHBPAPH_00765	0
KOHBPAPH_00766	0
KOHBPAPH_00767	0
KOHBPAPH_00768	0
KOHBPAPH_00769	0
KOHBPAPH_00770	1
KOHBPAPH_00772	3
KOHBPAPH_00773	0
KOHBPAPH_00774	0
KOHBPAPH_00775	0
KOHBPAPH_00776	1
KOHBPAPH_00777	0
KOHBPAPH_00778	0
KOHBPAPH_00779	0
KOHBPAPH_00780	0
KOHBPAPH_00782	2
KOHBPAPH_00783	1
KOHBPAPH_00784	0
KOHBPAPH_00785	4
KOHBPAPH_00786	0
KOHBPAPH_00787	0
KOHBPAPH_00788	0
KOHBPAPH_00789	1
KOHBPAPH_00790	0
KOHBPAPH_00791	0
KOHBPAPH_00793	0
KOHBPAPH_00794	3
KOHBPAPH_00795	0
KOHBPAPH_00796	0
KOHBPAPH_00797	0
KOHBPAPH_00798	0
KOHBPAPH_00799	0
KOHBPAPH_00800	1
KOHBPAPH_00801	4
KOHBPAPH_00802	0
KOHBPAPH_00803	1
KOHBPAPH_00805	2
KOHBPAPH_00806	3
KOHBPAPH_00807	0
KOHBPAPH_00808	0
KOHBPAPH_00809	0
KOHBPAPH_00810	0
KOHBPAPH_00811	1
KOHBPAPH_00812	0
KOHBPAPH_00813	1
KOHBPAPH_00814	0
KOHBPAPH_00815	0
KOHBPAPH_00816	0
KOHBPAPH_00817	5
KOHBPAPH_00818	1
KOHBPAPH_00819	1
KOHBPAPH_00820	0
KOHBPAPH_00821	0
KOHBPAPH_00822	0
KOHBPAPH_00823	0
KOHBPAPH_00824	3
KOHBPAPH_00825	0
KOHBPAPH_00826	0
KOHBPAPH_00827	0
KOHBPAPH_00828	0
KOHBPAPH_00829	0
KOHBPAPH_00830	3
KOHBPAPH_00831	0
KOHBPAPH_00832	0
KOHBPAPH_00833	0
KOHBPAPH_00834	0
KOHBPAPH_00835	2
KOHBPAPH_00836	0
KOHBPAPH_00837	0
KOHBPAPH_00838	0
KOHBPAPH_00839	0
KOHBPAPH_00840	0
KOHBPAPH_00841	0
KOHBPAPH_00842	7
KOHBPAPH_00843	1
KOHBPAPH_00844	0
KOHBPAPH_00845	0
KOHBPAPH_00846	0
KOHBPAPH_00847	0
KOHBPAPH_00848	0
KOHBPAPH_00849	0
KOHBPAPH_00850	0
KOHBPAPH_00851	1
KOHBPAPH_00852	0
KOHBPAPH_00853	0
KOHBPAPH_00854	3
KOHBPAPH_00855	2
KOHBPAPH_00856	0
KOHBPAPH_00857	1
KOHBPAPH_00858	2
KOHBPAPH_00859	0
KOHBPAPH_00860	0
KOHBPAPH_00861	9
KOHBPAPH_00862	0
KOHBPAPH_00863	1
KOHBPAPH_00864	0
KOHBPAPH_00865	0
KOHBPAPH_00866	0
KOHBPAPH_00867	0
KOHBPAPH_00868	1
KOHBPAPH_00869	0
KOHBPAPH_00870	0
KOHBPAPH_00871	0
KOHBPAPH_00872	3
KOHBPAPH_00873	0
KOHBPAPH_00874	0
KOHBPAPH_00875	1
KOHBPAPH_00876	0
KOHBPAPH_00877	7
KOHBPAPH_00878	0
KOHBPAPH_00879	0
KOHBPAPH_00880	0
KOHBPAPH_00881	0
KOHBPAPH_00882	0
KOHBPAPH_00883	0
KOHBPAPH_00884	0
KOHBPAPH_00885	0
KOHBPAPH_00886	1
KOHBPAPH_00887	1
KOHBPAPH_00888	0
KOHBPAPH_00889	2
KOHBPAPH_00890	3
KOHBPAPH_00891	2
KOHBPAPH_00892	0
KOHBPAPH_00893	1
KOHBPAPH_00894	0
KOHBPAPH_00895	0
KOHBPAPH_00896	2
KOHBPAPH_00897	0
KOHBPAPH_00898	2
KOHBPAPH_00899	0
KOHBPAPH_00900	0
KOHBPAPH_00901	0
KOHBPAPH_00902	0
KOHBPAPH_00903	0
KOHBPAPH_00904	2
KOHBPAPH_00905	5
KOHBPAPH_00906	2
KOHBPAPH_00907	1
KOHBPAPH_00908	0
KOHBPAPH_00909	0
KOHBPAPH_00910	0
KOHBPAPH_00911	0
KOHBPAPH_00912	0
KOHBPAPH_00913	0
KOHBPAPH_00914	0
KOHBPAPH_00915	0
KOHBPAPH_00916	0
KOHBPAPH_00917	0
KOHBPAPH_00918	0
KOHBPAPH_00919	0
KOHBPAPH_00920	0
KOHBPAPH_00921	0
KOHBPAPH_00926	0
KOHBPAPH_00927	0
KOHBPAPH_00928	2
KOHBPAPH_00929	37
KOHBPAPH_00930	0
KOHBPAPH_00931	2
KOHBPAPH_00933	0
KOHBPAPH_00934	3
KOHBPAPH_00936	0
KOHBPAPH_00937	2
KOHBPAPH_00938	0
KOHBPAPH_00939	0
KOHBPAPH_00940	0
KOHBPAPH_00941	1
KOHBPAPH_00942	0
KOHBPAPH_00943	3
KOHBPAPH_00944	0
KOHBPAPH_00945	0
KOHBPAPH_00946	1
KOHBPAPH_00947	0
KOHBPAPH_00948	0
KOHBPAPH_00949	0
KOHBPAPH_00950	0
KOHBPAPH_00951	0
KOHBPAPH_00952	0
KOHBPAPH_00953	0
KOHBPAPH_00954	0
KOHBPAPH_00955	146
KOHBPAPH_00956	0
KOHBPAPH_00957	3
KOHBPAPH_00958	0
KOHBPAPH_00959	0
KOHBPAPH_00960	0
KOHBPAPH_00961	0
KOHBPAPH_00962	0
KOHBPAPH_00963	0
KOHBPAPH_00965	0
KOHBPAPH_00966	0
KOHBPAPH_00967	1
KOHBPAPH_00968	14
KOHBPAPH_00969	1
KOHBPAPH_00970	1
KOHBPAPH_00971	0
KOHBPAPH_00972	1
KOHBPAPH_00973	0
KOHBPAPH_00974	1
KOHBPAPH_00975	0
KOHBPAPH_00976	2
KOHBPAPH_00977	0
KOHBPAPH_00978	1
KOHBPAPH_00979	3
KOHBPAPH_00980	3
KOHBPAPH_00981	0
KOHBPAPH_00982	0
KOHBPAPH_00983	6
KOHBPAPH_00984	0
KOHBPAPH_00985	0
KOHBPAPH_00986	0
KOHBPAPH_00987	1
KOHBPAPH_00988	0
KOHBPAPH_00989	1
KOHBPAPH_00990	1
KOHBPAPH_00991	0
KOHBPAPH_00992	0
KOHBPAPH_00993	1
KOHBPAPH_00994	0
KOHBPAPH_00995	0
KOHBPAPH_00996	0
KOHBPAPH_00997	1
KOHBPAPH_00998	0
KOHBPAPH_00999	0
KOHBPAPH_01000	0
KOHBPAPH_01001	0
KOHBPAPH_01002	0
KOHBPAPH_01003	11
KOHBPAPH_01004	0
KOHBPAPH_01005	3
KOHBPAPH_01006	0
KOHBPAPH_01007	0
KOHBPAPH_01008	1
KOHBPAPH_01009	0
KOHBPAPH_01010	0
KOHBPAPH_01011	0
KOHBPAPH_01012	0
KOHBPAPH_01013	1
KOHBPAPH_01014	16
KOHBPAPH_01015	0
KOHBPAPH_01016	0
KOHBPAPH_01017	0
KOHBPAPH_01018	0
KOHBPAPH_01019	0
KOHBPAPH_01020	0
KOHBPAPH_01021	0
KOHBPAPH_01022	0
KOHBPAPH_01023	0
KOHBPAPH_01024	0
KOHBPAPH_01025	0
KOHBPAPH_01026	1
KOHBPAPH_01027	0
KOHBPAPH_01028	1
KOHBPAPH_01029	0
KOHBPAPH_01030	0
KOHBPAPH_01031	0
KOHBPAPH_01032	32
KOHBPAPH_01033	3
KOHBPAPH_01034	0
KOHBPAPH_01035	1
KOHBPAPH_01036	0
KOHBPAPH_01037	0
KOHBPAPH_01038	0
KOHBPAPH_01039	1
KOHBPAPH_01040	3
KOHBPAPH_01041	0
KOHBPAPH_01042	0
KOHBPAPH_01043	0
KOHBPAPH_01044	0
KOHBPAPH_01045	65
KOHBPAPH_01046	3
KOHBPAPH_01047	1
KOHBPAPH_01048	1
KOHBPAPH_01049	0
KOHBPAPH_01050	0
KOHBPAPH_01051	0
KOHBPAPH_01052	1
KOHBPAPH_01053	0
KOHBPAPH_01054	0
KOHBPAPH_01055	0
KOHBPAPH_01056	0
KOHBPAPH_01057	0
KOHBPAPH_01058	0
KOHBPAPH_01059	0
KOHBPAPH_01060	0
KOHBPAPH_01061	0
KOHBPAPH_01062	0
KOHBPAPH_01063	0
KOHBPAPH_01064	4
KOHBPAPH_01065	1
KOHBPAPH_01066	1
KOHBPAPH_01067	0
KOHBPAPH_01068	0
KOHBPAPH_01069	2
KOHBPAPH_01070	1
KOHBPAPH_01071	0
KOHBPAPH_01072	0
KOHBPAPH_01073	0
KOHBPAPH_01074	0
KOHBPAPH_01075	0
KOHBPAPH_01077	0
KOHBPAPH_01078	0
KOHBPAPH_01079	0
KOHBPAPH_01080	1
KOHBPAPH_01081	0
KOHBPAPH_01082	0
KOHBPAPH_01083	0
KOHBPAPH_01084	0
KOHBPAPH_01085	0
KOHBPAPH_01086	1
KOHBPAPH_01087	4
KOHBPAPH_01088	0
KOHBPAPH_01089	0
KOHBPAPH_01090	0
KOHBPAPH_01091	0
KOHBPAPH_01092	2
KOHBPAPH_01093	0
KOHBPAPH_01094	1
KOHBPAPH_01095	0
KOHBPAPH_01096	0
KOHBPAPH_01097	0
KOHBPAPH_01098	0
KOHBPAPH_01099	0
KOHBPAPH_01100	0
KOHBPAPH_01101	0
KOHBPAPH_01102	0
KOHBPAPH_01104	0
KOHBPAPH_01105	1
KOHBPAPH_01106	0
KOHBPAPH_01107	10
KOHBPAPH_01108	0
KOHBPAPH_01109	0
KOHBPAPH_01110	1
KOHBPAPH_01111	2
KOHBPAPH_01112	0
KOHBPAPH_01113	0
KOHBPAPH_01114	1
KOHBPAPH_01115	0
KOHBPAPH_01116	0
KOHBPAPH_01117	3
KOHBPAPH_01118	0
KOHBPAPH_01119	0
KOHBPAPH_01120	2
KOHBPAPH_01122	0
KOHBPAPH_01123	0
KOHBPAPH_01124	0
KOHBPAPH_01125	0
KOHBPAPH_01126	0
KOHBPAPH_01127	2
KOHBPAPH_01128	0
KOHBPAPH_01129	0
KOHBPAPH_01130	3
KOHBPAPH_01131	1
KOHBPAPH_01132	0
KOHBPAPH_01133	5
KOHBPAPH_01134	18
KOHBPAPH_01135	1
KOHBPAPH_01136	4
KOHBPAPH_01137	0
KOHBPAPH_01138	0
KOHBPAPH_01139	0
KOHBPAPH_01140	0
KOHBPAPH_01141	0
KOHBPAPH_01142	0
KOHBPAPH_01143	0
KOHBPAPH_01144	0
KOHBPAPH_01145	0
KOHBPAPH_01146	0
KOHBPAPH_01147	0
KOHBPAPH_01148	0
KOHBPAPH_01149	0
KOHBPAPH_01150	3
KOHBPAPH_01151	0
KOHBPAPH_01152	0
KOHBPAPH_01153	0
KOHBPAPH_01154	0
KOHBPAPH_01155	0
KOHBPAPH_01156	0
KOHBPAPH_01157	0
KOHBPAPH_01158	3
KOHBPAPH_01159	2
KOHBPAPH_01160	0
KOHBPAPH_01161	1
KOHBPAPH_01162	0
KOHBPAPH_01163	0
KOHBPAPH_01164	1
KOHBPAPH_01165	0
KOHBPAPH_01166	0
KOHBPAPH_01167	4
KOHBPAPH_01168	2
KOHBPAPH_01169	2
KOHBPAPH_01170	1
KOHBPAPH_01171	0
KOHBPAPH_01172	2
KOHBPAPH_01173	4
KOHBPAPH_01174	0
KOHBPAPH_01175	2
KOHBPAPH_01176	1
KOHBPAPH_01177	0
KOHBPAPH_01178	8
KOHBPAPH_01179	3
KOHBPAPH_01180	1
KOHBPAPH_01181	0
KOHBPAPH_01182	0
KOHBPAPH_01183	0
KOHBPAPH_01184	0
KOHBPAPH_01185	0
KOHBPAPH_01186	1
KOHBPAPH_01187	0
KOHBPAPH_01188	0
KOHBPAPH_01189	0
KOHBPAPH_01190	0
KOHBPAPH_01191	0
KOHBPAPH_01192	0
KOHBPAPH_01193	1
KOHBPAPH_01194	0
KOHBPAPH_01195	1
KOHBPAPH_01196	2
KOHBPAPH_01197	2
KOHBPAPH_01198	0
KOHBPAPH_01199	0
KOHBPAPH_01200	0
KOHBPAPH_01201	0
KOHBPAPH_01202	0
KOHBPAPH_01203	0
KOHBPAPH_01205	0
KOHBPAPH_01206	0
KOHBPAPH_01207	1
KOHBPAPH_01208	2
KOHBPAPH_01209	0
KOHBPAPH_01210	0
KOHBPAPH_01211	1
KOHBPAPH_01212	0
KOHBPAPH_01213	0
KOHBPAPH_01214	0
KOHBPAPH_01215	0
KOHBPAPH_01216	0
KOHBPAPH_01217	0
KOHBPAPH_01218	0
KOHBPAPH_01219	0
KOHBPAPH_01220	0
KOHBPAPH_01221	0
KOHBPAPH_01222	0
KOHBPAPH_01223	0
KOHBPAPH_01224	0
KOHBPAPH_01225	1
KOHBPAPH_01226	0
KOHBPAPH_01227	1
KOHBPAPH_01228	0
KOHBPAPH_01229	0
KOHBPAPH_01230	2
KOHBPAPH_01231	0
KOHBPAPH_01232	0
KOHBPAPH_01233	0
KOHBPAPH_01234	0
KOHBPAPH_01235	0
KOHBPAPH_01236	0
KOHBPAPH_01237	0
KOHBPAPH_01238	0
KOHBPAPH_01239	0
KOHBPAPH_01240	4
KOHBPAPH_01241	2
KOHBPAPH_01242	0
KOHBPAPH_01243	0
KOHBPAPH_01244	3
KOHBPAPH_01245	0
KOHBPAPH_01246	2
KOHBPAPH_01247	36
KOHBPAPH_01248	7
KOHBPAPH_01249	0
KOHBPAPH_01250	0
KOHBPAPH_01251	0
KOHBPAPH_01252	2
KOHBPAPH_01253	0
KOHBPAPH_01254	0
KOHBPAPH_01255	0
KOHBPAPH_01256	0
KOHBPAPH_01257	0
KOHBPAPH_01258	0
KOHBPAPH_01259	2
KOHBPAPH_01260	0
KOHBPAPH_01261	1
KOHBPAPH_01262	0
KOHBPAPH_01263	0
KOHBPAPH_01264	2
KOHBPAPH_01265	0
KOHBPAPH_01266	1
KOHBPAPH_01267	0
KOHBPAPH_01268	0
KOHBPAPH_01269	0
KOHBPAPH_01270	1
KOHBPAPH_01271	0
KOHBPAPH_01272	0
KOHBPAPH_01273	0
KOHBPAPH_01274	3
KOHBPAPH_01275	2
KOHBPAPH_01276	2
KOHBPAPH_01277	3
KOHBPAPH_01278	1
KOHBPAPH_01279	0
KOHBPAPH_01280	1
KOHBPAPH_01281	1
KOHBPAPH_01282	1
KOHBPAPH_01283	0
KOHBPAPH_01284	0
KOHBPAPH_01285	0
KOHBPAPH_01286	0
KOHBPAPH_01287	0
KOHBPAPH_01288	0
KOHBPAPH_01289	0
KOHBPAPH_01290	0
KOHBPAPH_01291	0
KOHBPAPH_01292	0
KOHBPAPH_01293	1
KOHBPAPH_01294	0
KOHBPAPH_01295	0
KOHBPAPH_01296	0
KOHBPAPH_01297	1
KOHBPAPH_01298	0
KOHBPAPH_01299	0
KOHBPAPH_01300	0
KOHBPAPH_01301	0
KOHBPAPH_01302	0
KOHBPAPH_01303	0
KOHBPAPH_01304	0
KOHBPAPH_01305	0
KOHBPAPH_01306	0
KOHBPAPH_01307	0
KOHBPAPH_01308	0
KOHBPAPH_01309	4
KOHBPAPH_01310	0
KOHBPAPH_01311	0
KOHBPAPH_01312	0
KOHBPAPH_01313	1
KOHBPAPH_01314	2
KOHBPAPH_01315	0
KOHBPAPH_01316	1
KOHBPAPH_01317	0
KOHBPAPH_01318	2
KOHBPAPH_01319	0
KOHBPAPH_01320	0
KOHBPAPH_01321	0
KOHBPAPH_01322	0
KOHBPAPH_01323	0
KOHBPAPH_01324	0
KOHBPAPH_01325	4
KOHBPAPH_01326	2
KOHBPAPH_01327	2
KOHBPAPH_01328	1
KOHBPAPH_01329	0
KOHBPAPH_01330	0
KOHBPAPH_01331	0
KOHBPAPH_01332	1
KOHBPAPH_01333	0
KOHBPAPH_01334	0
KOHBPAPH_01335	0
KOHBPAPH_01336	0
KOHBPAPH_01337	0
KOHBPAPH_01338	0
KOHBPAPH_01339	0
KOHBPAPH_01340	0
KOHBPAPH_01341	0
KOHBPAPH_01342	1
KOHBPAPH_01343	4
KOHBPAPH_01344	1
KOHBPAPH_01345	0
KOHBPAPH_01346	0
KOHBPAPH_01347	0
KOHBPAPH_01348	0
KOHBPAPH_01349	0
KOHBPAPH_01350	0
KOHBPAPH_01351	0
KOHBPAPH_01352	0
KOHBPAPH_01353	0
KOHBPAPH_01354	0
KOHBPAPH_01355	0
KOHBPAPH_01356	0
KOHBPAPH_01357	2
KOHBPAPH_01358	0
KOHBPAPH_01359	1
KOHBPAPH_01360	6
KOHBPAPH_01361	8
KOHBPAPH_01362	1
KOHBPAPH_01363	2
KOHBPAPH_01364	1
KOHBPAPH_01365	0
KOHBPAPH_01366	0
KOHBPAPH_01367	0
KOHBPAPH_01368	0
KOHBPAPH_01369	0
KOHBPAPH_01370	0
KOHBPAPH_01371	0
KOHBPAPH_01372	1
KOHBPAPH_01373	0
KOHBPAPH_01374	0
KOHBPAPH_01375	0
KOHBPAPH_01376	0
KOHBPAPH_01377	0
KOHBPAPH_01378	0
KOHBPAPH_01380	2
KOHBPAPH_01381	0
KOHBPAPH_01382	0
KOHBPAPH_01383	0
KOHBPAPH_01384	0
KOHBPAPH_01385	0
KOHBPAPH_01386	0
KOHBPAPH_01387	0
KOHBPAPH_01388	3
KOHBPAPH_01389	1
KOHBPAPH_01391	0
KOHBPAPH_01392	3
KOHBPAPH_01393	0
KOHBPAPH_01394	0
KOHBPAPH_01395	0
KOHBPAPH_01396	0
KOHBPAPH_01397	0
KOHBPAPH_01398	0
KOHBPAPH_01399	2
KOHBPAPH_01400	0
KOHBPAPH_01401	0
KOHBPAPH_01402	0
KOHBPAPH_01403	0
KOHBPAPH_01404	1
KOHBPAPH_01405	2
KOHBPAPH_01406	0
KOHBPAPH_01407	0
KOHBPAPH_01408	3
KOHBPAPH_01409	0
KOHBPAPH_01410	1
KOHBPAPH_01411	0
KOHBPAPH_01412	0
KOHBPAPH_01413	0
KOHBPAPH_01414	0
KOHBPAPH_01415	1
KOHBPAPH_01416	0
KOHBPAPH_01417	0
KOHBPAPH_01418	7
KOHBPAPH_01419	0
KOHBPAPH_01420	0
KOHBPAPH_01421	0
KOHBPAPH_01422	5
KOHBPAPH_01423	4
KOHBPAPH_01424	0
KOHBPAPH_01425	0
KOHBPAPH_01426	0
KOHBPAPH_01427	1
KOHBPAPH_01428	0
KOHBPAPH_01429	0
KOHBPAPH_01430	3
KOHBPAPH_01431	0
KOHBPAPH_01432	0
KOHBPAPH_01433	1
KOHBPAPH_01434	0
KOHBPAPH_01435	0
KOHBPAPH_01436	1
KOHBPAPH_01437	0
KOHBPAPH_01438	0
KOHBPAPH_01439	2
__no_feature	3264
__ambiguous	167
__too_low_aQual	2732
__not_aligned	826703
__alignment_not_unique	0
