LGDJACJA_00001	0
LGDJACJA_00003	0
LGDJACJA_00004	0
LGDJACJA_00005	0
LGDJACJA_00006	0
LGDJACJA_00007	0
LGDJACJA_00008	1
LGDJACJA_00009	0
LGDJACJA_00010	0
LGDJACJA_00011	0
LGDJACJA_00012	0
LGDJACJA_00013	0
LGDJACJA_00014	0
LGDJACJA_00015	2
LGDJACJA_00016	0
LGDJACJA_00017	0
LGDJACJA_00018	0
LGDJACJA_00019	3
LGDJACJA_00020	2
LGDJACJA_00023	1
LGDJACJA_00024	0
LGDJACJA_00025	0
LGDJACJA_00026	0
LGDJACJA_00027	0
LGDJACJA_00028	1
LGDJACJA_00029	0
LGDJACJA_00030	0
LGDJACJA_00031	0
LGDJACJA_00032	0
LGDJACJA_00034	0
LGDJACJA_00035	0
LGDJACJA_00036	0
LGDJACJA_00037	0
LGDJACJA_00038	0
LGDJACJA_00039	0
LGDJACJA_00040	0
LGDJACJA_00041	0
LGDJACJA_00042	0
LGDJACJA_00043	0
LGDJACJA_00044	0
LGDJACJA_00045	0
LGDJACJA_00046	0
LGDJACJA_00047	0
LGDJACJA_00048	0
LGDJACJA_00049	0
LGDJACJA_00050	0
LGDJACJA_00051	0
LGDJACJA_00052	0
LGDJACJA_00053	0
LGDJACJA_00054	0
LGDJACJA_00055	0
LGDJACJA_00056	0
LGDJACJA_00057	0
LGDJACJA_00058	0
LGDJACJA_00059	0
LGDJACJA_00060	2
LGDJACJA_00061	0
LGDJACJA_00062	0
LGDJACJA_00063	1
LGDJACJA_00064	0
LGDJACJA_00065	0
LGDJACJA_00066	0
LGDJACJA_00067	0
LGDJACJA_00068	0
LGDJACJA_00069	0
LGDJACJA_00070	1
LGDJACJA_00071	0
LGDJACJA_00072	0
LGDJACJA_00073	0
LGDJACJA_00074	0
LGDJACJA_00075	0
LGDJACJA_00076	0
LGDJACJA_00077	0
LGDJACJA_00078	0
LGDJACJA_00079	0
LGDJACJA_00080	0
LGDJACJA_00081	0
LGDJACJA_00082	0
LGDJACJA_00084	0
LGDJACJA_00085	0
LGDJACJA_00086	0
LGDJACJA_00087	0
LGDJACJA_00088	0
LGDJACJA_00089	0
LGDJACJA_00090	0
LGDJACJA_00091	0
LGDJACJA_00092	0
LGDJACJA_00093	0
LGDJACJA_00094	0
LGDJACJA_00095	0
LGDJACJA_00096	2
LGDJACJA_00097	0
LGDJACJA_00098	0
LGDJACJA_00099	0
LGDJACJA_00100	0
LGDJACJA_00101	0
LGDJACJA_00102	0
LGDJACJA_00103	0
LGDJACJA_00104	0
LGDJACJA_00105	0
LGDJACJA_00106	0
LGDJACJA_00107	0
LGDJACJA_00108	0
LGDJACJA_00109	0
LGDJACJA_00110	0
LGDJACJA_00111	0
LGDJACJA_00112	0
LGDJACJA_00113	1
LGDJACJA_00114	1
LGDJACJA_00116	0
LGDJACJA_00117	0
LGDJACJA_00118	0
LGDJACJA_00120	0
LGDJACJA_00121	0
LGDJACJA_00122	0
LGDJACJA_00123	0
LGDJACJA_00124	0
LGDJACJA_00125	0
LGDJACJA_00126	0
LGDJACJA_00128	0
LGDJACJA_00129	0
LGDJACJA_00130	0
LGDJACJA_00131	0
LGDJACJA_00132	0
LGDJACJA_00133	0
LGDJACJA_00134	1
LGDJACJA_00135	0
LGDJACJA_00136	0
LGDJACJA_00137	0
LGDJACJA_00138	0
LGDJACJA_00139	0
LGDJACJA_00140	0
LGDJACJA_00141	0
LGDJACJA_00142	0
LGDJACJA_00143	0
LGDJACJA_00144	0
LGDJACJA_00145	0
LGDJACJA_00146	0
LGDJACJA_00147	0
LGDJACJA_00148	0
LGDJACJA_00149	0
LGDJACJA_00150	0
LGDJACJA_00151	0
LGDJACJA_00152	0
LGDJACJA_00153	0
LGDJACJA_00154	0
LGDJACJA_00155	0
LGDJACJA_00156	0
LGDJACJA_00157	0
LGDJACJA_00158	0
LGDJACJA_00159	0
LGDJACJA_00160	0
LGDJACJA_00161	0
LGDJACJA_00162	0
LGDJACJA_00163	0
LGDJACJA_00164	0
LGDJACJA_00165	0
LGDJACJA_00166	0
LGDJACJA_00167	0
LGDJACJA_00168	0
LGDJACJA_00169	0
LGDJACJA_00170	2
LGDJACJA_00171	0
LGDJACJA_00172	0
LGDJACJA_00173	0
LGDJACJA_00174	0
LGDJACJA_00175	5
LGDJACJA_00176	0
LGDJACJA_00177	0
LGDJACJA_00178	0
LGDJACJA_00179	2
LGDJACJA_00180	0
LGDJACJA_00181	0
LGDJACJA_00182	0
LGDJACJA_00183	0
LGDJACJA_00184	0
LGDJACJA_00185	0
LGDJACJA_00186	0
LGDJACJA_00187	0
LGDJACJA_00188	0
LGDJACJA_00189	0
LGDJACJA_00190	0
LGDJACJA_00191	0
LGDJACJA_00192	0
LGDJACJA_00193	0
LGDJACJA_00194	0
LGDJACJA_00195	0
LGDJACJA_00196	0
LGDJACJA_00197	0
LGDJACJA_00198	0
LGDJACJA_00199	0
LGDJACJA_00200	0
LGDJACJA_00201	0
LGDJACJA_00203	0
LGDJACJA_00204	0
LGDJACJA_00205	0
LGDJACJA_00206	0
LGDJACJA_00207	0
LGDJACJA_00208	0
LGDJACJA_00209	0
LGDJACJA_00210	0
LGDJACJA_00211	0
LGDJACJA_00212	0
LGDJACJA_00213	0
LGDJACJA_00214	0
LGDJACJA_00215	0
LGDJACJA_00216	2
LGDJACJA_00217	0
LGDJACJA_00218	0
LGDJACJA_00219	0
LGDJACJA_00220	0
LGDJACJA_00221	0
LGDJACJA_00222	0
LGDJACJA_00223	0
LGDJACJA_00224	0
LGDJACJA_00225	0
LGDJACJA_00226	0
LGDJACJA_00227	0
LGDJACJA_00228	0
LGDJACJA_00229	0
LGDJACJA_00230	0
LGDJACJA_00231	1
LGDJACJA_00232	0
LGDJACJA_00233	2
LGDJACJA_00234	1
LGDJACJA_00235	4
LGDJACJA_00236	0
LGDJACJA_00237	0
LGDJACJA_00238	0
LGDJACJA_00239	0
LGDJACJA_00240	2
LGDJACJA_00241	1
LGDJACJA_00242	0
LGDJACJA_00243	0
LGDJACJA_00244	0
LGDJACJA_00245	0
LGDJACJA_00246	0
LGDJACJA_00247	0
LGDJACJA_00248	0
LGDJACJA_00249	0
LGDJACJA_00250	0
LGDJACJA_00251	0
LGDJACJA_00252	0
LGDJACJA_00253	0
LGDJACJA_00254	1
LGDJACJA_00256	0
LGDJACJA_00257	0
LGDJACJA_00258	0
LGDJACJA_00259	0
LGDJACJA_00260	0
LGDJACJA_00261	0
LGDJACJA_00262	0
LGDJACJA_00263	1
LGDJACJA_00264	3
LGDJACJA_00265	0
LGDJACJA_00266	0
LGDJACJA_00267	0
LGDJACJA_00268	0
LGDJACJA_00269	0
LGDJACJA_00270	0
LGDJACJA_00271	0
LGDJACJA_00272	0
LGDJACJA_00273	0
LGDJACJA_00274	0
LGDJACJA_00275	1
LGDJACJA_00276	0
LGDJACJA_00277	0
LGDJACJA_00278	0
LGDJACJA_00279	0
LGDJACJA_00280	0
LGDJACJA_00281	1
LGDJACJA_00282	0
LGDJACJA_00283	0
LGDJACJA_00284	0
LGDJACJA_00285	0
LGDJACJA_00286	1
LGDJACJA_00287	0
LGDJACJA_00288	0
LGDJACJA_00289	0
LGDJACJA_00290	0
LGDJACJA_00292	0
LGDJACJA_00295	0
LGDJACJA_00296	0
LGDJACJA_00297	0
LGDJACJA_00298	0
LGDJACJA_00299	0
LGDJACJA_00300	1
LGDJACJA_00301	0
LGDJACJA_00302	0
LGDJACJA_00303	0
LGDJACJA_00304	0
LGDJACJA_00305	0
LGDJACJA_00306	0
LGDJACJA_00309	0
LGDJACJA_00310	0
LGDJACJA_00311	0
LGDJACJA_00312	0
LGDJACJA_00313	0
LGDJACJA_00314	0
LGDJACJA_00315	0
LGDJACJA_00316	0
LGDJACJA_00317	0
LGDJACJA_00318	0
LGDJACJA_00319	0
LGDJACJA_00320	0
LGDJACJA_00321	0
LGDJACJA_00322	0
LGDJACJA_00323	0
LGDJACJA_00324	0
LGDJACJA_00325	0
LGDJACJA_00326	0
LGDJACJA_00327	0
LGDJACJA_00328	0
LGDJACJA_00329	0
LGDJACJA_00331	0
LGDJACJA_00332	0
LGDJACJA_00333	1
LGDJACJA_00334	0
LGDJACJA_00335	0
LGDJACJA_00336	0
LGDJACJA_00337	0
LGDJACJA_00338	1
LGDJACJA_00339	0
LGDJACJA_00340	0
LGDJACJA_00341	1
LGDJACJA_00342	0
LGDJACJA_00343	3
LGDJACJA_00344	0
LGDJACJA_00345	0
LGDJACJA_00346	0
LGDJACJA_00347	0
LGDJACJA_00348	0
LGDJACJA_00349	0
LGDJACJA_00350	0
LGDJACJA_00351	0
LGDJACJA_00352	0
LGDJACJA_00353	0
LGDJACJA_00354	0
LGDJACJA_00355	0
LGDJACJA_00356	0
LGDJACJA_00357	0
LGDJACJA_00358	0
LGDJACJA_00359	6
LGDJACJA_00360	0
LGDJACJA_00361	0
LGDJACJA_00362	0
LGDJACJA_00363	2
LGDJACJA_00364	0
LGDJACJA_00365	0
LGDJACJA_00366	0
LGDJACJA_00367	0
LGDJACJA_00368	0
LGDJACJA_00369	0
LGDJACJA_00370	0
LGDJACJA_00371	0
LGDJACJA_00372	0
LGDJACJA_00373	0
LGDJACJA_00374	0
LGDJACJA_00375	1
LGDJACJA_00376	0
LGDJACJA_00377	3
LGDJACJA_00378	0
LGDJACJA_00379	0
LGDJACJA_00380	0
LGDJACJA_00381	0
LGDJACJA_00382	0
LGDJACJA_00383	0
LGDJACJA_00384	0
LGDJACJA_00385	0
LGDJACJA_00386	0
LGDJACJA_00387	0
LGDJACJA_00388	0
LGDJACJA_00389	0
LGDJACJA_00390	0
LGDJACJA_00391	0
LGDJACJA_00392	0
LGDJACJA_00393	0
LGDJACJA_00394	0
LGDJACJA_00395	0
LGDJACJA_00396	0
LGDJACJA_00397	0
LGDJACJA_00398	0
LGDJACJA_00399	0
LGDJACJA_00400	0
LGDJACJA_00401	0
LGDJACJA_00402	0
LGDJACJA_00403	0
LGDJACJA_00404	0
LGDJACJA_00405	0
LGDJACJA_00406	0
LGDJACJA_00407	0
LGDJACJA_00408	0
LGDJACJA_00409	1
LGDJACJA_00410	0
LGDJACJA_00411	0
LGDJACJA_00412	0
LGDJACJA_00413	0
LGDJACJA_00414	0
LGDJACJA_00415	0
LGDJACJA_00416	0
LGDJACJA_00417	0
LGDJACJA_00418	0
LGDJACJA_00419	0
LGDJACJA_00420	0
LGDJACJA_00421	0
LGDJACJA_00422	0
LGDJACJA_00423	0
LGDJACJA_00424	0
LGDJACJA_00425	0
LGDJACJA_00426	0
LGDJACJA_00427	0
LGDJACJA_00428	0
LGDJACJA_00429	0
LGDJACJA_00430	0
LGDJACJA_00431	0
LGDJACJA_00432	0
LGDJACJA_00433	1
LGDJACJA_00434	0
LGDJACJA_00435	0
LGDJACJA_00436	0
LGDJACJA_00437	0
LGDJACJA_00438	0
LGDJACJA_00439	0
LGDJACJA_00440	0
LGDJACJA_00441	0
LGDJACJA_00442	0
LGDJACJA_00443	0
LGDJACJA_00444	0
LGDJACJA_00445	0
LGDJACJA_00446	0
LGDJACJA_00447	0
LGDJACJA_00448	0
LGDJACJA_00449	0
LGDJACJA_00450	1
LGDJACJA_00451	0
LGDJACJA_00452	0
LGDJACJA_00453	0
LGDJACJA_00454	0
LGDJACJA_00455	0
LGDJACJA_00456	0
LGDJACJA_00457	0
LGDJACJA_00458	0
LGDJACJA_00459	0
LGDJACJA_00460	0
LGDJACJA_00461	0
LGDJACJA_00462	0
LGDJACJA_00463	0
LGDJACJA_00465	0
LGDJACJA_00466	0
LGDJACJA_00467	0
LGDJACJA_00468	0
LGDJACJA_00469	0
LGDJACJA_00470	0
LGDJACJA_00471	0
LGDJACJA_00472	0
LGDJACJA_00473	0
LGDJACJA_00474	0
LGDJACJA_00475	0
LGDJACJA_00476	0
LGDJACJA_00477	0
LGDJACJA_00478	0
LGDJACJA_00479	0
LGDJACJA_00480	2
LGDJACJA_00481	0
LGDJACJA_00482	0
LGDJACJA_00483	0
LGDJACJA_00484	0
LGDJACJA_00485	0
LGDJACJA_00486	0
LGDJACJA_00487	0
LGDJACJA_00488	0
LGDJACJA_00489	0
LGDJACJA_00490	0
LGDJACJA_00491	0
LGDJACJA_00492	0
LGDJACJA_00493	0
LGDJACJA_00494	0
LGDJACJA_00495	0
LGDJACJA_00496	0
LGDJACJA_00498	1
LGDJACJA_00499	0
LGDJACJA_00500	0
LGDJACJA_00502	0
LGDJACJA_00503	0
LGDJACJA_00504	0
LGDJACJA_00505	0
LGDJACJA_00506	1
LGDJACJA_00507	4
LGDJACJA_00508	1
LGDJACJA_00509	0
LGDJACJA_00510	0
LGDJACJA_00511	0
LGDJACJA_00512	0
LGDJACJA_00513	0
LGDJACJA_00514	0
LGDJACJA_00515	0
LGDJACJA_00516	0
LGDJACJA_00517	0
LGDJACJA_00518	0
LGDJACJA_00519	0
LGDJACJA_00520	0
LGDJACJA_00521	0
LGDJACJA_00522	0
LGDJACJA_00523	0
LGDJACJA_00524	0
LGDJACJA_00525	0
LGDJACJA_00526	19
LGDJACJA_00527	0
LGDJACJA_00528	0
LGDJACJA_00529	0
LGDJACJA_00530	0
LGDJACJA_00531	1
LGDJACJA_00532	0
LGDJACJA_00533	0
LGDJACJA_00534	0
LGDJACJA_00535	0
LGDJACJA_00537	0
LGDJACJA_00538	0
LGDJACJA_00539	0
LGDJACJA_00540	0
LGDJACJA_00541	0
LGDJACJA_00542	0
LGDJACJA_00543	0
LGDJACJA_00544	0
LGDJACJA_00545	0
LGDJACJA_00546	0
LGDJACJA_00547	0
LGDJACJA_00548	0
LGDJACJA_00549	0
LGDJACJA_00550	0
LGDJACJA_00551	1
LGDJACJA_00552	0
LGDJACJA_00553	0
LGDJACJA_00554	0
LGDJACJA_00555	0
LGDJACJA_00556	0
LGDJACJA_00557	0
LGDJACJA_00558	0
LGDJACJA_00559	0
LGDJACJA_00560	1
LGDJACJA_00561	0
LGDJACJA_00562	0
LGDJACJA_00563	0
LGDJACJA_00564	0
LGDJACJA_00565	0
LGDJACJA_00566	0
LGDJACJA_00567	0
LGDJACJA_00568	0
LGDJACJA_00569	0
LGDJACJA_00570	0
LGDJACJA_00571	0
LGDJACJA_00572	0
LGDJACJA_00573	0
LGDJACJA_00574	0
LGDJACJA_00575	0
LGDJACJA_00578	0
LGDJACJA_00579	0
LGDJACJA_00580	0
LGDJACJA_00581	0
LGDJACJA_00582	0
LGDJACJA_00583	0
LGDJACJA_00584	0
LGDJACJA_00585	0
LGDJACJA_00586	0
LGDJACJA_00587	0
LGDJACJA_00588	0
LGDJACJA_00589	0
LGDJACJA_00590	1
LGDJACJA_00591	1
LGDJACJA_00592	1
LGDJACJA_00593	0
LGDJACJA_00594	0
LGDJACJA_00595	0
LGDJACJA_00596	0
LGDJACJA_00597	1
LGDJACJA_00598	0
LGDJACJA_00599	1
LGDJACJA_00600	0
LGDJACJA_00601	0
LGDJACJA_00602	0
LGDJACJA_00603	0
LGDJACJA_00604	0
LGDJACJA_00605	0
LGDJACJA_00606	0
LGDJACJA_00607	0
LGDJACJA_00608	0
LGDJACJA_00609	0
LGDJACJA_00610	0
LGDJACJA_00611	0
LGDJACJA_00612	3
LGDJACJA_00613	0
LGDJACJA_00614	0
LGDJACJA_00615	0
LGDJACJA_00616	0
LGDJACJA_00617	1
LGDJACJA_00618	0
LGDJACJA_00619	0
LGDJACJA_00620	0
LGDJACJA_00621	0
LGDJACJA_00622	0
LGDJACJA_00623	0
LGDJACJA_00624	2
LGDJACJA_00626	0
LGDJACJA_00627	0
LGDJACJA_00628	0
LGDJACJA_00629	1
LGDJACJA_00630	0
LGDJACJA_00631	0
LGDJACJA_00632	1
LGDJACJA_00633	0
LGDJACJA_00634	0
LGDJACJA_00635	0
LGDJACJA_00636	1
LGDJACJA_00637	0
LGDJACJA_00638	0
LGDJACJA_00639	0
LGDJACJA_00640	0
LGDJACJA_00641	0
LGDJACJA_00642	0
LGDJACJA_00643	0
LGDJACJA_00644	0
LGDJACJA_00645	0
LGDJACJA_00646	0
LGDJACJA_00647	0
LGDJACJA_00648	0
LGDJACJA_00649	0
LGDJACJA_00650	0
LGDJACJA_00651	0
LGDJACJA_00652	0
LGDJACJA_00653	0
LGDJACJA_00654	0
LGDJACJA_00655	0
LGDJACJA_00656	1
LGDJACJA_00657	0
LGDJACJA_00658	0
LGDJACJA_00659	0
LGDJACJA_00660	0
LGDJACJA_00661	0
LGDJACJA_00662	0
LGDJACJA_00663	0
LGDJACJA_00665	0
LGDJACJA_00666	0
LGDJACJA_00667	0
LGDJACJA_00668	0
LGDJACJA_00669	0
LGDJACJA_00670	0
LGDJACJA_00671	0
LGDJACJA_00672	0
LGDJACJA_00673	0
LGDJACJA_00674	0
LGDJACJA_00675	0
LGDJACJA_00676	0
LGDJACJA_00677	0
LGDJACJA_00678	0
LGDJACJA_00679	0
LGDJACJA_00680	0
LGDJACJA_00681	0
LGDJACJA_00682	1
LGDJACJA_00683	0
LGDJACJA_00684	0
LGDJACJA_00685	0
LGDJACJA_00686	0
LGDJACJA_00687	0
LGDJACJA_00688	0
LGDJACJA_00689	0
LGDJACJA_00690	0
LGDJACJA_00691	0
LGDJACJA_00692	0
LGDJACJA_00693	0
LGDJACJA_00694	2
LGDJACJA_00695	0
LGDJACJA_00696	0
LGDJACJA_00697	0
LGDJACJA_00698	0
LGDJACJA_00699	0
LGDJACJA_00700	0
LGDJACJA_00701	0
LGDJACJA_00702	0
LGDJACJA_00703	0
LGDJACJA_00704	0
LGDJACJA_00705	0
LGDJACJA_00706	0
LGDJACJA_00707	0
LGDJACJA_00708	0
LGDJACJA_00709	0
LGDJACJA_00710	0
LGDJACJA_00711	0
LGDJACJA_00712	1
LGDJACJA_00713	0
LGDJACJA_00714	0
LGDJACJA_00715	0
LGDJACJA_00716	0
LGDJACJA_00717	0
LGDJACJA_00718	0
LGDJACJA_00719	0
LGDJACJA_00720	0
LGDJACJA_00721	1
LGDJACJA_00722	0
LGDJACJA_00723	0
LGDJACJA_00724	0
LGDJACJA_00725	1
LGDJACJA_00726	0
LGDJACJA_00727	0
LGDJACJA_00728	0
LGDJACJA_00729	0
LGDJACJA_00730	0
LGDJACJA_00731	1
LGDJACJA_00732	0
LGDJACJA_00733	0
LGDJACJA_00734	0
LGDJACJA_00735	0
LGDJACJA_00736	0
LGDJACJA_00738	0
LGDJACJA_00739	0
LGDJACJA_00740	0
LGDJACJA_00741	0
LGDJACJA_00742	0
LGDJACJA_00743	0
LGDJACJA_00744	0
LGDJACJA_00745	1
LGDJACJA_00746	0
LGDJACJA_00747	0
LGDJACJA_00748	0
LGDJACJA_00749	0
LGDJACJA_00750	0
LGDJACJA_00751	0
LGDJACJA_00752	0
LGDJACJA_00753	0
LGDJACJA_00754	0
LGDJACJA_00755	5
LGDJACJA_00756	3
LGDJACJA_00757	0
LGDJACJA_00758	0
LGDJACJA_00759	0
LGDJACJA_00760	0
LGDJACJA_00761	0
LGDJACJA_00762	0
LGDJACJA_00763	0
LGDJACJA_00764	0
LGDJACJA_00765	0
LGDJACJA_00766	0
LGDJACJA_00767	0
LGDJACJA_00768	0
LGDJACJA_00769	0
LGDJACJA_00770	0
LGDJACJA_00771	1
LGDJACJA_00772	0
LGDJACJA_00773	0
LGDJACJA_00774	0
LGDJACJA_00775	0
LGDJACJA_00776	0
LGDJACJA_00777	0
LGDJACJA_00778	0
LGDJACJA_00779	0
LGDJACJA_00780	0
LGDJACJA_00781	0
LGDJACJA_00782	0
LGDJACJA_00783	0
LGDJACJA_00784	0
LGDJACJA_00785	0
LGDJACJA_00786	0
LGDJACJA_00787	0
LGDJACJA_00788	0
LGDJACJA_00789	0
LGDJACJA_00790	2
LGDJACJA_00791	0
LGDJACJA_00792	0
LGDJACJA_00793	0
LGDJACJA_00794	0
LGDJACJA_00795	0
LGDJACJA_00796	0
LGDJACJA_00797	0
LGDJACJA_00798	0
LGDJACJA_00799	0
LGDJACJA_00800	0
LGDJACJA_00801	0
LGDJACJA_00802	0
LGDJACJA_00803	0
LGDJACJA_00804	0
LGDJACJA_00805	0
LGDJACJA_00806	0
LGDJACJA_00807	0
LGDJACJA_00808	1
LGDJACJA_00809	0
LGDJACJA_00810	0
LGDJACJA_00811	0
LGDJACJA_00812	0
LGDJACJA_00813	0
LGDJACJA_00814	0
LGDJACJA_00815	0
LGDJACJA_00816	0
LGDJACJA_00817	0
LGDJACJA_00818	0
LGDJACJA_00819	0
LGDJACJA_00820	0
LGDJACJA_00821	0
LGDJACJA_00822	0
LGDJACJA_00823	0
LGDJACJA_00824	0
LGDJACJA_00825	0
LGDJACJA_00826	0
LGDJACJA_00827	0
LGDJACJA_00828	0
LGDJACJA_00829	0
LGDJACJA_00830	0
LGDJACJA_00831	0
LGDJACJA_00832	0
LGDJACJA_00833	0
LGDJACJA_00834	0
LGDJACJA_00835	0
LGDJACJA_00836	0
LGDJACJA_00837	0
LGDJACJA_00838	0
LGDJACJA_00839	0
LGDJACJA_00840	0
LGDJACJA_00841	0
LGDJACJA_00842	0
LGDJACJA_00843	0
LGDJACJA_00844	2
LGDJACJA_00845	3
LGDJACJA_00846	0
LGDJACJA_00847	0
LGDJACJA_00848	1
LGDJACJA_00849	1
LGDJACJA_00850	0
LGDJACJA_00851	0
LGDJACJA_00852	0
LGDJACJA_00853	0
LGDJACJA_00854	0
LGDJACJA_00855	1
LGDJACJA_00856	0
LGDJACJA_00857	1
LGDJACJA_00858	0
LGDJACJA_00859	0
LGDJACJA_00860	0
LGDJACJA_00861	0
LGDJACJA_00862	0
LGDJACJA_00863	1
LGDJACJA_00864	0
LGDJACJA_00865	0
LGDJACJA_00866	0
LGDJACJA_00867	0
LGDJACJA_00868	0
LGDJACJA_00869	0
LGDJACJA_00870	0
LGDJACJA_00871	0
LGDJACJA_00872	0
LGDJACJA_00873	0
LGDJACJA_00874	0
LGDJACJA_00875	0
LGDJACJA_00876	0
LGDJACJA_00877	0
LGDJACJA_00878	0
LGDJACJA_00879	0
LGDJACJA_00880	0
LGDJACJA_00881	0
LGDJACJA_00882	0
LGDJACJA_00883	0
LGDJACJA_00884	0
LGDJACJA_00885	0
LGDJACJA_00886	0
LGDJACJA_00887	0
LGDJACJA_00888	0
LGDJACJA_00889	0
LGDJACJA_00890	0
LGDJACJA_00891	0
LGDJACJA_00892	0
LGDJACJA_00893	0
LGDJACJA_00894	0
LGDJACJA_00895	0
LGDJACJA_00896	0
LGDJACJA_00897	0
LGDJACJA_00898	0
LGDJACJA_00899	3
LGDJACJA_00900	0
LGDJACJA_00901	0
LGDJACJA_00902	0
LGDJACJA_00903	0
LGDJACJA_00904	0
LGDJACJA_00905	0
LGDJACJA_00906	0
LGDJACJA_00907	0
LGDJACJA_00908	0
LGDJACJA_00909	0
LGDJACJA_00910	0
LGDJACJA_00911	0
LGDJACJA_00912	0
LGDJACJA_00913	0
LGDJACJA_00914	1
LGDJACJA_00915	0
LGDJACJA_00916	0
LGDJACJA_00917	0
LGDJACJA_00918	0
LGDJACJA_00919	0
LGDJACJA_00920	0
LGDJACJA_00921	0
LGDJACJA_00922	0
LGDJACJA_00923	0
LGDJACJA_00924	0
LGDJACJA_00925	0
LGDJACJA_00926	0
LGDJACJA_00927	0
LGDJACJA_00928	0
LGDJACJA_00929	0
LGDJACJA_00930	0
LGDJACJA_00931	0
LGDJACJA_00932	0
LGDJACJA_00933	1
LGDJACJA_00934	0
LGDJACJA_00935	0
LGDJACJA_00936	0
LGDJACJA_00937	0
LGDJACJA_00938	0
LGDJACJA_00939	0
LGDJACJA_00940	0
LGDJACJA_00941	0
LGDJACJA_00942	0
LGDJACJA_00943	0
LGDJACJA_00944	0
LGDJACJA_00945	0
LGDJACJA_00946	0
LGDJACJA_00947	0
LGDJACJA_00949	0
LGDJACJA_00950	0
LGDJACJA_00951	0
LGDJACJA_00952	0
LGDJACJA_00953	0
LGDJACJA_00954	0
LGDJACJA_00955	0
LGDJACJA_00956	0
LGDJACJA_00957	0
LGDJACJA_00958	2
LGDJACJA_00959	0
LGDJACJA_00960	0
LGDJACJA_00961	0
LGDJACJA_00962	0
LGDJACJA_00963	0
LGDJACJA_00964	0
LGDJACJA_00965	0
LGDJACJA_00966	0
LGDJACJA_00967	0
LGDJACJA_00968	0
LGDJACJA_00969	0
LGDJACJA_00970	0
LGDJACJA_00971	0
LGDJACJA_00972	0
LGDJACJA_00973	0
LGDJACJA_00974	0
LGDJACJA_00975	0
LGDJACJA_00976	1
LGDJACJA_00977	0
LGDJACJA_00978	0
LGDJACJA_00979	0
LGDJACJA_00980	0
LGDJACJA_00981	1
LGDJACJA_00982	0
LGDJACJA_00983	0
LGDJACJA_00984	0
LGDJACJA_00985	0
LGDJACJA_00986	0
LGDJACJA_00987	0
LGDJACJA_00988	0
LGDJACJA_00991	0
LGDJACJA_00992	0
LGDJACJA_00993	0
LGDJACJA_00994	0
LGDJACJA_00996	0
LGDJACJA_00997	0
LGDJACJA_00998	0
LGDJACJA_00999	0
LGDJACJA_01000	1
LGDJACJA_01001	0
LGDJACJA_01002	0
LGDJACJA_01003	0
LGDJACJA_01004	0
LGDJACJA_01005	0
LGDJACJA_01006	1
LGDJACJA_01007	0
LGDJACJA_01008	0
LGDJACJA_01009	0
LGDJACJA_01010	0
LGDJACJA_01011	0
LGDJACJA_01012	0
LGDJACJA_01013	0
LGDJACJA_01014	0
LGDJACJA_01015	0
LGDJACJA_01016	1
LGDJACJA_01018	0
LGDJACJA_01019	0
LGDJACJA_01020	0
LGDJACJA_01021	0
LGDJACJA_01022	0
LGDJACJA_01023	0
LGDJACJA_01024	0
LGDJACJA_01025	0
LGDJACJA_01026	0
LGDJACJA_01027	0
LGDJACJA_01028	0
LGDJACJA_01030	0
LGDJACJA_01031	0
LGDJACJA_01032	0
LGDJACJA_01033	0
LGDJACJA_01034	0
LGDJACJA_01035	0
LGDJACJA_01036	0
LGDJACJA_01037	0
LGDJACJA_01038	1
LGDJACJA_01039	0
LGDJACJA_01040	0
LGDJACJA_01041	0
LGDJACJA_01042	0
LGDJACJA_01043	0
LGDJACJA_01044	2
LGDJACJA_01045	0
LGDJACJA_01046	0
LGDJACJA_01047	0
LGDJACJA_01048	0
LGDJACJA_01049	0
LGDJACJA_01050	0
LGDJACJA_01051	0
LGDJACJA_01052	0
LGDJACJA_01053	0
LGDJACJA_01054	0
LGDJACJA_01055	1
LGDJACJA_01056	0
LGDJACJA_01057	0
LGDJACJA_01058	0
LGDJACJA_01059	0
LGDJACJA_01060	0
LGDJACJA_01061	1
LGDJACJA_01062	0
LGDJACJA_01063	1
LGDJACJA_01064	0
LGDJACJA_01065	1
LGDJACJA_01066	0
LGDJACJA_01067	0
LGDJACJA_01068	0
LGDJACJA_01069	0
LGDJACJA_01070	0
LGDJACJA_01071	0
LGDJACJA_01072	0
LGDJACJA_01073	0
LGDJACJA_01074	0
LGDJACJA_01075	0
LGDJACJA_01076	0
LGDJACJA_01077	0
LGDJACJA_01078	0
LGDJACJA_01079	0
LGDJACJA_01080	0
LGDJACJA_01081	0
LGDJACJA_01082	0
LGDJACJA_01083	0
LGDJACJA_01084	0
LGDJACJA_01085	0
LGDJACJA_01086	0
LGDJACJA_01087	0
LGDJACJA_01088	0
LGDJACJA_01089	0
LGDJACJA_01090	0
LGDJACJA_01091	0
LGDJACJA_01092	0
LGDJACJA_01093	0
LGDJACJA_01094	0
LGDJACJA_01095	0
LGDJACJA_01096	0
LGDJACJA_01097	0
LGDJACJA_01098	0
LGDJACJA_01099	0
LGDJACJA_01100	0
LGDJACJA_01101	0
LGDJACJA_01102	0
LGDJACJA_01103	0
LGDJACJA_01104	1
LGDJACJA_01105	0
LGDJACJA_01106	1
LGDJACJA_01107	0
LGDJACJA_01108	0
LGDJACJA_01109	0
LGDJACJA_01110	0
LGDJACJA_01111	0
LGDJACJA_01113	0
LGDJACJA_01114	0
LGDJACJA_01115	5
LGDJACJA_01116	0
LGDJACJA_01117	22
LGDJACJA_01118	0
LGDJACJA_01119	0
LGDJACJA_01120	0
LGDJACJA_01121	0
LGDJACJA_01122	0
LGDJACJA_01123	0
LGDJACJA_01124	0
LGDJACJA_01125	0
LGDJACJA_01126	0
LGDJACJA_01127	0
LGDJACJA_01128	0
LGDJACJA_01129	0
LGDJACJA_01130	0
LGDJACJA_01131	0
LGDJACJA_01132	0
LGDJACJA_01133	0
LGDJACJA_01134	0
LGDJACJA_01135	0
LGDJACJA_01136	0
LGDJACJA_01137	0
LGDJACJA_01138	0
LGDJACJA_01139	0
LGDJACJA_01140	0
LGDJACJA_01141	0
LGDJACJA_01142	0
LGDJACJA_01143	0
LGDJACJA_01144	0
LGDJACJA_01145	0
LGDJACJA_01146	0
LGDJACJA_01147	0
LGDJACJA_01148	0
LGDJACJA_01150	0
LGDJACJA_01151	0
LGDJACJA_01152	0
LGDJACJA_01153	0
LGDJACJA_01154	0
LGDJACJA_01155	0
LGDJACJA_01156	0
LGDJACJA_01157	0
LGDJACJA_01158	0
LGDJACJA_01159	0
LGDJACJA_01160	0
LGDJACJA_01161	0
LGDJACJA_01162	0
LGDJACJA_01163	0
LGDJACJA_01164	0
LGDJACJA_01165	0
LGDJACJA_01166	0
LGDJACJA_01167	0
LGDJACJA_01168	0
LGDJACJA_01169	0
LGDJACJA_01170	0
LGDJACJA_01172	0
LGDJACJA_01173	0
LGDJACJA_01174	0
LGDJACJA_01175	0
LGDJACJA_01176	0
LGDJACJA_01177	0
LGDJACJA_01178	0
LGDJACJA_01179	0
LGDJACJA_01180	0
LGDJACJA_01181	1
LGDJACJA_01182	0
LGDJACJA_01183	0
LGDJACJA_01184	0
LGDJACJA_01185	0
LGDJACJA_01186	0
LGDJACJA_01187	0
LGDJACJA_01188	0
LGDJACJA_01189	0
LGDJACJA_01190	0
LGDJACJA_01191	0
LGDJACJA_01192	1
LGDJACJA_01193	0
LGDJACJA_01194	0
LGDJACJA_01195	0
LGDJACJA_01196	0
LGDJACJA_01197	0
LGDJACJA_01198	0
LGDJACJA_01199	0
LGDJACJA_01200	0
LGDJACJA_01201	0
LGDJACJA_01202	0
LGDJACJA_01203	0
LGDJACJA_01204	0
LGDJACJA_01205	0
LGDJACJA_01206	0
LGDJACJA_01207	0
LGDJACJA_01208	0
LGDJACJA_01209	0
LGDJACJA_01210	0
LGDJACJA_01211	0
LGDJACJA_01212	0
LGDJACJA_01213	0
LGDJACJA_01214	0
LGDJACJA_01215	0
LGDJACJA_01216	0
LGDJACJA_01217	0
LGDJACJA_01218	0
LGDJACJA_01219	0
LGDJACJA_01220	0
LGDJACJA_01221	0
LGDJACJA_01222	0
LGDJACJA_01223	0
LGDJACJA_01224	0
LGDJACJA_01225	0
LGDJACJA_01226	0
LGDJACJA_01227	0
LGDJACJA_01228	0
LGDJACJA_01229	0
LGDJACJA_01230	0
LGDJACJA_01231	0
LGDJACJA_01232	0
LGDJACJA_01233	0
LGDJACJA_01234	0
LGDJACJA_01235	0
LGDJACJA_01236	0
LGDJACJA_01237	0
LGDJACJA_01238	0
LGDJACJA_01239	0
LGDJACJA_01240	0
LGDJACJA_01241	0
LGDJACJA_01242	0
LGDJACJA_01243	0
LGDJACJA_01244	0
LGDJACJA_01245	0
LGDJACJA_01246	2
LGDJACJA_01247	0
LGDJACJA_01248	0
LGDJACJA_01249	0
LGDJACJA_01250	0
LGDJACJA_01251	0
LGDJACJA_01252	0
LGDJACJA_01253	0
LGDJACJA_01254	0
LGDJACJA_01255	0
LGDJACJA_01256	0
LGDJACJA_01257	0
LGDJACJA_01258	0
LGDJACJA_01259	0
LGDJACJA_01260	1
LGDJACJA_01261	0
LGDJACJA_01262	0
LGDJACJA_01263	0
LGDJACJA_01264	0
LGDJACJA_01265	0
LGDJACJA_01266	0
LGDJACJA_01267	0
LGDJACJA_01268	0
LGDJACJA_01269	0
LGDJACJA_01270	0
LGDJACJA_01271	0
LGDJACJA_01272	0
LGDJACJA_01273	0
LGDJACJA_01274	0
LGDJACJA_01275	0
LGDJACJA_01276	0
LGDJACJA_01277	0
LGDJACJA_01278	0
LGDJACJA_01279	0
LGDJACJA_01280	0
LGDJACJA_01281	0
LGDJACJA_01282	0
LGDJACJA_01283	0
LGDJACJA_01284	0
LGDJACJA_01285	0
LGDJACJA_01286	0
LGDJACJA_01287	0
LGDJACJA_01288	0
LGDJACJA_01289	0
LGDJACJA_01290	0
LGDJACJA_01291	0
LGDJACJA_01292	0
LGDJACJA_01293	0
LGDJACJA_01294	0
LGDJACJA_01295	0
LGDJACJA_01296	0
LGDJACJA_01297	0
LGDJACJA_01298	0
LGDJACJA_01299	4
LGDJACJA_01300	0
LGDJACJA_01301	1
LGDJACJA_01302	0
LGDJACJA_01303	0
LGDJACJA_01304	0
LGDJACJA_01305	0
LGDJACJA_01306	3
LGDJACJA_01307	0
LGDJACJA_01308	3
LGDJACJA_01309	0
LGDJACJA_01310	0
LGDJACJA_01311	0
LGDJACJA_01312	0
LGDJACJA_01313	0
LGDJACJA_01314	0
LGDJACJA_01315	0
LGDJACJA_01316	1
LGDJACJA_01317	0
LGDJACJA_01318	0
LGDJACJA_01319	1
LGDJACJA_01320	0
LGDJACJA_01321	0
LGDJACJA_01322	0
__no_feature	3547
__ambiguous	14
__too_low_aQual	1688
__not_aligned	828846
__alignment_not_unique	0
