[15:48:37] This is prokka 1.12
[15:48:37] Written by Torsten Seemann <torsten.seemann@gmail.com>
[15:48:37] Homepage is https://github.com/tseemann/prokka
[15:48:37] Local time is Wed Apr 29 15:48:37 2020
[15:48:37] You are joen8526
[15:48:37] Operating system is linux
[15:48:37] You have BioPerl 1.007001
[15:48:37] System has 20 cores.
[15:48:37] Will use maximum of 8 cores.
[15:48:37] Annotating as >>> Archaea <<<
[15:48:37] Generating locus_tag from '/home/joen8526/GenomeAnalysis/data/binned_metagenome/bins_14.fa' contents.
[15:48:37] Setting --locustag KCJPJDFE from MD5 4c393dfe10d320efed8a2136fbf7ac38
[15:48:37] Creating new output folder: /home/joen8526/GenomeAnalysis/analyses/06_annotation_prokka/bin_14
[15:48:37] Running: mkdir -p \/home\/joen8526\/GenomeAnalysis\/analyses\/06_annotation_prokka\/bin_14
[15:48:37] Using filename prefix: prokka_14.XXX
[15:48:37] Setting HMMER_NCPU=1
[15:48:37] Writing log to: /home/joen8526/GenomeAnalysis/analyses/06_annotation_prokka/bin_14/prokka_14.log
[15:48:37] Command: /sw/bioinfo/prokka/1.12-12547ca/rackham/bin/prokka --force --prefix prokka_14 --addgenes --kingdom Archaea --outdir /home/joen8526/GenomeAnalysis/analyses/06_annotation_prokka/bin_14 /home/joen8526/GenomeAnalysis/data/binned_metagenome/bins_14.fa
[15:48:37] Appending to PATH: /sw/bioinfo/prokka/1.12-12547ca/rackham/bin/../binaries/linux
[15:48:37] Appending to PATH: /sw/bioinfo/prokka/1.12-12547ca/rackham/bin/../binaries/linux/../common
[15:48:37] Appending to PATH: /sw/bioinfo/prokka/1.12-12547ca/rackham/bin
[15:48:37] Looking for 'aragorn' - found /sw/bioinfo/prokka/1.12-12547ca/rackham/bin/../binaries/linux/aragorn
[15:48:37] Determined aragorn version is 1.2
[15:48:37] Looking for 'barrnap' - found /sw/bioinfo/barrnap/0.8/rackham/bin/barrnap
[15:48:37] Determined barrnap version is 0.8
[15:48:37] Looking for 'blastp' - found /sw/bioinfo/blast/2.6.0+/rackham/bin/blastp
[15:48:37] Determined blastp version is 2.6
[15:48:37] Looking for 'cmpress' - found /sw/bioinfo/prokka/1.12-12547ca/rackham/bin/../binaries/linux/cmpress
[15:48:37] Determined cmpress version is 1.1
[15:48:37] Looking for 'cmscan' - found /sw/bioinfo/prokka/1.12-12547ca/rackham/bin/../binaries/linux/cmscan
[15:48:37] Determined cmscan version is 1.1
[15:48:37] Looking for 'egrep' - found /usr/bin/egrep
[15:48:37] Looking for 'find' - found /usr/bin/find
[15:48:37] Looking for 'grep' - found /usr/bin/grep
[15:48:37] Looking for 'hmmpress' - found /sw/apps/bioinfo/hmmer/3.1b2/rackham/bin/hmmpress
[15:48:37] Determined hmmpress version is 3.1
[15:48:37] Looking for 'hmmscan' - found /sw/apps/bioinfo/hmmer/3.1b2/rackham/bin/hmmscan
[15:48:37] Determined hmmscan version is 3.1
[15:48:37] Looking for 'java' - found /usr/bin/java
[15:48:37] Looking for 'less' - found /usr/bin/less
[15:48:37] Looking for 'makeblastdb' - found /sw/bioinfo/blast/2.6.0+/rackham/bin/makeblastdb
[15:48:37] Determined makeblastdb version is 2.6
[15:48:37] Looking for 'minced' - found /sw/apps/bioinfo/minced/0.2.0/rackham/minced
[15:48:37] Determined minced version is 2.0
[15:48:37] Looking for 'parallel' - found /sw/parallel/gnuparallel/20170122/rackham/bin/parallel
[15:48:37] Determined parallel version is 20170122
[15:48:37] Looking for 'prodigal' - found /sw/apps/bioinfo/prodigal/2.6.3/rackham/bin/prodigal
[15:48:37] Determined prodigal version is 2.6
[15:48:37] Looking for 'prokka-genbank_to_fasta_db' - found /sw/bioinfo/prokka/1.12-12547ca/rackham/bin/prokka-genbank_to_fasta_db
[15:48:37] Looking for 'sed' - found /usr/bin/sed
[15:48:37] Looking for 'signalp' - found /sw/bioinfo/SignalP/4.1f/rackham/signalp
[15:48:38] Determined signalp version is 4.1
[15:48:38] Looking for 'tbl2asn' - found /sw/bioinfo/tbl2asn/25.8/rackham/tbl2asn
[15:48:38] Determined tbl2asn version is 25.8
[15:48:38] Using genetic code table 11.
[15:48:38] Loading and checking input file: /home/joen8526/GenomeAnalysis/data/binned_metagenome/bins_14.fa
[15:48:38] Wrote 67 contigs totalling 1390702 bp.
[15:48:38] Predicting tRNAs and tmRNAs
[15:48:38] Running: aragorn -l -gc11  -w \/home\/joen8526\/GenomeAnalysis\/analyses\/06_annotation_prokka\/bin_14\/prokka_14\.fna
[15:48:39] 1 tRNA-Cys [20,93] 33 (gca)
[15:48:39] 1 tRNA-Gly c[19048,19122] 34 (gcc)
[15:48:39] 1 tRNA-Pro c[24266,24343] 37 (tgg)
[15:48:39] 2 tRNA-Lys c[61614,61689] 35 (ttt)
[15:48:39] 1 tRNA-Arg [2463,2539] 36 (tcg)
[15:48:39] 2 tRNA-Ser c[7117,7202] 35 (tga)
[15:48:39] 1 tRNA-Leu [9761,9845] 35 (caa)
[15:48:39] 1 tRNA-Ser c[5559,5643] 30 (gga)
[15:48:39] 1 tRNA-Pro [1832,1909] 37 (ggg)
[15:48:39] 2 tRNA-Arg [8882,8958] 36 (gcg)
[15:48:39] 1 tRNA-Arg [13865,13942] 36 (cct)
[15:48:39] 2 tRNA-Asp [16274,16349] 35 (gtc)
[15:48:39] 1 tRNA-Leu c[35416,35500] 35 (gag)
[15:48:39] 1 tRNA-Gly [14714,14788] 34 (tcc)
[15:48:39] 1 tRNA-Met c[63664,63740] 35 (cat)
[15:48:39] 2 tRNA-Asn c[87388,87463] 34 (gtt)
[15:48:39] 3 tRNA-Ala c[98300,98376] 35 (tgc)
[15:48:39] 1 tRNA-Arg c[3773,3849] 36 (tct)
[15:48:39] 2 tRNA-Ala [5347,5423] 35 (ggc)
[15:48:39] 1 tRNA-Ile c[22,99] 36 (gat)
[15:48:39] 1 tRNA-Cys [4069,4142] 33 (gca)
[15:48:39] 1 tRNA-Ile c[8829,8906] 36 (gat)
[15:48:39] 1 tRNA-Thr c[15342,15416] 33 (ggt)
[15:48:39] 2 tRNA-Ser [15545,15630] 35 (gga)
[15:48:39] 3 tRNA-Leu [57646,57731] 36 (taa)
[15:48:39] 1 tRNA-Phe c[8901,8976] 34 (gaa)
[15:48:39] 1 tRNA-Gly c[21017,21091] 34 (ccc)
[15:48:39] 1 tRNA-Ser c[9316,9402] 36 (gct)
[15:48:39] 1 tRNA-Gln c[1449,1524] 35 (ctg)
[15:48:39] 2 tRNA-Leu [25355,25439] 35 (tag)
[15:48:39] 1 tRNA-Thr c[8554,8629] 34 (cgt)
[15:48:39] 1 tRNA-Thr [2711,2787] 35 (tgt)
[15:48:39] 2 tRNA-Glu c[7181,7258] 37 (ttc)
[15:48:39] 3 tRNA-Val c[16839,16914] 34 (tac)
[15:48:39] 1 tRNA-Lys c[2707,2783] 35 (ctt)
[15:48:39] 2 tRNA-His c[22533,22607] 34 (gtg)
[15:48:39] 3 tRNA-Glu [34333,34410] 37 (ctc)
[15:48:39] 1 tRNA-Met c[13776,13853] 36 (cat)
[15:48:39] 1 tRNA-Ser [10843,10928] 35 (cga)
[15:48:39] 2 tRNA-Val c[16577,16652] 34 (cac)
[15:48:39] Found 40 tRNAs
[15:48:39] Predicting Ribosomal RNAs
[15:48:39] Running Barrnap with 8 threads
[15:48:40] 1 k105_44445 1259 5S ribosomal RNA
[15:48:40] Found 1 rRNAs
[15:48:40] Skipping ncRNA search, enable with --rfam if desired.
[15:48:40] Total of 41 tRNA + rRNA features
[15:48:40] Searching for CRISPR repeats
[15:48:41] Found 0 CRISPRs
[15:48:41] Predicting coding sequences
[15:48:41] Contigs total 1390702 bp, so using single mode
[15:48:41] Running: prodigal -i \/home\/joen8526\/GenomeAnalysis\/analyses\/06_annotation_prokka\/bin_14\/prokka_14\.fna -c -m -g 11 -p single -f sco -q
[15:48:42] Excluding CDS which overlaps existing RNA (tRNA) at k105_41411:3264..6362 on + strand
[15:48:42] Excluding CDS which overlaps existing RNA (rRNA) at k105_44445:864..1352 on - strand
[15:48:43] Excluding CDS which overlaps existing RNA (tRNA) at k105_264664:16715..16882 on + strand
[15:48:43] Found 1183 CDS
[15:48:43] Connecting features back to sequences
[15:48:43] Not using genus-specific database. Try --usegenus to enable it.
[15:48:43] Annotating CDS, please be patient.
[15:48:43] Will use 8 CPUs for similarity searching.
[15:48:43] There are still 1183 unannotated CDS left (started with 1183)
[15:48:43] Will use blast to search against /sw/bioinfo/prokka/1.12-12547ca/rackham/bin/../db/kingdom/Archaea/sprot with 8 CPUs
[15:48:43] Running: cat \/home\/joen8526\/GenomeAnalysis\/analyses\/06_annotation_prokka\/bin_14\/sprot\.faa | parallel --gnu --plain -j 8 --block 26819 --recstart '>' --pipe blastp -query - -db /sw/bioinfo/prokka/1.12-12547ca/rackham/bin/../db/kingdom/Archaea/sprot -evalue 1e-06 -num_threads 1 -num_descriptions 1 -num_alignments 1 -seg no > \/home\/joen8526\/GenomeAnalysis\/analyses\/06_annotation_prokka\/bin_14\/sprot\.blast 2> /dev/null
[15:48:51] Modify product: Probable deoxyhypusine synthase => putative deoxyhypusine synthase
[15:48:51] Modify product: Probable deoxyhypusine synthase => putative deoxyhypusine synthase
[15:48:51] Modify product: Probable ATP-dependent RNA helicase MJ0669 => putative ATP-dependent RNA helicase
[15:48:51] Modify product: Uncharacterized ABC transporter ATP-binding protein MJ0796 => putative ABC transporter ATP-binding protein
[15:48:51] Modify product: Probable molybdopterin synthase => putative molybdopterin synthase
[15:48:51] Modify product: Probable cyclic pyranopterin monophosphate synthase => putative cyclic pyranopterin monophosphate synthase
[15:48:51] Modify product: Probable bifunctional tRNA threonylcarbamoyladenosine biosynthesis protein => putative bifunctional tRNA threonylcarbamoyladenosine biosynthesis protein
[15:48:51] Modify product: Uncharacterized NOP5 family protein MJ0694 => putative NOP5 family protein
[15:48:51] Modify product: Probable 6-oxopurine nucleoside phosphorylase => putative 6-oxopurine nucleoside phosphorylase
[15:48:51] Modify product: Probable translation initiation factor IF-2 => putative translation initiation factor IF-2
[15:48:51] Modify product: Uncharacterized HTH-type transcriptional regulator PH1519 => putative HTH-type transcriptional regulator
[15:48:51] Modify product: Uncharacterized HTH-type transcriptional regulator PH1519 => putative HTH-type transcriptional regulator
[15:48:51] Modify product: Probable respiratory nitrate reductase subunit cytochrome b-561 => putative respiratory nitrate reductase subunit cytochrome b-561
[15:48:51] Modify product: Probable aminomethyltransferase => putative aminomethyltransferase
[15:48:51] Modify product: Bifunctional protein FolD => Bifunctional protein FolD protein
[15:48:51] Modify product: Uncharacterized ABC transporter ATP-binding protein MJ0796 => putative ABC transporter ATP-binding protein
[15:48:51] Modify product: Probable NH(3)-dependent NAD(+) synthetase => putative NH(3)-dependent NAD(+) synthetase
[15:48:51] Modify product: Uncharacterized ABC transporter ATP-binding protein MJ0796 => putative ABC transporter ATP-binding protein
[15:48:51] Modify product: Uncharacterized ABC transporter ATP-binding protein MJ0796 => putative ABC transporter ATP-binding protein
[15:48:51] Modify product: ATP-dependent DNA helicase Ta0057 => ATP-dependent DNA helicase
[15:48:51] Modify product: Probable threonine--tRNA ligase 1 => putative threonine--tRNA ligase 1
[15:48:51] Modify product: Probable ATP-dependent RNA helicase MJ0669 => putative ATP-dependent RNA helicase
[15:48:51] Modify product: Putative FKBP-type peptidyl-prolyl cis-trans isomerase MJ0825 => Putative FKBP-type peptidyl-prolyl cis-trans isomerase
[15:48:51] Modify product: Probable tRNA pseudouridine synthase D => putative tRNA pseudouridine synthase D
[15:48:51] Modify product: Probable ATP-dependent RNA helicase MJ0669 => putative ATP-dependent RNA helicase
[15:48:51] Modify product: Probable tRNA pseudouridine synthase B => putative tRNA pseudouridine synthase B
[15:48:51] Modify product: GPN-loop GTPase PAB0955 => GPN-loop GTPase
[15:48:51] Modify product: Probable thymidylate kinase => putative thymidylate kinase
[15:48:51] Modify product: Probable branched-chain amino acid transport ATP-binding protein LivG => putative branched-chain amino acid transport ATP-binding protein LivG
[15:48:51] Modify product: Probable branched-chain amino acid transport ATP-binding protein LivG => putative branched-chain amino acid transport ATP-binding protein LivG
[15:48:51] Modify product: Probable branched-chain amino acid transport ATP-binding protein LivG => putative branched-chain amino acid transport ATP-binding protein LivG
[15:48:51] Modify product: Uncharacterized ABC transporter ATP-binding protein MJ0796 => putative ABC transporter ATP-binding protein
[15:48:51] Modify product: Probable ribosomal RNA small subunit methyltransferase A => putative ribosomal RNA small subunit methyltransferase A
[15:48:51] Modify product: Uncharacterized HTH-type transcriptional regulator PH1519 => putative HTH-type transcriptional regulator
[15:48:51] Cleaned 34 /product names
[15:48:51] Deleting unwanted file: /home/joen8526/GenomeAnalysis/analyses/06_annotation_prokka/bin_14/sprot.faa
[15:48:51] Deleting unwanted file: /home/joen8526/GenomeAnalysis/analyses/06_annotation_prokka/bin_14/sprot.blast
[15:48:52] There are still 797 unannotated CDS left (started with 1183)
[15:48:52] Will use hmmer3 to search against /sw/bioinfo/prokka/1.12-12547ca/rackham/bin/../db/hmm/HAMAP.hmm with 8 CPUs
[15:48:52] Running: cat \/home\/joen8526\/GenomeAnalysis\/analyses\/06_annotation_prokka\/bin_14\/HAMAP\.hmm\.faa | parallel --gnu --plain -j 8 --block 17526 --recstart '>' --pipe hmmscan --noali --notextw --acc -E 1e-06 --cpu 1 /sw/bioinfo/prokka/1.12-12547ca/rackham/bin/../db/hmm/HAMAP.hmm /dev/stdin > \/home\/joen8526\/GenomeAnalysis\/analyses\/06_annotation_prokka\/bin_14\/HAMAP\.hmm\.hmmer3 2> /dev/null
[15:49:24] Deleting unwanted file: /home/joen8526/GenomeAnalysis/analyses/06_annotation_prokka/bin_14/HAMAP.hmm.faa
[15:49:24] Deleting unwanted file: /home/joen8526/GenomeAnalysis/analyses/06_annotation_prokka/bin_14/HAMAP.hmm.hmmer3
[15:49:24] Labelling remaining 631 proteins as 'hypothetical protein'
[15:49:24] Possible /pseudo 'CTP synthase' at k105_123339 position 20382
[15:49:24] Possible /pseudo '1-deoxy-D-xylulose-5-phosphate synthase' at k105_152340 position 61428
[15:49:24] Possible /pseudo 'D-inositol-3-phosphate glycosyltransferase' at k105_192315 position 2870
[15:49:24] Possible /pseudo 'putative branched-chain amino acid transport ATP-binding protein LivG' at k105_237304 position 7912
[15:49:24] Found 371 unique /gene codes.
[15:49:24] Fixed 2 duplicate /gene - tgtA_1 tgtA_2
[15:49:24] Fixed 2 duplicate /gene - pyrE_1 pyrE_2
[15:49:24] Fixed 2 duplicate /gene - treT_1 treT_2
[15:49:24] Fixed 3 duplicate /gene - glpE_1 glpE_2 glpE_3
[15:49:24] Fixed 2 duplicate /gene - obg_1 obg_2
[15:49:24] Fixed 2 duplicate /gene - mshA_1 mshA_2
[15:49:24] Fixed 2 duplicate /gene - gloB_1 gloB_2
[15:49:24] Fixed 2 duplicate /gene - mnmC_1 mnmC_2
[15:49:24] Fixed 2 duplicate /gene - hpt_1 hpt_2
[15:49:24] Fixed 2 duplicate /gene - pycB_1 pycB_2
[15:49:24] Fixed 2 duplicate /gene - lysJ_1 lysJ_2
[15:49:24] Fixed 2 duplicate /gene - cutA_1 cutA_2
[15:49:24] Fixed 2 duplicate /gene - rppH_1 rppH_2
[15:49:24] Fixed 2 duplicate /gene - hly_1 hly_2
[15:49:24] Fixed 2 duplicate /gene - pepQ_1 pepQ_2
[15:49:24] Fixed 2 duplicate /gene - ftsZ1_1 ftsZ1_2
[15:49:24] Fixed 2 duplicate /gene - dnaJ_1 dnaJ_2
[15:49:24] Fixed 3 duplicate /gene - tuf_1 tuf_2 tuf_3
[15:49:24] Fixed 2 duplicate /gene - polC_1 polC_2
[15:49:24] Fixed 3 duplicate /gene - smc_1 smc_2 smc_3
[15:49:24] Fixed 3 duplicate /gene - pyrG_1 pyrG_2 pyrG_3
[15:49:24] Fixed 2 duplicate /gene - rhaD_1 rhaD_2
[15:49:24] Fixed 2 duplicate /gene - pycA_1 pycA_2
[15:49:24] Fixed 2 duplicate /gene - fcl_1 fcl_2
[15:49:24] Fixed 2 duplicate /gene - mobA_1 mobA_2
[15:49:24] Fixed 2 duplicate /gene - pcm_1 pcm_2
[15:49:24] Fixed 2 duplicate /gene - mntR_1 mntR_2
[15:49:24] Fixed 3 duplicate /gene - dxs_1 dxs_2 dxs_3
[15:49:24] Fixed 3 duplicate /gene - thrC_1 thrC_2 thrC_3
[15:49:24] Fixed 3 duplicate /gene - pepX_1 pepX_2 pepX_3
[15:49:24] Fixed 2 duplicate /gene - dadD_1 dadD_2
[15:49:24] Fixed 3 duplicate /gene - tfrA_1 tfrA_2 tfrA_3
[15:49:24] Fixed 2 duplicate /gene - sufS_1 sufS_2
[15:49:24] Fixed 3 duplicate /gene - fadA_1 fadA_2 fadA_3
[15:49:24] Fixed 2 duplicate /gene - dys_1 dys_2
[15:49:24] Fixed 2 duplicate /gene - hdrB_1 hdrB_2
[15:49:24] Fixed 2 duplicate /gene - tatC_1 tatC_2
[15:49:24] Fixed 2 duplicate /gene - hdrD_1 hdrD_2
[15:49:24] Fixed 2 duplicate /gene - ths_1 ths_2
[15:49:24] Fixed 2 duplicate /gene - rsxB_1 rsxB_2
[15:49:24] Fixed 2 duplicate /gene - malK_1 malK_2
[15:49:24] Fixed 4 duplicate /gene - glmS_1 glmS_2 glmS_3 glmS_4
[15:49:24] Fixed 4 duplicate /gene - wtpC_1 wtpC_2 wtpC_3 wtpC_4
[15:49:24] Fixed 2 duplicate /gene - rfcS_1 rfcS_2
[15:49:24] Fixed 2 duplicate /gene - yjgF_1 yjgF_2
[15:49:24] Fixed 5 duplicate /gene - caiA_1 caiA_2 caiA_3 caiA_4 caiA_5
[15:49:24] Fixed 3 duplicate /gene - livG_1 livG_2 livG_3
[15:49:24] Fixed 2 duplicate /gene - guaB_1 guaB_2
[15:49:24] Fixed 2 duplicate /gene - guaAA_1 guaAA_2
[15:49:24] Fixed 2 duplicate /gene - tfb_1 tfb_2
[15:49:24] Fixed 2 duplicate /gene - gcvH_1 gcvH_2
[15:49:24] Fixed 2 duplicate /gene - menH_1 menH_2
[15:49:24] Fixed 52 colliding /gene names.
[15:49:24] Adding /locus_tag identifiers
[15:49:24] Assigned 1224 locus_tags to CDS and RNA features.
[15:49:24] Writing outputs to /home/joen8526/GenomeAnalysis/analyses/06_annotation_prokka/bin_14/
[15:49:25] Generating annotation statistics file
[15:49:25] Generating Genbank and Sequin files
[15:49:25] Running: tbl2asn -V b -a r10k -l paired-ends -M n -N 1 -y 'Annotated using prokka 1.12 from https://github.com/tseemann/prokka' -Z \/home\/joen8526\/GenomeAnalysis\/analyses\/06_annotation_prokka\/bin_14\/prokka_14\.err -i \/home\/joen8526\/GenomeAnalysis\/analyses\/06_annotation_prokka\/bin_14\/prokka_14\.fsa 2> /dev/null
[15:49:28] Deleting unwanted file: /home/joen8526/GenomeAnalysis/analyses/06_annotation_prokka/bin_14/errorsummary.val
[15:49:28] Deleting unwanted file: /home/joen8526/GenomeAnalysis/analyses/06_annotation_prokka/bin_14/prokka_14.dr
[15:49:28] Deleting unwanted file: /home/joen8526/GenomeAnalysis/analyses/06_annotation_prokka/bin_14/prokka_14.fixedproducts
[15:49:28] Deleting unwanted file: /home/joen8526/GenomeAnalysis/analyses/06_annotation_prokka/bin_14/prokka_14.ecn
[15:49:28] Deleting unwanted file: /home/joen8526/GenomeAnalysis/analyses/06_annotation_prokka/bin_14/prokka_14.val
[15:49:28] Repairing broken .GBK output that tbl2asn produces...
[15:49:28] Running: sed 's/COORDINATES: profile/COORDINATES:profile/' < \/home\/joen8526\/GenomeAnalysis\/analyses\/06_annotation_prokka\/bin_14\/prokka_14\.gbf > \/home\/joen8526\/GenomeAnalysis\/analyses\/06_annotation_prokka\/bin_14\/prokka_14\.gbk
[15:49:28] Deleting unwanted file: /home/joen8526/GenomeAnalysis/analyses/06_annotation_prokka/bin_14/prokka_14.gbf
[15:49:28] Output files:
[15:49:28] /home/joen8526/GenomeAnalysis/analyses/06_annotation_prokka/bin_14/prokka_14.log
[15:49:28] /home/joen8526/GenomeAnalysis/analyses/06_annotation_prokka/bin_14/prokka_14.fna
[15:49:28] /home/joen8526/GenomeAnalysis/analyses/06_annotation_prokka/bin_14/prokka_14.gff
[15:49:28] /home/joen8526/GenomeAnalysis/analyses/06_annotation_prokka/bin_14/prokka_14.faa
[15:49:28] /home/joen8526/GenomeAnalysis/analyses/06_annotation_prokka/bin_14/prokka_14.ffn
[15:49:28] /home/joen8526/GenomeAnalysis/analyses/06_annotation_prokka/bin_14/prokka_14.tbl
[15:49:28] /home/joen8526/GenomeAnalysis/analyses/06_annotation_prokka/bin_14/prokka_14.fsa
[15:49:28] /home/joen8526/GenomeAnalysis/analyses/06_annotation_prokka/bin_14/prokka_14.tsv
[15:49:28] /home/joen8526/GenomeAnalysis/analyses/06_annotation_prokka/bin_14/prokka_14.txt
[15:49:28] /home/joen8526/GenomeAnalysis/analyses/06_annotation_prokka/bin_14/prokka_14.sqn
[15:49:28] /home/joen8526/GenomeAnalysis/analyses/06_annotation_prokka/bin_14/prokka_14.gbk
[15:49:28] /home/joen8526/GenomeAnalysis/analyses/06_annotation_prokka/bin_14/prokka_14.err
[15:49:28] Annotation finished successfully.
[15:49:28] Walltime used: 0.85 minutes
[15:49:28] If you use this result please cite the Prokka paper:
[15:49:28] Seemann T (2014) Prokka: rapid prokaryotic genome annotation. Bioinformatics. 30(14):2068-9.
[15:49:28] Type 'prokka --citation' for more details.
[15:49:28] Share and enjoy!
