[15:45:54] This is prokka 1.12
[15:45:54] Written by Torsten Seemann <torsten.seemann@gmail.com>
[15:45:54] Homepage is https://github.com/tseemann/prokka
[15:45:54] Local time is Wed Apr 29 15:45:54 2020
[15:45:54] You are joen8526
[15:45:54] Operating system is linux
[15:45:54] You have BioPerl 1.007001
[15:45:54] System has 20 cores.
[15:45:54] Will use maximum of 8 cores.
[15:45:54] Annotating as >>> Bacteria <<<
[15:45:54] Generating locus_tag from '/home/joen8526/GenomeAnalysis/data/binned_metagenome/bins_26.fa' contents.
[15:45:54] Setting --locustag IHKBHOGD from MD5 214b180db019e505c5a2e79aa56d54ae
[15:45:54] Creating new output folder: /home/joen8526/GenomeAnalysis/analyses/06_annotation_prokka/bin_26
[15:45:54] Running: mkdir -p \/home\/joen8526\/GenomeAnalysis\/analyses\/06_annotation_prokka\/bin_26
[15:45:54] Using filename prefix: prokka_26.XXX
[15:45:54] Setting HMMER_NCPU=1
[15:45:54] Writing log to: /home/joen8526/GenomeAnalysis/analyses/06_annotation_prokka/bin_26/prokka_26.log
[15:45:54] Command: /sw/bioinfo/prokka/1.12-12547ca/rackham/bin/prokka --force --prefix prokka_26 --addgenes --outdir /home/joen8526/GenomeAnalysis/analyses/06_annotation_prokka/bin_26 /home/joen8526/GenomeAnalysis/data/binned_metagenome/bins_26.fa
[15:45:54] Appending to PATH: /sw/bioinfo/prokka/1.12-12547ca/rackham/bin/../binaries/linux
[15:45:54] Appending to PATH: /sw/bioinfo/prokka/1.12-12547ca/rackham/bin/../binaries/linux/../common
[15:45:54] Appending to PATH: /sw/bioinfo/prokka/1.12-12547ca/rackham/bin
[15:45:54] Looking for 'aragorn' - found /sw/bioinfo/prokka/1.12-12547ca/rackham/bin/../binaries/linux/aragorn
[15:45:54] Determined aragorn version is 1.2
[15:45:54] Looking for 'barrnap' - found /sw/bioinfo/barrnap/0.8/rackham/bin/barrnap
[15:45:54] Determined barrnap version is 0.8
[15:45:54] Looking for 'blastp' - found /sw/bioinfo/blast/2.6.0+/rackham/bin/blastp
[15:45:54] Determined blastp version is 2.6
[15:45:54] Looking for 'cmpress' - found /sw/bioinfo/prokka/1.12-12547ca/rackham/bin/../binaries/linux/cmpress
[15:45:54] Determined cmpress version is 1.1
[15:45:54] Looking for 'cmscan' - found /sw/bioinfo/prokka/1.12-12547ca/rackham/bin/../binaries/linux/cmscan
[15:45:54] Determined cmscan version is 1.1
[15:45:54] Looking for 'egrep' - found /usr/bin/egrep
[15:45:54] Looking for 'find' - found /usr/bin/find
[15:45:54] Looking for 'grep' - found /usr/bin/grep
[15:45:54] Looking for 'hmmpress' - found /sw/apps/bioinfo/hmmer/3.1b2/rackham/bin/hmmpress
[15:45:54] Determined hmmpress version is 3.1
[15:45:54] Looking for 'hmmscan' - found /sw/apps/bioinfo/hmmer/3.1b2/rackham/bin/hmmscan
[15:45:54] Determined hmmscan version is 3.1
[15:45:54] Looking for 'java' - found /usr/bin/java
[15:45:54] Looking for 'less' - found /usr/bin/less
[15:45:54] Looking for 'makeblastdb' - found /sw/bioinfo/blast/2.6.0+/rackham/bin/makeblastdb
[15:45:54] Determined makeblastdb version is 2.6
[15:45:54] Looking for 'minced' - found /sw/apps/bioinfo/minced/0.2.0/rackham/minced
[15:45:54] Determined minced version is 2.0
[15:45:54] Looking for 'parallel' - found /sw/parallel/gnuparallel/20170122/rackham/bin/parallel
[15:45:54] Determined parallel version is 20170122
[15:45:54] Looking for 'prodigal' - found /sw/apps/bioinfo/prodigal/2.6.3/rackham/bin/prodigal
[15:45:54] Determined prodigal version is 2.6
[15:45:54] Looking for 'prokka-genbank_to_fasta_db' - found /sw/bioinfo/prokka/1.12-12547ca/rackham/bin/prokka-genbank_to_fasta_db
[15:45:54] Looking for 'sed' - found /usr/bin/sed
[15:45:54] Looking for 'signalp' - found /sw/bioinfo/SignalP/4.1f/rackham/signalp
[15:45:55] Determined signalp version is 4.1
[15:45:55] Looking for 'tbl2asn' - found /sw/bioinfo/tbl2asn/25.8/rackham/tbl2asn
[15:45:55] Determined tbl2asn version is 25.8
[15:45:55] Using genetic code table 11.
[15:45:55] Loading and checking input file: /home/joen8526/GenomeAnalysis/data/binned_metagenome/bins_26.fa
[15:45:55] Wrote 284 contigs totalling 1082400 bp.
[15:45:55] Predicting tRNAs and tmRNAs
[15:45:55] Running: aragorn -l -gc11  -w \/home\/joen8526\/GenomeAnalysis\/analyses\/06_annotation_prokka\/bin_26\/prokka_26\.fna
[15:45:55] 1 tRNA-Gln c[1936,2007] 33 (ttg)
[15:45:55] 1 tRNA-Val c[4270,4345] 35 (gac)
[15:45:55] tRNA [1231,1307] is a pseudo/wacky gene - skipping.
[15:45:55] 1 tRNA-Val [3017,3091] 35 (cac)
[15:45:55] 1 tRNA-Ala [1075,1149] 35 (tgc)
[15:45:55] 1 tRNA-Pro [3760,3836] 36 (ggg)
[15:45:55] 1 tRNA-Leu c[100,184] 35 (cag)
[15:45:56] 1 tRNA-Met c[2263,2337] 35 (cat)
[15:45:56] 2 tRNA-Asn c[2380,2455] 34 (gtt)
[15:45:56] 1 tRNA-Val [284,360] 35 (cac)
[15:45:56] 1 tRNA-His [8575,8648] 34 (gtg)
[15:45:56] 2 tRNA-Lys [8719,8792] 34 (ctt)
[15:45:56] 1 tRNA-Ile [2213,2289] 35 (gat)
[15:45:56] Found 12 tRNAs
[15:45:56] Predicting Ribosomal RNAs
[15:45:56] Running Barrnap with 8 threads
[15:45:57] Found 0 rRNAs
[15:45:57] Skipping ncRNA search, enable with --rfam if desired.
[15:45:57] Total of 12 tRNA + rRNA features
[15:45:57] Searching for CRISPR repeats
[15:45:57] Found 0 CRISPRs
[15:45:57] Predicting coding sequences
[15:45:57] Contigs total 1082400 bp, so using single mode
[15:45:57] Running: prodigal -i \/home\/joen8526\/GenomeAnalysis\/analyses\/06_annotation_prokka\/bin_26\/prokka_26\.fna -c -m -g 11 -p single -f sco -q
[15:45:59] Excluding CDS which overlaps existing RNA (tRNA) at k105_215259:2429..2542 on + strand
[15:45:59] Found 1128 CDS
[15:45:59] Connecting features back to sequences
[15:45:59] Option --gram not specified, will NOT check for signal peptides.
[15:45:59] Not using genus-specific database. Try --usegenus to enable it.
[15:45:59] Annotating CDS, please be patient.
[15:45:59] Will use 8 CPUs for similarity searching.
[15:45:59] There are still 1128 unannotated CDS left (started with 1128)
[15:45:59] Will use blast to search against /sw/bioinfo/prokka/1.12-12547ca/rackham/bin/../db/kingdom/Bacteria/sprot with 8 CPUs
[15:45:59] Running: cat \/home\/joen8526\/GenomeAnalysis\/analyses\/06_annotation_prokka\/bin_26\/sprot\.faa | parallel --gnu --plain -j 8 --block 19062 --recstart '>' --pipe blastp -query - -db /sw/bioinfo/prokka/1.12-12547ca/rackham/bin/../db/kingdom/Bacteria/sprot -evalue 1e-06 -num_threads 1 -num_descriptions 1 -num_alignments 1 -seg no > \/home\/joen8526\/GenomeAnalysis\/analyses\/06_annotation_prokka\/bin_26\/sprot\.blast 2> /dev/null
[15:46:46] Modify product: Uncharacterized oxidoreductase Rv1843c => putative oxidoreductase
[15:46:46] Modify product: Probable M18 family aminopeptidase 2 => putative M18 family aminopeptidase 2
[15:46:46] Modify product: Probable enoyl-CoA hydratase echA8 => putative enoyl-CoA hydratase echA8
[15:46:46] Modify product: Fatty acid-binding protein TM_1468 => Fatty acid-binding protein
[15:46:46] Modify product: Probable bifunctional transcriptional activator/DNA repair enzyme AlkA => putative bifunctional transcriptional activator/DNA repair enzyme AlkA
[15:46:46] Modify product: Probable M18 family aminopeptidase 2 => putative M18 family aminopeptidase 2
[15:46:46] Modify product: Putative acetyltransferase Rv3034c => Putative acetyltransferase
[15:46:46] Modify product: Uncharacterized aminopeptidase Rv1333 => putative aminopeptidase
[15:46:46] Modify product: Putative coenzyme F420-dependent oxidoreductase Rv3520c => Putative coenzyme F420-dependent oxidoreductase
[15:46:46] Modify product: Uncharacterized HTH-type transcriptional regulator YfiR => putative HTH-type transcriptional regulator YfiR
[15:46:46] Modify product: Probable glycerol-3-phosphate dehydrogenase 2 [NAD(P)+] => putative glycerol-3-phosphate dehydrogenase 2 [NAD(P)+]
[15:46:46] Modify product: Phosphate-specific transport system accessory protein PhoU homolog 2 => Phosphate-specific transport system accessory protein PhoU 
[15:46:46] Modify product: Uncharacterized signaling protein CC_0091 => putative signaling protein
[15:46:46] Modify product: Uncharacterized sugar kinase YdjH => putative sugar kinase YdjH
[15:46:46] Modify product: Uncharacterized HTH-type transcriptional regulator Rv3095 => putative HTH-type transcriptional regulator
[15:46:46] Modify product: Putative diacyglycerol O-acyltransferase Rv1425 => Putative diacyglycerol O-acyltransferase
[15:46:46] Modify product: Probable sulfate transporter Rv1739c => putative sulfate transporter
[15:46:46] Modify product: Probable peptidyl-prolyl cis-trans isomerase B => putative peptidyl-prolyl cis-trans isomerase B
[15:46:46] Modify product: Bifunctional protein FolD => Bifunctional protein FolD protein
[15:46:46] Modify product: Probable protein kinase UbiB => putative protein kinase UbiB
[15:46:46] Modify product: Uncharacterized HTH-type transcriptional regulator Rv3095 => putative HTH-type transcriptional regulator
[15:46:46] Modify product: Putative acyltransferase Rv0859 => Putative acyltransferase
[15:46:46] Modify product: Putative coenzyme F420-dependent oxidoreductase Rv3520c => Putative coenzyme F420-dependent oxidoreductase
[15:46:46] Modify product: Probable ATP-dependent helicase DinG homolog => putative ATP-dependent helicase DinG 
[15:46:46] Modify product: Nucleotide-binding protein Rv1421 => Nucleotide-binding protein
[15:46:46] Modify product: Uncharacterized oxidoreductase SA2266 => putative oxidoreductase
[15:46:46] Modify product: Probable cell wall hydrolase LytN => putative cell wall hydrolase LytN
[15:46:46] Modify product: Probable enoyl-CoA hydratase echA8 => putative enoyl-CoA hydratase echA8
[15:46:46] Modify product: Probable GTPase Rv1496 => putative GTPase
[15:46:46] Modify product: Glycogen operon protein GlgX homolog => Glycogen operon protein GlgX 
[15:46:46] Modify product: Phosphate-specific transport system accessory protein PhoU homolog 1 => Phosphate-specific transport system accessory protein PhoU 
[15:46:46] Modify product: Probable enoyl-CoA hydratase echA14 => putative enoyl-CoA hydratase echA14
[15:46:46] Modify product: Uncharacterized HTH-type transcriptional regulator Rv2282c => putative HTH-type transcriptional regulator
[15:46:46] Modify product: Putative multidrug export ATP-binding/permease protein SA1683 => Putative multidrug export ATP-binding/permease protein
[15:46:46] Modify product: Uncharacterized FtsW-like protein => putative FtsW-like protein
[15:46:46] Modify product: Probable endopeptidase p60 => putative endopeptidase p60
[15:46:46] Modify product: Probable multidrug resistance ABC transporter ATP-binding/permease protein YheI => putative multidrug resistance ABC transporter ATP-binding/permease protein YheI
[15:46:46] Modify product: Putative methyltransferase Rv1407 => Putative methyltransferase
[15:46:47] Modify product: Putative coenzyme F420-dependent oxidoreductase Rv3520c => Putative coenzyme F420-dependent oxidoreductase
[15:46:47] Modify product: Probable sensor histidine kinase TcrY => putative sensor histidine kinase TcrY
[15:46:47] Modify product: Putative coenzyme F420-dependent oxidoreductase Rv3520c => Putative coenzyme F420-dependent oxidoreductase
[15:46:47] Modify product: Uncharacterized oxidoreductase SA2266 => putative oxidoreductase
[15:46:47] Modify product: Uncharacterized glycosyl hydrolase MT2062 => putative glycosyl hydrolase
[15:46:47] Modify product: Probable thiol peroxidase => putative thiol peroxidase
[15:46:47] Modify product: DegV domain-containing protein MW1315 => DegV domain-containing protein
[15:46:47] Modify product: Uncharacterized signaling protein CC_0091 => putative signaling protein
[15:46:47] Modify product: Uncharacterized oxidoreductase Rv2073c => putative oxidoreductase
[15:46:47] Modify product: Uncharacterized oxidoreductase Rv1144 => putative oxidoreductase
[15:46:47] Modify product: Serine protease Rv3671c => Serine protease
[15:46:47] Modify product: Probable enoyl-CoA hydratase echA8 => putative enoyl-CoA hydratase echA8
[15:46:47] Modify product: Phosphorylated carbohydrates phosphatase TM_1254 => Phosphorylated carbohydrates phosphatase
[15:46:47] Modify product: Probable phosphatase Rv3661 => putative phosphatase
[15:46:47] Modify product: Probable amino-acid permease protein YxeN => putative amino-acid permease protein YxeN
[15:46:47] Modify product: Probable sensor histidine kinase TcrY => putative sensor histidine kinase TcrY
[15:46:47] Modify product: Probable transcriptional regulatory protein TcrX => putative transcriptional regulatory protein TcrX
[15:46:47] Modify product: Uncharacterized ABC transporter ATP-binding protein YknY => putative ABC transporter ATP-binding protein YknY
[15:46:47] Modify product: Probable sulfate transporter Rv1739c => putative sulfate transporter
[15:46:47] Modify product: Putative 2-hydroxyacid dehydrogenase SA2098 => Putative 2-hydroxyacid dehydrogenase
[15:46:47] Modify product: Uncharacterized AAA domain-containing protein Rv2559c => putative AAA domain-containing protein
[15:46:47] Modify product: Uncharacterized FAD-linked oxidoreductase Rv2280 => putative FAD-linked oxidoreductase
[15:46:47] Modify product: Uncharacterized FAD-linked oxidoreductase Rv2280 => putative FAD-linked oxidoreductase
[15:46:47] Modify product: Probable tRNA-dihydrouridine synthase => putative tRNA-dihydrouridine synthase
[15:46:47] Modify product: Probable type II secretion system protein HxcR => putative type II secretion system protein HxcR
[15:46:47] Modify product: Putative ATPase Rv3679 => Putative ATPase
[15:46:47] Modify product: Uncharacterized N-acetyltransferase YsnE => putative N-acetyltransferase YsnE
[15:46:47] Modify product: F420H(2)-dependent quinone reductase Rv1558 => F420H(2)-dependent quinone reductase
[15:46:47] Modify product: Probable enoyl-CoA hydratase echA6 => putative enoyl-CoA hydratase echA6
[15:46:47] Modify product: Putative esterase aq_1494 => Putative esterase
[15:46:47] Modify product: Putative diacyglycerol O-acyltransferase Rv3740c => Putative diacyglycerol O-acyltransferase
[15:46:47] Modify product: Probable sphingosine-1-phosphate lyase => putative sphingosine-1-phosphate lyase
[15:46:47] Modify product: Protease HtpX homolog => Protease HtpX 
[15:46:47] Cleaned 71 /product names
[15:46:47] Deleting unwanted file: /home/joen8526/GenomeAnalysis/analyses/06_annotation_prokka/bin_26/sprot.faa
[15:46:47] Deleting unwanted file: /home/joen8526/GenomeAnalysis/analyses/06_annotation_prokka/bin_26/sprot.blast
[15:46:47] There are still 547 unannotated CDS left (started with 1128)
[15:46:47] Will use hmmer3 to search against /sw/bioinfo/prokka/1.12-12547ca/rackham/bin/../db/hmm/HAMAP.hmm with 8 CPUs
[15:46:47] Running: cat \/home\/joen8526\/GenomeAnalysis\/analyses\/06_annotation_prokka\/bin_26\/HAMAP\.hmm\.faa | parallel --gnu --plain -j 8 --block 6959 --recstart '>' --pipe hmmscan --noali --notextw --acc -E 1e-06 --cpu 1 /sw/bioinfo/prokka/1.12-12547ca/rackham/bin/../db/hmm/HAMAP.hmm /dev/stdin > \/home\/joen8526\/GenomeAnalysis\/analyses\/06_annotation_prokka\/bin_26\/HAMAP\.hmm\.hmmer3 2> /dev/null
[15:47:07] Modify product: Uncharacterized Nudix hydrolase NudL => putative Nudix hydrolase NudL
[15:47:07] Modify product: Uncharacterized Nudix hydrolase NudL => putative Nudix hydrolase NudL
[15:47:07] Cleaned 2 /product names
[15:47:07] Deleting unwanted file: /home/joen8526/GenomeAnalysis/analyses/06_annotation_prokka/bin_26/HAMAP.hmm.faa
[15:47:07] Deleting unwanted file: /home/joen8526/GenomeAnalysis/analyses/06_annotation_prokka/bin_26/HAMAP.hmm.hmmer3
[15:47:07] Labelling remaining 515 proteins as 'hypothetical protein'
[15:47:07] Possible /pseudo 'D-inositol 3-phosphate glycosyltransferase' at k105_129177 position 2673
[15:47:07] Possible /pseudo 'FHA domain-containing protein FhaB' at k105_187160 position 1083
[15:47:07] Possible /pseudo 'putative FAD-linked oxidoreductase' at k105_217304 position 4619
[15:47:07] Possible /pseudo 'O-acetyltransferase OatA' at k105_236845 position 979
[15:47:07] Possible /pseudo 'Glutamine synthetase 2' at k105_278546 position 13925
[15:47:07] Found 477 unique /gene codes.
[15:47:07] Fixed 2 duplicate /gene - nudL_1 nudL_2
[15:47:07] Fixed 2 duplicate /gene - subB_1 subB_2
[15:47:07] Fixed 2 duplicate /gene - fabH_1 fabH_2
[15:47:07] Fixed 2 duplicate /gene - apeB_1 apeB_2
[15:47:07] Fixed 2 duplicate /gene - def_1 def_2
[15:47:07] Fixed 3 duplicate /gene - dnaJ_1 dnaJ_2 dnaJ_3
[15:47:07] Fixed 3 duplicate /gene - dauA_1 dauA_2 dauA_3
[15:47:07] Fixed 2 duplicate /gene - nhaP_1 nhaP_2
[15:47:07] Fixed 2 duplicate /gene - glpE_1 glpE_2
[15:47:07] Fixed 2 duplicate /gene - cysO_1 cysO_2
[15:47:07] Fixed 2 duplicate /gene - purQ_1 purQ_2
[15:47:07] Fixed 2 duplicate /gene - whiB3_1 whiB3_2
[15:47:07] Fixed 2 duplicate /gene - iolD_1 iolD_2
[15:47:07] Fixed 3 duplicate /gene - echA8_1 echA8_2 echA8_3
[15:47:07] Fixed 2 duplicate /gene - dut_1 dut_2
[15:47:07] Fixed 2 duplicate /gene - lcfB_1 lcfB_2
[15:47:07] Fixed 2 duplicate /gene - atpD_1 atpD_2
[15:47:07] Fixed 2 duplicate /gene - fhaB_1 fhaB_2
[15:47:07] Fixed 2 duplicate /gene - pspA_1 pspA_2
[15:47:07] Fixed 2 duplicate /gene - mrp_1 mrp_2
[15:47:07] Fixed 2 duplicate /gene - fadA_1 fadA_2
[15:47:07] Fixed 3 duplicate /gene - scpA_1 scpA_2 scpA_3
[15:47:07] Fixed 2 duplicate /gene - pstA1_1 pstA1_2
[15:47:07] Fixed 2 duplicate /gene - uppS_1 uppS_2
[15:47:07] Fixed 2 duplicate /gene - pstC2_1 pstC2_2
[15:47:07] Fixed 3 duplicate /gene - plsC_1 plsC_2 plsC_3
[15:47:07] Fixed 2 duplicate /gene - pkn1_1 pkn1_2
[15:47:07] Fixed 2 duplicate /gene - xthA_1 xthA_2
[15:47:07] Fixed 2 duplicate /gene - bacC_1 bacC_2
[15:47:07] Fixed 2 duplicate /gene - dhmA1_1 dhmA1_2
[15:47:07] Fixed 2 duplicate /gene - mfpsA_1 mfpsA_2
[15:47:07] Fixed 2 duplicate /gene - serA_1 serA_2
[15:47:07] Fixed 2 duplicate /gene - selB_1 selB_2
[15:47:07] Fixed 2 duplicate /gene - plsY_1 plsY_2
[15:47:07] Fixed 2 duplicate /gene - garK_1 garK_2
[15:47:07] Fixed 2 duplicate /gene - crtP_1 crtP_2
[15:47:07] Fixed 2 duplicate /gene - gsiB_1 gsiB_2
[15:47:07] Fixed 2 duplicate /gene - smtB_1 smtB_2
[15:47:07] Fixed 2 duplicate /gene - iolX_1 iolX_2
[15:47:07] Fixed 3 duplicate /gene - menH_1 menH_2 menH_3
[15:47:07] Fixed 2 duplicate /gene - sdh_1 sdh_2
[15:47:07] Fixed 2 duplicate /gene - purL_1 purL_2
[15:47:07] Fixed 2 duplicate /gene - nfuA_1 nfuA_2
[15:47:07] Fixed 2 duplicate /gene - leuA_1 leuA_2
[15:47:07] Fixed 2 duplicate /gene - rbn_1 rbn_2
[15:47:07] Fixed 2 duplicate /gene - rlmI_1 rlmI_2
[15:47:07] Fixed 3 duplicate /gene - cutL_1 cutL_2 cutL_3
[15:47:07] Fixed 2 duplicate /gene - murA_1 murA_2
[15:47:07] Fixed 2 duplicate /gene - leuD_1 leuD_2
[15:47:07] Fixed 2 duplicate /gene - yfmJ_1 yfmJ_2
[15:47:07] Fixed 2 duplicate /gene - pccB_1 pccB_2
[15:47:07] Fixed 2 duplicate /gene - ideR_1 ideR_2
[15:47:07] Fixed 2 duplicate /gene - malL_1 malL_2
[15:47:07] Fixed 2 duplicate /gene - birA_1 birA_2
[15:47:07] Fixed 2 duplicate /gene - nuoB_1 nuoB_2
[15:47:07] Fixed 2 duplicate /gene - tcrY_1 tcrY_2
[15:47:07] Fixed 2 duplicate /gene - coaD_1 coaD_2
[15:47:07] Fixed 2 duplicate /gene - oatA_1 oatA_2
[15:47:07] Fixed 3 duplicate /gene - mshA_1 mshA_2 mshA_3
[15:47:07] Fixed 2 duplicate /gene - pyrF_1 pyrF_2
[15:47:07] Fixed 2 duplicate /gene - aspC_1 aspC_2
[15:47:07] Fixed 2 duplicate /gene - atpG_1 atpG_2
[15:47:07] Fixed 62 colliding /gene names.
[15:47:07] Adding /locus_tag identifiers
[15:47:08] Assigned 1140 locus_tags to CDS and RNA features.
[15:47:08] Writing outputs to /home/joen8526/GenomeAnalysis/analyses/06_annotation_prokka/bin_26/
[15:47:08] Generating annotation statistics file
[15:47:08] Generating Genbank and Sequin files
[15:47:08] Running: tbl2asn -V b -a r10k -l paired-ends -M n -N 1 -y 'Annotated using prokka 1.12 from https://github.com/tseemann/prokka' -Z \/home\/joen8526\/GenomeAnalysis\/analyses\/06_annotation_prokka\/bin_26\/prokka_26\.err -i \/home\/joen8526\/GenomeAnalysis\/analyses\/06_annotation_prokka\/bin_26\/prokka_26\.fsa 2> /dev/null
[15:47:11] Deleting unwanted file: /home/joen8526/GenomeAnalysis/analyses/06_annotation_prokka/bin_26/errorsummary.val
[15:47:11] Deleting unwanted file: /home/joen8526/GenomeAnalysis/analyses/06_annotation_prokka/bin_26/prokka_26.dr
[15:47:11] Deleting unwanted file: /home/joen8526/GenomeAnalysis/analyses/06_annotation_prokka/bin_26/prokka_26.fixedproducts
[15:47:11] Deleting unwanted file: /home/joen8526/GenomeAnalysis/analyses/06_annotation_prokka/bin_26/prokka_26.ecn
[15:47:11] Deleting unwanted file: /home/joen8526/GenomeAnalysis/analyses/06_annotation_prokka/bin_26/prokka_26.val
[15:47:11] Repairing broken .GBK output that tbl2asn produces...
[15:47:11] Running: sed 's/COORDINATES: profile/COORDINATES:profile/' < \/home\/joen8526\/GenomeAnalysis\/analyses\/06_annotation_prokka\/bin_26\/prokka_26\.gbf > \/home\/joen8526\/GenomeAnalysis\/analyses\/06_annotation_prokka\/bin_26\/prokka_26\.gbk
[15:47:11] Deleting unwanted file: /home/joen8526/GenomeAnalysis/analyses/06_annotation_prokka/bin_26/prokka_26.gbf
[15:47:11] Output files:
[15:47:11] /home/joen8526/GenomeAnalysis/analyses/06_annotation_prokka/bin_26/prokka_26.log
[15:47:11] /home/joen8526/GenomeAnalysis/analyses/06_annotation_prokka/bin_26/prokka_26.fna
[15:47:11] /home/joen8526/GenomeAnalysis/analyses/06_annotation_prokka/bin_26/prokka_26.gff
[15:47:11] /home/joen8526/GenomeAnalysis/analyses/06_annotation_prokka/bin_26/prokka_26.faa
[15:47:11] /home/joen8526/GenomeAnalysis/analyses/06_annotation_prokka/bin_26/prokka_26.ffn
[15:47:11] /home/joen8526/GenomeAnalysis/analyses/06_annotation_prokka/bin_26/prokka_26.tbl
[15:47:11] /home/joen8526/GenomeAnalysis/analyses/06_annotation_prokka/bin_26/prokka_26.fsa
[15:47:11] /home/joen8526/GenomeAnalysis/analyses/06_annotation_prokka/bin_26/prokka_26.tsv
[15:47:11] /home/joen8526/GenomeAnalysis/analyses/06_annotation_prokka/bin_26/prokka_26.txt
[15:47:11] /home/joen8526/GenomeAnalysis/analyses/06_annotation_prokka/bin_26/prokka_26.gbk
[15:47:11] /home/joen8526/GenomeAnalysis/analyses/06_annotation_prokka/bin_26/prokka_26.sqn
[15:47:11] /home/joen8526/GenomeAnalysis/analyses/06_annotation_prokka/bin_26/prokka_26.err
[15:47:11] Annotation finished successfully.
[15:47:11] Walltime used: 1.28 minutes
[15:47:11] If you use this result please cite the Prokka paper:
[15:47:11] Seemann T (2014) Prokka: rapid prokaryotic genome annotation. Bioinformatics. 30(14):2068-9.
[15:47:11] Type 'prokka --citation' for more details.
[15:47:11] Share and enjoy!
