[14:47:27] This is prokka 1.12
[14:47:27] Written by Torsten Seemann <torsten.seemann@gmail.com>
[14:47:27] Homepage is https://github.com/tseemann/prokka
[14:47:27] Local time is Wed Apr 29 14:47:27 2020
[14:47:27] You are joen8526
[14:47:27] Operating system is linux
[14:47:27] You have BioPerl 1.007001
[14:47:27] System has 20 cores.
[14:47:27] Will use maximum of 8 cores.
[14:47:27] Annotating as >>> Bacteria <<<
[14:47:27] Generating locus_tag from '/home/joen8526/GenomeAnalysis/data/binned_metagenome/bins_3.fa' contents.
[14:47:27] Setting --locustag PACEHLGO from MD5 9ace1508cf326740d4798a590ee6d947
[14:47:27] Creating new output folder: /home/joen8526/GenomeAnalysis/analyses/06_annotation_prokka/bin_3
[14:47:27] Running: mkdir -p \/home\/joen8526\/GenomeAnalysis\/analyses\/06_annotation_prokka\/bin_3
[14:47:27] Using filename prefix: prokka_3.XXX
[14:47:27] Setting HMMER_NCPU=1
[14:47:27] Writing log to: /home/joen8526/GenomeAnalysis/analyses/06_annotation_prokka/bin_3/prokka_3.log
[14:47:27] Command: /sw/bioinfo/prokka/1.12-12547ca/rackham/bin/prokka --force --prefix prokka_3 --addgenes --outdir /home/joen8526/GenomeAnalysis/analyses/06_annotation_prokka/bin_3 /home/joen8526/GenomeAnalysis/data/binned_metagenome/bins_3.fa
[14:47:27] Appending to PATH: /sw/bioinfo/prokka/1.12-12547ca/rackham/bin/../binaries/linux
[14:47:27] Appending to PATH: /sw/bioinfo/prokka/1.12-12547ca/rackham/bin/../binaries/linux/../common
[14:47:27] Appending to PATH: /sw/bioinfo/prokka/1.12-12547ca/rackham/bin
[14:47:27] Looking for 'aragorn' - found /sw/bioinfo/prokka/1.12-12547ca/rackham/bin/../binaries/linux/aragorn
[14:47:27] Determined aragorn version is 1.2
[14:47:27] Looking for 'barrnap' - found /sw/bioinfo/barrnap/0.8/rackham/bin/barrnap
[14:47:28] Determined barrnap version is 0.8
[14:47:28] Looking for 'blastp' - found /sw/bioinfo/blast/2.6.0+/rackham/bin/blastp
[14:47:28] Determined blastp version is 2.6
[14:47:28] Looking for 'cmpress' - found /sw/bioinfo/prokka/1.12-12547ca/rackham/bin/../binaries/linux/cmpress
[14:47:28] Determined cmpress version is 1.1
[14:47:28] Looking for 'cmscan' - found /sw/bioinfo/prokka/1.12-12547ca/rackham/bin/../binaries/linux/cmscan
[14:47:28] Determined cmscan version is 1.1
[14:47:28] Looking for 'egrep' - found /usr/bin/egrep
[14:47:28] Looking for 'find' - found /usr/bin/find
[14:47:28] Looking for 'grep' - found /usr/bin/grep
[14:47:28] Looking for 'hmmpress' - found /sw/apps/bioinfo/hmmer/3.1b2/rackham/bin/hmmpress
[14:47:28] Determined hmmpress version is 3.1
[14:47:28] Looking for 'hmmscan' - found /sw/apps/bioinfo/hmmer/3.1b2/rackham/bin/hmmscan
[14:47:28] Determined hmmscan version is 3.1
[14:47:28] Looking for 'java' - found /usr/bin/java
[14:47:28] Looking for 'less' - found /usr/bin/less
[14:47:28] Looking for 'makeblastdb' - found /sw/bioinfo/blast/2.6.0+/rackham/bin/makeblastdb
[14:47:28] Determined makeblastdb version is 2.6
[14:47:28] Looking for 'minced' - found /sw/apps/bioinfo/minced/0.2.0/rackham/minced
[14:47:28] Determined minced version is 2.0
[14:47:28] Looking for 'parallel' - found /sw/parallel/gnuparallel/20170122/rackham/bin/parallel
[14:47:28] Determined parallel version is 20170122
[14:47:28] Looking for 'prodigal' - found /sw/apps/bioinfo/prodigal/2.6.3/rackham/bin/prodigal
[14:47:28] Determined prodigal version is 2.6
[14:47:28] Looking for 'prokka-genbank_to_fasta_db' - found /sw/bioinfo/prokka/1.12-12547ca/rackham/bin/prokka-genbank_to_fasta_db
[14:47:28] Looking for 'sed' - found /usr/bin/sed
[14:47:28] Looking for 'signalp' - found /sw/bioinfo/SignalP/4.1f/rackham/signalp
[14:47:28] Determined signalp version is 4.1
[14:47:28] Looking for 'tbl2asn' - found /sw/bioinfo/tbl2asn/25.8/rackham/tbl2asn
[14:47:28] Determined tbl2asn version is 25.8
[14:47:28] Using genetic code table 11.
[14:47:28] Loading and checking input file: /home/joen8526/GenomeAnalysis/data/binned_metagenome/bins_3.fa
[14:47:28] Wrote 326 contigs totalling 2057816 bp.
[14:47:28] Predicting tRNAs and tmRNAs
[14:47:28] Running: aragorn -l -gc11  -w \/home\/joen8526\/GenomeAnalysis\/analyses\/06_annotation_prokka\/bin_3\/prokka_3\.fna
[14:47:29] 1 tRNA-Thr c[12005,12086] 40 (cgt)
[14:47:29] 2 tRNA-Leu [16060,16142] 37 (cag)
[14:47:29] 1 tRNA-Val c[6595,6669] 33 (cac)
[14:47:29] 1 tRNA-Gly [997,1070] 33 (ccc)
[14:47:29] 1 tRNA-Arg c[980,1053] 34 (tct)
[14:47:29] 1 tRNA-Glu [944,1017] 35 (ttc)
[14:47:29] 2 tRNA-Asp [1021,1095] 35 (gtc)
[14:47:29] 3 tRNA-Phe [1119,1194] 35 (gaa)
[14:47:29] 1 tRNA-Arg [7197,7271] 35 (cct)
[14:47:29] 1 tRNA-Ala c[6320,6393] 34 (tgc)
[14:47:29] 2 tRNA-Ile c[6621,6696] 36 (gat)
[14:47:29] 1 tRNA-Leu [7130,7212] 35 (tag)
[14:47:29] 1 tRNA-Met c[2,77] 35 (cat)
[14:47:29] 2 tRNA-Asn c[1645,1719] 33 (gtt)
[14:47:29] 1 tRNA-Leu c[8356,8442] 35 (cag)
[14:47:29] 1 tRNA-Lys c[5784,5857] 34 (ctt)
[14:47:30] 1 tRNA-Val [7719,7794] 35 (tac)
[14:47:30] 1 tRNA-Met [3642,3716] 35 (cat)
[14:47:30] 1 tRNA-Thr [631,706] 34 (tgt)
[14:47:30] 1 tRNA-Pro [3812,3886] 35 (ggg)
[14:47:30] 1 tRNA-Trp c[4287,4360] 34 (cca)
[14:47:30] 2 tRNA-Met c[8897,8972] 35 (cat)
[14:47:30] 3 tRNA-Thr c[9063,9138] 34 (ggt)
[14:47:30] 4 tRNA-Tyr c[9210,9294] 35 (gta)
[14:47:30] 1 tRNA-Thr c[303,371] 29 (cgt)
[14:47:30] 2 tRNA-Thr c[3555,3630] 34 (cgt)
[14:47:30] 1 tRNA-Leu [2303,2389] 35 (gag)
[14:47:30] 1 tRNA-Ser [2818,2906] 35 (gga)
[14:47:30] 1 tRNA-Ser [10447,10534] 35 (cga)
[14:47:30] 2 tRNA-Ser c[16112,16200] 35 (gga)
[14:47:30] 1 tRNA-Arg c[4048,4120] 34 (ccg)
[14:47:30] 1 tRNA-Leu [3256,3340] 35 (taa)
[14:47:30] 1 tRNA-Ser [1171,1258] 35 (cga)
[14:47:30] 2 tRNA-Ser c[6858,6946] 35 (gga)
[14:47:30] 1 tRNA-Gln [7324,7395] 33 (ttg)
[14:47:30] 1 tRNA-His c[523,598] 34 (gtg)
[14:47:30] 1 tRNA-Ser c[121,212] 37 (gct)
[14:47:30] 2 tRNA-Arg [3000,3073] 34 (acg)
[14:47:30] Found 38 tRNAs
[14:47:30] Predicting Ribosomal RNAs
[14:47:30] Running Barrnap with 8 threads
[14:47:31] 1 k105_307831 1 16S ribosomal RNA (partial)
[14:47:31] Found 1 rRNAs
[14:47:31] Skipping ncRNA search, enable with --rfam if desired.
[14:47:31] Total of 39 tRNA + rRNA features
[14:47:31] Searching for CRISPR repeats
[14:47:32] Found 0 CRISPRs
[14:47:32] Predicting coding sequences
[14:47:32] Contigs total 2057816 bp, so using single mode
[14:47:32] Running: prodigal -i \/home\/joen8526\/GenomeAnalysis\/analyses\/06_annotation_prokka\/bin_3\/prokka_3\.fna -c -m -g 11 -p single -f sco -q
[14:47:34] Excluding CDS which overlaps existing RNA (tRNA) at k105_7068:10784..12202 on - strand
[14:47:34] Excluding CDS which overlaps existing RNA (tRNA) at k105_7068:15910..17046 on - strand
[14:47:34] Excluding CDS which overlaps existing RNA (tRNA) at k105_111363:1183..1734 on - strand
[14:47:34] Excluding CDS which overlaps existing RNA (tRNA) at k105_129734:5768..5959 on - strand
[14:47:34] Excluding CDS which overlaps existing RNA (tRNA) at k105_261061:4019..4243 on - strand
[14:47:35] Excluding CDS which overlaps existing RNA (tRNA) at k105_307627:158..544 on + strand
[14:47:35] Found 1993 CDS
[14:47:35] Connecting features back to sequences
[14:47:35] Option --gram not specified, will NOT check for signal peptides.
[14:47:35] Not using genus-specific database. Try --usegenus to enable it.
[14:47:35] Annotating CDS, please be patient.
[14:47:35] Will use 8 CPUs for similarity searching.
[14:47:35] There are still 1993 unannotated CDS left (started with 1993)
[14:47:35] Will use blast to search against /sw/bioinfo/prokka/1.12-12547ca/rackham/bin/../db/kingdom/Bacteria/sprot with 8 CPUs
[14:47:35] Running: cat \/home\/joen8526\/GenomeAnalysis\/analyses\/06_annotation_prokka\/bin_3\/sprot\.faa | parallel --gnu --plain -j 8 --block 36366 --recstart '>' --pipe blastp -query - -db /sw/bioinfo/prokka/1.12-12547ca/rackham/bin/../db/kingdom/Bacteria/sprot -evalue 1e-06 -num_threads 1 -num_descriptions 1 -num_alignments 1 -seg no > \/home\/joen8526\/GenomeAnalysis\/analyses\/06_annotation_prokka\/bin_3\/sprot\.blast 2> /dev/null
[14:48:59] Modify product: Probable protein kinase UbiB => putative protein kinase UbiB
[14:48:59] Modify product: Uncharacterized amino acid permease YhdG => putative amino acid permease YhdG
[14:48:59] Modify product: Probable oxidoreductase EphD => putative oxidoreductase EphD
[14:48:59] Modify product: Probable dipeptidase PepE => putative dipeptidase PepE
[14:48:59] Modify product: Probable type II secretion system protein HxcR => putative type II secretion system protein HxcR
[14:48:59] Modify product: Probable cysteine desulfurase => putative cysteine desulfurase
[14:48:59] Modify product: Putative peroxiredoxin Rv2238c => Putative peroxiredoxin
[14:48:59] Modify product: Probable enoyl-CoA hydratase echA8 => putative enoyl-CoA hydratase echA8
[14:48:59] Modify product: Putative acetyltransferase Rv3034c => Putative acetyltransferase
[14:49:00] Modify product: GTP cyclohydrolase 1 type 2 homolog => GTP cyclohydrolase 1 type 2 
[14:49:00] Modify product: Uncharacterized oxidoreductase MSMEG_1603/MSMEI_1564 => putative oxidoreductase/MSMEI_1564
[14:49:00] Modify product: Probable cation-transporting ATPase E => putative cation-transporting ATPase E
[14:49:00] Modify product: Probable N-succinyldiaminopimelate aminotransferase DapC => putative N-succinyldiaminopimelate aminotransferase DapC
[14:49:00] Modify product: DegV domain-containing protein Cgl2349/cg2579 => DegV domain-containing protein/cg2579
[14:49:00] Modify product: Probable peptidyl-prolyl cis-trans isomerase B => putative peptidyl-prolyl cis-trans isomerase B
[14:49:00] Modify product: Probable cytochrome c oxidase subunit 1 => putative cytochrome c oxidase subunit 1
[14:49:00] Modify product: Probable sensor histidine kinase pdtaS => putative sensor histidine kinase pdtaS
[14:49:00] Modify product: Putative trans-acting enoyl reductase Rv2449c => Putative trans-acting enoyl reductase
[14:49:00] Modify product: Probable diacyglycerol O-acyltransferase tgs1 => putative diacyglycerol O-acyltransferase tgs1
[14:49:00] Modify product: Uncharacterized ABC transporter ATP-binding protein Rv1272c => putative ABC transporter ATP-binding protein
[14:49:00] Modify product: Uncharacterized ABC transporter ATP-binding protein Rv1273c => putative ABC transporter ATP-binding protein
[14:49:00] Modify product: Probable dolichyl-phosphate-mannose--protein mannosyltransferase => putative dolichyl-phosphate-mannose--protein mannosyltransferase
[14:49:00] Modify product: Probable peroxiredoxin => putative peroxiredoxin
[14:49:00] Modify product: Uncharacterized hydrolase YxeP => putative hydrolase YxeP
[14:49:00] Modify product: Uncharacterized HTH-type transcriptional regulator YusO => putative HTH-type transcriptional regulator YusO
[14:49:00] Modify product: Probable transcriptional regulatory protein Rv2603c => putative transcriptional regulatory protein
[14:49:00] Modify product: Putative peroxiredoxin Rv2521 => Putative peroxiredoxin
[14:49:00] Modify product: Universal stress protein Rv2319c => Universal stress protein
[14:49:00] Modify product: Alpha-(1->6)-mannopyranosyltransferase Rv1459c => Alpha-(1->6)-mannopyranosyltransferase
[14:49:00] Modify product: Putative methyltransferase Rv1407 => Putative methyltransferase
[14:49:00] Modify product: Probable lipid II flippase MurJ => putative lipid II flippase MurJ
[14:49:00] Modify product: Probable peptidoglycan biosynthesis protein MviN => putative peptidoglycan biosynthesis protein MviN
[14:49:00] Modify product: Uncharacterized sugar epimerase YhfK => putative sugar epimerase YhfK
[14:49:00] Modify product: NADH dehydrogenase-like protein SA0802 => NADH dehydrogenase-like protein
[14:49:00] Modify product: Probable protein-export membrane protein SecG => putative protein-export membrane protein SecG
[14:49:00] Modify product: Putative conjugal transfer protein Rv3659c => Putative conjugal transfer protein
[14:49:00] Modify product: Phosphate-specific transport system accessory protein PhoU homolog 2 => Phosphate-specific transport system accessory protein PhoU 
[14:49:00] Modify product: Uncharacterized PIN and TRAM-domain containing protein YacL => putative PIN and TRAM-domain containing protein YacL
[14:49:00] Modify product: Uncharacterized HTH-type transcriptional regulator Rv0880 => putative HTH-type transcriptional regulator
[14:49:00] Modify product: Probable tRNA-dihydrouridine synthase => putative tRNA-dihydrouridine synthase
[14:49:00] Modify product: Probable adenylyltransferase/sulfurtransferase MoeZ => putative adenylyltransferase/sulfurtransferase MoeZ
[14:49:00] Modify product: Probable ATP-dependent helicase DinG homolog => putative ATP-dependent helicase DinG 
[14:49:00] Modify product: Uncharacterized NTE family protein Rv1063c => putative NTE family protein
[14:49:00] Modify product: Probable helicase HelY => putative helicase HelY
[14:49:00] Modify product: Uncharacterized FAD-linked oxidoreductase Rv2280 => putative FAD-linked oxidoreductase
[14:49:00] Modify product: Putative O-methyltransferase Rv1220c => Putative O-methyltransferase
[14:49:00] Modify product: Probable phosphatase Rv3661 => putative phosphatase
[14:49:00] Modify product: Uncharacterized N-acetyltransferase Rv2669 => putative N-acetyltransferase
[14:49:00] Modify product: Probable multidrug-efflux transporter Rv1258c => putative multidrug-efflux transporter
[14:49:00] Modify product: Putative diacyglycerol O-acyltransferase Rv2484c => Putative diacyglycerol O-acyltransferase
[14:49:00] Modify product: Uncharacterized sugar transferase EpsL => putative sugar transferase EpsL
[14:49:00] Modify product: Uncharacterized oxidoreductase UxuB => putative oxidoreductase UxuB
[14:49:00] Modify product: Probable sphingosine-1-phosphate lyase => putative sphingosine-1-phosphate lyase
[14:49:00] Modify product: Probable aminotransferase Rv3329 => putative aminotransferase
[14:49:00] Modify product: Probable 2,4-dienoyl-CoA reductase => putative 2,4-dienoyl-CoA reductase
[14:49:00] Modify product: Probable S-adenosylmethionine-dependent methyltransferase MSMEG_2350/MSMEI_2290 => putative S-adenosylmethionine-dependent methyltransferase/MSMEI_2290
[14:49:00] Modify product: Zinc-type alcohol dehydrogenase-like protein SA1988 => Zinc-type alcohol dehydrogenase-like protein
[14:49:00] Modify product: Probable propionyl-CoA carboxylase beta chain 5 => putative propionyl-CoA carboxylase beta chain 5
[14:49:00] Modify product: Maf-like protein Rv3282 => Maf-like protein
[14:49:00] Modify product: Probable peptidoglycan glycosyltransferase FtsW => putative peptidoglycan glycosyltransferase FtsW
[14:49:00] Modify product: Uncharacterized tRNA/rRNA methyltransferase Rv3579c => putative tRNA/rRNA methyltransferase
[14:49:00] Modify product: Probable oligo-1,6-glucosidase 2 => putative oligo-1,6-glucosidase 2
[14:49:01] Modify product: Probable GTPase Rv1496 => putative GTPase
[14:49:01] Modify product: Uncharacterized membrane protein Rv2723 => putative membrane protein
[14:49:01] Modify product: Nucleotide-binding protein Rv1421 => Nucleotide-binding protein
[14:49:01] Modify product: Uncharacterized Na(+)/H(+) exchanger Rv2287 => putative Na(+)/H(+) exchanger
[14:49:01] Modify product: Probable 8-oxo-dGTP diphosphatase 1 => putative 8-oxo-dGTP diphosphatase 1
[14:49:01] Modify product: Uncharacterized RNA pseudouridine synthase Rv1711 => putative RNA pseudouridine synthase
[14:49:01] Modify product: Laccase domain protein Rv2149c => Laccase domain protein
[14:49:01] Modify product: Universal stress protein Rv2319c => Universal stress protein
[14:49:01] Modify product: Probable glycerophosphodiester phosphodiesterase 1 => putative glycerophosphodiester phosphodiesterase 1
[14:49:01] Modify product: Putative Rieske 2Fe-2S iron-sulfur protein MSMEG_6410/MSMEI_6242 => Putative Rieske 2Fe-2S iron-sulfur protein/MSMEI_6242
[14:49:01] Modify product: Putative diacyglycerol O-acyltransferase Rv1425 => Putative diacyglycerol O-acyltransferase
[14:49:01] Modify product: Uncharacterized zinc protease Rv2782c => putative zinc protease
[14:49:01] Modify product: Probable 2-succinylbenzoate--CoA ligase => putative 2-succinylbenzoate--CoA ligase
[14:49:01] Modify product: Uncharacterized AAA domain-containing protein Rv2559c => putative AAA domain-containing protein
[14:49:01] Modify product: Probable cytochrome c oxidase subunit 3 => putative cytochrome c oxidase subunit 3
[14:49:01] Modify product: Uncharacterized response regulatory protein Rv3143 => putative response regulatory protein
[14:49:01] Modify product: Probable acyl-CoA dehydrogenase fadE25 => putative acyl-CoA dehydrogenase fadE25
[14:49:01] Modify product: pH-sensitive adenylate cyclase Rv1264 => pH-sensitive adenylate cyclase
[14:49:01] Modify product: Oxygen-independent coproporphyrinogen-III oxidase-like protein Rv2388c => Oxygen-independent coproporphyrinogen-III oxidase-like protein
[14:49:01] Modify product: Epimerase family protein Rv2216 => Epimerase family protein
[14:49:01] Modify product: Uncharacterized HTH-type transcriptional regulator Rv2250c => putative HTH-type transcriptional regulator
[14:49:01] Modify product: Probable nicotinate-nucleotide adenylyltransferase => putative nicotinate-nucleotide adenylyltransferase
[14:49:01] Modify product: Probable sulfate transporter Rv1739c => putative sulfate transporter
[14:49:01] Modify product: Probable cytosol aminopeptidase => putative cytosol aminopeptidase
[14:49:01] Modify product: Uncharacterized metal-dependent hydrolase TatD => putative metal-dependent hydrolase TatD
[14:49:01] Modify product: Probable endopeptidase p60 => putative endopeptidase p60
[14:49:01] Modify product: Probable low molecular weight protein-tyrosine-phosphatase => putative low molecular weight protein-tyrosine-phosphatase
[14:49:01] Modify product: Uncharacterized MFS-type transporter Rv0037c => putative MFS-type transporter
[14:49:01] Modify product: Probable fatty acid methyltransferase Rv3720 => putative fatty acid methyltransferase
[14:49:01] Modify product: Putative conjugal transfer protein Rv3659c => Putative conjugal transfer protein
[14:49:01] Modify product: Universal stress protein MSMEG_3950/MSMEI_3859 => Universal stress protein/MSMEI_3859
[14:49:01] Modify product: Universal stress protein MT2061 => Universal stress protein
[14:49:01] Modify product: Uncharacterized membrane protein Rv0364 => putative membrane protein
[14:49:01] Modify product: Probable NADH oxidase => putative NADH oxidase
[14:49:01] Modify product: Uncharacterized glycosyltransferase Rv1514c => putative glycosyltransferase
[14:49:01] Modify product: Probable alcohol dehydrogenase AdhA => putative alcohol dehydrogenase AdhA
[14:49:01] Modify product: Probable inactive lipase Rv1592c => putative inactive lipase
[14:49:01] Modify product: Uncharacterized SURF1-like protein Rv2235 => putative SURF1-like protein
[14:49:01] Modify product: Uncharacterized ABC transporter ATP-binding protein YlmA => putative ABC transporter ATP-binding protein YlmA
[14:49:01] Modify product: Probable cysteine desulfurase => putative cysteine desulfurase
[14:49:01] Modify product: Probable polyketide biosynthesis zinc-dependent hydrolase PksB => putative polyketide biosynthesis zinc-dependent hydrolase PksB
[14:49:01] Modify product: Putative ATPase Rv3679 => Putative ATPase
[14:49:01] Modify product: Probable hemoglobin and hemoglobin-haptoglobin-binding protein 3 => putative hemoglobin and hemoglobin-haptoglobin-binding protein 3
[14:49:01] Modify product: Probable GTPase Rv1496 => putative GTPase
[14:49:01] Modify product: Probable methylmalonyl-CoA mutase large subunit => putative methylmalonyl-CoA mutase large subunit
[14:49:01] Cleaned 107 /product names
[14:49:01] Deleting unwanted file: /home/joen8526/GenomeAnalysis/analyses/06_annotation_prokka/bin_3/sprot.faa
[14:49:01] Deleting unwanted file: /home/joen8526/GenomeAnalysis/analyses/06_annotation_prokka/bin_3/sprot.blast
[14:49:02] There are still 914 unannotated CDS left (started with 1993)
[14:49:02] Will use hmmer3 to search against /sw/bioinfo/prokka/1.12-12547ca/rackham/bin/../db/hmm/HAMAP.hmm with 8 CPUs
[14:49:02] Running: cat \/home\/joen8526\/GenomeAnalysis\/analyses\/06_annotation_prokka\/bin_3\/HAMAP\.hmm\.faa | parallel --gnu --plain -j 8 --block 13067 --recstart '>' --pipe hmmscan --noali --notextw --acc -E 1e-06 --cpu 1 /sw/bioinfo/prokka/1.12-12547ca/rackham/bin/../db/hmm/HAMAP.hmm /dev/stdin > \/home\/joen8526\/GenomeAnalysis\/analyses\/06_annotation_prokka\/bin_3\/HAMAP\.hmm\.hmmer3 2> /dev/null
[14:49:35] Modify product: Uncharacterized Nudix hydrolase NudL => putative Nudix hydrolase NudL
[14:49:35] Cleaned 1 /product names
[14:49:35] Deleting unwanted file: /home/joen8526/GenomeAnalysis/analyses/06_annotation_prokka/bin_3/HAMAP.hmm.faa
[14:49:35] Deleting unwanted file: /home/joen8526/GenomeAnalysis/analyses/06_annotation_prokka/bin_3/HAMAP.hmm.hmmer3
[14:49:35] Labelling remaining 879 proteins as 'hypothetical protein'
[14:49:35] Possible /pseudo 'Trk system potassium uptake protein TrkA' at k105_52230 position 4357
[14:49:35] Possible /pseudo 'Gamma-aminobutyraldehyde dehydrogenase' at k105_59781 position 8142
[14:49:35] Possible /pseudo 'putative ABC transporter ATP-binding protein' at k105_80188 position 12539
[14:49:35] Possible /pseudo 'Tyrosine recombinase XerC' at k105_92182 position 8567
[14:49:36] Found 892 unique /gene codes.
[14:49:36] Fixed 3 duplicate /gene - glnA_1 glnA_2 glnA_3
[14:49:36] Fixed 2 duplicate /gene - prr_1 prr_2
[14:49:36] Fixed 2 duplicate /gene - spsI_1 spsI_2
[14:49:36] Fixed 2 duplicate /gene - cysA_1 cysA_2
[14:49:36] Fixed 2 duplicate /gene - dac_1 dac_2
[14:49:36] Fixed 2 duplicate /gene - arsA_1 arsA_2
[14:49:36] Fixed 2 duplicate /gene - fkbP_1 fkbP_2
[14:49:36] Fixed 2 duplicate /gene - guaA_1 guaA_2
[14:49:36] Fixed 2 duplicate /gene - drrB_1 drrB_2
[14:49:36] Fixed 2 duplicate /gene - hisN_1 hisN_2
[14:49:36] Fixed 2 duplicate /gene - dnaJ1_1 dnaJ1_2
[14:49:36] Fixed 2 duplicate /gene - tolB_1 tolB_2
[14:49:36] Fixed 2 duplicate /gene - ahcY_1 ahcY_2
[14:49:36] Fixed 2 duplicate /gene - macB_1 macB_2
[14:49:36] Fixed 3 duplicate /gene - ftsH_1 ftsH_2 ftsH_3
[14:49:36] Fixed 2 duplicate /gene - ephA_1 ephA_2
[14:49:36] Fixed 2 duplicate /gene - tatB_1 tatB_2
[14:49:36] Fixed 2 duplicate /gene - rmlC_1 rmlC_2
[14:49:36] Fixed 2 duplicate /gene - glmU_1 glmU_2
[14:49:36] Fixed 2 duplicate /gene - mmgC_1 mmgC_2
[14:49:36] Fixed 2 duplicate /gene - puuB_1 puuB_2
[14:49:36] Fixed 2 duplicate /gene - tadA_1 tadA_2
[14:49:36] Fixed 2 duplicate /gene - dapE_1 dapE_2
[14:49:36] Fixed 2 duplicate /gene - pilT_1 pilT_2
[14:49:36] Fixed 2 duplicate /gene - pntB_1 pntB_2
[14:49:36] Fixed 2 duplicate /gene - ppm1_1 ppm1_2
[14:49:36] Fixed 4 duplicate /gene - stp_1 stp_2 stp_3 stp_4
[14:49:36] Fixed 2 duplicate /gene - wbpD_1 wbpD_2
[14:49:36] Fixed 2 duplicate /gene - serB1_1 serB1_2
[14:49:36] Fixed 2 duplicate /gene - pipB_1 pipB_2
[14:49:36] Fixed 2 duplicate /gene - nylA_1 nylA_2
[14:49:36] Fixed 2 duplicate /gene - mraZ_1 mraZ_2
[14:49:36] Fixed 2 duplicate /gene - rimI_1 rimI_2
[14:49:36] Fixed 2 duplicate /gene - guaB_1 guaB_2
[14:49:36] Fixed 2 duplicate /gene - gabD2_1 gabD2_2
[14:49:36] Fixed 2 duplicate /gene - priA_1 priA_2
[14:49:36] Fixed 2 duplicate /gene - mtrB_1 mtrB_2
[14:49:36] Fixed 2 duplicate /gene - acsA_1 acsA_2
[14:49:36] Fixed 2 duplicate /gene - spuE_1 spuE_2
[14:49:36] Fixed 2 duplicate /gene - murF_1 murF_2
[14:49:36] Fixed 5 duplicate /gene - qacA_1 qacA_2 qacA_3 qacA_4 qacA_5
[14:49:36] Fixed 3 duplicate /gene - phoP_1 phoP_2 phoP_3
[14:49:36] Fixed 2 duplicate /gene - bamB_1 bamB_2
[14:49:36] Fixed 2 duplicate /gene - pepA_1 pepA_2
[14:49:36] Fixed 2 duplicate /gene - vanH_1 vanH_2
[14:49:36] Fixed 2 duplicate /gene - pheA_1 pheA_2
[14:49:36] Fixed 2 duplicate /gene - dpgD_1 dpgD_2
[14:49:36] Fixed 4 duplicate /gene - ydfJ_1 ydfJ_2 ydfJ_3 ydfJ_4
[14:49:36] Fixed 2 duplicate /gene - ppgK_1 ppgK_2
[14:49:36] Fixed 2 duplicate /gene - tagH_1 tagH_2
[14:49:36] Fixed 2 duplicate /gene - mshA_1 mshA_2
[14:49:36] Fixed 6 duplicate /gene - pipB2_1 pipB2_2 pipB2_3 pipB2_4 pipB2_5 pipB2_6
[14:49:36] Fixed 2 duplicate /gene - bpoC_1 bpoC_2
[14:49:36] Fixed 2 duplicate /gene - rbpA_1 rbpA_2
[14:49:36] Fixed 2 duplicate /gene - menA_1 menA_2
[14:49:36] Fixed 2 duplicate /gene - gpmA_1 gpmA_2
[14:49:36] Fixed 2 duplicate /gene - malZ_1 malZ_2
[14:49:36] Fixed 2 duplicate /gene - xerC_1 xerC_2
[14:49:36] Fixed 2 duplicate /gene - cmk_1 cmk_2
[14:49:36] Fixed 2 duplicate /gene - folP1_1 folP1_2
[14:49:36] Fixed 2 duplicate /gene - atsA_1 atsA_2
[14:49:36] Fixed 2 duplicate /gene - mepM_1 mepM_2
[14:49:36] Fixed 2 duplicate /gene - ycnJ_1 ycnJ_2
[14:49:36] Fixed 2 duplicate /gene - drrA_1 drrA_2
[14:49:36] Fixed 2 duplicate /gene - ung_1 ung_2
[14:49:36] Fixed 2 duplicate /gene - gyrB_1 gyrB_2
[14:49:36] Fixed 2 duplicate /gene - csd_1 csd_2
[14:49:36] Fixed 2 duplicate /gene - mutB_1 mutB_2
[14:49:36] Fixed 2 duplicate /gene - cshA_1 cshA_2
[14:49:36] Fixed 2 duplicate /gene - whiD_1 whiD_2
[14:49:36] Fixed 2 duplicate /gene - cysO_1 cysO_2
[14:49:36] Fixed 3 duplicate /gene - mshD_1 mshD_2 mshD_3
[14:49:36] Fixed 2 duplicate /gene - folE_1 folE_2
[14:49:36] Fixed 2 duplicate /gene - thrC_1 thrC_2
[14:49:36] Fixed 2 duplicate /gene - ettA_1 ettA_2
[14:49:36] Fixed 2 duplicate /gene - tagG_1 tagG_2
[14:49:36] Fixed 2 duplicate /gene - trkA_1 trkA_2
[14:49:36] Fixed 2 duplicate /gene - liaR_1 liaR_2
[14:49:36] Fixed 2 duplicate /gene - galE_1 galE_2
[14:49:36] Fixed 2 duplicate /gene - pepN_1 pepN_2
[14:49:36] Fixed 5 duplicate /gene - fabG_1 fabG_2 fabG_3 fabG_4 fabG_5
[14:49:36] Fixed 4 duplicate /gene - oatA_1 oatA_2 oatA_3 oatA_4
[14:49:36] Fixed 3 duplicate /gene - plsC_1 plsC_2 plsC_3
[14:49:36] Fixed 2 duplicate /gene - smtB_1 smtB_2
[14:49:36] Fixed 2 duplicate /gene - ydhD_1 ydhD_2
[14:49:36] Fixed 3 duplicate /gene - gloC_1 gloC_2 gloC_3
[14:49:36] Fixed 2 duplicate /gene - phaJ_1 phaJ_2
[14:49:36] Fixed 87 colliding /gene names.
[14:49:36] Adding /locus_tag identifiers
[14:49:36] Assigned 2032 locus_tags to CDS and RNA features.
[14:49:36] Writing outputs to /home/joen8526/GenomeAnalysis/analyses/06_annotation_prokka/bin_3/
[14:49:37] Generating annotation statistics file
[14:49:37] Generating Genbank and Sequin files
[14:49:37] Running: tbl2asn -V b -a r10k -l paired-ends -M n -N 1 -y 'Annotated using prokka 1.12 from https://github.com/tseemann/prokka' -Z \/home\/joen8526\/GenomeAnalysis\/analyses\/06_annotation_prokka\/bin_3\/prokka_3\.err -i \/home\/joen8526\/GenomeAnalysis\/analyses\/06_annotation_prokka\/bin_3\/prokka_3\.fsa 2> /dev/null
[14:49:42] Deleting unwanted file: /home/joen8526/GenomeAnalysis/analyses/06_annotation_prokka/bin_3/errorsummary.val
[14:49:42] Deleting unwanted file: /home/joen8526/GenomeAnalysis/analyses/06_annotation_prokka/bin_3/prokka_3.dr
[14:49:42] Deleting unwanted file: /home/joen8526/GenomeAnalysis/analyses/06_annotation_prokka/bin_3/prokka_3.fixedproducts
[14:49:42] Deleting unwanted file: /home/joen8526/GenomeAnalysis/analyses/06_annotation_prokka/bin_3/prokka_3.ecn
[14:49:42] Deleting unwanted file: /home/joen8526/GenomeAnalysis/analyses/06_annotation_prokka/bin_3/prokka_3.val
[14:49:42] Repairing broken .GBK output that tbl2asn produces...
[14:49:42] Running: sed 's/COORDINATES: profile/COORDINATES:profile/' < \/home\/joen8526\/GenomeAnalysis\/analyses\/06_annotation_prokka\/bin_3\/prokka_3\.gbf > \/home\/joen8526\/GenomeAnalysis\/analyses\/06_annotation_prokka\/bin_3\/prokka_3\.gbk
[14:49:42] Deleting unwanted file: /home/joen8526/GenomeAnalysis/analyses/06_annotation_prokka/bin_3/prokka_3.gbf
[14:49:42] Output files:
[14:49:42] /home/joen8526/GenomeAnalysis/analyses/06_annotation_prokka/bin_3/prokka_3.log
[14:49:42] /home/joen8526/GenomeAnalysis/analyses/06_annotation_prokka/bin_3/prokka_3.fna
[14:49:42] /home/joen8526/GenomeAnalysis/analyses/06_annotation_prokka/bin_3/prokka_3.gff
[14:49:42] /home/joen8526/GenomeAnalysis/analyses/06_annotation_prokka/bin_3/prokka_3.faa
[14:49:42] /home/joen8526/GenomeAnalysis/analyses/06_annotation_prokka/bin_3/prokka_3.ffn
[14:49:42] /home/joen8526/GenomeAnalysis/analyses/06_annotation_prokka/bin_3/prokka_3.tbl
[14:49:42] /home/joen8526/GenomeAnalysis/analyses/06_annotation_prokka/bin_3/prokka_3.fsa
[14:49:42] /home/joen8526/GenomeAnalysis/analyses/06_annotation_prokka/bin_3/prokka_3.tsv
[14:49:42] /home/joen8526/GenomeAnalysis/analyses/06_annotation_prokka/bin_3/prokka_3.txt
[14:49:42] /home/joen8526/GenomeAnalysis/analyses/06_annotation_prokka/bin_3/prokka_3.gbk
[14:49:42] /home/joen8526/GenomeAnalysis/analyses/06_annotation_prokka/bin_3/prokka_3.sqn
[14:49:42] /home/joen8526/GenomeAnalysis/analyses/06_annotation_prokka/bin_3/prokka_3.err
[14:49:42] Annotation finished successfully.
[14:49:42] Walltime used: 2.25 minutes
[14:49:42] If you use this result please cite the Prokka paper:
[14:49:42] Seemann T (2014) Prokka: rapid prokaryotic genome annotation. Bioinformatics. 30(14):2068-9.
[14:49:42] Type 'prokka --citation' for more details.
[14:49:42] Share and enjoy!
