/sw/bioinfo/quast/4.5.4/rackham/bin/metaquast.py /home/joen8526/GenomeAnalysis/data/assembled_genome_data/Site_D1/final.contigs.fa -o /home/joen8526/GenomeAnalysis/analyses/03_assembly_evaluation/Site_D1 -t 2 -1 /home/joen8526/GenomeAnalysis/data/raw_data/DNA_trimmed/SRR4342129_1.paired.trimmed.fastq.gz -2 /home/joen8526/GenomeAnalysis/data/raw_data/DNA_trimmed/SRR4342129_2.paired.trimmed.fastq.gz

Version: 4.5.4

System information:
  OS: Linux-3.10.0-1062.18.1.el7.x86_64-x86_64-with-centos-7.7.1908-Core (linux_64)
  Python version: 2.7.6
  CPUs number: 20

Started: 2020-04-16 11:06:18

Logging to /home/joen8526/GenomeAnalysis/analyses/03_assembly_evaluation/Site_D1/metaquast.log

Contigs:
  Pre-processing...
  /home/joen8526/GenomeAnalysis/data/assembled_genome_data/Site_D1/final.contigs.fa ==> final.contigs

No references are provided, starting to search for reference genomes in SILVA 16S rRNA database and to download them from NCBI...

2020-04-16 11:06:22
NOTICE: Permission denied accessing /sw/bioinfo/quast/4.5.4/rackham/lib/python2.7/site-packages/quast_libs/blast. BLAST will be downloaded to home directory /home/joen8526/.quast
Downloading makeblastdb...
 0.0% of 27429520 bytes  1.0% of 27429520 bytes  2.0% of 27429520 bytes  3.0% of 27429520 bytes  4.0% of 27429520 bytes  5.0% of 27429520 bytes  6.0% of 27429520 bytes  7.0% of 27429520 bytes  8.0% of 27429520 bytes  9.0% of 27429520 bytes  10.0% of 27429520 bytes  11.0% of 27429520 bytes  12.0% of 27429520 bytes  13.0% of 27429520 bytes  14.0% of 27429520 bytes  15.0% of 27429520 bytes  16.0% of 27429520 bytes  17.0% of 27429520 bytes  18.0% of 27429520 bytes  19.0% of 27429520 bytes  20.0% of 27429520 bytes  21.0% of 27429520 bytes  22.0% of 27429520 bytes  23.0% of 27429520 bytes  24.0% of 27429520 bytes  25.0% of 27429520 bytes  26.0% of 27429520 bytes  27.0% of 27429520 bytes  28.0% of 27429520 bytes  29.0% of 27429520 bytes  30.0% of 27429520 bytes  31.0% of 27429520 bytes  32.0% of 27429520 bytes  33.0% of 27429520 bytes  34.0% of 27429520 bytes  35.0% of 27429520 bytes  36.0% of 27429520 bytes  37.0% of 27429520 bytes  38.0% of 27429520 bytes  39.0% of 27429520 bytes  40.0% of 27429520 bytes  41.0% of 27429520 bytes  42.0% of 27429520 bytes  43.0% of 27429520 bytes  44.0% of 27429520 bytes  45.0% of 27429520 bytes  46.0% of 27429520 bytes  47.0% of 27429520 bytes  48.0% of 27429520 bytes  49.0% of 27429520 bytes  50.0% of 27429520 bytes  51.0% of 27429520 bytes  52.0% of 27429520 bytes  53.0% of 27429520 bytes  54.0% of 27429520 bytes  55.0% of 27429520 bytes  56.0% of 27429520 bytes  57.0% of 27429520 bytes  58.0% of 27429520 bytes  59.0% of 27429520 bytes  60.0% of 27429520 bytes  61.0% of 27429520 bytes  62.0% of 27429520 bytes  63.0% of 27429520 bytes  64.0% of 27429520 bytes  65.0% of 27429520 bytes  66.0% of 27429520 bytes  67.0% of 27429520 bytes  68.0% of 27429520 bytes  68.0% of 27429520 bytes  69.0% of 27429520 bytes  70.0% of 27429520 bytes  71.0% of 27429520 bytes  72.0% of 27429520 bytes  73.0% of 27429520 bytes  74.0% of 27429520 bytes  75.0% of 27429520 bytes  76.0% of 27429520 bytes  77.0% of 27429520 bytes  78.0% of 27429520 bytes  79.0% of 27429520 bytes  80.0% of 27429520 bytes  81.0% of 27429520 bytes  82.0% of 27429520 bytes  83.0% of 27429520 bytes  84.0% of 27429520 bytes  85.0% of 27429520 bytes  86.0% of 27429520 bytes  87.0% of 27429520 bytes  88.0% of 27429520 bytes  89.0% of 27429520 bytes  90.0% of 27429520 bytes  91.0% of 27429520 bytes  92.0% of 27429520 bytes  93.0% of 27429520 bytes  94.0% of 27429520 bytes  95.0% of 27429520 bytes  96.0% of 27429520 bytes  97.0% of 27429520 bytes  98.0% of 27429520 bytes  99.0% of 27429520 bytesmakeblastdb successfully downloaded!

Downloading blastn...
 0.0% of 39777200 bytes  1.0% of 39777200 bytes  2.0% of 39777200 bytes  3.0% of 39777200 bytes  4.0% of 39777200 bytes  5.0% of 39777200 bytes  6.0% of 39777200 bytes  7.0% of 39777200 bytes  8.0% of 39777200 bytes  9.0% of 39777200 bytes  10.0% of 39777200 bytes  11.0% of 39777200 bytes  12.0% of 39777200 bytes  13.0% of 39777200 bytes  14.0% of 39777200 bytes  15.0% of 39777200 bytes  16.0% of 39777200 bytes  17.0% of 39777200 bytes  18.0% of 39777200 bytes  19.0% of 39777200 bytes  20.0% of 39777200 bytes  21.0% of 39777200 bytes  22.0% of 39777200 bytes  23.0% of 39777200 bytes  24.0% of 39777200 bytes  25.0% of 39777200 bytes  26.0% of 39777200 bytes  27.0% of 39777200 bytes  28.0% of 39777200 bytes  29.0% of 39777200 bytes  30.0% of 39777200 bytes  31.0% of 39777200 bytes  32.0% of 39777200 bytes  33.0% of 39777200 bytes  34.0% of 39777200 bytes  35.0% of 39777200 bytes  36.0% of 39777200 bytes  37.0% of 39777200 bytes  38.0% of 39777200 bytes  39.0% of 39777200 bytes  40.0% of 39777200 bytes  41.0% of 39777200 bytes  42.0% of 39777200 bytes  43.0% of 39777200 bytes  44.0% of 39777200 bytes  45.0% of 39777200 bytes  46.0% of 39777200 bytes  47.0% of 39777200 bytes  48.0% of 39777200 bytes  49.0% of 39777200 bytes  50.0% of 39777200 bytes  51.0% of 39777200 bytes  52.0% of 39777200 bytes  53.0% of 39777200 bytes  54.0% of 39777200 bytes  55.0% of 39777200 bytes  56.0% of 39777200 bytes  57.0% of 39777200 bytes  58.0% of 39777200 bytes  59.0% of 39777200 bytes  60.0% of 39777200 bytes  61.0% of 39777200 bytes  62.0% of 39777200 bytes  63.0% of 39777200 bytes  64.0% of 39777200 bytes  65.0% of 39777200 bytes  66.0% of 39777200 bytes  67.0% of 39777200 bytes  68.0% of 39777200 bytes  69.0% of 39777200 bytes  70.0% of 39777200 bytes  71.0% of 39777200 bytes  72.0% of 39777200 bytes  73.0% of 39777200 bytes  74.0% of 39777200 bytes  75.0% of 39777200 bytes  76.0% of 39777200 bytes  77.0% of 39777200 bytes  78.0% of 39777200 bytes  79.0% of 39777200 bytes  80.0% of 39777200 bytes  81.0% of 39777200 bytes  82.0% of 39777200 bytes  83.0% of 39777200 bytes  84.0% of 39777200 bytes  85.0% of 39777200 bytes  86.0% of 39777200 bytes  86.0% of 39777200 bytes  87.0% of 39777200 bytes  88.0% of 39777200 bytes  89.0% of 39777200 bytes  90.0% of 39777200 bytes  91.0% of 39777200 bytes  92.0% of 39777200 bytes  93.0% of 39777200 bytes  94.0% of 39777200 bytes  95.0% of 39777200 bytes  96.0% of 39777200 bytes  97.0% of 39777200 bytes  98.0% of 39777200 bytes  99.0% of 39777200 bytesblastn successfully downloaded!

NOTICE: Permission denied accessing /sw/bioinfo/quast/4.5.4/rackham/lib/python2.7/site-packages/quast_libs/silva. Silva will be downloaded to home directory /home/joen8526/.quast

Downloading SILVA 16S ribosomal RNA gene database...
 0.0% of 177015356 bytes  1.0% of 177015356 bytes  2.0% of 177015356 bytes  3.0% of 177015356 bytes  4.0% of 177015356 bytes  5.0% of 177015356 bytes  6.0% of 177015356 bytes  7.0% of 177015356 bytes  8.0% of 177015356 bytes  9.0% of 177015356 bytes  10.0% of 177015356 bytes  11.0% of 177015356 bytes  12.0% of 177015356 bytes  13.0% of 177015356 bytes  14.0% of 177015356 bytes  15.0% of 177015356 bytes  16.0% of 177015356 bytes  17.0% of 177015356 bytes  18.0% of 177015356 bytes  19.0% of 177015356 bytes  20.0% of 177015356 bytes  21.0% of 177015356 bytes  22.0% of 177015356 bytes  23.0% of 177015356 bytes  24.0% of 177015356 bytes  25.0% of 177015356 bytes  26.0% of 177015356 bytes  27.0% of 177015356 bytes  28.0% of 177015356 bytes  29.0% of 177015356 bytes  30.0% of 177015356 bytes  31.0% of 177015356 bytes  32.0% of 177015356 bytes  33.0% of 177015356 bytes  34.0% of 177015356 bytes  35.0% of 177015356 bytes  36.0% of 177015356 bytes  37.0% of 177015356 bytes  38.0% of 177015356 bytes  39.0% of 177015356 bytes  40.0% of 177015356 bytes  41.0% of 177015356 bytes  42.0% of 177015356 bytes  43.0% of 177015356 bytes  44.0% of 177015356 bytes  45.0% of 177015356 bytes  46.0% of 177015356 bytes  47.0% of 177015356 bytes  48.0% of 177015356 bytes  49.0% of 177015356 bytes  50.0% of 177015356 bytes  51.0% of 177015356 bytes  52.0% of 177015356 bytes  53.0% of 177015356 bytes  54.0% of 177015356 bytes  55.0% of 177015356 bytes  56.0% of 177015356 bytes  57.0% of 177015356 bytes  58.0% of 177015356 bytes  59.0% of 177015356 bytes  60.0% of 177015356 bytes  61.0% of 177015356 bytes  62.0% of 177015356 bytes  63.0% of 177015356 bytes  64.0% of 177015356 bytes  65.0% of 177015356 bytes  66.0% of 177015356 bytes  67.0% of 177015356 bytes  68.0% of 177015356 bytes  69.0% of 177015356 bytes  70.0% of 177015356 bytes  71.0% of 177015356 bytes  72.0% of 177015356 bytes  73.0% of 177015356 bytes  74.0% of 177015356 bytes  75.0% of 177015356 bytes  76.0% of 177015356 bytes  77.0% of 177015356 bytes  78.0% of 177015356 bytes  79.0% of 177015356 bytes  80.0% of 177015356 bytes  81.0% of 177015356 bytes  82.0% of 177015356 bytes  83.0% of 177015356 bytes  84.0% of 177015356 bytes  85.0% of 177015356 bytes  86.0% of 177015356 bytes  87.0% of 177015356 bytes  88.0% of 177015356 bytes  89.0% of 177015356 bytes  90.0% of 177015356 bytes  91.0% of 177015356 bytes  92.0% of 177015356 bytes  93.0% of 177015356 bytes  94.0% of 177015356 bytes  95.0% of 177015356 bytes  96.0% of 177015356 bytes  97.0% of 177015356 bytes  98.0% of 177015356 bytes  99.0% of 177015356 bytesProcessing downloaded file. Logging to /home/joen8526/.quast/silva/blastdb.log...
Unpacking and replacing " " with "_"...
Making BLAST database...
Running BlastN..
  processing final.contigs
  BLAST results for final.contigs are saved to /home/joen8526/GenomeAnalysis/analyses/03_assembly_evaluation/Site_D1/quast_downloaded_references/blast.res_final-contigs...


2020-04-16 11:19:39
Trying to download found references from NCBI. Totally 50 organisms to try.
marine metagenome has too fragmented reference genome! It will not be downloaded.
  marine_metagenome                                        | not found in the NCBI database
  marine_gamma_proteobacterium_HTCC2080                    | successfully downloaded (total 1, 48 more to go)
  Rhodobacteraceae_bacterium_HIMB11                        | successfully downloaded (total 2, 47 more to go)
  Aciditerrimonas_sp._CH22-21                              | not found in the NCBI database
  Synechococcus_sp._WH_7803                                | successfully downloaded (total 3, 45 more to go)
  Algibacter_sp._PAMC_27237                                | not found in the NCBI database
  unidentified_marine_bacterioplankton                     | not found in the NCBI database
  Actinomycetales_bacterium_GP-5                           | not found in the NCBI database
  Devosia_sp._DDB001                                       | not found in the NCBI database
  magnetic_coccus_MP17                                     | not found in the NCBI database
  Aquibacter_zeaxanthinifaciens                            | not found in the NCBI database
  Chromatocurvus_halotolerans                              | successfully downloaded (total 4, 38 more to go)
  Ochrobactrum_grignonense                                 | successfully downloaded (total 5, 37 more to go)
  Acidithiomicrobium_sp._P1                                | not found in the NCBI database
  Blastopirellula_marina                                   | successfully downloaded (total 6, 35 more to go)
  gamma_proteobacterium_SCGC_AB-629-P17                    | successfully downloaded (total 7, 34 more to go)
  Puniceicoccus_vermicola                                  | not found in the NCBI database
  Dehalogenimonas_lykanthroporepellens_BL-DC-9             | successfully downloaded (total 8, 32 more to go)
  Kribbella_sp._ME05-21D                                   | not found in the NCBI database
  Methylohalomonas_lacus                                   | not found in the NCBI database
  Planctomyces_maris_DSM_8797                              | successfully downloaded (total 9, 29 more to go)
  bacterium_WH8-2                                          | not found in the NCBI database
  Gimesia_maris                                            | successfully downloaded (total 10, 27 more to go)
  denitrifying_bacterium_enrichment_culture_clone_NOB_2_C9 | not found in the NCBI database
  Pelobacter_sp._AOP6                                      | not found in the NCBI database
  Syntrophus_aciditrophicus                                | successfully downloaded (total 11, 24 more to go)
  Alteromonas_sp._NJSS33                                   | not found in the NCBI database
  Shewanella_amazonensis_SB2B                              | successfully downloaded (total 12, 22 more to go)
  Shewanella_woodyi_ATCC_51908                             | successfully downloaded (total 13, 21 more to go)
  Ruegeria_sp._enrichment_culture_clone_KSE55-3            | not found in the NCBI database
  iodide-oxidizing_bacterium_C-3                           | not found in the NCBI database
  Uncultured_Pseudospirillum_sp                            | not found in the NCBI database
  endosymbiont_of_Ridgeia_piscesae                         | successfully downloaded (total 14, 17 more to go)
  bacterium_endosymbiont_of_Abyssogena_southwardae         | not found in the NCBI database
  Formosa_algae                                            | successfully downloaded (total 15, 15 more to go)
  Vibrio_sinaloensis                                       | successfully downloaded (total 16, 14 more to go)
  Methylococcaceae_bacterium_ET-HIRO                       | not found in the NCBI database
  Litoribaculum_gwangyangense                              | not found in the NCBI database
  Flavobacterium_subsaxonicum_WB_4.1-42_=_DSM_21790        | successfully downloaded (total 17, 11 more to go)
  marine_bacterium_NAMAF003                                | not found in the NCBI database

ERROR! Cannot established internet connection to download reference genomes! Check internet connection or run MetaQUAST with option "--max-ref-number 0".

In case you have troubles running QUAST, you can write to quast.support@bioinf.spbau.ru
Please provide us with quast.log file from the output directory.
/sw/bioinfo/quast/4.5.4/rackham/bin/metaquast.py /home/joen8526/GenomeAnalysis/data/assembled_genome_data/Site_D3/final.contigs.fa -o /home/joen8526/GenomeAnalysis/analyses/03_assembly_evaluation/Site_D3 -t 2 -1 /home/joen8526/GenomeAnalysis/data/raw_data/DNA_trimmed/SRR4342129_1.paired.trimmed.fastq.gz -2 /home/joen8526/GenomeAnalysis/data/raw_data/DNA_trimmed/SRR4342129_2.paired.trimmed.fastq.gz

Version: 4.5.4

System information:
  OS: Linux-3.10.0-1062.18.1.el7.x86_64-x86_64-with-centos-7.7.1908-Core (linux_64)
  Python version: 2.7.6
  CPUs number: 20

Started: 2020-04-16 11:31:15

Logging to /home/joen8526/GenomeAnalysis/analyses/03_assembly_evaluation/Site_D3/metaquast.log

Contigs:
  Pre-processing...
  /home/joen8526/GenomeAnalysis/data/assembled_genome_data/Site_D3/final.contigs.fa ==> final.contigs

No references are provided, starting to search for reference genomes in SILVA 16S rRNA database and to download them from NCBI...

2020-04-16 11:31:17


Running BlastN..
  processing final.contigs
  BLAST results for final.contigs are saved to /home/joen8526/GenomeAnalysis/analyses/03_assembly_evaluation/Site_D3/quast_downloaded_references/blast.res_final-contigs...


2020-04-16 11:43:16
Trying to download found references from NCBI. Totally 50 organisms to try.
marine metagenome has too fragmented reference genome! It will not be downloaded.
  marine_metagenome                                | not found in the NCBI database
  Marivita_cryptomonadis                           | successfully downloaded (total 1, 48 more to go)
  Aquimarina_sp._22II-S11-z7                       | successfully downloaded (total 2, 47 more to go)
  unidentified_marine_bacterioplankton             | not found in the NCBI database
  Polaribacter_sp._MED152                          | successfully downloaded (total 3, 45 more to go)
  Devosia_sp._DDB001                               | not found in the NCBI database
  Porticoccus_hydrocarbonoclasticus_MCTG13d        | successfully downloaded (total 4, 43 more to go)
  Synechococcus_sp._Max42                          | not found in the NCBI database
  magnetic_coccus_MP17                             | not found in the NCBI database
  Ilumatobacter_nonamiensis_YM16-303               | successfully downloaded (total 5, 40 more to go)
  Formosa_sp._LMG_28520                            | successfully downloaded (total 6, 39 more to go)
  Magnetococcus_marinus_MC-1                       | successfully downloaded (total 7, 38 more to go)
  Thioalkalivibrio_sp._BB57                        | not found in the NCBI database
  Acidithiomicrobium_sp._P1                        | not found in the NCBI database
  Luminiphilus_syltensis_NOR5-1B                   | successfully downloaded (total 8, 35 more to go)
Pseudomonas mosselii SJ10 has too fragmented reference genome! It will not be downloaded.
  Pseudomonas_mosselii_SJ10                        | not found in the NCBI database
  Pelobacter_sp._AOP6                              | not found in the NCBI database
  Geobacter_pickeringii                            | successfully downloaded (total 9, 32 more to go)
  Nitrospina_sp._SCGC_AAA288-L16                   | successfully downloaded (total 10, 31 more to go)
  Leisingera_caerulea_DSM_24564                    | successfully downloaded (total 11, 30 more to go)
  Gaiella_sp._EBR4-R2                              | not found in the NCBI database
  Ilumatobacter_fluminis                           | successfully downloaded (total 12, 28 more to go)
  Ilumatobacter_coccineus_YM16-304                 | successfully downloaded (total 13, 27 more to go)
Rhodopirellula maiorica SM1 has too fragmented reference genome! It will not be downloaded.
  Rhodopirellula_maiorica_SM1                      | not found in the NCBI database
  cyanobacterium_5X15                              | not found in the NCBI database
  Syntrophus_aciditrophicus                        | successfully downloaded (total 14, 24 more to go)
  gamma_proteobacterium_SCGC_AB-629-P17            | successfully downloaded (total 15, 23 more to go)
  Fluviicola_taffensis_DSM_16823                   | successfully downloaded (total 16, 22 more to go)
  marine_gamma_proteobacterium_HTCC2080            | successfully downloaded (total 17, 21 more to go)
  Bacillus_thuringiensis_BMB171                    | successfully downloaded (total 18, 20 more to go)
  bacterium_enrichment_culture_clone_AOM-SR-B3     | not found in the NCBI database
  Roseovarius_sp._A-2                              | successfully downloaded (total 19, 18 more to go)
  Planctomycete_enrichment_culture_clone_15558     | not found in the NCBI database
  Tenacibaculum_sp._KYW_576                        | not found in the NCBI database
  Shewanella_amazonensis_SB2B                      | successfully downloaded (total 20, 15 more to go)
  Dehalogenimonas_sp._enrichment_culture_clone_CG3 | not found in the NCBI database
  Parvibaculum_hydrocarboniclasticum               | not found in the NCBI database
  Bacillus_sp._YM-1                                | not found in the NCBI database
  Kribbella_sp._ME05-21D                           | not found in the NCBI database
  Cryomorphaceae_bacterium_JNU-L074                | not found in the NCBI database
  Nitrospina_gracilis_3                            | not found in the NCBI database
  Aciditerrimonas_sp._CH22-21                      | not found in the NCBI database
  Vesicomya_sp._mt-II_symbiont                     | not found in the NCBI database
  actinobacterium_GP-6                             | not found in the NCBI database
  bacterium_WH3-1                                  | not found in the NCBI database
  Legionella_sp._L-29                              | not found in the NCBI database
  unidentified_eubacterium_LD29                    | not found in the NCBI database
  Methylobacter_sp._XLMV4                          | successfully downloaded (total 21, 2 more to go)
  Desulfuromonas_acetoxidans_DSM_684               | successfully downloaded (total 22, 1 more to go)
  Spongiibacter_tropicus_DSM_19543                 | successfully downloaded (total 23, 0 more to go)

Downloaded reference(s):
  /home/joen8526/GenomeAnalysis/analyses/03_assembly_evaluation/Site_D3/quast_downloaded_references/Aquimarina_sp._22II-S11-z7.fasta ==> Aquimarina_sp._22II-S11-z7
  /home/joen8526/GenomeAnalysis/analyses/03_assembly_evaluation/Site_D3/quast_downloaded_references/Bacillus_thuringiensis_BMB171.fasta ==> Bacillus_thuringiensis_BMB171
  /home/joen8526/GenomeAnalysis/analyses/03_assembly_evaluation/Site_D3/quast_downloaded_references/Desulfuromonas_acetoxidans_DSM_684.fasta ==> Desulfuromonas_acetoxidans_DSM_684
  /home/joen8526/GenomeAnalysis/analyses/03_assembly_evaluation/Site_D3/quast_downloaded_references/Fluviicola_taffensis_DSM_16823.fasta ==> Fluviicola_taffensis_DSM_16823
  /home/joen8526/GenomeAnalysis/analyses/03_assembly_evaluation/Site_D3/quast_downloaded_references/Formosa_sp._LMG_28520.fasta ==> Formosa_sp._LMG_28520
  /home/joen8526/GenomeAnalysis/analyses/03_assembly_evaluation/Site_D3/quast_downloaded_references/Geobacter_pickeringii.fasta ==> Geobacter_pickeringii
  /home/joen8526/GenomeAnalysis/analyses/03_assembly_evaluation/Site_D3/quast_downloaded_references/Ilumatobacter_coccineus_YM16-304.fasta ==> Ilumatobacter_coccineus_YM16-304
  /home/joen8526/GenomeAnalysis/analyses/03_assembly_evaluation/Site_D3/quast_downloaded_references/Ilumatobacter_fluminis.fasta ==> Ilumatobacter_fluminis
  /home/joen8526/GenomeAnalysis/analyses/03_assembly_evaluation/Site_D3/quast_downloaded_references/Ilumatobacter_nonamiensis_YM16-303.fasta ==> Ilumatobacter_nonamiensis_YM16-303
  /home/joen8526/GenomeAnalysis/analyses/03_assembly_evaluation/Site_D3/quast_downloaded_references/Leisingera_caerulea_DSM_24564.fasta ==> Leisingera_caerulea_DSM_24564
  /home/joen8526/GenomeAnalysis/analyses/03_assembly_evaluation/Site_D3/quast_downloaded_references/Luminiphilus_syltensis_NOR5-1B.fasta ==> Luminiphilus_syltensis_NOR5-1B
  /home/joen8526/GenomeAnalysis/analyses/03_assembly_evaluation/Site_D3/quast_downloaded_references/Magnetococcus_marinus_MC-1.fasta ==> Magnetococcus_marinus_MC-1
  /home/joen8526/GenomeAnalysis/analyses/03_assembly_evaluation/Site_D3/quast_downloaded_references/Marivita_cryptomonadis.fasta ==> Marivita_cryptomonadis
  /home/joen8526/GenomeAnalysis/analyses/03_assembly_evaluation/Site_D3/quast_downloaded_references/Methylobacter_sp._XLMV4.fasta ==> Methylobacter_sp._XLMV4
  /home/joen8526/GenomeAnalysis/analyses/03_assembly_evaluation/Site_D3/quast_downloaded_references/Nitrospina_sp._SCGC_AAA288-L16.fasta ==> Nitrospina_sp._SCGC_AAA288-L16
  /home/joen8526/GenomeAnalysis/analyses/03_assembly_evaluation/Site_D3/quast_downloaded_references/Polaribacter_sp._MED152.fasta ==> Polaribacter_sp._MED152
  /home/joen8526/GenomeAnalysis/analyses/03_assembly_evaluation/Site_D3/quast_downloaded_references/Porticoccus_hydrocarbonoclasticus_MCTG13d.fasta ==> Porticoccus_hydrocarbonoclasticus_MCTG13d
  /home/joen8526/GenomeAnalysis/analyses/03_assembly_evaluation/Site_D3/quast_downloaded_references/Roseovarius_sp._A-2.fasta ==> Roseovarius_sp._A-2
  /home/joen8526/GenomeAnalysis/analyses/03_assembly_evaluation/Site_D3/quast_downloaded_references/Shewanella_amazonensis_SB2B.fasta ==> Shewanella_amazonensis_SB2B
  /home/joen8526/GenomeAnalysis/analyses/03_assembly_evaluation/Site_D3/quast_downloaded_references/Spongiibacter_tropicus_DSM_19543.fasta ==> Spongiibacter_tropicus_DSM_19543
  /home/joen8526/GenomeAnalysis/analyses/03_assembly_evaluation/Site_D3/quast_downloaded_references/Syntrophus_aciditrophicus.fasta ==> Syntrophus_aciditrophicus
  /home/joen8526/GenomeAnalysis/analyses/03_assembly_evaluation/Site_D3/quast_downloaded_references/gamma_proteobacterium_SCGC_AB-629-P17.fasta ==> gamma_proteobacterium_SCGC_AB-629-P17
  /home/joen8526/GenomeAnalysis/analyses/03_assembly_evaluation/Site_D3/quast_downloaded_references/marine_gamma_proteobacterium_HTCC2080.fasta ==> marine_gamma_proteobacterium_HTCC2080
  All references were combined in combined_reference.fasta

2020-04-16 11:59:32
Running Reads analyzer...
NOTICE: Permission denied accessing /sw/bioinfo/quast/4.5.4/rackham/lib/python2.7/site-packages/quast_libs/manta0.29.6. Manta will be downloaded to home directory /home/joen8526/.quast
  Downloading binary distribution of Manta...
  Manta successfully downloaded!
  Unpacking Manta...
  Done
  Logging to files /home/joen8526/GenomeAnalysis/analyses/03_assembly_evaluation/Site_D3/combined_reference/structural_variations/sv_calling.log and /home/joen8526/GenomeAnalysis/analyses/03_assembly_evaluation/Site_D3/combined_reference/structural_variations/sv_calling.err...
  Pre-processing reads...
  Running BWA...
  Done.
  Sorting SAM-file...
  Calculating reads coverage...
  Calculating physical coverage...
  Splitting SAM-file by references...
  Looking for trivial deletions (long zero-covered fragments)...
  Trivial deletions: 13240 found
    Saving to: /home/joen8526/GenomeAnalysis/analyses/03_assembly_evaluation/Site_D3/combined_reference/structural_variations/temp_output/trivial_deletions.bed
  Searching structural variations with Manta...
    Saving to: /home/joen8526/GenomeAnalysis/analyses/03_assembly_evaluation/Site_D3/combined_reference/structural_variations/temp_output/manta_sv.bed
  Structural variations are in /home/joen8526/GenomeAnalysis/analyses/03_assembly_evaluation/Site_D3/combined_reference/structural_variations/combined_reference.bed
  Coverage distribution along the reference genome is in /home/joen8526/GenomeAnalysis/analyses/03_assembly_evaluation/Site_D3/combined_reference/structural_variations/combined_reference.cov
Done.

Starting quast.py for the combined reference...
/sw/bioinfo/quast/4.5.4/rackham/bin/quast.py -t 2 --sv-bed /home/joen8526/GenomeAnalysis/analyses/03_assembly_evaluation/Site_D3/combined_reference/structural_variations/combined_reference.bed --cov /home/joen8526/GenomeAnalysis/analyses/03_assembly_evaluation/Site_D3/combined_reference/structural_variations/combined_reference.cov --phys-cov /home/joen8526/GenomeAnalysis/analyses/03_assembly_evaluation/Site_D3/combined_reference/structural_variations/combined_reference.physical.cov --combined-ref --colors #E31A1C --ls solid --ambiguity-usage all /home/joen8526/GenomeAnalysis/data/assembled_genome_data/Site_D3/final.contigs.fa -R /home/joen8526/GenomeAnalysis/analyses/03_assembly_evaluation/Site_D3/quast_corrected_input/combined_reference.fasta -o /home/joen8526/GenomeAnalysis/analyses/03_assembly_evaluation/Site_D3/combined_reference --labels final.contigs

Started: 2020-04-16 12:47:46

Logging to /home/joen8526/GenomeAnalysis/analyses/03_assembly_evaluation/Site_D3/combined_reference/quast.log
NOTICE: Output directory already exists. Existing Nucmer alignments can be used

CWD: /domus/h1/joen8526/GenomeAnalysis/code
Main parameters: 
  Threads: 2, minimum contig length: 500, ambiguity: all, threshold for extensive misassembly size: 1000

Reference:
  /home/joen8526/GenomeAnalysis/analyses/03_assembly_evaluation/Site_D3/quast_corrected_input/combined_reference.fasta ==> combined_reference

Contigs:
  Pre-processing...
  /home/joen8526/GenomeAnalysis/data/assembled_genome_data/Site_D3/final.contigs.fa ==> final.contigs

2020-04-16 12:47:53
Running Basic statistics processor...
  Reference genome:
    combined_reference.fasta, length = 93795223, num fragments = 1312, GC % = 51.58
WARNING:   Reference genome is fragmented. You may consider rerunning QUAST using --fragmented option. QUAST will try to detect misassemblies caused by the fragmentation and mark them fake (will be excluded from # misassemblies).
  Contig files: 
    final.contigs
  Calculating N50 and L50...
    final.contigs, N50 = 1730, L50 = 13029, Total length = 113373161, GC % = 48.31, # N's per 100 kbp =  0.00
  Drawing Nx plot...
    saved to /home/joen8526/GenomeAnalysis/analyses/03_assembly_evaluation/Site_D3/combined_reference/basic_stats/Nx_plot.pdf
  Drawing cumulative plot...
    saved to /home/joen8526/GenomeAnalysis/analyses/03_assembly_evaluation/Site_D3/combined_reference/basic_stats/cumulative_plot.pdf
  Drawing GC content plot...
    saved to /home/joen8526/GenomeAnalysis/analyses/03_assembly_evaluation/Site_D3/combined_reference/basic_stats/GC_content_plot.pdf
  Drawing final.contigs GC content plot...
    saved to /home/joen8526/GenomeAnalysis/analyses/03_assembly_evaluation/Site_D3/combined_reference/basic_stats/final.contigs_GC_content_plot.pdf
Done.

2020-04-16 12:48:09
Running Contig analyzer...
  final.contigs
  Logging to files /home/joen8526/GenomeAnalysis/analyses/03_assembly_evaluation/Site_D3/combined_reference/contigs_reports/contigs_report_final-contigs.stdout and contigs_report_final-contigs.stderr...
  Aligning contigs to the reference
  MUMmer plot saved to /home/joen8526/GenomeAnalysis/analyses/03_assembly_evaluation/Site_D3/combined_reference/contigs_reports/nucmer_output/final-contigs_mummerplot.html
  Analysis is finished.
  Gzipping /home/joen8526/GenomeAnalysis/analyses/03_assembly_evaluation/Site_D3/combined_reference/contigs_reports/nucmer_output/raw/final-contigs.all_snps to reduce disk space usage...
    saved to /home/joen8526/GenomeAnalysis/analyses/03_assembly_evaluation/Site_D3/combined_reference/contigs_reports/nucmer_output/raw/final-contigs.all_snps.gz
  Information about interspecies translocations by references for final-contigs is saved to /home/joen8526/GenomeAnalysis/analyses/03_assembly_evaluation/Site_D3/combined_reference/contigs_reports/interspecies_translocations_by_refs_final-contigs.info
  Drawing Intergenomic misassemblies (found and supposed) metaQUAST summary plot...
    saved to /home/joen8526/GenomeAnalysis/analyses/03_assembly_evaluation/Site_D3/combined_reference/contigs_reports/intergenomic_misassemblies.pdf
  Creating total report...
    saved to /home/joen8526/GenomeAnalysis/analyses/03_assembly_evaluation/Site_D3/combined_reference/contigs_reports/misassemblies_report.txt, misassemblies_report.tsv, and misassemblies_report.tex
  Transposed version of total report...
    saved to /home/joen8526/GenomeAnalysis/analyses/03_assembly_evaluation/Site_D3/combined_reference/contigs_reports/transposed_report_misassemblies.txt, transposed_report_misassemblies.tsv, and transposed_report_misassemblies.tex
  Creating total report...
    saved to /home/joen8526/GenomeAnalysis/analyses/03_assembly_evaluation/Site_D3/combined_reference/contigs_reports/unaligned_report.txt, unaligned_report.tsv, and unaligned_report.tex
  Drawing misassemblies by types plot...
    saved to /home/joen8526/GenomeAnalysis/analyses/03_assembly_evaluation/Site_D3/combined_reference/contigs_reports/misassemblies_plot.pdf
  Drawing misassemblies FRCurve plot...
    saved to /home/joen8526/GenomeAnalysis/analyses/03_assembly_evaluation/Site_D3/combined_reference/contigs_reports/misassemblies_frcurve_plot.pdf
Done.

2020-04-16 12:49:15
Running NA-NGA calculation...
  final.contigs, Largest alignment = 1387, NA50 = None, LA50 = None
  Drawing cumulative plot...
    saved to /home/joen8526/GenomeAnalysis/analyses/03_assembly_evaluation/Site_D3/combined_reference/aligned_stats/cumulative_plot.pdf
  Drawing NAx plot...
    saved to /home/joen8526/GenomeAnalysis/analyses/03_assembly_evaluation/Site_D3/combined_reference/aligned_stats/NAx_plot.pdf
Done.

2020-04-16 12:49:20
Running Genome analyzer...
  NOTICE: No file with genes provided. Use the -G option if you want to specify it.
  NOTICE: No file with operons provided. Use the -O option if you want to specify it.
  final.contigs
  Analysis is finished.
  Skipping drawing Genome fraction, % histogram... (less than 2 columns histogram makes no sense)
Done.

NOTICE: Genes are not predicted by default. Use --gene-finding option to enable it.

2020-04-16 12:49:36
Creating large visual summaries...
This may take a while: press Ctrl-C to skip this step..
  1 of 2: Creating Icarus viewers...
  2 of 2: Creating PDF with all tables and plots...
Done

2020-04-16 12:52:59
RESULTS:
  Text versions of total report are saved to /home/joen8526/GenomeAnalysis/analyses/03_assembly_evaluation/Site_D3/combined_reference/report.txt, report.tsv, and report.tex
  Text versions of transposed total report are saved to /home/joen8526/GenomeAnalysis/analyses/03_assembly_evaluation/Site_D3/combined_reference/transposed_report.txt, transposed_report.tsv, and transposed_report.tex
  HTML version (interactive tables and plots) saved to /home/joen8526/GenomeAnalysis/analyses/03_assembly_evaluation/Site_D3/combined_reference/report.html
  PDF version (tables and plots) is saved to /home/joen8526/GenomeAnalysis/analyses/03_assembly_evaluation/Site_D3/combined_reference/report.pdf
  Icarus (contig browser) is saved to /home/joen8526/GenomeAnalysis/analyses/03_assembly_evaluation/Site_D3/combined_reference/icarus.html

Excluding downloaded references with low genome fraction from further analysis..
All downloaded references have low genome fraction. Nothing was excluded for now.

Partitioning contigs into bins aligned to each reference..
  processing final.contigs

Run QUAST on different references in parallel..

Starting quast.py for the contigs aligned to Aquimarina_sp._22II-S11-z7... (logging to /home/joen8526/GenomeAnalysis/analyses/03_assembly_evaluation/Site_D3/runs_per_reference/Aquimarina_sp._22II-S11-z7/quast.log)

No contigs were aligned to the reference Bacillus_thuringiensis_BMB171, skipping..

Starting quast.py for the contigs aligned to Desulfuromonas_acetoxidans_DSM_684... (logging to /home/joen8526/GenomeAnalysis/analyses/03_assembly_evaluation/Site_D3/runs_per_reference/Desulfuromonas_acetoxidans_DSM_684/quast.log)

Starting quast.py for the contigs aligned to Fluviicola_taffensis_DSM_16823... (logging to /home/joen8526/GenomeAnalysis/analyses/03_assembly_evaluation/Site_D3/runs_per_reference/Fluviicola_taffensis_DSM_16823/quast.log)

Starting quast.py for the contigs aligned to Formosa_sp._LMG_28520... (logging to /home/joen8526/GenomeAnalysis/analyses/03_assembly_evaluation/Site_D3/runs_per_reference/Formosa_sp._LMG_28520/quast.log)

Starting quast.py for the contigs aligned to Geobacter_pickeringii... (logging to /home/joen8526/GenomeAnalysis/analyses/03_assembly_evaluation/Site_D3/runs_per_reference/Geobacter_pickeringii/quast.log)

Starting quast.py for the contigs aligned to Ilumatobacter_coccineus_YM16-304... (logging to /home/joen8526/GenomeAnalysis/analyses/03_assembly_evaluation/Site_D3/runs_per_reference/Ilumatobacter_coccineus_YM16-304/quast.log)

Starting quast.py for the contigs aligned to Ilumatobacter_fluminis... (logging to /home/joen8526/GenomeAnalysis/analyses/03_assembly_evaluation/Site_D3/runs_per_reference/Ilumatobacter_fluminis/quast.log)

Starting quast.py for the contigs aligned to Ilumatobacter_nonamiensis_YM16-303... (logging to /home/joen8526/GenomeAnalysis/analyses/03_assembly_evaluation/Site_D3/runs_per_reference/Ilumatobacter_nonamiensis_YM16-303/quast.log)

Starting quast.py for the contigs aligned to Leisingera_caerulea_DSM_24564... (logging to /home/joen8526/GenomeAnalysis/analyses/03_assembly_evaluation/Site_D3/runs_per_reference/Leisingera_caerulea_DSM_24564/quast.log)

Starting quast.py for the contigs aligned to Luminiphilus_syltensis_NOR5-1B... (logging to /home/joen8526/GenomeAnalysis/analyses/03_assembly_evaluation/Site_D3/runs_per_reference/Luminiphilus_syltensis_NOR5-1B/quast.log)

No contigs were aligned to the reference Magnetococcus_marinus_MC-1, skipping..

Starting quast.py for the contigs aligned to Marivita_cryptomonadis... (logging to /home/joen8526/GenomeAnalysis/analyses/03_assembly_evaluation/Site_D3/runs_per_reference/Marivita_cryptomonadis/quast.log)

Starting quast.py for the contigs aligned to Methylobacter_sp._XLMV4... (logging to /home/joen8526/GenomeAnalysis/analyses/03_assembly_evaluation/Site_D3/runs_per_reference/Methylobacter_sp._XLMV4/quast.log)

Starting quast.py for the contigs aligned to Nitrospina_sp._SCGC_AAA288-L16... (logging to /home/joen8526/GenomeAnalysis/analyses/03_assembly_evaluation/Site_D3/runs_per_reference/Nitrospina_sp._SCGC_AAA288-L16/quast.log)

Starting quast.py for the contigs aligned to Polaribacter_sp._MED152... (logging to /home/joen8526/GenomeAnalysis/analyses/03_assembly_evaluation/Site_D3/runs_per_reference/Polaribacter_sp._MED152/quast.log)

Starting quast.py for the contigs aligned to Porticoccus_hydrocarbonoclasticus_MCTG13d... (logging to /home/joen8526/GenomeAnalysis/analyses/03_assembly_evaluation/Site_D3/runs_per_reference/Porticoccus_hydrocarbonoclasticus_MCTG13d/quast.log)

Starting quast.py for the contigs aligned to Roseovarius_sp._A-2... (logging to /home/joen8526/GenomeAnalysis/analyses/03_assembly_evaluation/Site_D3/runs_per_reference/Roseovarius_sp._A-2/quast.log)

Starting quast.py for the contigs aligned to Shewanella_amazonensis_SB2B... (logging to /home/joen8526/GenomeAnalysis/analyses/03_assembly_evaluation/Site_D3/runs_per_reference/Shewanella_amazonensis_SB2B/quast.log)

Starting quast.py for the contigs aligned to Spongiibacter_tropicus_DSM_19543... (logging to /home/joen8526/GenomeAnalysis/analyses/03_assembly_evaluation/Site_D3/runs_per_reference/Spongiibacter_tropicus_DSM_19543/quast.log)

No contigs were aligned to the reference Syntrophus_aciditrophicus, skipping..

Starting quast.py for the contigs aligned to gamma_proteobacterium_SCGC_AB-629-P17... (logging to /home/joen8526/GenomeAnalysis/analyses/03_assembly_evaluation/Site_D3/runs_per_reference/gamma_proteobacterium_SCGC_AB-629-P17/quast.log)

Starting quast.py for the contigs aligned to marine_gamma_proteobacterium_HTCC2080... (logging to /home/joen8526/GenomeAnalysis/analyses/03_assembly_evaluation/Site_D3/runs_per_reference/marine_gamma_proteobacterium_HTCC2080/quast.log)

Starting quast.py for the contigs not aligned anywhere... (logging to /home/joen8526/GenomeAnalysis/analyses/03_assembly_evaluation/Site_D3/not_aligned/quast.log)
/sw/bioinfo/quast/4.5.4/rackham/bin/quast.py --sv-bed /home/joen8526/GenomeAnalysis/analyses/03_assembly_evaluation/Site_D3/combined_reference/structural_variations/combined_reference.bed --cov /home/joen8526/GenomeAnalysis/analyses/03_assembly_evaluation/Site_D3/combined_reference/structural_variations/combined_reference.cov --phys-cov /home/joen8526/GenomeAnalysis/analyses/03_assembly_evaluation/Site_D3/combined_reference/structural_variations/combined_reference.physical.cov --colors #E31A1C --ls solid --no-check-meta --contig-thresholds 1000,5000,10000,25000,50000 /home/joen8526/GenomeAnalysis/analyses/03_assembly_evaluation/Site_D3/quast_corrected_input/final-contigs_not_aligned_anywhere.fasta -o /home/joen8526/GenomeAnalysis/analyses/03_assembly_evaluation/Site_D3/not_aligned --labels final.contigs

Started: 2020-04-16 13:04:50

Logging to /home/joen8526/GenomeAnalysis/analyses/03_assembly_evaluation/Site_D3/not_aligned/quast.log
NOTICE: Maximum number of threads is set to 5 (use --threads option to set it manually)

CWD: /domus/h1/joen8526/GenomeAnalysis/code
Main parameters: 
  Threads: 5, minimum contig length: 500, ambiguity: one, threshold for extensive misassembly size: 1000

Contigs:
  Pre-processing...
  /home/joen8526/GenomeAnalysis/analyses/03_assembly_evaluation/Site_D3/quast_corrected_input/final-contigs_not_aligned_anywhere.fasta ==> final.contigs

2020-04-16 13:04:51
Running Basic statistics processor...
  Contig files: 
    final.contigs
  Calculating N50 and L50...
    final.contigs, N50 = 1728, L50 = 13023, Total length = 113127813, GC % = 48.30, # N's per 100 kbp =  0.00
  Drawing Nx plot...
    saved to /home/joen8526/GenomeAnalysis/analyses/03_assembly_evaluation/Site_D3/not_aligned/basic_stats/Nx_plot.pdf
  Drawing cumulative plot...
    saved to /home/joen8526/GenomeAnalysis/analyses/03_assembly_evaluation/Site_D3/not_aligned/basic_stats/cumulative_plot.pdf
  Drawing GC content plot...
    saved to /home/joen8526/GenomeAnalysis/analyses/03_assembly_evaluation/Site_D3/not_aligned/basic_stats/GC_content_plot.pdf
  Drawing final.contigs GC content plot...
    saved to /home/joen8526/GenomeAnalysis/analyses/03_assembly_evaluation/Site_D3/not_aligned/basic_stats/final.contigs_GC_content_plot.pdf
Done.

NOTICE: Genes are not predicted by default. Use --gene-finding option to enable it.

2020-04-16 13:04:59
Creating large visual summaries...
This may take a while: press Ctrl-C to skip this step..
  1 of 2: Creating Icarus viewers...
  2 of 2: Creating PDF with all tables and plots...
Done

2020-04-16 13:05:13
RESULTS:
  Text versions of total report are saved to /home/joen8526/GenomeAnalysis/analyses/03_assembly_evaluation/Site_D3/not_aligned/report.txt, report.tsv, and report.tex
  Text versions of transposed total report are saved to /home/joen8526/GenomeAnalysis/analyses/03_assembly_evaluation/Site_D3/not_aligned/transposed_report.txt, transposed_report.tsv, and transposed_report.tex
  HTML version (interactive tables and plots) saved to /home/joen8526/GenomeAnalysis/analyses/03_assembly_evaluation/Site_D3/not_aligned/report.html
  PDF version (tables and plots) is saved to /home/joen8526/GenomeAnalysis/analyses/03_assembly_evaluation/Site_D3/not_aligned/report.pdf
  Icarus (contig browser) is saved to /home/joen8526/GenomeAnalysis/analyses/03_assembly_evaluation/Site_D3/not_aligned/icarus.html

2020-04-16 13:05:13
Summarizing results...
  Drawing # contigs metaQUAST summary plot...
    saved to /home/joen8526/GenomeAnalysis/analyses/03_assembly_evaluation/Site_D3/summary/PDF/#_contigs.pdf
  Drawing Largest contig metaQUAST summary plot...
    saved to /home/joen8526/GenomeAnalysis/analyses/03_assembly_evaluation/Site_D3/summary/PDF/Largest_contig.pdf
  Drawing Total length metaQUAST summary plot...
    saved to /home/joen8526/GenomeAnalysis/analyses/03_assembly_evaluation/Site_D3/summary/PDF/Total_length.pdf
  Drawing Largest alignment metaQUAST summary plot...
    saved to /home/joen8526/GenomeAnalysis/analyses/03_assembly_evaluation/Site_D3/summary/PDF/Largest_alignment.pdf
  Drawing Total aligned length metaQUAST summary plot...
    saved to /home/joen8526/GenomeAnalysis/analyses/03_assembly_evaluation/Site_D3/summary/PDF/Total_aligned_length.pdf
  Drawing Total length (>= 1000 bp) metaQUAST summary plot...
    saved to /home/joen8526/GenomeAnalysis/analyses/03_assembly_evaluation/Site_D3/summary/PDF/Total_length_(>=_1000_bp).pdf
  Drawing Total length (>= 10000 bp) metaQUAST summary plot...
    saved to /home/joen8526/GenomeAnalysis/analyses/03_assembly_evaluation/Site_D3/summary/PDF/Total_length_(>=_10000_bp).pdf
  Drawing Total length (>= 50000 bp) metaQUAST summary plot...
    saved to /home/joen8526/GenomeAnalysis/analyses/03_assembly_evaluation/Site_D3/summary/PDF/Total_length_(>=_50000_bp).pdf
  Drawing # misassemblies metaQUAST summary plot...
    saved to /home/joen8526/GenomeAnalysis/analyses/03_assembly_evaluation/Site_D3/summary/PDF/#_misassemblies.pdf
  Drawing metaQUAST summary misassemblies plot for final.contigs...
    saved to /home/joen8526/GenomeAnalysis/analyses/03_assembly_evaluation/Site_D3/summary/PDF/final-contigs_misassemblies.pdf
  Drawing Misassembled contigs length metaQUAST summary plot...
    saved to /home/joen8526/GenomeAnalysis/analyses/03_assembly_evaluation/Site_D3/summary/PDF/Misassembled_contigs_length.pdf
  Drawing # mismatches per 100 kbp metaQUAST summary plot...
    saved to /home/joen8526/GenomeAnalysis/analyses/03_assembly_evaluation/Site_D3/summary/PDF/#_mismatches_per_100_kbp.pdf
  Drawing # indels per 100 kbp metaQUAST summary plot...
    saved to /home/joen8526/GenomeAnalysis/analyses/03_assembly_evaluation/Site_D3/summary/PDF/#_indels_per_100_kbp.pdf
  Drawing # N's per 100 kbp metaQUAST summary plot...
    saved to /home/joen8526/GenomeAnalysis/analyses/03_assembly_evaluation/Site_D3/summary/PDF/#_N's_per_100_kbp.pdf
  Drawing Genome fraction (%) metaQUAST summary plot...
    saved to /home/joen8526/GenomeAnalysis/analyses/03_assembly_evaluation/Site_D3/summary/PDF/Genome_fraction_(%).pdf
  Drawing Duplication ratio metaQUAST summary plot...
    saved to /home/joen8526/GenomeAnalysis/analyses/03_assembly_evaluation/Site_D3/summary/PDF/Duplication_ratio.pdf
  Drawing Avg contig read support metaQUAST summary plot...
    saved to /home/joen8526/GenomeAnalysis/analyses/03_assembly_evaluation/Site_D3/summary/PDF/Avg_contig_read_support.pdf
  Drawing # genes metaQUAST summary plot...
    saved to /home/joen8526/GenomeAnalysis/analyses/03_assembly_evaluation/Site_D3/summary/PDF/#_genes.pdf
  Drawing # operons metaQUAST summary plot...
    saved to /home/joen8526/GenomeAnalysis/analyses/03_assembly_evaluation/Site_D3/summary/PDF/#_operons.pdf
  Drawing NGA50 metaQUAST summary plot...
    saved to /home/joen8526/GenomeAnalysis/analyses/03_assembly_evaluation/Site_D3/summary/PDF/NGA50.pdf
  Drawing LGA50 metaQUAST summary plot...
    saved to /home/joen8526/GenomeAnalysis/analyses/03_assembly_evaluation/Site_D3/summary/PDF/LGA50.pdf
  Drawing # predicted genes (unique) metaQUAST summary plot...
    saved to /home/joen8526/GenomeAnalysis/analyses/03_assembly_evaluation/Site_D3/summary/PDF/#_predicted_genes_(unique).pdf

  Text versions of reports and plots for each metric (for all references and assemblies) are saved to /home/joen8526/GenomeAnalysis/analyses/03_assembly_evaluation/Site_D3/summary/
  Icarus (contig browser) is saved to /home/joen8526/GenomeAnalysis/analyses/03_assembly_evaluation/Site_D3/icarus.html
  Drawing interactive Krona plots...
  Krona chart for final.contigs is saved to /home/joen8526/GenomeAnalysis/analyses/03_assembly_evaluation/Site_D3/krona_charts/final.contigs_taxonomy_chart.html
  Extended version of HTML-report (for all references and assemblies) is saved to /home/joen8526/GenomeAnalysis/analyses/03_assembly_evaluation/Site_D3/report.html

MetaQUAST finished.
  Log saved to /home/joen8526/GenomeAnalysis/analyses/03_assembly_evaluation/Site_D3/metaquast.log

Finished: 2020-04-16 13:05:23
Elapsed time: 1:34:08.620903
Total NOTICEs: 26; WARNINGs: 1; non-fatal ERRORs: 0

Thank you for using QUAST!
