125.0Gb memory in total.
Using: 112.828Gb.
MEGAHIT v1.1.2
--- [Wed Apr 22 13:55:38 2020] Start assembly. Number of CPU threads 2 ---
--- [Wed Apr 22 13:55:38 2020] Available memory: 134609518592, used: 121148566732
--- [Wed Apr 22 13:55:38 2020] Converting reads to binaries ---
    [read_lib_functions-inl.h  : 209]     Lib 0 (/home/joen8526/GenomeAnalysis/data/raw_data/DNA_trimmed/SRR4342129_1.paired.trimmed.fastq.gz,/home/joen8526/GenomeAnalysis/data/raw_data/DNA_trimmed/SRR4342129_1.paired.trimmed.fastq.gz): pe, 48110692 reads, 101 max length
    [read_lib_functions-inl.h  : 209]     Lib 1 (/home/joen8526/GenomeAnalysis/data/raw_data/DNA_trimmed/SRR4342133_1.paired.trimmed.fastq.gz,/home/joen8526/GenomeAnalysis/data/raw_data/DNA_trimmed/SRR4342133_2.paired.trimmed.fastq.gz): pe, 59954188 reads, 101 max length
    [utils.h                   : 126]     Real: 351.4986	user: 87.8245	sys: 9.3387	maxrss: 152844
--- [Wed Apr 22 14:01:32 2020] k list: 65,75,85,95,105 ---
--- [Wed Apr 22 14:01:32 2020] Extracting solid (k+1)-mers and building sdbg for k = 65 ---
--- [Wed Apr 22 15:28:08 2020] Assembling contigs from SdBG for k = 65 ---
--- [Wed Apr 22 16:46:54 2020] Local assembling k = 65 ---
--- [Wed Apr 22 17:27:36 2020] Extracting iterative edges from k = 65 to 75 ---
--- [Wed Apr 22 17:47:27 2020] Building graph for k = 75 ---
--- [Wed Apr 22 17:51:50 2020] Assembling contigs from SdBG for k = 75 ---
--- [Wed Apr 22 18:08:08 2020] Local assembling k = 75 ---
--- [Wed Apr 22 18:42:27 2020] Extracting iterative edges from k = 75 to 85 ---
--- [Wed Apr 22 18:55:44 2020] Building graph for k = 85 ---
--- [Wed Apr 22 19:00:03 2020] Assembling contigs from SdBG for k = 85 ---
--- [Wed Apr 22 19:15:18 2020] Local assembling k = 85 ---
--- [Wed Apr 22 19:46:28 2020] Extracting iterative edges from k = 85 to 95 ---
--- [Wed Apr 22 19:54:01 2020] Building graph for k = 95 ---
--- [Wed Apr 22 19:57:47 2020] Assembling contigs from SdBG for k = 95 ---
--- [Wed Apr 22 20:10:03 2020] Local assembling k = 95 ---
--- [Wed Apr 22 20:37:32 2020] Extracting iterative edges from k = 95 to 105 ---
--- [Wed Apr 22 20:37:40 2020] Building graph for k = 105 ---
--- [Wed Apr 22 20:39:44 2020] Assembling contigs from SdBG for k = 105 ---
--- [Wed Apr 22 20:50:25 2020] Merging to output final contigs ---
--- [STAT] 221908 contigs, total 177886826 bp, min 200 bp, max 256554 bp, avg 802 bp, N50 953 bp
--- [Wed Apr 22 20:50:29 2020] ALL DONE. Time elapsed: 24890.841037 seconds ---
