125.0Gb memory in total.
Using: 112.828Gb.
MEGAHIT v1.1.2
--- [Wed Apr 15 22:37:11 2020] Start assembly. Number of CPU threads 2 ---
--- [Wed Apr 15 22:37:11 2020] Available memory: 134609518592, used: 121148566732
--- [Wed Apr 15 22:37:11 2020] Converting reads to binaries ---
    [read_lib_functions-inl.h  : 209]     Lib 0 (/home/joen8526/GenomeAnalysis/data/raw_data/DNA_trimmed/SRR4342129_1.paired.trimmed.fastq.gz,/home/joen8526/GenomeAnalysis/data/raw_data/DNA_trimmed/SRR4342129_2.paired.trimmed.fastq.gz): pe, 48110692 reads, 101 max length
    [utils.h                   : 126]     Real: 111.9757	user: 45.2181	sys: 4.6763	maxrss: 152764
--- [Wed Apr 15 22:39:06 2020] k list: 65,75,85,95,105 ---
--- [Wed Apr 15 22:39:06 2020] Extracting solid (k+1)-mers and building sdbg for k = 65 ---
--- [Wed Apr 15 23:05:50 2020] Assembling contigs from SdBG for k = 65 ---
--- [Wed Apr 15 23:23:47 2020] Local assembling k = 65 ---
--- [Wed Apr 15 23:44:55 2020] Extracting iterative edges from k = 65 to 75 ---
--- [Wed Apr 15 23:53:44 2020] Building graph for k = 75 ---
--- [Wed Apr 15 23:55:26 2020] Assembling contigs from SdBG for k = 75 ---
--- [Thu Apr 16 00:02:31 2020] Local assembling k = 75 ---
--- [Thu Apr 16 00:18:14 2020] Extracting iterative edges from k = 75 to 85 ---
--- [Thu Apr 16 00:23:51 2020] Building graph for k = 85 ---
--- [Thu Apr 16 00:25:19 2020] Assembling contigs from SdBG for k = 85 ---
--- [Thu Apr 16 00:32:00 2020] Local assembling k = 85 ---
--- [Thu Apr 16 00:45:36 2020] Extracting iterative edges from k = 85 to 95 ---
--- [Thu Apr 16 00:48:42 2020] Building graph for k = 95 ---
--- [Thu Apr 16 00:49:56 2020] Assembling contigs from SdBG for k = 95 ---
--- [Thu Apr 16 00:55:57 2020] Local assembling k = 95 ---
--- [Thu Apr 16 01:07:50 2020] Extracting iterative edges from k = 95 to 105 ---
--- [Thu Apr 16 01:07:53 2020] Building graph for k = 105 ---
--- [Thu Apr 16 01:08:45 2020] Assembling contigs from SdBG for k = 105 ---
--- [Thu Apr 16 01:14:29 2020] Merging to output final contigs ---
--- [STAT] 159944 contigs, total 118996402 bp, min 200 bp, max 128464 bp, avg 744 bp, N50 800 bp
--- [Thu Apr 16 01:14:31 2020] ALL DONE. Time elapsed: 9440.848430 seconds ---
