125.0Gb memory in total.
Using: 112.828Gb.
MEGAHIT v1.1.2
--- [Thu Apr 23 11:55:36 2020] Start assembly. Number of CPU threads 2 ---
--- [Thu Apr 23 11:55:36 2020] Available memory: 134609518592, used: 121148566732
--- [Thu Apr 23 11:55:36 2020] Converting reads to binaries ---
    [read_lib_functions-inl.h  : 209]     Lib 0 (/home/joen8526/GenomeAnalysis/data/raw_data/DNA_trimmed/SRR4342129_1.paired.trimmed.fastq.gz,/home/joen8526/GenomeAnalysis/data/raw_data/DNA_trimmed/SRR4342129_2.paired.trimmed.fastq.gz): pe, 48110692 reads, 101 max length
    [read_lib_functions-inl.h  : 209]     Lib 1 (/home/joen8526/GenomeAnalysis/data/raw_data/DNA_trimmed/SRR4342133_1.paired.trimmed.fastq.gz,/home/joen8526/GenomeAnalysis/data/raw_data/DNA_trimmed/SRR4342133_2.paired.trimmed.fastq.gz): pe, 59954188 reads, 101 max length
    [utils.h                   : 126]     Real: 241.4013	user: 84.9248	sys: 11.0602	maxrss: 152760
--- [Thu Apr 23 11:59:40 2020] k list: 65,75,85,95,105 ---
--- [Thu Apr 23 11:59:40 2020] Extracting solid (k+1)-mers and building sdbg for k = 65 ---
--- [Thu Apr 23 13:35:47 2020] Assembling contigs from SdBG for k = 65 ---
--- [Thu Apr 23 14:32:36 2020] Local assembling k = 65 ---
--- [Thu Apr 23 15:40:23 2020] Extracting iterative edges from k = 65 to 75 ---
--- [Thu Apr 23 16:11:24 2020] Building graph for k = 75 ---
--- [Thu Apr 23 16:18:44 2020] Assembling contigs from SdBG for k = 75 ---
--- [Thu Apr 23 16:47:27 2020] Local assembling k = 75 ---
--- [Thu Apr 23 17:44:12 2020] Extracting iterative edges from k = 75 to 85 ---
--- [Thu Apr 23 18:04:00 2020] Building graph for k = 85 ---
--- [Thu Apr 23 18:10:22 2020] Assembling contigs from SdBG for k = 85 ---
--- [Thu Apr 23 18:33:45 2020] Local assembling k = 85 ---
--- [Thu Apr 23 19:23:26 2020] Extracting iterative edges from k = 85 to 95 ---
--- [Thu Apr 23 19:35:07 2020] Building graph for k = 95 ---
--- [Thu Apr 23 19:40:36 2020] Assembling contigs from SdBG for k = 95 ---
--- [Thu Apr 23 20:02:06 2020] Local assembling k = 95 ---
--- [Thu Apr 23 20:35:38 2020] Extracting iterative edges from k = 95 to 105 ---
--- [Thu Apr 23 20:35:47 2020] Building graph for k = 105 ---
--- [Thu Apr 23 20:39:30 2020] Assembling contigs from SdBG for k = 105 ---
--- [Thu Apr 23 20:58:16 2020] Merging to output final contigs ---
--- [STAT] 334983 contigs, total 278184683 bp, min 200 bp, max 256554 bp, avg 830 bp, N50 965 bp
--- [Thu Apr 23 20:58:20 2020] ALL DONE. Time elapsed: 32563.679060 seconds ---
