125.0Gb memory in total.
Using: 112.828Gb.
megahit: Number of paired-end files not match!
125.0Gb memory in total.
Using: 112.828Gb.
MEGAHIT v1.1.2
--- [Wed Apr 15 16:10:12 2020] Start assembly. Number of CPU threads 2 ---
--- [Wed Apr 15 16:10:12 2020] Available memory: 134609518592, used: 121148566732
--- [Wed Apr 15 16:10:12 2020] Converting reads to binaries ---
    [read_lib_functions-inl.h  : 209]     Lib 0 (/home/joen8526/GenomeAnalysis/data/raw_data/DNA_trimmed/SRR4342133_1.paired.trimmed.fastq.gz,/home/joen8526/GenomeAnalysis/data/raw_data/DNA_trimmed/SRR4342133_2.paired.trimmed.fastq.gz): pe, 59954188 reads, 101 max length
    [utils.h                   : 126]     Real: 206.8661	user: 58.6595	sys: 7.0867	maxrss: 152852
--- [Wed Apr 15 16:13:41 2020] k list: 65,75,85,95,105 ---
--- [Wed Apr 15 16:13:41 2020] Extracting solid (k+1)-mers and building sdbg for k = 65 ---
--- [Wed Apr 15 17:16:00 2020] Assembling contigs from SdBG for k = 65 ---
--- [Wed Apr 15 17:47:25 2020] Local assembling k = 65 ---
--- [Wed Apr 15 18:21:26 2020] Extracting iterative edges from k = 65 to 75 ---
--- [Wed Apr 15 18:35:20 2020] Building graph for k = 75 ---
--- [Wed Apr 15 18:38:51 2020] Assembling contigs from SdBG for k = 75 ---
--- [Wed Apr 15 18:52:12 2020] Local assembling k = 75 ---
--- [Wed Apr 15 19:14:41 2020] Extracting iterative edges from k = 75 to 85 ---
--- [Wed Apr 15 19:26:47 2020] Building graph for k = 85 ---
--- [Wed Apr 15 19:30:11 2020] Assembling contigs from SdBG for k = 85 ---
--- [Wed Apr 15 19:42:00 2020] Local assembling k = 85 ---
--- [Wed Apr 15 20:00:52 2020] Extracting iterative edges from k = 85 to 95 ---
--- [Wed Apr 15 20:06:57 2020] Building graph for k = 95 ---
--- [Wed Apr 15 20:09:43 2020] Assembling contigs from SdBG for k = 95 ---
--- [Wed Apr 15 20:19:54 2020] Local assembling k = 95 ---
--- [Wed Apr 15 20:36:23 2020] Extracting iterative edges from k = 95 to 105 ---
--- [Wed Apr 15 20:36:28 2020] Building graph for k = 105 ---
--- [Wed Apr 15 20:38:03 2020] Assembling contigs from SdBG for k = 105 ---
--- [Wed Apr 15 20:46:56 2020] Merging to output final contigs ---
--- [STAT] 160001 contigs, total 143196799 bp, min 200 bp, max 173476 bp, avg 895 bp, N50 1143 bp
--- [Wed Apr 15 20:46:58 2020] ALL DONE. Time elapsed: 16606.388086 seconds ---
