	trimmomatic 0.36 loaded, see 'module help trimmomatic/0.36' for more information.
TrimmomaticPE: Started with arguments:
 -threads 2 -phred33 -trimlog /home/joen8526/GenomeAnalysis/data/trimmed_data/trimlog_SRR4342137 /home/joen8526/GenomeAnalysis/raw_data/RNA_untrimmed/SRR4342137.1.fastq.gz /home/joen8526/GenomeAnalysis/raw_data/RNA_untrimmed/SRR4342137.2.fastq.gz /home/joen8526/GenomeAnalysis/data/trimmed_data/SRR4342137_Paired_Forward.fastq.gz /home/joen8526/GenomeAnalysis/data/trimmed_data/SRR4342137_Unpaired_Forward.fastq.gz /home/joen8526/GenomeAnalysis/data/trimmed_data/SRR4342137_Paired_Reversed.fastq.gz /home/joen8526/GenomeAnalysis/data/trimmed_data/SRR4342137_Unpaired_Reversed.fastq.gz ILLUMINACLIP:TruSeq3-PE.fa:2:30:10 LEADING:3 TRAILING:3 SLIDINGWINDOW:4:30 MINLEN:50
java.io.FileNotFoundException: /domus/h1/joen8526/GenomeAnalysis/code/TruSeq3-PE.fa (No such file or directory)
	at java.io.FileInputStream.open0(Native Method)
	at java.io.FileInputStream.open(FileInputStream.java:195)
	at java.io.FileInputStream.<init>(FileInputStream.java:138)
	at org.usadellab.trimmomatic.fasta.FastaParser.parse(FastaParser.java:54)
	at org.usadellab.trimmomatic.trim.IlluminaClippingTrimmer.loadSequences(IlluminaClippingTrimmer.java:110)
	at org.usadellab.trimmomatic.trim.IlluminaClippingTrimmer.makeIlluminaClippingTrimmer(IlluminaClippingTrimmer.java:71)
	at org.usadellab.trimmomatic.trim.TrimmerFactory.makeTrimmer(TrimmerFactory.java:32)
	at org.usadellab.trimmomatic.Trimmomatic.createTrimmers(Trimmomatic.java:59)
	at org.usadellab.trimmomatic.TrimmomaticPE.run(TrimmomaticPE.java:536)
	at org.usadellab.trimmomatic.Trimmomatic.main(Trimmomatic.java:80)
Exception in thread "main" java.io.FileNotFoundException: /home/joen8526/GenomeAnalysis/raw_data/RNA_untrimmed/SRR4342137.1.fastq.gz (No such file or directory)
	at java.io.FileInputStream.open0(Native Method)
	at java.io.FileInputStream.open(FileInputStream.java:195)
	at java.io.FileInputStream.<init>(FileInputStream.java:138)
	at org.usadellab.trimmomatic.fastq.FastqParser.parse(FastqParser.java:135)
	at org.usadellab.trimmomatic.TrimmomaticPE.process(TrimmomaticPE.java:264)
	at org.usadellab.trimmomatic.TrimmomaticPE.run(TrimmomaticPE.java:539)
	at org.usadellab.trimmomatic.Trimmomatic.main(Trimmomatic.java:80)
TrimmomaticPE: Started with arguments:
 -threads 2 -phred33 -trimlog /home/joen8526/GenomeAnalysis/data/trimmed_data/trimlog_SRR4342139 /home/joen8526/GenomeAnalysis/raw_data/RNA_untrimmed/SRR4342139.1.fastq.gz /home/joen8526/GenomeAnalysis/raw_data/RNA_untrimmed/SRR4342139.2.fastq.gz /home/joen8526/GenomeAnalysis/data/trimmed_data/SRR4342139_Paired_Forward.fastq.gz /home/joen8526/GenomeAnalysis/data/trimmed_data/SRR4342139_Unpaired_Forward.fastq.gz /home/joen8526/GenomeAnalysis/data/trimmed_data/SRR4342139_Paired_Reversed.fastq.gz /home/joen8526/GenomeAnalysis/data/trimmed_data/SRR4342139_Unpaired_Reversed.fastq.gz ILLUMINACLIP:TruSeq3-PE.fa:2:30:10 LEADING:3 TRAILING:3 SLIDINGWINDOW:4:30 MINLEN:50
java.io.FileNotFoundException: /domus/h1/joen8526/GenomeAnalysis/code/TruSeq3-PE.fa (No such file or directory)
	at java.io.FileInputStream.open0(Native Method)
	at java.io.FileInputStream.open(FileInputStream.java:195)
	at java.io.FileInputStream.<init>(FileInputStream.java:138)
	at org.usadellab.trimmomatic.fasta.FastaParser.parse(FastaParser.java:54)
	at org.usadellab.trimmomatic.trim.IlluminaClippingTrimmer.loadSequences(IlluminaClippingTrimmer.java:110)
	at org.usadellab.trimmomatic.trim.IlluminaClippingTrimmer.makeIlluminaClippingTrimmer(IlluminaClippingTrimmer.java:71)
	at org.usadellab.trimmomatic.trim.TrimmerFactory.makeTrimmer(TrimmerFactory.java:32)
	at org.usadellab.trimmomatic.Trimmomatic.createTrimmers(Trimmomatic.java:59)
	at org.usadellab.trimmomatic.TrimmomaticPE.run(TrimmomaticPE.java:536)
	at org.usadellab.trimmomatic.Trimmomatic.main(Trimmomatic.java:80)
Exception in thread "main" java.io.FileNotFoundException: /home/joen8526/GenomeAnalysis/raw_data/RNA_untrimmed/SRR4342139.1.fastq.gz (No such file or directory)
	at java.io.FileInputStream.open0(Native Method)
	at java.io.FileInputStream.open(FileInputStream.java:195)
	at java.io.FileInputStream.<init>(FileInputStream.java:138)
	at org.usadellab.trimmomatic.fastq.FastqParser.parse(FastqParser.java:135)
	at org.usadellab.trimmomatic.TrimmomaticPE.process(TrimmomaticPE.java:264)
	at org.usadellab.trimmomatic.TrimmomaticPE.run(TrimmomaticPE.java:539)
	at org.usadellab.trimmomatic.Trimmomatic.main(Trimmomatic.java:80)
