[14:44:48] This is prokka 1.12
[14:44:48] Written by Torsten Seemann <torsten.seemann@gmail.com>
[14:44:48] Homepage is https://github.com/tseemann/prokka
[14:44:48] Local time is Wed Apr 29 14:44:48 2020
[14:44:48] You are joen8526
[14:44:48] Operating system is linux
[14:44:48] You have BioPerl 1.007001
[14:44:48] System has 20 cores.
[14:44:48] Will use maximum of 8 cores.
[14:44:48] Annotating as >>> Bacteria <<<
[14:44:48] Generating locus_tag from '/home/joen8526/GenomeAnalysis/data/binned_metagenome/bins_1.fa' contents.
[14:44:48] Setting --locustag JJHLDMLH from MD5 3315d65131e838736c8b410a2fc9b83a
[14:44:48] Creating new output folder: /home/joen8526/GenomeAnalysis/analyses/06_annotation_prokka/bin_1
[14:44:48] Running: mkdir -p \/home\/joen8526\/GenomeAnalysis\/analyses\/06_annotation_prokka\/bin_1
[14:44:48] Using filename prefix: prokka_1.XXX
[14:44:48] Setting HMMER_NCPU=1
[14:44:48] Writing log to: /home/joen8526/GenomeAnalysis/analyses/06_annotation_prokka/bin_1/prokka_1.log
[14:44:48] Command: /sw/bioinfo/prokka/1.12-12547ca/rackham/bin/prokka --force --prefix prokka_1 --addgenes --outdir /home/joen8526/GenomeAnalysis/analyses/06_annotation_prokka/bin_1 /home/joen8526/GenomeAnalysis/data/binned_metagenome/bins_1.fa
[14:44:48] Appending to PATH: /sw/bioinfo/prokka/1.12-12547ca/rackham/bin/../binaries/linux
[14:44:48] Appending to PATH: /sw/bioinfo/prokka/1.12-12547ca/rackham/bin/../binaries/linux/../common
[14:44:48] Appending to PATH: /sw/bioinfo/prokka/1.12-12547ca/rackham/bin
[14:44:48] Looking for 'aragorn' - found /sw/bioinfo/prokka/1.12-12547ca/rackham/bin/../binaries/linux/aragorn
[14:44:48] Determined aragorn version is 1.2
[14:44:48] Looking for 'barrnap' - found /sw/bioinfo/barrnap/0.8/rackham/bin/barrnap
[14:44:48] Determined barrnap version is 0.8
[14:44:48] Looking for 'blastp' - found /sw/bioinfo/blast/2.6.0+/rackham/bin/blastp
[14:44:48] Determined blastp version is 2.6
[14:44:48] Looking for 'cmpress' - found /sw/bioinfo/prokka/1.12-12547ca/rackham/bin/../binaries/linux/cmpress
[14:44:48] Determined cmpress version is 1.1
[14:44:48] Looking for 'cmscan' - found /sw/bioinfo/prokka/1.12-12547ca/rackham/bin/../binaries/linux/cmscan
[14:44:48] Determined cmscan version is 1.1
[14:44:48] Looking for 'egrep' - found /usr/bin/egrep
[14:44:48] Looking for 'find' - found /usr/bin/find
[14:44:48] Looking for 'grep' - found /usr/bin/grep
[14:44:48] Looking for 'hmmpress' - found /sw/apps/bioinfo/hmmer/3.1b2/rackham/bin/hmmpress
[14:44:49] Determined hmmpress version is 3.1
[14:44:49] Looking for 'hmmscan' - found /sw/apps/bioinfo/hmmer/3.1b2/rackham/bin/hmmscan
[14:44:49] Determined hmmscan version is 3.1
[14:44:49] Looking for 'java' - found /usr/bin/java
[14:44:49] Looking for 'less' - found /usr/bin/less
[14:44:49] Looking for 'makeblastdb' - found /sw/bioinfo/blast/2.6.0+/rackham/bin/makeblastdb
[14:44:49] Determined makeblastdb version is 2.6
[14:44:49] Looking for 'minced' - found /sw/apps/bioinfo/minced/0.2.0/rackham/minced
[14:44:49] Determined minced version is 2.0
[14:44:49] Looking for 'parallel' - found /sw/parallel/gnuparallel/20170122/rackham/bin/parallel
[14:44:49] Determined parallel version is 20170122
[14:44:49] Looking for 'prodigal' - found /sw/apps/bioinfo/prodigal/2.6.3/rackham/bin/prodigal
[14:44:49] Determined prodigal version is 2.6
[14:44:49] Looking for 'prokka-genbank_to_fasta_db' - found /sw/bioinfo/prokka/1.12-12547ca/rackham/bin/prokka-genbank_to_fasta_db
[14:44:49] Looking for 'sed' - found /usr/bin/sed
[14:44:49] Looking for 'signalp' - found /sw/bioinfo/SignalP/4.1f/rackham/signalp
[14:44:50] Determined signalp version is 4.1
[14:44:50] Looking for 'tbl2asn' - found /sw/bioinfo/tbl2asn/25.8/rackham/tbl2asn
[14:44:50] Determined tbl2asn version is 25.8
[14:44:50] Using genetic code table 11.
[14:44:50] Loading and checking input file: /home/joen8526/GenomeAnalysis/data/binned_metagenome/bins_1.fa
[14:44:50] Wrote 142 contigs totalling 554606 bp.
[14:44:50] Predicting tRNAs and tmRNAs
[14:44:50] Running: aragorn -l -gc11  -w \/home\/joen8526\/GenomeAnalysis\/analyses\/06_annotation_prokka\/bin_1\/prokka_1\.fna
[14:44:50] 1 tRNA-Leu [1085,1166] 35 (gag)
[14:44:50] 1 tRNA-Leu c[1758,1842] 35 (cag)
[14:44:50] 1 tRNA-Ser [2794,2880] 35 (gga)
[14:44:50] 1 tRNA-Met c[4979,5052] 35 (cat)
[14:44:50] 1 tRNA-Glu [1256,1328] 35 (ttc)
[14:44:50] 1 tRNA-Pro [1185,1258] 35 (tgg)
[14:44:50] 1 tRNA-SeC [1957,2028] 31 (tca)
[14:44:50] 1 tRNA-Trp [703,777] 35 (cca)
[14:44:50] 2 tRNA-Asp [1267,1342] 36 (gtc)
[14:44:50] 1 tRNA-Leu [1705,1787] 35 (tag)
[14:44:50] 1 tRNA-Lys c[296,367] 33 (ttt)
[14:44:50] Found 11 tRNAs
[14:44:50] Predicting Ribosomal RNAs
[14:44:50] Running Barrnap with 8 threads
[14:44:51] Found 0 rRNAs
[14:44:51] Skipping ncRNA search, enable with --rfam if desired.
[14:44:51] Total of 11 tRNA + rRNA features
[14:44:51] Searching for CRISPR repeats
[14:44:51] Found 0 CRISPRs
[14:44:51] Predicting coding sequences
[14:44:51] Contigs total 554606 bp, so using single mode
[14:44:51] Running: prodigal -i \/home\/joen8526\/GenomeAnalysis\/analyses\/06_annotation_prokka\/bin_1\/prokka_1\.fna -c -m -g 11 -p single -f sco -q
[14:44:54] Excluding CDS which overlaps existing RNA (tRNA) at k105_231809:1650..2204 on - strand
[14:44:54] Excluding CDS which overlaps existing RNA (tRNA) at k105_340271:136..918 on + strand
[14:44:54] Found 687 CDS
[14:44:54] Connecting features back to sequences
[14:44:54] Option --gram not specified, will NOT check for signal peptides.
[14:44:54] Not using genus-specific database. Try --usegenus to enable it.
[14:44:54] Annotating CDS, please be patient.
[14:44:54] Will use 8 CPUs for similarity searching.
[14:44:54] There are still 687 unannotated CDS left (started with 687)
[14:44:54] Will use blast to search against /sw/bioinfo/prokka/1.12-12547ca/rackham/bin/../db/kingdom/Bacteria/sprot with 8 CPUs
[14:44:54] Running: cat \/home\/joen8526\/GenomeAnalysis\/analyses\/06_annotation_prokka\/bin_1\/sprot\.faa | parallel --gnu --plain -j 8 --block 9784 --recstart '>' --pipe blastp -query - -db /sw/bioinfo/prokka/1.12-12547ca/rackham/bin/../db/kingdom/Bacteria/sprot -evalue 1e-06 -num_threads 1 -num_descriptions 1 -num_alignments 1 -seg no > \/home\/joen8526\/GenomeAnalysis\/analyses\/06_annotation_prokka\/bin_1\/sprot\.blast 2> /dev/null
[14:45:17] Modify product: Uncharacterized isomerase YddE => putative isomerase YddE
[14:45:18] Modify product: Phosphorylated carbohydrates phosphatase TM_1254 => Phosphorylated carbohydrates phosphatase
[14:45:18] Modify product: Probable ABC transporter-binding protein DR_1438 => putative ABC transporter-binding protein
[14:45:18] Modify product: N utilization substance protein B homolog => N utilization substance protein B 
[14:45:18] Modify product: Uncharacterized sugar kinase YdjH => putative sugar kinase YdjH
[14:45:18] Modify product: Uncharacterized ABC transporter ATP-binding protein Rv0986 => putative ABC transporter ATP-binding protein
[14:45:18] Modify product: Probable murein peptide carboxypeptidase => putative murein peptide carboxypeptidase
[14:45:18] Modify product: Uncharacterized phycocyanin operon protein Z => putative phycocyanin operon protein Z
[14:45:18] Modify product: Uncharacterized phycocyanin operon protein Z => putative phycocyanin operon protein Z
[14:45:18] Modify product: Uncharacterized oxidoreductase SA2266 => putative oxidoreductase
[14:45:18] Modify product: Probable chromate transport protein => putative chromate transport protein
[14:45:18] Modify product: Probable protein kinase UbiB => putative protein kinase UbiB
[14:45:18] Modify product: Bifunctional protein FolD => Bifunctional protein FolD protein
[14:45:18] Modify product: Probable bifunctional SAT/APS kinase => putative bifunctional SAT/APS kinase
[14:45:18] Modify product: Probable glutaredoxin ssr2061 => putative glutaredoxin
[14:45:18] Modify product: Putative esterase aq_1494 => Putative esterase
[14:45:18] Modify product: Probable 2-phosphosulfolactate phosphatase => putative 2-phosphosulfolactate phosphatase
[14:45:18] Modify product: Cyclic nucleotide-gated potassium channel mll3241 => Cyclic nucleotide-gated potassium channel
[14:45:18] Modify product: Uncharacterized FAD-linked oxidoreductase Rv2280 => putative FAD-linked oxidoreductase
[14:45:18] Modify product: Probable cysteine desulfurase => putative cysteine desulfurase
[14:45:18] Cleaned 20 /product names
[14:45:18] Deleting unwanted file: /home/joen8526/GenomeAnalysis/analyses/06_annotation_prokka/bin_1/sprot.faa
[14:45:18] Deleting unwanted file: /home/joen8526/GenomeAnalysis/analyses/06_annotation_prokka/bin_1/sprot.blast
[14:45:18] There are still 363 unannotated CDS left (started with 687)
[14:45:18] Will use hmmer3 to search against /sw/bioinfo/prokka/1.12-12547ca/rackham/bin/../db/hmm/HAMAP.hmm with 8 CPUs
[14:45:18] Running: cat \/home\/joen8526\/GenomeAnalysis\/analyses\/06_annotation_prokka\/bin_1\/HAMAP\.hmm\.faa | parallel --gnu --plain -j 8 --block 3778 --recstart '>' --pipe hmmscan --noali --notextw --acc -E 1e-06 --cpu 1 /sw/bioinfo/prokka/1.12-12547ca/rackham/bin/../db/hmm/HAMAP.hmm /dev/stdin > \/home\/joen8526\/GenomeAnalysis\/analyses\/06_annotation_prokka\/bin_1\/HAMAP\.hmm\.hmmer3 2> /dev/null
[14:45:33] Deleting unwanted file: /home/joen8526/GenomeAnalysis/analyses/06_annotation_prokka/bin_1/HAMAP.hmm.faa
[14:45:33] Deleting unwanted file: /home/joen8526/GenomeAnalysis/analyses/06_annotation_prokka/bin_1/HAMAP.hmm.hmmer3
[14:45:33] Labelling remaining 343 proteins as 'hypothetical protein'
[14:45:33] Possible /pseudo 'putative phycocyanin operon protein Z' at k105_184437 position 2721
[14:45:33] Found 311 unique /gene codes.
[14:45:33] Fixed 2 duplicate /gene - corC_1 corC_2
[14:45:33] Fixed 2 duplicate /gene - iscS_1 iscS_2
[14:45:33] Fixed 2 duplicate /gene - msrB_1 msrB_2
[14:45:33] Fixed 2 duplicate /gene - thrC_1 thrC_2
[14:45:33] Fixed 2 duplicate /gene - bcp_1 bcp_2
[14:45:33] Fixed 2 duplicate /gene - ccmK_1 ccmK_2
[14:45:33] Fixed 6 colliding /gene names.
[14:45:33] Adding /locus_tag identifiers
[14:45:33] Assigned 698 locus_tags to CDS and RNA features.
[14:45:33] Writing outputs to /home/joen8526/GenomeAnalysis/analyses/06_annotation_prokka/bin_1/
[14:45:33] Generating annotation statistics file
[14:45:33] Generating Genbank and Sequin files
[14:45:33] Running: tbl2asn -V b -a r10k -l paired-ends -M n -N 1 -y 'Annotated using prokka 1.12 from https://github.com/tseemann/prokka' -Z \/home\/joen8526\/GenomeAnalysis\/analyses\/06_annotation_prokka\/bin_1\/prokka_1\.err -i \/home\/joen8526\/GenomeAnalysis\/analyses\/06_annotation_prokka\/bin_1\/prokka_1\.fsa 2> /dev/null
[14:45:35] Deleting unwanted file: /home/joen8526/GenomeAnalysis/analyses/06_annotation_prokka/bin_1/errorsummary.val
[14:45:35] Deleting unwanted file: /home/joen8526/GenomeAnalysis/analyses/06_annotation_prokka/bin_1/prokka_1.dr
[14:45:35] Deleting unwanted file: /home/joen8526/GenomeAnalysis/analyses/06_annotation_prokka/bin_1/prokka_1.fixedproducts
[14:45:35] Deleting unwanted file: /home/joen8526/GenomeAnalysis/analyses/06_annotation_prokka/bin_1/prokka_1.ecn
[14:45:35] Deleting unwanted file: /home/joen8526/GenomeAnalysis/analyses/06_annotation_prokka/bin_1/prokka_1.val
[14:45:35] Repairing broken .GBK output that tbl2asn produces...
[14:45:35] Running: sed 's/COORDINATES: profile/COORDINATES:profile/' < \/home\/joen8526\/GenomeAnalysis\/analyses\/06_annotation_prokka\/bin_1\/prokka_1\.gbf > \/home\/joen8526\/GenomeAnalysis\/analyses\/06_annotation_prokka\/bin_1\/prokka_1\.gbk
[14:45:35] Deleting unwanted file: /home/joen8526/GenomeAnalysis/analyses/06_annotation_prokka/bin_1/prokka_1.gbf
[14:45:35] Output files:
[14:45:35] /home/joen8526/GenomeAnalysis/analyses/06_annotation_prokka/bin_1/prokka_1.log
[14:45:35] /home/joen8526/GenomeAnalysis/analyses/06_annotation_prokka/bin_1/prokka_1.fna
[14:45:35] /home/joen8526/GenomeAnalysis/analyses/06_annotation_prokka/bin_1/prokka_1.gff
[14:45:35] /home/joen8526/GenomeAnalysis/analyses/06_annotation_prokka/bin_1/prokka_1.faa
[14:45:35] /home/joen8526/GenomeAnalysis/analyses/06_annotation_prokka/bin_1/prokka_1.ffn
[14:45:35] /home/joen8526/GenomeAnalysis/analyses/06_annotation_prokka/bin_1/prokka_1.tbl
[14:45:35] /home/joen8526/GenomeAnalysis/analyses/06_annotation_prokka/bin_1/prokka_1.fsa
[14:45:35] /home/joen8526/GenomeAnalysis/analyses/06_annotation_prokka/bin_1/prokka_1.tsv
[14:45:35] /home/joen8526/GenomeAnalysis/analyses/06_annotation_prokka/bin_1/prokka_1.txt
[14:45:35] /home/joen8526/GenomeAnalysis/analyses/06_annotation_prokka/bin_1/prokka_1.sqn
[14:45:35] /home/joen8526/GenomeAnalysis/analyses/06_annotation_prokka/bin_1/prokka_1.gbk
[14:45:35] /home/joen8526/GenomeAnalysis/analyses/06_annotation_prokka/bin_1/prokka_1.err
[14:45:35] Annotation finished successfully.
[14:45:35] Walltime used: 0.78 minutes
[14:45:35] If you use this result please cite the Prokka paper:
[14:45:35] Seemann T (2014) Prokka: rapid prokaryotic genome annotation. Bioinformatics. 30(14):2068-9.
[14:45:35] Type 'prokka --citation' for more details.
[14:45:35] Share and enjoy!
